                                  1 	#$$m2		- PowerPC mnemonics
                                  2 	#$$pVLE		- PowerPC VLE encoding
                                  3 	#$$oPPC5534  - Optimized for PPC5534
                                  4 	#$$ko 9		- Reorder info
                                  5 		.file		"main.c"
                                  6 	#$$eb
                                  7 	#$$sz 0
                                  8 	#$$fp 0
                                  9 		.section	.PPC.EMB.apuinfo,,@note
  00000000 01  0000 0008         10 		.4byte		8
  00000004 01  0000 0004         11 		.4byte		4
  00000008 01  0000 0002         12 		.4byte		2
  0000000c 01  4150 5569 6e66    13 		.byte		"APUinfo"
  00000012 01  6f                   	
  00000013 01  00                14 		.byte		0
                                 15 		.align		2
  00000014 01  0104 0001         16 		.4byte		0x01040001
                                 17 		.section	.text_vle,,c
                                 18 		.section	.debug_frame,,n
                                 19 	__local_cie: 
  00000000 02  0000 0010         20 		.word	.LE-.LS
                                 21 	.LS:
  00000004 02  ffff ffff         22 		.word	-1
  00000008 02  01                23 		.byte	1
  00000009 02  00                24 		.byte	0
  0000000a 02  04                25 		.uleb128	4
  0000000b 02  7c                26 		.sleb128	-4
  0000000c 02  6c                27 		.byte	108
  0000000d 02  0c                28 		.byte	0x0c
  0000000e 02  01                29 		.byte	1
  0000000f 02  00                30 		.byte	0
  00000010 02  08                31 		.byte	8
  00000011 02  6c                32 		.byte	108
                                 33 		.fill           (.LS-.)&3
                                 34 	.LE:
                                 35 		.section	.debug_line,,n
                                 36 	.L8:
                                 37 		.section	.text_vle,,c
                                 38 	.L4:
  00000000 00                    39 		.0byte		.L2
  00000000 03  0000 0123 0002    40 		.d2_line_start	.debug_line
  00000006 03  0000 0013 0201       	
  0000000c 03  ff04 0d00 0101       	
  00000012 03  0101 0000 0001       	
  00000018 03  0000 0100 00         	
                                 41 		.section	.debug_abbrev,,n
                                 42 	.L9:
                                 43 		.section	.debug_info,,n
                                 44 	.L2:
  00000000 05  0000 026e         45 		.4byte		.L3-.L1
                                 46 	.L1:
  00000004 05  0002              47 		.2byte		0x2
  00000006 05  0000 0000         48 		.4byte		.L9
  0000000a 05  04                49 		.byte		0x4
                                 50 		.section	.debug_abbrev,,n
  00000000 04  01                51 		.uleb128	1
  00000001 04  11                52 		.uleb128	17
  00000002 04  01                53 		.byte		0x1
  00000003 04  01                54 		.uleb128	1
  00000004 04  13                55 		.uleb128	19
  00000005 04  03                56 		.uleb128	3
  00000006 04  08                57 		.uleb128	8
  00000007 04  25                58 		.uleb128	37
  00000008 04  08                59 		.uleb128	8
  00000009 04  1b                60 		.uleb128	27
  0000000a 04  08                61 		.uleb128	8
  0000000b 04  13                62 		.uleb128	19
  0000000c 04  0f                63 		.uleb128	15
  0000000d 04  11                64 		.uleb128	17
  0000000e 04  01                65 		.uleb128	1
  0000000f 04  12                66 		.uleb128	18
  00000010 04  01                67 		.uleb128	1
  00000011 04  10                68 		.uleb128	16
  00000012 04  06                69 		.uleb128	6
  00000013 04  00                70 		.uleb128	0
  00000014 04  00                71 		.uleb128	0
                                 72 		.section	.debug_info,,n
  0000000b 05  01                73 		.sleb128	1
  0000000c 05  0000 0271         74 		.4byte		.L7-.L2
  00000010 05  433a 5c55 7365    75 		.byte		"C:\\Users\\ASE-Lab\\Desktop\\Unit3\\Template\\src\\main.c"
  00000016 05  7273 5c41 5345       	
  0000001c 05  2d4c 6162 5c44       	
  00000022 05  6573 6b74 6f70       	
  00000028 05  5c55 6e69 7433       	
  0000002e 05  5c54                 	
  00000042 05  00                76 		.byte		0
  00000043 05  4469 6162 2044    77 		.byte		"Diab Data, Inc:dcc Rel 5.7.0.0:PPC5534"
  00000049 05  6174 612c 2049       	
  0000004f 05  6e63 3a64 6363       	
  00000055 05  2052 656c 2035       	
  0000005b 05  2e37 2e30 2e30       	
  00000061 05  3a50                 	
  00000069 05  00                78 		.byte		0
  0000006a 05  433a 5c55 7365    79 		.byte		"C:\\Users\\ASE-Lab\\Desktop\\Unit3\\Template"
  00000070 05  7273 5c41 5345       	
  00000076 05  2d4c 6162 5c44       	
  0000007c 05  6573 6b74 6f70       	
  00000082 05  5c55 6e69 7433       	
  00000088 05  5c54                 	
  00000091 05  00                80 		.byte		0
  00000092 05  01                81 		.uleb128	1
  00000093 05  0000 0000         82 		.4byte		.L4
  00000097 05  0000 0000         83 		.4byte		.L5
  0000009b 05  0000 0000         84 		.4byte		.L8
                                 85 		.section	.text_vle,,c
                                 86 	
                                 87 	#$$bf
                                 88 		.align		2
                                 89 		.globl		main
  00000014 02  0000 002c 0000    90 		.d2_cfa_start __local_cie
  0000001a 02  0000 0000 0000       	
  00000020 02  0000 00e8            	
                                 91 	main:
                                 92 		.section	.debug_abbrev,,n
  00000015 04  02                93 		.uleb128	2
  00000016 04  2e                94 		.uleb128	46
  00000017 04  01                95 		.byte		0x1
  00000018 04  01                96 		.uleb128	1
  00000019 04  13                97 		.uleb128	19
  0000001a 04  03                98 		.uleb128	3
  0000001b 04  08                99 		.uleb128	8
  0000001c 04  3a               100 		.uleb128	58
  0000001d 04  06               101 		.uleb128	6
  0000001e 04  3b               102 		.uleb128	59
  0000001f 04  0f               103 		.uleb128	15
  00000020 04  3f               104 		.uleb128	63
  00000021 04  0c               105 		.uleb128	12
  00000022 04  27               106 		.uleb128	39
  00000023 04  0c               107 		.uleb128	12
  00000024 04  11               108 		.uleb128	17
  00000025 04  01               109 		.uleb128	1
  00000026 04  12               110 		.uleb128	18
  00000027 04  01               111 		.uleb128	1
  00000028 04  00               112 		.uleb128	0
  00000029 04  00               113 		.uleb128	0
                                114 		.section	.debug_info,,n
                                115 	.L5823:
  0000009f 05  02               116 		.sleb128	2
  000000a0 05  0000 00b9        117 		.4byte		.L5819-.L2
  000000a4 05  6d61 696e        118 		.byte		"main"
  000000a8 05  00               119 		.byte		0
  000000a9 05  0000 0001        120 		.4byte		.L5822
  000000ad 05  17               121 		.uleb128	23
  000000ae 05  01               122 		.byte		0x1
  000000af 05  01               123 		.byte		0x1
  000000b0 05  0000 0000        124 		.4byte		.L5820
  000000b4 05  0000 0000        125 		.4byte		.L5821
                                126 		.section	.text_vle,,c
  0000001d 03  003e 0343 3a5c   127 		.d2file		"C:\\Users\\ASE-Lab\\Desktop\\Unit3\\Template\\src\\main.c"
  00000023 03  5c55 7365 7273       	
  00000029 03  5c5c 4153 452d       	
  0000002f 03  4c61 625c 5c44       	
  00000035 03  6573 6b74 6f70       	
  0000003b 03  5c5c                 	
  0000005f 03  0005 0200 0000   128 	        .d2line         24
  00000065 03  0003 170e            	
                                129 	.L5820:
  00000000 00  1821 06c0        130 		e_stwu		r1,-64(r1)
  00000024 02  410e 40          131 		.d2_cfa_def_cfa_offset	64
  00000004 00  0080             132 		se_mflr		r0,lr
                                133 	#$$br
  00000006 00  1a81 0910        134 		e_stmw		r20,16(r1)
  00000027 02  4194 0c95 0b96   135 		.d2_cfa_offset_list	20,31,12,-1
  0000002d 02  0a97 0998 0899       	
  00000033 02  079a 069b 059c       	
  00000039 02  049d 039e 029f       	
  0000003f 02  01                   	
                                136 	#$$er
  0000000a 00  5401 0044        137 		e_stw		r0,68(r1)
  00000040 02  4111 6c7f        138 		.d2_cfa_offset    108,-1
                                139 	#$$ee
  00000069 03  0207 0a          140 		.d2prologue_end
  0000006c 03  10               141 	        .d2line         26
                                142 	#$$fn 0x1ff8 0 0 0x1
                                143 	#$$tl 0x0 0x0 0x0
                                144 	#$$rs 0 s
  0000000e 00  7800 0001        145 		bl		Init
  00000012 00  73f8 e3f9        146 		e_lis		r31,50169
  0000006d 03  0303 1e          147 	        .d2line         29
  00000016 00  4816             148 		se_li		r6,1
  00000018 00  34df 0609        149 		e_stb		r6,1545(r31)
                                150 	#$$vo
  0000001c 00  73d8 e3f9        151 		e_lis		r30,50169
  00000070 03  23               152 	        .d2line         30
  00000020 00  4816             153 		se_li		r6,1
  00000022 00  34de 062a        154 		e_stb		r6,1578(r30)
                                155 	#$$vo
  00000026 00  73b8 e3f9        156 		e_lis		r29,50169
  00000071 03  23               157 	        .d2line         31
  0000002a 00  4816             158 		se_li		r6,1
  0000002c 00  34dd 060d        159 		e_stb		r6,1549(r29)
                                160 	#$$vo
  00000030 00  7398 e3f9        161 		e_lis		r28,50169
  00000072 03  23               162 	        .d2line         32
  00000034 00  4816             163 		se_li		r6,1
  00000036 00  34dc 060c        164 		e_stb		r6,1548(r28)
                                165 	#$$vo
  0000003a 00  7378 e3f9        166 		e_lis		r27,50169
  00000073 03  23               167 	        .d2line         33
  0000003e 00  4816             168 		se_li		r6,1
  00000040 00  34db 063e        169 		e_stb		r6,1598(r27)
                                170 	#$$vo
  00000044 00  7358 e3f9        171 		e_lis		r26,50169
  00000074 03  23               172 	        .d2line         34
  00000048 00  4816             173 		se_li		r6,1
  0000004a 00  34da 063d        174 		e_stb		r6,1597(r26)
                                175 	#$$vo
  0000004e 00  7338 e3f9        176 		e_lis		r25,50169
  00000075 03  23               177 	        .d2line         35
  00000052 00  4816             178 		se_li		r6,1
  00000054 00  34d9 063b        179 		e_stb		r6,1595(r25)
                                180 	#$$vo
  00000058 00  7318 e3f9        181 		e_lis		r24,50169
  00000076 03  23               182 	        .d2line         36
  0000005c 00  4816             183 		se_li		r6,1
  0000005e 00  34d8 060b        184 		e_stb		r6,1547(r24)
                                185 	#$$vo
  00000077 03  030b 1a          186 	        .d2line         47
  00000062 00  4803             187 		se_li		r3,0
  00000064 00  4e44             188 		se_li		r4,100
                                189 	#$$fn 0x1ff8 0 0 0x1
                                190 	#$$tl 0x18 0x0 0x0
                                191 	#$$rs 0 s
  00000066 00  7800 0001        192 		bl		PIT_ConfigureTimer
  0000007a 03  1f               193 	        .d2line         48
  0000006a 00  4813             194 		se_li		r3,1
  0000006c 00  7080 00c8        195 		e_li		r4,200
                                196 	#$$fn 0x1ff8 0 0 0x1
                                197 	#$$tl 0x18 0x0 0x0
                                198 	#$$rs 0 s
  00000070 00  7800 0001        199 		bl		PIT_ConfigureTimer
  0000007b 03  0303 22          200 	        .d2line         51
  00000074 00  4803             201 		se_li		r3,0
                                202 	#$$fn 0x1ff8 0 0 0x1
                                203 	#$$tl 0x8 0x0 0x0
                                204 	#$$rs 0 s
  00000076 00  7800 0001        205 		bl		PIT_StartTimer
  0000007e 03  1b               206 	        .d2line         52
  0000007a 00  4813             207 		se_li		r3,1
                                208 	#$$fn 0x1ff8 0 0 0x1
                                209 	#$$tl 0x8 0x0 0x0
                                210 	#$$rs 0 s
  0000007c 00  7800 0001        211 		bl		PIT_StartTimer
                                212 	.L5789:
  00000080 00  72f8 e3f9        213 		e_lis		r23,50169
  0000007f 03  030f 22          214 	        .d2line         67
  00000084 00  30d7 0801        215 		e_lbz		r6,2049(r23)
                                216 	#$$vo
  00000088 00  2a06             217 		se_cmpi		r6,0
  0000008a 00  e211             218 		bc		0,2,.L5784	# ne
  00000082 03  1f               219 	        .d2line         68
  0000008c 00  30e0 0000        220 		e_lbz		r7,gear@sdarx(r0)
  00000090 00  1807 a880        221 		cmpi		0,0,r7,128
  00000094 00  e00c             222 		bc		0,0,.L5784	# ge
  00000083 03  23               223 	        .d2line         69
  00000096 00  30e0 0000        224 		e_lbz		r7,gear@sdarx(r0)
  0000009a 00  6c17             225 		se_slwi		r7,1
  0000009c 00  34e0 0000        226 		e_stb		r7,gear@sdarx(r0)
                                227 	.L5782:
  000000a0 00  72d8 e3f9        228 		e_lis		r22,50169
  00000084 03  2b               229 	        .d2line         70
  000000a4 00  30d6 0801        230 		e_lbz		r6,2049(r22)
                                231 	#$$vo
  000000a8 00  2a06             232 		se_cmpi		r6,0
  000000aa 00  e6fb             233 		bc		1,2,.L5782	# eq
                                234 	.L5784:
  000000ac 00  72b8 e3f9        235 		e_lis		r21,50169
  00000085 03  0305 26          236 	        .d2line         75
  000000b0 00  30d5 0800        237 		e_lbz		r6,2048(r21)
                                238 	#$$vo
  000000b4 00  2a06             239 		se_cmpi		r6,0
  000000b6 00  e2e5             240 		bc		0,2,.L5789	# ne
  00000088 03  1f               241 	        .d2line         76
  000000b8 00  30e0 0000        242 		e_lbz		r7,gear@sdarx(r0)
  000000bc 00  2a17             243 		se_cmpi		r7,1
  000000be 00  e1e1             244 		bc		0,1,.L5789	# le
  00000089 03  1f               245 	        .d2line         77
  000000c0 00  30e0 0000        246 		e_lbz		r7,gear@sdarx(r0)
  000000c4 00  6817             247 		se_srwi		r7,1
  000000c6 00  34e0 0000        248 		e_stb		r7,gear@sdarx(r0)
                                249 	.L5786:
  000000ca 00  7298 e3f9        250 		e_lis		r20,50169
  0000008a 03  2b               251 	        .d2line         78
  000000ce 00  30d4 0800        252 		e_lbz		r6,2048(r20)
                                253 	#$$vo
  000000d2 00  2a06             254 		se_cmpi		r6,0
  000000d4 00  e2d6             255 		bc		0,2,.L5789	# ne
  000000d6 00  e8fa             256 		b		.L5786
  0000008b 03  0306 22          257 	        .d2line         84
                                258 	#$$be
  0000008e 03  0200 0b01        259 		.d2epilogue_begin
                                260 	#$$br
  000000d8 00  1a81 0810        261 		e_lmw		r20,16(r1)
                                262 	#$$er
  000000dc 00  5001 0044        263 		e_lwz		r0,68(r1)
  000000e0 00  0090             264 		se_mtlr		r0
  000000e2 00  1821 8040        265 		e_addi		r1,r1,64
                                266 	#$$tl 0x0 0x0 0x0
  000000e6 00  0004             267 		se_blr
                                268 	#$$ef
                                269 		.d2_cfa_end 2
                                270 		.section	.debug_info,,n
  000000b8 05  00               271 		.sleb128	0
                                272 	.L5819:
                                273 		.section	.text_vle,,c
                                274 	.L5821:
                                275 		.type		main,@function
                                276 		.size		main,.-main
                                277 	# Number of nodes = 95
                                278 	
                                279 	# Allocations for main
                                280 	#	r31		$$1
                                281 	#	r30		$$2
                                282 	#	r29		$$3
                                283 	#	r28		$$4
                                284 	#	r27		$$5
                                285 	#	r26		$$6
                                286 	#	r25		$$7
                                287 	#	r24		$$8
                                288 	#	r23		$$9
                                289 	#	r22		$$10
                                290 	#	r21		$$11
                                291 	#	r20		$$12
                                292 	
                                293 	#$$bf
                                294 		.align		2
                                295 		.globl		PITCHANNEL0
  00000044 02  0000 0024 0000   296 		.d2_cfa_start __local_cie
  0000004a 02  0000 0000 0000       	
  00000050 02  0000 005c            	
                                297 	PITCHANNEL0:
                                298 		.section	.debug_info,,n
                                299 	.L5828:
  000000b9 05  02               300 		.sleb128	2
  000000ba 05  0000 00eb        301 		.4byte		.L5825-.L2
  000000be 05  5049 5443 4841   302 		.byte		"PITCHANNEL0"
  000000c4 05  4e4e 454c 30         	
  000000c9 05  00               303 		.byte		0
  000000ca 05  0000 0001        304 		.4byte		.L5822
  000000ce 05  5a               305 		.uleb128	90
  000000cf 05  01               306 		.byte		0x1
  000000d0 05  01               307 		.byte		0x1
  000000d1 05  0000 0000        308 		.4byte		.L5826
  000000d5 05  0000 0000        309 		.4byte		.L5827
                                310 		.section	.debug_abbrev,,n
  0000002a 04  03               311 		.uleb128	3
  0000002b 04  34               312 		.uleb128	52
  0000002c 04  00               313 		.byte		0x0
  0000002d 04  3a               314 		.uleb128	58
  0000002e 04  06               315 		.uleb128	6
  0000002f 04  3b               316 		.uleb128	59
  00000030 04  0f               317 		.uleb128	15
  00000031 04  03               318 		.uleb128	3
  00000032 04  08               319 		.uleb128	8
  00000033 04  49               320 		.uleb128	73
  00000034 04  10               321 		.uleb128	16
  00000035 04  02               322 		.uleb128	2
  00000036 04  09               323 		.uleb128	9
  00000037 04  00               324 		.uleb128	0
  00000038 04  00               325 		.uleb128	0
                                326 		.section	.debug_info,,n
                                327 	.L5829:
  000000d9 05  03               328 		.sleb128	3
  000000da 05  0000 0001        329 		.4byte		.L5822
  000000de 05  5d               330 		.uleb128	93
  000000df 05  7270 6d          331 		.byte		"rpm"
  000000e2 05  00               332 		.byte		0
  000000e3 05  0000 0000        333 		.4byte		.L5830
  000000e7 05  02               334 		.sleb128	2
  000000e8 05  90               335 		.byte		0x90
  000000e9 05  1f               336 		.uleb128	31
                                337 		.section	.text_vle,,c
  00000092 03  0307 2e          338 	        .d2line         91
                                339 	.L5826:
  000000e8 00  1821 06d0        340 		e_stwu		r1,-48(r1)
  00000054 02  410e 30          341 		.d2_cfa_def_cfa_offset	48
  000000ec 00  0080             342 		se_mflr		r0,lr
                                343 	#$$br
  000000ee 00  1b01 0910        344 		e_stmw		r24,16(r1)
  00000057 02  4198 0899 079a   345 		.d2_cfa_offset_list	24,31,8,-1
  0000005d 02  069b 059c 049d       	
  00000063 02  039e 029f 01         	
                                346 	#$$er
  000000f2 00  dd01             347 		se_stw		r0,52(r1)
  00000068 02  116c 7f          348 		.d2_cfa_offset    108,-1
                                349 	#$$ee
  00000095 03  0206 0a          350 		.d2prologue_end
  000000f4 00  73df e7e0        351 		e_lis		r30,65504
  00000098 03  18               352 	        .d2line         93
  000000f8 00  50de 0110        353 		e_lwz		r6,272(r30)
                                354 	#$$vo
  000000fc 00  74df 053f        355 		e_rlwinm		r31,r6,0,20,31
  00000100 00  73a0 6000        356 		e_li		r29,-262144
  00000099 03  28               357 	        .d2line         95
  00000104 00  37fd 0108        358 		e_stb		r31,264(r29)
                                359 	#$$vo
  00000108 00  7380 6000        360 		e_li		r28,-262144
  0000009a 03  1f               361 	        .d2line         96
  0000010c 00  7fe7 4670        362 		srawi		r7,r31,8
  00000110 00  34fc 0109        363 		e_stb		r7,265(r28)
                                364 	#$$vo
  00000114 00  7360 6000        365 		e_li		r27,-262144
  0000009b 03  27               366 	        .d2line         97
  00000118 00  1b3b 8101        367 		e_addi		r25,r27,256
  0000011c 00  c069             368 		se_lwz		r6,0(r25)
                                369 	#$$vo
  0000011e 00  74c6 0207        370 		e_rlwinm		r6,r6,0,8,3
  00000122 00  18c6 d30c        371 		e_ori		r6,r6,201326592
  00000126 00  d069             372 		se_stw		r6,0(r25)
                                373 	#$$vo
  00000128 00  7358 e3ff        374 		e_lis		r26,50175
  0000009c 03  38               375 	        .d2line         99
  0000012c 00  1f1a 010c        376 		e_add16i	r24,r26,268
  00000130 00  c078             377 		se_lwz		r7,0(r24)
                                378 	#$$vo
  00000132 00  65f7             379 		se_bseti		r7,31
  00000134 00  d078             380 		se_stw		r7,0(r24)
                                381 	#$$vo
  0000009d 03  23               382 	        .d2line         100
                                383 	#$$be
  0000009e 03  0200 0b01        384 		.d2epilogue_begin
                                385 	#$$br
  00000136 00  1b01 0810        386 		e_lmw		r24,16(r1)
                                387 	#$$er
  0000013a 00  cd01             388 		se_lwz		r0,52(r1)
  0000013c 00  0090             389 		se_mtlr		r0
  0000013e 00  1821 8030        390 		e_addi		r1,r1,48
                                391 	#$$tl 0x0 0x0 0x0
  00000142 00  0004             392 		se_blr
                                393 	#$$ef
                                394 		.d2_cfa_end 2
                                395 		.section	.debug_info,,n
  000000ea 05  00               396 		.sleb128	0
                                397 	.L5825:
                                398 		.section	.text_vle,,c
                                399 	.L5827:
                                400 		.type		PITCHANNEL0,@function
                                401 		.size		PITCHANNEL0,.-PITCHANNEL0
                                402 	# Number of nodes = 27
                                403 	
                                404 	# Allocations for PITCHANNEL0
                                405 	#	r31		rpm
                                406 	#	r30		$$13
                                407 	#	r29		$$14
                                408 	#	r28		$$15
                                409 	#	r27		$$16
                                410 	#	r26		$$17
                                411 	#	r25		$$18
                                412 	#	r24		$$19
                                413 	
                                414 	#$$bf
                                415 		.align		2
                                416 		.globl		PITCHANNEL1
  0000006c 02  0000 0038 0000   417 		.d2_cfa_start __local_cie
  00000072 02  0000 0000 0000       	
  00000078 02  0000 0122            	
                                418 	PITCHANNEL1:
                                419 		.section	.debug_info,,n
                                420 	.L5835:
  000000eb 05  02               421 		.sleb128	2
  000000ec 05  0000 0132        422 		.4byte		.L5832-.L2
  000000f0 05  5049 5443 4841   423 		.byte		"PITCHANNEL1"
  000000f6 05  4e4e 454c 31         	
  000000fb 05  00               424 		.byte		0
  000000fc 05  0000 0001        425 		.4byte		.L5822
  00000100 05  66               426 		.uleb128	102
  00000101 05  01               427 		.byte		0x1
  00000102 05  01               428 		.byte		0x1
  00000103 05  0000 0000        429 		.4byte		.L5833
  00000107 05  0000 0000        430 		.4byte		.L5834
                                431 		.section	.text_vle,,c
  000000a2 03  0303 2a          432 	        .d2line         103
                                433 	.L5833:
  00000144 00  1821 06b0        434 		e_stwu		r1,-80(r1)
  0000007c 02  410e 50          435 		.d2_cfa_def_cfa_offset	80
  00000148 00  0080             436 		se_mflr		r0,lr
                                437 	#$$br
  0000014a 00  19e1 090c        438 		e_stmw		r15,12(r1)
  0000007f 02  418f 1190 1091   439 		.d2_cfa_offset_list	15,31,17,-1
  00000085 02  0f92 0e93 0d94       	
  0000008b 02  0c95 0b96 0a97       	
  00000091 02  0998 0899 079a       	
  00000097 02  069b 059c 049d       	
  0000009d 02  039e                 	
                                440 	#$$er
  0000014e 00  5401 0054        441 		e_stw		r0,84(r1)
  000000a2 02  4111 6c7f        442 		.d2_cfa_offset    108,-1
                                443 	#$$ee
  000000a5 03  0207 0a          444 		.d2prologue_end
  00000152 00  73e0 6000        445 		e_li		r31,-262144
  000000a8 03  18               446 	        .d2line         105
  00000156 00  30c0 0000        447 		e_lbz		r6,gear@sdarx(r0)
                                448 	#$$vo
  0000015a 00  34df 0118        449 		e_stb		r6,280(r31)
                                450 	#$$vo
  0000015e 00  73c0 6000        451 		e_li		r30,-262144
  000000a9 03  27               452 	        .d2line         106
  00000162 00  1e9e 0110        453 		e_add16i	r20,r30,272
  00000166 00  50f4 0000        454 		e_lwz		r7,0(r20)
                                455 	#$$vo
  0000016a 00  74e7 0207        456 		e_rlwinm		r7,r7,0,8,3
  0000016e 00  18e7 d30c        457 		e_ori		r7,r7,201326592
  00000172 00  54f4 0000        458 		e_stw		r7,0(r20)
                                459 	#$$vo
  00000176 00  73a0 6000        460 		e_li		r29,-262144
  000000aa 03  0303 3e          461 	        .d2line         109
  0000017a 00  1e7d 0130        462 		e_add16i	r19,r29,304
  0000017e 00  50d3 0000        463 		e_lwz		r6,0(r19)
                                464 	#$$vo
  00000182 00  74c6 0207        465 		e_rlwinm		r6,r6,0,8,3
  00000186 00  18c6 d30c        466 		e_ori		r6,r6,201326592
  0000018a 00  54d3 0000        467 		e_stw		r6,0(r19)
                                468 	#$$vo
  000000ad 03  0303 36          469 	        .d2line         112
  0000018e 00  50e0 0000        470 		e_lwz		r7,light_control_is_alive@sdarx(r0)
  00000192 00  2a07             471 		se_cmpi		r7,0
  00000194 00  e218             472 		bc		0,2,.L5792	# ne
  00000196 00  7380 6000        473 		e_li		r28,-262144
  000000b0 03  27               474 	        .d2line         113
  0000019a 00  1e5c 0140        475 		e_add16i	r18,r28,320
  0000019e 00  50f2 0000        476 		e_lwz		r7,0(r18)
                                477 	#$$vo
  000001a2 00  74e7 0207        478 		e_rlwinm		r7,r7,0,8,3
  000001a6 00  18e7 d30c        479 		e_ori		r7,r7,201326592
  000001aa 00  54f2 0000        480 		e_stw		r7,0(r18)
                                481 	#$$vo
  000001ae 00  7378 e3f9        482 		e_lis		r27,50169
  000000b1 03  3f               483 	        .d2line         114
  000001b2 00  7358 e3f9        484 		e_lis		r26,50169
  000001b6 00  30da 060b        485 		e_lbz		r6,1547(r26)
                                486 	#$$vo
  000001ba 00  7cc6 30f8        487 		nor		r6,r6,r6
  000001be 00  34db 060b        488 		e_stb		r6,1547(r27)
                                489 	#$$vo
  000001c2 00  e809             490 		b		.L5793
                                491 	.L5792:
  000000b2 03  34               492 	        .d2line         116
  000001c4 00  4807             493 		se_li		r7,0
  000001c6 00  54e0 0000        494 		e_stw		r7,light_control_is_alive@sdarx(r0)
  000001ca 00  7338 e3f9        495 		e_lis		r25,50169
  000000b3 03  23               496 	        .d2line         117
  000001ce 00  4817             497 		se_li		r7,1
  000001d0 00  34f9 060b        498 		e_stb		r7,1547(r25)
                                499 	#$$vo
                                500 	.L5793:
  000000b4 03  0303 1a          501 	        .d2line         120
  000001d4 00  50e0 0000        502 		e_lwz		r7,second_int@sdarx(r0)
  000001d8 00  2a17             503 		se_cmpi		r7,1
  000001da 00  e232             504 		bc		0,2,.L5798	# ne
                                505 		.section	.debug_abbrev,,n
  00000039 04  04               506 		.uleb128	4
  0000003a 04  0b               507 		.uleb128	11
  0000003b 04  01               508 		.byte		0x1
  0000003c 04  01               509 		.uleb128	1
  0000003d 04  10               510 		.uleb128	16
  0000003e 04  11               511 		.uleb128	17
  0000003f 04  01               512 		.uleb128	1
  00000040 04  12               513 		.uleb128	18
  00000041 04  01               514 		.uleb128	1
  00000042 04  00               515 		.uleb128	0
  00000043 04  00               516 		.uleb128	0
                                517 		.section	.debug_info,,n
  0000010b 05  04               518 		.sleb128	4
  0000010c 05  0000 0000        519 		.4byte		.L5839
  00000110 05  0000 0000        520 		.4byte		.L5836
  00000114 05  0000 0000        521 		.4byte		.L5837
                                522 	.L5840:
  00000118 05  03               523 		.sleb128	3
  00000119 05  0000 0001        524 		.4byte		.L5822
  0000011d 05  7a               525 		.uleb128	122
  0000011e 05  6469 6666 6572   526 		.byte		"difference"
  00000124 05  656e 6365            	
  00000128 05  00               527 		.byte		0
  00000129 05  0000 0000        528 		.4byte		.L5830
  0000012d 05  02               529 		.sleb128	2
  0000012e 05  90               530 		.byte		0x90
  0000012f 05  0f               531 		.uleb128	15
                                532 		.section	.text_vle,,c
                                533 	.L5836:
  000000b7 03  0303 1e          534 	        .d2line         123
  000001dc 00  50e0 0000        535 		e_lwz		r7,drive_wheels_speed@sdarx(r0)
  000001e0 00  50c0 0000        536 		e_lwz		r6,non_driven_wheels_speed@sdarx(r0)
  000001e4 00  0c67             537 		se_cmp		r7,r6
  000001e6 00  e108             538 		bc		0,1,.L5794	# le
  000000ba 03  27               539 	        .d2line         124
  000001e8 00  50e0 0000        540 		e_lwz		r7,drive_wheels_speed@sdarx(r0)
  000001ec 00  51e0 0000        541 		e_lwz		r15,non_driven_wheels_speed@sdarx(r0)
  000001f0 00  7def 3850        542 		subf		r15,r15,r7
  000001f4 00  e807             543 		b		.L5795
                                544 	.L5794:
  000000bb 03  2c               545 	        .d2line         126
  000001f6 00  50e0 0000        546 		e_lwz		r7,non_driven_wheels_speed@sdarx(r0)
  000001fa 00  51e0 0000        547 		e_lwz		r15,drive_wheels_speed@sdarx(r0)
  000001fe 00  7def 3850        548 		subf		r15,r15,r7
                                549 	.L5795:
  000000bc 03  27               550 	        .d2line         127
  00000202 00  180f a80f        551 		cmpi		0,0,r15,15
  00000206 00  e107             552 		bc		0,1,.L5796	# le
  00000208 00  7300 6000        553 		e_li		r24,-262144
  000000bd 03  23               554 	        .d2line         128
  0000020c 00  4806             555 		se_li		r6,0
  0000020e 00  34d8 0128        556 		e_stb		r6,296(r24)
                                557 	#$$vo
  00000212 00  e806             558 		b		.L5797
                                559 	.L5796:
  00000214 00  72e0 6000        560 		e_li		r23,-262144
  000000be 03  28               561 	        .d2line         130
  00000218 00  4816             562 		se_li		r6,1
  0000021a 00  34d7 0128        563 		e_stb		r6,296(r23)
                                564 	#$$vo
                                565 	.L5797:
  0000021e 00  72c0 6000        566 		e_li		r22,-262144
  000000bf 03  23               567 	        .d2line         131
  00000222 00  1e36 0120        568 		e_add16i	r17,r22,288
  00000226 00  50f1 0000        569 		e_lwz		r7,0(r17)
                                570 	#$$vo
  0000022a 00  74e7 0207        571 		e_rlwinm		r7,r7,0,8,3
  0000022e 00  18e7 d30c        572 		e_ori		r7,r7,201326592
  00000232 00  54f1 0000        573 		e_stw		r7,0(r17)
                                574 	#$$vo
  000000c0 03  37               575 	        .d2line         132
  00000236 00  4806             576 		se_li		r6,0
  00000238 00  54c0 0000        577 		e_stw		r6,second_int@sdarx(r0)
                                578 		.section	.debug_info,,n
  00000130 05  00               579 		.sleb128	0
                                580 	.L5839:
                                581 		.section	.text_vle,,c
                                582 	.L5837:
  0000023c 00  e804             583 		b		.L5799
                                584 	.L5798:
  000000c1 03  20               585 	        .d2line         134
  0000023e 00  4817             586 		se_li		r7,1
  00000240 00  54e0 0000        587 		e_stw		r7,second_int@sdarx(r0)
                                588 	.L5799:
  00000244 00  72b8 e3ff        589 		e_lis		r21,50175
  000000c2 03  0303 22          590 	        .d2line         137
  00000248 00  1e15 011c        591 		e_add16i	r16,r21,284
  0000024c 00  50f0 0000        592 		e_lwz		r7,0(r16)
                                593 	#$$vo
  00000250 00  65f7             594 		se_bseti		r7,31
  00000252 00  54f0 0000        595 		e_stw		r7,0(r16)
                                596 	#$$vo
  000000c5 03  2b               597 	        .d2line         138
                                598 	#$$be
  000000c6 03  0200 0b01        599 		.d2epilogue_begin
                                600 	#$$br
  00000256 00  19e1 080c        601 		e_lmw		r15,12(r1)
                                602 	#$$er
  0000025a 00  5001 0054        603 		e_lwz		r0,84(r1)
  0000025e 00  0090             604 		se_mtlr		r0
  00000260 00  1821 8050        605 		e_addi		r1,r1,80
                                606 	#$$tl 0x0 0x0 0x0
  00000264 00  0004             607 		se_blr
                                608 	#$$ef
                                609 		.d2_cfa_end 2
                                610 		.section	.debug_info,,n
  00000131 05  00               611 		.sleb128	0
                                612 	.L5832:
                                613 		.section	.text_vle,,c
                                614 	.L5834:
                                615 		.type		PITCHANNEL1,@function
                                616 		.size		PITCHANNEL1,.-PITCHANNEL1
                                617 	# Number of nodes = 82
                                618 	
                                619 	# Allocations for PITCHANNEL1
                                620 	#	r31		$$20
                                621 	#	r30		$$21
                                622 	#	r29		$$22
                                623 	#	r28		$$23
                                624 	#	r27		$$24
                                625 	#	r26		$$25
                                626 	#	r25		$$26
                                627 	#	r24		$$27
                                628 	#	r23		$$28
                                629 	#	r22		$$29
                                630 	#	r21		$$30
                                631 	#	r20		$$31
                                632 	#	r19		$$32
                                633 	#	r18		$$33
                                634 	#	r17		$$34
                                635 	#	r16		$$35
                                636 	#	r15		difference
                                637 	
                                638 	#$$bf
                                639 		.align		2
                                640 		.globl		CANMB0003
  000000a8 02  0000 0024 0000   641 		.d2_cfa_start __local_cie
  000000ae 02  0000 0000 0000       	
  000000b4 02  0000 0052            	
                                642 	CANMB0003:
                                643 		.section	.debug_info,,n
                                644 	.L5845:
  00000132 05  02               645 		.sleb128	2
  00000133 05  0000 0152        646 		.4byte		.L5842-.L2
  00000137 05  4341 4e4d 4230   647 		.byte		"CANMB0003"
  0000013d 05  3030 33              	
  00000140 05  00               648 		.byte		0
  00000141 05  0000 0001        649 		.4byte		.L5822
  00000145 05  8c01             650 		.uleb128	140
  00000147 05  01               651 		.byte		0x1
  00000148 05  01               652 		.byte		0x1
  00000149 05  0000 0000        653 		.4byte		.L5843
  0000014d 05  0000 0000        654 		.4byte		.L5844
                                655 		.section	.text_vle,,c
  000000ca 03  0303 32          656 	        .d2line         141
                                657 	.L5843:
  00000268 00  1821 06d0        658 		e_stwu		r1,-48(r1)
  000000b8 02  410e 30          659 		.d2_cfa_def_cfa_offset	48
  0000026c 00  0080             660 		se_mflr		r0,lr
                                661 	#$$br
  0000026e 00  1b01 0910        662 		e_stmw		r24,16(r1)
  000000bb 02  4198 0899 079a   663 		.d2_cfa_offset_list	24,31,8,-1
  000000c1 02  069b 059c 049d       	
  000000c7 02  039e 029f 01         	
                                664 	#$$er
  00000272 00  dd01             665 		se_stw		r0,52(r1)
  000000cc 02  116c 7f          666 		.d2_cfa_offset    108,-1
                                667 	#$$ee
  000000cd 03  0206 0a          668 		.d2prologue_end
  00000274 00  73e0 6000        669 		e_li		r31,-262144
  000000d0 03  0303 16          670 	        .d2line         144
  00000278 00  1b7f 8030        671 		e_addi		r27,r31,48
  0000027c 00  c07b             672 		se_lwz		r7,0(r27)
                                673 	#$$vo
  0000027e 00  65f7             674 		se_bseti		r7,31
  00000280 00  d07b             675 		se_stw		r7,0(r27)
                                676 	#$$vo
  00000282 00  73c0 6000        677 		e_li		r30,-262144
  000000d3 03  2b               678 	        .d2line         145
  00000286 00  1b5e 8030        679 		e_addi		r26,r30,48
  0000028a 00  c06a             680 		se_lwz		r6,0(r26)
                                681 	#$$vo
  0000028c 00  65e6             682 		se_bseti		r6,30
  0000028e 00  d06a             683 		se_stw		r6,0(r26)
                                684 	#$$vo
  00000290 00  73a0 6000        685 		e_li		r29,-262144
  000000d4 03  2b               686 	        .d2line         146
  00000294 00  1b3d 8030        687 		e_addi		r25,r29,48
  00000298 00  c079             688 		se_lwz		r7,0(r25)
                                689 	#$$vo
  0000029a 00  65d7             690 		se_bseti		r7,29
  0000029c 00  d079             691 		se_stw		r7,0(r25)
                                692 	#$$vo
  0000029e 00  7380 6000        693 		e_li		r28,-262144
  000000d5 03  2b               694 	        .d2line         147
  000002a2 00  1b1c 8030        695 		e_addi		r24,r28,48
  000002a6 00  c068             696 		se_lwz		r6,0(r24)
                                697 	#$$vo
  000002a8 00  65c6             698 		se_bseti		r6,28
  000002aa 00  d068             699 		se_stw		r6,0(r24)
                                700 	#$$vo
  000000d6 03  23               701 	        .d2line         148
                                702 	#$$be
  000000d7 03  0200 0b01        703 		.d2epilogue_begin
                                704 	#$$br
  000002ac 00  1b01 0810        705 		e_lmw		r24,16(r1)
                                706 	#$$er
  000002b0 00  cd01             707 		se_lwz		r0,52(r1)
  000002b2 00  0090             708 		se_mtlr		r0
  000002b4 00  1821 8030        709 		e_addi		r1,r1,48
                                710 	#$$tl 0x0 0x0 0x0
  000002b8 00  0004             711 		se_blr
                                712 	#$$ef
                                713 		.d2_cfa_end 2
                                714 		.section	.debug_info,,n
  00000151 05  00               715 		.sleb128	0
                                716 	.L5842:
                                717 		.section	.text_vle,,c
                                718 	.L5844:
                                719 		.type		CANMB0003,@function
                                720 		.size		CANMB0003,.-CANMB0003
                                721 	# Number of nodes = 20
                                722 	
                                723 	# Allocations for CANMB0003
                                724 	#	r31		$$36
                                725 	#	r30		$$37
                                726 	#	r29		$$38
                                727 	#	r28		$$39
                                728 	#	r27		$$40
                                729 	#	r26		$$41
                                730 	#	r25		$$42
                                731 	#	r24		$$43
                                732 	
                                733 	#$$bf
                                734 		.align		2
                                735 		.globl		CANMB0407
  000000d0 02  0000 0038 0000   736 		.d2_cfa_start __local_cie
  000000d6 02  0000 0000 0000       	
  000000dc 02  0000 010a            	
                                737 	CANMB0407:
                                738 		.section	.debug_info,,n
                                739 	.L5851:
  00000152 05  02               740 		.sleb128	2
  00000153 05  0000 0172        741 		.4byte		.L5848-.L2
  00000157 05  4341 4e4d 4230   742 		.byte		"CANMB0407"
  0000015d 05  3430 37              	
  00000160 05  00               743 		.byte		0
  00000161 05  0000 0001        744 		.4byte		.L5822
  00000165 05  9601             745 		.uleb128	150
  00000167 05  01               746 		.byte		0x1
  00000168 05  01               747 		.byte		0x1
  00000169 05  0000 0000        748 		.4byte		.L5849
  0000016d 05  0000 0000        749 		.4byte		.L5850
                                750 		.section	.text_vle,,c
  000000db 03  0303 2e          751 	        .d2line         151
                                752 	.L5849:
  000002bc 00  1821 06a0        753 		e_stwu		r1,-96(r1)
  000000e0 02  410e 60          754 		.d2_cfa_def_cfa_offset	96
  000002c0 00  0080             755 		se_mflr		r0,lr
                                756 	#$$br
  000002c2 00  19c1 0918        757 		e_stmw		r14,24(r1)
  000000e3 02  418e 128f 1190   758 		.d2_cfa_offset_list	14,31,18,-1
  000000e9 02  1091 0f92 0e93       	
  000000ef 02  0d94 0c95 0b96       	
  000000f5 02  0a97 0998 0899       	
  000000fb 02  079a 069b 059c       	
  00000101 02  049d                 	
                                759 	#$$er
  000002c6 00  5401 0064        760 		e_stw		r0,100(r1)
  00000108 02  4111 6c7f        761 		.d2_cfa_offset    108,-1
                                762 	#$$ee
  000000de 03  0207 0a          763 		.d2prologue_end
  000002ca 00  70e0 6000        764 		e_li		r7,-262144
  000002ce 00  d271             765 		se_stw		r7,8(r1)
  000000e1 03  030f 1a          766 	        .d2line         166
  000002d0 00  c261             767 		se_lwz		r6,8(r1)
  000002d2 00  cc66             768 		se_lwz		r6,48(r6)
                                769 	#$$vo
  000002d4 00  67a6             770 		se_btsti		r6,26
  000002d6 00  e650             771 		bc		1,2,.L5846	# eq
  000002d8 00  70e0 6000        772 		e_li		r7,-262144
  000002dc 00  d371             773 		se_stw		r7,12(r1)
  000000e4 03  2b               774 	        .d2line         167
  000002de 00  c361             775 		se_lwz		r6,12(r1)
  000002e0 00  50c6 0084        776 		e_lwz		r6,132(r6)
                                777 	#$$vo
  000002e4 00  74cb 757f        778 		e_rlwinm		r11,r6,14,21,31
  000002e8 00  700b 9b02        779 		cmpi		0,0,r11,770
  000002ec 00  e608             780 		bc		1,2,.L5803
  000002ee 00  700b 9b03        781 		cmpi		0,0,r11,771
  000002f2 00  e635             782 		bc		1,2,.L5805
  000002f4 00  700b 9d02        783 		cmpi		0,0,r11,1282
  000002f8 00  e61a             784 		bc		1,2,.L5804
  000002fa 00  e83e             785 		b		.L5806
                                786 	.L5803:
  000000e5 03  4b               787 	        .d2line         168
  000002fc 00  73a0 6000        788 		e_li		r29,-262144
  000000e6 03  17               789 	        .d2line         169
  00000300 00  7380 6000        790 		e_li		r28,-262144
  00000304 00  30fd 0089        791 		e_lbz		r7,137(r29)
                                792 	#$$vo
  00000308 00  74e7 442f        793 		e_rlwinm		r7,r7,8,16,23
  0000030c 00  30dc 0088        794 		e_lbz		r6,136(r28)
                                795 	#$$vo
  00000310 00  4467             796 		se_or		r7,r6
  00000312 00  54e0 0000        797 		e_stw		r7,non_driven_wheels_speed@sdarx(r0)
  00000316 00  7378 e3f9        798 		e_lis		r27,50169
  000000e7 03  43               799 	        .d2line         170
  0000031a 00  7358 e3f9        800 		e_lis		r26,50169
  0000031e 00  30fa 0609        801 		e_lbz		r7,1545(r26)
                                802 	#$$vo
  00000322 00  7ce7 38f8        803 		nor		r7,r7,r7
  00000326 00  34fb 0609        804 		e_stb		r7,1545(r27)
                                805 	#$$vo
  000000e8 03  2f               806 	        .d2line         171
  0000032a 00  e826             807 		b		.L5806
                                808 	.L5804:
  000000e9 03  13               809 	        .d2line         172
  0000032c 00  7320 6000        810 		e_li		r25,-262144
  000000ea 03  17               811 	        .d2line         173
  00000330 00  7300 6000        812 		e_li		r24,-262144
  00000334 00  30f9 0089        813 		e_lbz		r7,137(r25)
                                814 	#$$vo
  00000338 00  74e7 442f        815 		e_rlwinm		r7,r7,8,16,23
  0000033c 00  30d8 0088        816 		e_lbz		r6,136(r24)
                                817 	#$$vo
  00000340 00  4467             818 		se_or		r7,r6
  00000342 00  54e0 0000        819 		e_stw		r7,drive_wheels_speed@sdarx(r0)
  00000346 00  72f8 e3f9        820 		e_lis		r23,50169
  000000eb 03  43               821 	        .d2line         174
  0000034a 00  72d8 e3f9        822 		e_lis		r22,50169
  0000034e 00  30f6 062a        823 		e_lbz		r7,1578(r22)
                                824 	#$$vo
  00000352 00  7ce7 38f8        825 		nor		r7,r7,r7
  00000356 00  34f7 062a        826 		e_stb		r7,1578(r23)
                                827 	#$$vo
  000000ec 03  2f               828 	        .d2line         175
  0000035a 00  e80e             829 		b		.L5806
                                830 	.L5805:
  000000ed 03  13               831 	        .d2line         176
  000000ee 03  0f               832 	        .d2line         177
  0000035c 00  4817             833 		se_li		r7,1
  0000035e 00  54e0 0000        834 		e_stw		r7,light_control_is_alive@sdarx(r0)
  00000362 00  72b8 e3f9        835 		e_lis		r21,50169
  000000ef 03  23               836 	        .d2line         178
  00000366 00  7298 e3f9        837 		e_lis		r20,50169
  0000036a 00  30d4 060d        838 		e_lbz		r6,1549(r20)
                                839 	#$$vo
  0000036e 00  7cc6 30f8        840 		nor		r6,r6,r6
  00000372 00  34d5 060d        841 		e_stb		r6,1549(r21)
                                842 	#$$vo
                                843 	.L5806:
                                844 	.L5846:
  00000376 00  7260 6000        845 		e_li		r19,-262144
  000000f0 03  0307 36          846 	        .d2line         185
  0000037a 00  19f3 8030        847 		e_addi		r15,r19,48
  0000037e 00  50ef 0000        848 		e_lwz		r7,0(r15)
                                849 	#$$vo
  00000382 00  65b7             850 		se_bseti		r7,27
  00000384 00  54ef 0000        851 		e_stw		r7,0(r15)
                                852 	#$$vo
  00000388 00  7240 6000        853 		e_li		r18,-262144
  000000f3 03  33               854 	        .d2line         186
  0000038c 00  19d2 8030        855 		e_addi		r14,r18,48
  00000390 00  50ce 0000        856 		e_lwz		r6,0(r14)
                                857 	#$$vo
  00000394 00  65a6             858 		se_bseti		r6,26
  00000396 00  54ce 0000        859 		e_stw		r6,0(r14)
                                860 	#$$vo
  0000039a 00  7220 6000        861 		e_li		r17,-262144
  000000f4 03  33               862 	        .d2line         187
  0000039e 00  1bf1 8030        863 		e_addi		r31,r17,48
  000003a2 00  c07f             864 		se_lwz		r7,0(r31)
                                865 	#$$vo
  000003a4 00  6597             866 		se_bseti		r7,25
  000003a6 00  d07f             867 		se_stw		r7,0(r31)
                                868 	#$$vo
  000003a8 00  7200 6000        869 		e_li		r16,-262144
  000000f5 03  2b               870 	        .d2line         188
  000003ac 00  1bd0 8030        871 		e_addi		r30,r16,48
  000003b0 00  c06e             872 		se_lwz		r6,0(r30)
                                873 	#$$vo
  000003b2 00  6586             874 		se_bseti		r6,24
  000003b4 00  d06e             875 		se_stw		r6,0(r30)
                                876 	#$$vo
  000000f6 03  23               877 	        .d2line         189
                                878 	#$$be
  000000f7 03  0200 0b01        879 		.d2epilogue_begin
                                880 	#$$br
  000003b6 00  19c1 0818        881 		e_lmw		r14,24(r1)
                                882 	#$$er
  000003ba 00  5001 0064        883 		e_lwz		r0,100(r1)
  000003be 00  0090             884 		se_mtlr		r0
  000003c0 00  1821 8060        885 		e_addi		r1,r1,96
                                886 	#$$tl 0x0 0x0 0x0
  000003c4 00  0004             887 		se_blr
                                888 	#$$ef
                                889 		.d2_cfa_end 2
                                890 		.section	.debug_info,,n
  00000171 05  00               891 		.sleb128	0
                                892 	.L5848:
                                893 		.section	.text_vle,,c
                                894 	.L5850:
                                895 		.type		CANMB0407,@function
                                896 		.size		CANMB0407,.-CANMB0407
                                897 	# Number of nodes = 75
                                898 	
                                899 	# Allocations for CANMB0407
                                900 	#	SP,8		$$44
                                901 	#	SP,12		$$45
                                902 	#	r29		$$46
                                903 	#	r28		$$47
                                904 	#	r27		$$48
                                905 	#	r26		$$49
                                906 	#	r25		$$50
                                907 	#	r24		$$51
                                908 	#	r23		$$52
                                909 	#	r22		$$53
                                910 	#	r21		$$54
                                911 	#	r20		$$55
                                912 	#	r19		$$56
                                913 	#	r18		$$57
                                914 	#	r17		$$58
                                915 	#	r16		$$59
                                916 	#	r15		$$60
                                917 	#	r14		$$61
                                918 	#	r31		$$62
                                919 	#	r30		$$63
                                920 	
                                921 	#$$bf
                                922 		.align		2
                                923 		.globl		CANMB0811
  0000010c 02  0000 0024 0000   924 		.d2_cfa_start __local_cie
  00000112 02  0000 0000 0000       	
  00000118 02  0000 0052            	
                                925 	CANMB0811:
                                926 		.section	.debug_info,,n
                                927 	.L5856:
  00000172 05  02               928 		.sleb128	2
  00000173 05  0000 0192        929 		.4byte		.L5853-.L2
  00000177 05  4341 4e4d 4230   930 		.byte		"CANMB0811"
  0000017d 05  3831 31              	
  00000180 05  00               931 		.byte		0
  00000181 05  0000 0001        932 		.4byte		.L5822
  00000185 05  bf01             933 		.uleb128	191
  00000187 05  01               934 		.byte		0x1
  00000188 05  01               935 		.byte		0x1
  00000189 05  0000 0000        936 		.4byte		.L5854
  0000018d 05  0000 0000        937 		.4byte		.L5855
                                938 		.section	.text_vle,,c
  000000fb 03  0303 32          939 	        .d2line         192
                                940 	.L5854:
  000003c8 00  1821 06d0        941 		e_stwu		r1,-48(r1)
  0000011c 02  410e 30          942 		.d2_cfa_def_cfa_offset	48
  000003cc 00  0080             943 		se_mflr		r0,lr
                                944 	#$$br
  000003ce 00  1b01 0910        945 		e_stmw		r24,16(r1)
  0000011f 02  4198 0899 079a   946 		.d2_cfa_offset_list	24,31,8,-1
  00000125 02  069b 059c 049d       	
  0000012b 02  039e 029f 01         	
                                947 	#$$er
  000003d2 00  dd01             948 		se_stw		r0,52(r1)
  00000130 02  116c 7f          949 		.d2_cfa_offset    108,-1
                                950 	#$$ee
  000000fe 03  0206 0a          951 		.d2prologue_end
  000003d4 00  73e0 6000        952 		e_li		r31,-262144
  00000101 03  0304 16          953 	        .d2line         196
  000003d8 00  1b7f 8030        954 		e_addi		r27,r31,48
  000003dc 00  c07b             955 		se_lwz		r7,0(r27)
                                956 	#$$vo
  000003de 00  6577             957 		se_bseti		r7,23
  000003e0 00  d07b             958 		se_stw		r7,0(r27)
                                959 	#$$vo
  000003e2 00  73c0 6000        960 		e_li		r30,-262144
  00000104 03  2b               961 	        .d2line         197
  000003e6 00  1b5e 8030        962 		e_addi		r26,r30,48
  000003ea 00  c06a             963 		se_lwz		r6,0(r26)
                                964 	#$$vo
  000003ec 00  6566             965 		se_bseti		r6,22
  000003ee 00  d06a             966 		se_stw		r6,0(r26)
                                967 	#$$vo
  000003f0 00  73a0 6000        968 		e_li		r29,-262144
  00000105 03  2b               969 	        .d2line         198
  000003f4 00  1b3d 8030        970 		e_addi		r25,r29,48
  000003f8 00  c079             971 		se_lwz		r7,0(r25)
                                972 	#$$vo
  000003fa 00  6557             973 		se_bseti		r7,21
  000003fc 00  d079             974 		se_stw		r7,0(r25)
                                975 	#$$vo
  000003fe 00  7380 6000        976 		e_li		r28,-262144
  00000106 03  2b               977 	        .d2line         199
  00000402 00  1b1c 8030        978 		e_addi		r24,r28,48
  00000406 00  c068             979 		se_lwz		r6,0(r24)
                                980 	#$$vo
  00000408 00  6546             981 		se_bseti		r6,20
  0000040a 00  d068             982 		se_stw		r6,0(r24)
                                983 	#$$vo
  00000107 03  23               984 	        .d2line         200
                                985 	#$$be
  00000108 03  0200 0b01        986 		.d2epilogue_begin
                                987 	#$$br
  0000040c 00  1b01 0810        988 		e_lmw		r24,16(r1)
                                989 	#$$er
  00000410 00  cd01             990 		se_lwz		r0,52(r1)
  00000412 00  0090             991 		se_mtlr		r0
  00000414 00  1821 8030        992 		e_addi		r1,r1,48
                                993 	#$$tl 0x0 0x0 0x0
  00000418 00  0004             994 		se_blr
                                995 	#$$ef
                                996 		.d2_cfa_end 2
                                997 		.section	.debug_info,,n
  00000191 05  00               998 		.sleb128	0
                                999 	.L5853:
                               1000 		.section	.text_vle,,c
                               1001 	.L5855:
                               1002 		.type		CANMB0811,@function
                               1003 		.size		CANMB0811,.-CANMB0811
                               1004 	# Number of nodes = 20
                               1005 	
                               1006 	# Allocations for CANMB0811
                               1007 	#	r31		$$64
                               1008 	#	r30		$$65
                               1009 	#	r29		$$66
                               1010 	#	r28		$$67
                               1011 	#	r27		$$68
                               1012 	#	r26		$$69
                               1013 	#	r25		$$70
                               1014 	#	r24		$$71
                               1015 	
                               1016 	#$$bf
                               1017 		.align		2
                               1018 		.globl		CANMB1215
  00000134 02  0000 0024 0000  1019 		.d2_cfa_start __local_cie
  0000013a 02  0000 0000 0000       	
  00000140 02  0000 0052            	
                               1020 	CANMB1215:
                               1021 		.section	.debug_info,,n
                               1022 	.L5861:
  00000192 05  02              1023 		.sleb128	2
  00000193 05  0000 01b2       1024 		.4byte		.L5858-.L2
  00000197 05  4341 4e4d 4231  1025 		.byte		"CANMB1215"
  0000019d 05  3231 35              	
  000001a0 05  00              1026 		.byte		0
  000001a1 05  0000 0001       1027 		.4byte		.L5822
  000001a5 05  ca01            1028 		.uleb128	202
  000001a7 05  01              1029 		.byte		0x1
  000001a8 05  01              1030 		.byte		0x1
  000001a9 05  0000 0000       1031 		.4byte		.L5859
  000001ad 05  0000 0000       1032 		.4byte		.L5860
                               1033 		.section	.text_vle,,c
  0000010c 03  0303 2e         1034 	        .d2line         203
                               1035 	.L5859:
  0000041c 00  1821 06d0       1036 		e_stwu		r1,-48(r1)
  00000144 02  410e 30         1037 		.d2_cfa_def_cfa_offset	48
  00000420 00  0080            1038 		se_mflr		r0,lr
                               1039 	#$$br
  00000422 00  1b01 0910       1040 		e_stmw		r24,16(r1)
  00000147 02  4198 0899 079a  1041 		.d2_cfa_offset_list	24,31,8,-1
  0000014d 02  069b 059c 049d       	
  00000153 02  039e 029f 01         	
                               1042 	#$$er
  00000426 00  dd01            1043 		se_stw		r0,52(r1)
  00000158 02  116c 7f         1044 		.d2_cfa_offset    108,-1
                               1045 	#$$ee
  0000010f 03  0206 0a         1046 		.d2prologue_end
  00000428 00  73e0 6000       1047 		e_li		r31,-262144
  00000112 03  0303 16         1048 	        .d2line         206
  0000042c 00  1b7f 8030       1049 		e_addi		r27,r31,48
  00000430 00  c07b            1050 		se_lwz		r7,0(r27)
                               1051 	#$$vo
  00000432 00  6537            1052 		se_bseti		r7,19
  00000434 00  d07b            1053 		se_stw		r7,0(r27)
                               1054 	#$$vo
  00000436 00  73c0 6000       1055 		e_li		r30,-262144
  00000115 03  2b              1056 	        .d2line         207
  0000043a 00  1b5e 8030       1057 		e_addi		r26,r30,48
  0000043e 00  c06a            1058 		se_lwz		r6,0(r26)
                               1059 	#$$vo
  00000440 00  6526            1060 		se_bseti		r6,18
  00000442 00  d06a            1061 		se_stw		r6,0(r26)
                               1062 	#$$vo
  00000444 00  73a0 6000       1063 		e_li		r29,-262144
  00000116 03  2b              1064 	        .d2line         208
  00000448 00  1b3d 8030       1065 		e_addi		r25,r29,48
  0000044c 00  c079            1066 		se_lwz		r7,0(r25)
                               1067 	#$$vo
  0000044e 00  6517            1068 		se_bseti		r7,17
  00000450 00  d079            1069 		se_stw		r7,0(r25)
                               1070 	#$$vo
  00000452 00  7380 6000       1071 		e_li		r28,-262144
  00000117 03  2b              1072 	        .d2line         209
  00000456 00  1b1c 8030       1073 		e_addi		r24,r28,48
  0000045a 00  c068            1074 		se_lwz		r6,0(r24)
                               1075 	#$$vo
  0000045c 00  6506            1076 		se_bseti		r6,16
  0000045e 00  d068            1077 		se_stw		r6,0(r24)
                               1078 	#$$vo
  00000118 03  23              1079 	        .d2line         210
                               1080 	#$$be
  00000119 03  0200 0b01       1081 		.d2epilogue_begin
                               1082 	#$$br
  00000460 00  1b01 0810       1083 		e_lmw		r24,16(r1)
                               1084 	#$$er
  00000464 00  cd01            1085 		se_lwz		r0,52(r1)
  00000466 00  0090            1086 		se_mtlr		r0
  00000468 00  1821 8030       1087 		e_addi		r1,r1,48
                               1088 	#$$tl 0x0 0x0 0x0
  0000046c 00  0004            1089 		se_blr
                               1090 	#$$ef
                               1091 		.d2_cfa_end 2
                               1092 		.section	.debug_info,,n
  000001b1 05  00              1093 		.sleb128	0
                               1094 	.L5858:
                               1095 		.section	.text_vle,,c
                               1096 	.L5860:
                               1097 		.type		CANMB1215,@function
                               1098 		.size		CANMB1215,.-CANMB1215
                               1099 	# Number of nodes = 20
                               1100 	
                               1101 	# Allocations for CANMB1215
                               1102 	#	r31		$$72
                               1103 	#	r30		$$73
                               1104 	#	r29		$$74
                               1105 	#	r28		$$75
                               1106 	#	r27		$$76
                               1107 	#	r26		$$77
                               1108 	#	r25		$$78
                               1109 	#	r24		$$79
                               1110 		.section	.abs.00000040,,c
                               1111 	
                               1112 	#$$bf
                               1113 		.align		2
                               1114 		.globl		Ext_Isr
  0000015c 02  0000 0024 0000  1115 		.d2_cfa_start __local_cie
  00000162 02  0000 0000 0000       	
  00000168 02  0000 00c2            	
                               1116 	Ext_Isr:
                               1117 		.section	.debug_line.abs.00000040,,n
                               1118 		.sectionlink	.debug_line
                               1119 	.L5870:
                               1120 		.section	.abs.00000040,,c
                               1121 	.L5866:
  00000000 07                  1122 		.0byte		.L5864
  00000000 09  0000 008c 0002  1123 		.d2_line_start	.debug_line.abs.00000040
  00000006 09  0000 0013 0201       	
  0000000c 09  ff04 0d00 0101       	
  00000012 09  0101 0000 0001       	
  00000018 09  0000 0100 00         	
                               1124 		.section	.debug_info.abs.00000040,,n
                               1125 		.sectionlink	.debug_info
                               1126 	.L5864:
  00000000 0a  0000 00b9       1127 		.4byte		.L5865-.L5863
                               1128 	.L5863:
  00000004 0a  0002            1129 		.2byte		0x2
  00000006 0a  0000 0000       1130 		.4byte		.L9
  0000000a 0a  04              1131 		.byte		0x4
  0000000b 0a  01              1132 		.sleb128	1
  0000000c 0a  0000 00bc       1133 		.4byte		.L5869-.L5864
  00000010 0a  433a 5c55 7365  1134 		.byte		"C:\\Users\\ASE-Lab\\Desktop\\Unit3\\Template\\src\\main.c"
  00000016 0a  7273 5c41 5345       	
  0000001c 0a  2d4c 6162 5c44       	
  00000022 0a  6573 6b74 6f70       	
  00000028 0a  5c55 6e69 7433       	
  0000002e 0a  5c54                 	
  00000042 0a  00              1135 		.byte		0
  00000043 0a  4469 6162 2044  1136 		.byte		"Diab Data, Inc:dcc Rel 5.7.0.0:PPC5534"
  00000049 0a  6174 612c 2049       	
  0000004f 0a  6e63 3a64 6363       	
  00000055 0a  2052 656c 2035       	
  0000005b 0a  2e37 2e30 2e30       	
  00000061 0a  3a50                 	
  00000069 0a  00              1137 		.byte		0
  0000006a 0a  433a 5c55 7365  1138 		.byte		"C:\\Users\\ASE-Lab\\Desktop\\Unit3\\Template"
  00000070 0a  7273 5c41 5345       	
  00000076 0a  2d4c 6162 5c44       	
  0000007c 0a  6573 6b74 6f70       	
  00000082 0a  5c55 6e69 7433       	
  00000088 0a  5c54                 	
  00000091 0a  00              1139 		.byte		0
  00000092 0a  01              1140 		.uleb128	1
  00000093 0a  0000 0000       1141 		.4byte		.L5866
  00000097 0a  0000 0000       1142 		.4byte		.L5867
  0000009b 0a  0000 0000       1143 		.4byte		.L5870
                               1144 		.section	.debug_abbrev,,n
  00000044 04  05              1145 		.uleb128	5
  00000045 04  2e              1146 		.uleb128	46
  00000046 04  01              1147 		.byte		0x1
  00000047 04  01              1148 		.uleb128	1
  00000048 04  13              1149 		.uleb128	19
  00000049 04  03              1150 		.uleb128	3
  0000004a 04  08              1151 		.uleb128	8
  0000004b 04  3a              1152 		.uleb128	58
  0000004c 04  06              1153 		.uleb128	6
  0000004d 04  3b              1154 		.uleb128	59
  0000004e 04  0f              1155 		.uleb128	15
  0000004f 04  3f              1156 		.uleb128	63
  00000050 04  0c              1157 		.uleb128	12
  00000051 04  11              1158 		.uleb128	17
  00000052 04  01              1159 		.uleb128	1
  00000053 04  12              1160 		.uleb128	18
  00000054 04  01              1161 		.uleb128	1
  00000055 04  00              1162 		.uleb128	0
  00000056 04  00              1163 		.uleb128	0
                               1164 		.section	.debug_info.abs.00000040,,n
                               1165 		.sectionlink	.debug_info
                               1166 	.L5876:
  0000009f 0a  05              1167 		.sleb128	5
  000000a0 0a  0000 00bc       1168 		.4byte		.L5872-.L5864
  000000a4 0a  4578 745f 4973  1169 		.byte		"Ext_Isr"
  000000aa 0a  72                   	
  000000ab 0a  00              1170 		.byte		0
  000000ac 0a  0000 0001       1171 		.4byte		.L5875
  000000b0 0a  dd01            1172 		.uleb128	221
  000000b2 0a  01              1173 		.byte		0x1
  000000b3 0a  0000 0000       1174 		.4byte		.L5873
  000000b7 0a  0000 0000       1175 		.4byte		.L5874
                               1176 		.section	.abs.00000040,,c
  0000001d 09  003e 0343 3a5c  1177 		.d2file		"C:\\Users\\ASE-Lab\\Desktop\\Unit3\\Template\\src\\main.c"
  00000023 09  5c55 7365 7273       	
  00000029 09  5c5c 4153 452d       	
  0000002f 09  4c61 625c 5c44       	
  00000035 09  6573 6b74 6f70       	
  0000003b 09  5c5c                 	
  0000005f 09  0005 0200 0000  1178 	        .d2line         221
  00000065 09  0003 dc01 0e         	
                               1179 	.L5873:
  00000000 07  1821 06b0       1180 		e_stwu		r1,-80(r1)
  0000016c 02  410e 50         1181 		.d2_cfa_def_cfa_offset	80
  00000004 07  d201            1182 		se_stw		r0,8(r1)
  00000006 07  00a0            1183 		se_mfctr		r0,ctr
  00000008 07  d301            1184 		se_stw		r0,12(r1)
  0000000a 07  7c01 02a6       1185 		mfspr		r0,xer
  0000000e 07  d401            1186 		se_stw		r0,16(r1)
  00000010 07  7c00 0026       1187 		mfcr		r0
  00000014 07  d501            1188 		se_stw		r0,20(r1)
  00000016 07  0080            1189 		se_mflr		r0,lr
  00000018 07  d601            1190 		se_stw		r0,24(r1)
                               1191 	#$$br
  0000001a 07  dd31            1192 		se_stw		r3,52(r1)
  0000016f 02  4683 07         1193 		.d2_cfa_offset	3,7
  0000001c 07  de61            1194 		se_stw		r6,56(r1)
  00000172 02  8606            1195 		.d2_cfa_offset	6,6
  0000001e 07  df71            1196 		se_stw		r7,60(r1)
  00000174 02  8705            1197 		.d2_cfa_offset	7,5
  00000020 07  5561 0040       1198 		e_stw		r11,64(r1)
  00000176 02  418b 04         1199 		.d2_cfa_offset	11,4
  00000024 07  5581 0044       1200 		e_stw		r12,68(r1)
  00000179 02  418c 03         1201 		.d2_cfa_offset	12,3
  00000028 07  57c1 0048       1202 		e_stw		r30,72(r1)
  0000017c 02  419e 02         1203 		.d2_cfa_offset	30,2
  0000002c 07  57e1 004c       1204 		e_stw		r31,76(r1)
  0000017f 02  419f 01         1205 		.d2_cfa_offset	31,1
                               1206 	#$$er
                               1207 	#$$ee
  0000006a 09  0218 0a         1208 		.d2prologue_end
  00000030 07  73ff e7f5       1209 		e_lis		r31,65525
  0000006d 09  18              1210 	        .d2line         223
  00000034 07  50df 8010       1211 		e_lwz		r6,-32752(r31)
                               1212 	#$$vo
  00000038 07  74cb f5ff       1213 		e_rlwinm		r11,r6,30,23,31
  0000003c 07  180b a845       1214 		cmpi		0,0,r11,69
  00000040 07  e50c            1215 		bc		1,1,.L5877
  00000042 07  e61a            1216 		bc		1,2,.L5814
  00000044 07  180b a83b       1217 		cmpi		0,0,r11,59
  00000048 07  e60f            1218 		bc		1,2,.L5811
  0000004a 07  180b a83c       1219 		cmpi		0,0,r11,60
  0000004e 07  e60f            1220 		bc		1,2,.L5812
  00000050 07  180b a844       1221 		cmpi		0,0,r11,68
  00000054 07  e60e            1222 		bc		1,2,.L5813
  00000056 07  e818            1223 		b		.L5810
                               1224 	.L5877:
  00000058 07  180b a846       1225 		cmpi		0,0,r11,70
  0000005c 07  e610            1226 		bc		1,2,.L5815
  0000005e 07  180b a847       1227 		cmpi		0,0,r11,71
  00000062 07  e610            1228 		bc		1,2,.L5816
  00000064 07  e811            1229 		b		.L5810
                               1230 	.L5811:
  0000006e 09  74              1231 	        .d2line         225
  0000006f 09  0f              1232 	        .d2line         226
                               1233 	#$$fn 0xc0 0 0 0x0
                               1234 	#$$tl 0x0 0x0 0x0
                               1235 	#$$rs 0 s
  00000066 07  7800 0001       1236 		bl		PITCHANNEL0
  00000070 09  17              1237 	        .d2line         227
  0000006a 07  e80e            1238 		b		.L5810
                               1239 	.L5812:
  00000071 09  13              1240 	        .d2line         228
  00000072 09  0f              1241 	        .d2line         229
                               1242 	#$$fn 0xc0 0 0 0x0
                               1243 	#$$tl 0x0 0x0 0x0
                               1244 	#$$rs 0 s
  0000006c 07  7800 0001       1245 		bl		PITCHANNEL1
                               1246 	.L5813:
  00000073 09  17              1247 	        .d2line         230
  00000074 09  0f              1248 	        .d2line         231
                               1249 	#$$fn 0xc0 0 0 0x0
                               1250 	#$$tl 0x0 0x0 0x0
                               1251 	#$$rs 0 s
  00000070 07  7800 0001       1252 		bl		CANMB0003
  00000075 09  17              1253 	        .d2line         232
  00000074 07  e809            1254 		b		.L5810
                               1255 	.L5814:
  00000076 09  13              1256 	        .d2line         233
  00000077 09  0f              1257 	        .d2line         234
                               1258 	#$$fn 0x18c0 0 0 0x0
                               1259 	#$$tl 0x0 0x0 0x0
                               1260 	#$$rs 0 s
  00000076 07  7800 0001       1261 		bl		CANMB0407
  00000078 09  17              1262 	        .d2line         235
  0000007a 07  e806            1263 		b		.L5810
                               1264 	.L5815:
  00000079 09  13              1265 	        .d2line         236
  0000007a 09  0f              1266 	        .d2line         237
                               1267 	#$$fn 0xc0 0 0 0x0
                               1268 	#$$tl 0x0 0x0 0x0
                               1269 	#$$rs 0 s
  0000007c 07  7800 0001       1270 		bl		CANMB0811
  0000007b 09  17              1271 	        .d2line         238
  00000080 07  e803            1272 		b		.L5810
                               1273 	.L5816:
  0000007c 09  13              1274 	        .d2line         239
  0000007d 09  0f              1275 	        .d2line         240
                               1276 	#$$fn 0xc0 0 0 0x0
                               1277 	#$$tl 0x0 0x0 0x0
                               1278 	#$$rs 0 s
  00000082 07  7800 0001       1279 		bl		CANMB1215
                               1280 	.L5810:
  00000086 07  73df e7f5       1281 		e_lis		r30,65525
  0000007e 09  0306 1e         1282 	        .d2line         246
  0000008a 07  4806            1283 		se_li		r6,0
  0000008c 07  54de 8018       1284 		e_stw		r6,-32744(r30)
                               1285 	#$$vo
  00000081 09  1b              1286 	        .d2line         247
                               1287 	#$$be
  00000082 09  0200 0b01       1288 		.d2epilogue_begin
                               1289 	#$$br
  00000090 07  cd31            1290 		se_lwz		r3,52(r1)
  00000092 07  ce61            1291 		se_lwz		r6,56(r1)
  00000094 07  cf71            1292 		se_lwz		r7,60(r1)
  00000096 07  5161 0040       1293 		e_lwz		r11,64(r1)
  0000009a 07  5181 0044       1294 		e_lwz		r12,68(r1)
  0000009e 07  53c1 0048       1295 		e_lwz		r30,72(r1)
  000000a2 07  53e1 004c       1296 		e_lwz		r31,76(r1)
                               1297 	#$$er
  000000a6 07  c601            1298 		se_lwz		r0,24(r1)
  000000a8 07  0090            1299 		se_mtlr		r0
  000000aa 07  c501            1300 		se_lwz		r0,20(r1)
  000000ac 07  7c0f f120       1301 		mtcrf		0xff,r0
  000000b0 07  c401            1302 		se_lwz		r0,16(r1)
  000000b2 07  7c01 03a6       1303 		mtspr		xer,r0
  000000b6 07  c301            1304 		se_lwz		r0,12(r1)
  000000b8 07  00b0            1305 		se_mtctr		r0
  000000ba 07  c201            1306 		se_lwz		r0,8(r1)
  000000bc 07  1821 8050       1307 		e_addi		r1,r1,80
                               1308 	#$$tl 0x0 0x0 0x0
  000000c0 07  0008            1309 		se_rfi
                               1310 	#$$ef
                               1311 		.d2_cfa_end 2
                               1312 		.section	.debug_info.abs.00000040,,n
                               1313 		.sectionlink	.debug_info
  000000bb 0a  00              1314 		.sleb128	0
                               1315 	.L5872:
                               1316 		.section	.abs.00000040,,c
                               1317 	.L5874:
                               1318 		.type		Ext_Isr,@function
                               1319 		.size		Ext_Isr,.-Ext_Isr
                               1320 	# Number of nodes = 26
                               1321 	
                               1322 	# Allocations for Ext_Isr
                               1323 	#	r31		$$80
                               1324 	#	r30		$$81
                               1325 	
                               1326 	# Allocations for module
                               1327 		.section	.debug_abbrev,,n
  00000057 04  06              1328 		.uleb128	6
  00000058 04  34              1329 		.uleb128	52
  00000059 04  00              1330 		.byte		0x0
  0000005a 04  3f              1331 		.uleb128	63
  0000005b 04  0c              1332 		.uleb128	12
  0000005c 04  3a              1333 		.uleb128	58
  0000005d 04  06              1334 		.uleb128	6
  0000005e 04  3b              1335 		.uleb128	59
  0000005f 04  0f              1336 		.uleb128	15
  00000060 04  03              1337 		.uleb128	3
  00000061 04  08              1338 		.uleb128	8
  00000062 04  49              1339 		.uleb128	73
  00000063 04  10              1340 		.uleb128	16
  00000064 04  02              1341 		.uleb128	2
  00000065 04  09              1342 		.uleb128	9
  00000066 04  00              1343 		.uleb128	0
  00000067 04  00              1344 		.uleb128	0
                               1345 		.section	.debug_info,,n
                               1346 	.L5878:
  000001b2 05  06              1347 		.sleb128	6
  000001b3 05  01              1348 		.byte		0x1
  000001b4 05  0000 0001       1349 		.4byte		.L5822
  000001b8 05  09              1350 		.uleb128	9
  000001b9 05  6765 6172       1351 		.byte		"gear"
  000001bd 05  00              1352 		.byte		0
  000001be 05  0000 0000       1353 		.4byte		.L5879
  000001c2 05  05              1354 		.sleb128	5
  000001c3 05  03              1355 		.byte		0x3
  000001c4 05  0000 0000       1356 		.4byte		gear
                               1357 		.sdata
                               1358 		.align		2
                               1359 	#	Begin local data area
                               1360 	#	LDA + 0
                               1361 		.type		gear,@object
                               1362 		.size		gear,1
                               1363 		.align		0
                               1364 		.globl		gear
                               1365 	gear:
  00000000 0b  02              1366 		.byte		2
                               1367 		.section	.debug_info,,n
                               1368 	.L5880:
  000001c8 05  06              1369 		.sleb128	6
  000001c9 05  01              1370 		.byte		0x1
  000001ca 05  0000 0001       1371 		.4byte		.L5822
  000001ce 05  07              1372 		.uleb128	7
  000001cf 05  6472 6976 655f  1373 		.byte		"drive_wheels_speed"
  000001d5 05  7768 6565 6c73       	
  000001db 05  5f73 7065 6564       	
  000001e1 05  00              1374 		.byte		0
  000001e2 05  0000 0000       1375 		.4byte		.L5830
  000001e6 05  05              1376 		.sleb128	5
  000001e7 05  03              1377 		.byte		0x3
  000001e8 05  0000 0000       1378 		.4byte		drive_wheels_speed
                               1379 		.sdata
                               1380 	#	LDA + 4
                               1381 		.type		drive_wheels_speed,@object
                               1382 		.size		drive_wheels_speed,4
                               1383 		.align		2
                               1384 		.globl		drive_wheels_speed
                               1385 	drive_wheels_speed:
                               1386 		.space		4
                               1387 		.section	.debug_info,,n
                               1388 	.L5881:
  000001ec 05  06              1389 		.sleb128	6
  000001ed 05  01              1390 		.byte		0x1
  000001ee 05  0000 0001       1391 		.4byte		.L5822
  000001f2 05  07              1392 		.uleb128	7
  000001f3 05  6e6f 6e5f 6472  1393 		.byte		"non_driven_wheels_speed"
  000001f9 05  6976 656e 5f77       	
  000001ff 05  6865 656c 735f       	
  00000205 05  7370 6565 64         	
  0000020a 05  00              1394 		.byte		0
  0000020b 05  0000 0000       1395 		.4byte		.L5830
  0000020f 05  05              1396 		.sleb128	5
  00000210 05  03              1397 		.byte		0x3
  00000211 05  0000 0000       1398 		.4byte		non_driven_wheels_speed
                               1399 		.sdata
                               1400 	#	LDA + 8
                               1401 		.type		non_driven_wheels_speed,@object
                               1402 		.size		non_driven_wheels_speed,4
                               1403 		.align		2
                               1404 		.globl		non_driven_wheels_speed
                               1405 	non_driven_wheels_speed:
                               1406 		.space		4
                               1407 		.section	.debug_info,,n
                               1408 	.L5882:
  00000215 05  06              1409 		.sleb128	6
  00000216 05  01              1410 		.byte		0x1
  00000217 05  0000 0001       1411 		.4byte		.L5822
  0000021b 05  05              1412 		.uleb128	5
  0000021c 05  7365 636f 6e64  1413 		.byte		"second_int"
  00000222 05  5f69 6e74            	
  00000226 05  00              1414 		.byte		0
  00000227 05  0000 0000       1415 		.4byte		.L5830
  0000022b 05  05              1416 		.sleb128	5
  0000022c 05  03              1417 		.byte		0x3
  0000022d 05  0000 0000       1418 		.4byte		second_int
                               1419 		.sdata
                               1420 	#	LDA + 12
                               1421 		.type		second_int,@object
                               1422 		.size		second_int,4
                               1423 		.align		2
                               1424 		.globl		second_int
                               1425 	second_int:
  0000000c 0b  0000 0000       1426 		.long		0
                               1427 		.section	.debug_info,,n
                               1428 	.L5883:
  00000231 05  06              1429 		.sleb128	6
  00000232 05  01              1430 		.byte		0x1
  00000233 05  0000 0001       1431 		.4byte		.L5822
  00000237 05  08              1432 		.uleb128	8
  00000238 05  6c69 6768 745f  1433 		.byte		"light_control_is_alive"
  0000023e 05  636f 6e74 726f       	
  00000244 05  6c5f 6973 5f61       	
  0000024a 05  6c69 7665            	
  0000024e 05  00              1434 		.byte		0
  0000024f 05  0000 0000       1435 		.4byte		.L5830
  00000253 05  05              1436 		.sleb128	5
  00000254 05  03              1437 		.byte		0x3
  00000255 05  0000 0000       1438 		.4byte		light_control_is_alive
                               1439 		.sdata
                               1440 	#	LDA + 16
                               1441 		.type		light_control_is_alive,@object
                               1442 		.size		light_control_is_alive,4
                               1443 		.align		2
                               1444 		.globl		light_control_is_alive
                               1445 	light_control_is_alive:
  00000010 0b  0000 0001       1446 		.long		1
                               1447 		.section	.debug_abbrev,,n
  00000068 04  07              1448 		.uleb128	7
  00000069 04  24              1449 		.uleb128	36
  0000006a 04  00              1450 		.byte		0x0
  0000006b 04  03              1451 		.uleb128	3
  0000006c 04  08              1452 		.uleb128	8
  0000006d 04  3e              1453 		.uleb128	62
  0000006e 04  0b              1454 		.uleb128	11
  0000006f 04  0b              1455 		.uleb128	11
  00000070 04  0b              1456 		.uleb128	11
  00000071 04  00              1457 		.uleb128	0
  00000072 04  00              1458 		.uleb128	0
                               1459 		.section	.debug_info,,n
                               1460 	.L5830:
  00000259 05  07              1461 		.sleb128	7
  0000025a 05  696e 74         1462 		.byte		"int"
  0000025d 05  00              1463 		.byte		0
  0000025e 05  05              1464 		.byte		0x5
  0000025f 05  04              1465 		.byte		0x4
                               1466 	.L5879:
  00000260 05  07              1467 		.sleb128	7
  00000261 05  756e 7369 676e  1468 		.byte		"unsigned char"
  00000267 05  6564 2063 6861       	
  0000026d 05  72                   	
  0000026e 05  00              1469 		.byte		0
  0000026f 05  08              1470 		.byte		0x8
  00000270 05  01              1471 		.byte		0x1
                               1472 	.L7:
  00000271 05  00              1473 		.sleb128	0
                               1474 	.L3:
                               1475 		.section	.text_vle,,c
                               1476 	.L5:
                               1477 	.L5822:	.d2filenum "C:\\Users\\ASE-Lab\\Desktop\\Unit3\\Template\\src\\main.c"
  0000011d 03  0005 0200 0000  1478 		.d2_line_end
  00000123 03  0000 0101            	
                               1479 		.section	.debug_info.abs.00000040,,n
                               1480 		.sectionlink	.debug_info
                               1481 	.L5869:
  000000bc 0a  00              1482 		.sleb128	0
                               1483 	.L5865:
                               1484 		.section	.abs.00000040,,c
                               1485 	.L5867:
                               1486 	.L5875:	.d2filenum "C:\\Users\\ASE-Lab\\Desktop\\Unit3\\Template\\src\\main.c"
  00000086 09  0005 0200 0000  1487 		.d2_line_end
  0000008c 09  0000 0101            	
                               1488 		.section	.debug_abbrev,,n
  00000073 04  00              1489 		.sleb128	0
