                                  1 	#$$m2		- PowerPC mnemonics
                                  2 	#$$pVLE		- PowerPC VLE encoding
                                  3 	#$$oPPC5534  - Optimized for PPC5534
                                  4 	#$$ko 9		- Reorder info
                                  5 		.file		"bam_init.c"
                                  6 	#$$eb
                                  7 	#$$sz 0
                                  8 	#$$fp 0
                                  9 		.section	.PPC.EMB.apuinfo,,@note
  00000000 01  0000 0008         10 		.4byte		8
  00000004 01  0000 0004         11 		.4byte		4
  00000008 01  0000 0002         12 		.4byte		2
  0000000c 01  4150 5569 6e66    13 		.byte		"APUinfo"
  00000012 01  6f                   	
  00000013 01  00                14 		.byte		0
                                 15 		.align		2
  00000014 01  0104 0001         16 		.4byte		0x01040001
                                 17 		.section	.text_vle,,c
                                 18 		.section	.debug_frame,,n
                                 19 	__local_cie: 
  00000000 02  0000 0010         20 		.word	.LE-.LS
                                 21 	.LS:
  00000004 02  ffff ffff         22 		.word	-1
  00000008 02  01                23 		.byte	1
  00000009 02  00                24 		.byte	0
  0000000a 02  04                25 		.uleb128	4
  0000000b 02  7c                26 		.sleb128	-4
  0000000c 02  6c                27 		.byte	108
  0000000d 02  0c                28 		.byte	0x0c
  0000000e 02  01                29 		.byte	1
  0000000f 02  00                30 		.byte	0
  00000010 02  08                31 		.byte	8
  00000011 02  6c                32 		.byte	108
                                 33 		.fill           (.LS-.)&3
                                 34 	.LE:
                                 35 		.section	.debug_line,,n
                                 36 	.L8:
                                 37 		.section	.text_vle,,c
                                 38 	.L4:
  00000000 00                    39 		.0byte		.L2
  00000000 03  0000 0074 0002    40 		.d2_line_start	.debug_line
  00000006 03  0000 0013 0201       	
  0000000c 03  ff04 0d00 0101       	
  00000012 03  0101 0000 0001       	
  00000018 03  0000 0100 00         	
                                 41 		.section	.debug_abbrev,,n
                                 42 	.L9:
                                 43 		.section	.debug_info,,n
                                 44 	.L2:
  00000000 05  0000 010a         45 		.4byte		.L3-.L1
                                 46 	.L1:
  00000004 05  0002              47 		.2byte		0x2
  00000006 05  0000 0000         48 		.4byte		.L9
  0000000a 05  04                49 		.byte		0x4
                                 50 		.section	.debug_abbrev,,n
  00000000 04  01                51 		.uleb128	1
  00000001 04  11                52 		.uleb128	17
  00000002 04  01                53 		.byte		0x1
  00000003 04  01                54 		.uleb128	1
  00000004 04  13                55 		.uleb128	19
  00000005 04  03                56 		.uleb128	3
  00000006 04  08                57 		.uleb128	8
  00000007 04  25                58 		.uleb128	37
  00000008 04  08                59 		.uleb128	8
  00000009 04  1b                60 		.uleb128	27
  0000000a 04  08                61 		.uleb128	8
  0000000b 04  13                62 		.uleb128	19
  0000000c 04  0f                63 		.uleb128	15
  0000000d 04  11                64 		.uleb128	17
  0000000e 04  01                65 		.uleb128	1
  0000000f 04  12                66 		.uleb128	18
  00000010 04  01                67 		.uleb128	1
  00000011 04  10                68 		.uleb128	16
  00000012 04  06                69 		.uleb128	6
  00000013 04  00                70 		.uleb128	0
  00000014 04  00                71 		.uleb128	0
                                 72 		.section	.debug_info,,n
  0000000b 05  01                73 		.sleb128	1
  0000000c 05  0000 010d         74 		.4byte		.L7-.L2
  00000010 05  433a 5c55 7365    75 		.byte		"C:\\Users\\ASE-Lab\\Desktop\\Neuer Ordner\\ECU2\\Template\\src\\bam
  00000016 05  7273 5c41 5345       	_init.c"
  0000001c 05  2d4c 6162 5c44       	
  00000022 05  6573 6b74 6f70       	
  00000028 05  5c4e 6575 6572       	
  0000002e 05  204f                 	
  00000052 05  00                76 		.byte		0
  00000053 05  4469 6162 2044    77 		.byte		"Diab Data, Inc:dcc Rel 5.7.0.0:PPC5534"
  00000059 05  6174 612c 2049       	
  0000005f 05  6e63 3a64 6363       	
  00000065 05  2052 656c 2035       	
  0000006b 05  2e37 2e30 2e30       	
  00000071 05  3a50                 	
  00000079 05  00                78 		.byte		0
  0000007a 05  433a 5c55 7365    79 		.byte		"C:\\Users\\ASE-Lab\\Desktop\\Neuer Ordner\\ECU2\\Template"
  00000080 05  7273 5c41 5345       	
  00000086 05  2d4c 6162 5c44       	
  0000008c 05  6573 6b74 6f70       	
  00000092 05  5c4e 6575 6572       	
  00000098 05  204f                 	
  000000ad 05  00                80 		.byte		0
  000000ae 05  01                81 		.uleb128	1
  000000af 05  0000 0000         82 		.4byte		.L4
  000000b3 05  0000 0000         83 		.4byte		.L5
  000000b7 05  0000 0000         84 		.4byte		.L8
                                 85 		.section	.text_vle,,c
                                 86 	
                                 87 	# Allocations for module
                                 88 		.section	.debug_abbrev,,n
  00000015 04  02                89 		.uleb128	2
  00000016 04  34                90 		.uleb128	52
  00000017 04  00                91 		.byte		0x0
  00000018 04  3f                92 		.uleb128	63
  00000019 04  0c                93 		.uleb128	12
  0000001a 04  3a                94 		.uleb128	58
  0000001b 04  06                95 		.uleb128	6
  0000001c 04  3b                96 		.uleb128	59
  0000001d 04  0f                97 		.uleb128	15
  0000001e 04  03                98 		.uleb128	3
  0000001f 04  08                99 		.uleb128	8
  00000020 04  49               100 		.uleb128	73
  00000021 04  10               101 		.uleb128	16
  00000022 04  02               102 		.uleb128	2
  00000023 04  09               103 		.uleb128	9
  00000024 04  00               104 		.uleb128	0
  00000025 04  00               105 		.uleb128	0
                                106 		.section	.debug_info,,n
                                107 	.L10:
  000000bb 05  02               108 		.sleb128	2
  000000bc 05  01               109 		.byte		0x1
  000000bd 05  0000 0001        110 		.4byte		.L11
  000000c1 05  30               111 		.uleb128	48
  000000c2 05  5265 7365 7443   112 		.byte		"ResetConfigWord"
  000000c8 05  6f6e 6669 6757       	
  000000ce 05  6f72 64              	
  000000d1 05  00               113 		.byte		0
  000000d2 05  0000 0000        114 		.4byte		.L12
  000000d6 05  05               115 		.sleb128	5
  000000d7 05  03               116 		.byte		0x3
  000000d8 05  0000 0000        117 		.4byte		ResetConfigWord
                                118 		.section	.rcw,,r
                                119 		.type		ResetConfigWord,@object
                                120 		.size		ResetConfigWord,4
                                121 		.align		2
                                122 		.globl		ResetConfigWord
                                123 	ResetConfigWord:
  00000000 06  005a 0000        124 		.long		5898240
                                125 		.section	.debug_info,,n
                                126 	.L14:
  000000dc 05  02               127 		.sleb128	2
  000000dd 05  01               128 		.byte		0x1
  000000de 05  0000 0001        129 		.4byte		.L11
  000000e2 05  34               130 		.uleb128	52
  000000e3 05  5f72 6573 6574   131 		.byte		"_reset"
  000000e9 05  00               132 		.byte		0
  000000ea 05  0000 0000        133 		.4byte		.L15
  000000ee 05  05               134 		.sleb128	5
  000000ef 05  03               135 		.byte		0x3
  000000f0 05  0000 0000        136 		.4byte		_reset
                                137 		.section	.rcw,,r
                                138 		.type		_reset,@object
                                139 		.size		_reset,4
                                140 		.align		2
                                141 		.globl		_reset
                                142 	_reset:
  00000004 06  0000 0000        143 		.long		_start
                                144 		.section	.debug_abbrev,,n
  00000026 04  03               145 		.uleb128	3
  00000027 04  24               146 		.uleb128	36
  00000028 04  00               147 		.byte		0x0
  00000029 04  03               148 		.uleb128	3
  0000002a 04  08               149 		.uleb128	8
  0000002b 04  3e               150 		.uleb128	62
  0000002c 04  0b               151 		.uleb128	11
  0000002d 04  0b               152 		.uleb128	11
  0000002e 04  0b               153 		.uleb128	11
  0000002f 04  00               154 		.uleb128	0
  00000030 04  00               155 		.uleb128	0
                                156 		.section	.debug_info,,n
                                157 	.L13:
  000000f4 05  03               158 		.sleb128	3
  000000f5 05  6c6f 6e67        159 		.byte		"long"
  000000f9 05  00               160 		.byte		0
  000000fa 05  05               161 		.byte		0x5
  000000fb 05  04               162 		.byte		0x4
                                163 		.section	.debug_abbrev,,n
  00000031 04  04               164 		.uleb128	4
  00000032 04  26               165 		.uleb128	38
  00000033 04  00               166 		.byte		0x0
  00000034 04  49               167 		.uleb128	73
  00000035 04  10               168 		.uleb128	16
  00000036 04  00               169 		.uleb128	0
  00000037 04  00               170 		.uleb128	0
                                171 		.section	.debug_info,,n
                                172 	.L12:
  000000fc 05  04               173 		.sleb128	4
  000000fd 05  0000 0000        174 		.4byte		.L13
                                175 	.L16:
  00000101 05  03               176 		.sleb128	3
  00000102 05  696e 74          177 		.byte		"int"
  00000105 05  00               178 		.byte		0
  00000106 05  05               179 		.byte		0x5
  00000107 05  04               180 		.byte		0x4
                                181 	.L15:
  00000108 05  04               182 		.sleb128	4
  00000109 05  0000 0000        183 		.4byte		.L16
                                184 	.L7:
  0000010d 05  00               185 		.sleb128	0
                                186 	.L3:
                                187 		.section	.text_vle,,c
                                188 	.L5:
  0000001d 03  004f 0343 3a5c   189 	.L11:	.d2filenum "C:\\Users\\ASE-Lab\\Desktop\\Neuer Ordner\\ECU2\\Template\\src\\bam_init
  00000023 03  5c55 7365 7273       	.c"
  00000029 03  5c5c 4153 452d       	
  0000002f 03  4c61 625c 5c44       	
  00000035 03  6573 6b74 6f70       	
  0000003b 03  5c5c                 	
  0000006e 03  0005 0200 0000   190 		.d2_line_end
  00000074 03  0000 0101            	
                                191 		.section	.debug_abbrev,,n
  00000038 04  00               192 		.sleb128	0
