                                  1 	#$$m2		- PowerPC mnemonics
                                  2 	#$$pVLE		- PowerPC VLE encoding
                                  3 	#$$oPPC5534  - Optimized for PPC5534
                                  4 	#$$ko 9		- Reorder info
                                  5 		.file		"can.c"
                                  6 	#$$eb
                                  7 	#$$sz 0
                                  8 	#$$fp 0
                                  9 		.section	.PPC.EMB.apuinfo,,@note
  00000000 01  0000 0008         10 		.4byte		8
  00000004 01  0000 0004         11 		.4byte		4
  00000008 01  0000 0002         12 		.4byte		2
  0000000c 01  4150 5569 6e66    13 		.byte		"APUinfo"
  00000012 01  6f                   	
  00000013 01  00                14 		.byte		0
                                 15 		.align		2
  00000014 01  0104 0001         16 		.4byte		0x01040001
                                 17 		.section	.text_vle,,c
                                 18 		.section	.debug_frame,,n
                                 19 	__local_cie: 
  00000000 02  0000 0010         20 		.word	.LE-.LS
                                 21 	.LS:
  00000004 02  ffff ffff         22 		.word	-1
  00000008 02  01                23 		.byte	1
  00000009 02  00                24 		.byte	0
  0000000a 02  04                25 		.uleb128	4
  0000000b 02  7c                26 		.sleb128	-4
  0000000c 02  6c                27 		.byte	108
  0000000d 02  0c                28 		.byte	0x0c
  0000000e 02  01                29 		.byte	1
  0000000f 02  00                30 		.byte	0
  00000010 02  08                31 		.byte	8
  00000011 02  6c                32 		.byte	108
                                 33 		.fill           (.LS-.)&3
                                 34 	.LE:
                                 35 		.section	.debug_line,,n
                                 36 	.L8:
                                 37 		.section	.text_vle,,c
                                 38 	.L4:
  00000000 00                    39 		.0byte		.L2
  00000000 03  0000 0101 0002    40 		.d2_line_start	.debug_line
  00000006 03  0000 0013 0201       	
  0000000c 03  ff04 0d00 0101       	
  00000012 03  0101 0000 0001       	
  00000018 03  0000 0100 00         	
                                 41 		.section	.debug_abbrev,,n
                                 42 	.L9:
                                 43 		.section	.debug_info,,n
                                 44 	.L2:
  00000000 05  0000 0112         45 		.4byte		.L3-.L1
                                 46 	.L1:
  00000004 05  0002              47 		.2byte		0x2
  00000006 05  0000 0000         48 		.4byte		.L9
  0000000a 05  04                49 		.byte		0x4
                                 50 		.section	.debug_abbrev,,n
  00000000 04  01                51 		.uleb128	1
  00000001 04  11                52 		.uleb128	17
  00000002 04  01                53 		.byte		0x1
  00000003 04  01                54 		.uleb128	1
  00000004 04  13                55 		.uleb128	19
  00000005 04  03                56 		.uleb128	3
  00000006 04  08                57 		.uleb128	8
  00000007 04  25                58 		.uleb128	37
  00000008 04  08                59 		.uleb128	8
  00000009 04  1b                60 		.uleb128	27
  0000000a 04  08                61 		.uleb128	8
  0000000b 04  13                62 		.uleb128	19
  0000000c 04  0f                63 		.uleb128	15
  0000000d 04  11                64 		.uleb128	17
  0000000e 04  01                65 		.uleb128	1
  0000000f 04  12                66 		.uleb128	18
  00000010 04  01                67 		.uleb128	1
  00000011 04  10                68 		.uleb128	16
  00000012 04  06                69 		.uleb128	6
  00000013 04  00                70 		.uleb128	0
  00000014 04  00                71 		.uleb128	0
                                 72 		.section	.debug_info,,n
  0000000b 05  01                73 		.sleb128	1
  0000000c 05  0000 0115         74 		.4byte		.L7-.L2
  00000010 05  433a 5c55 7365    75 		.byte		"C:\\Users\\ASE-Lab\\Desktop\\Neuer Ordner\\ECU2\\Template\\src\\can
  00000016 05  7273 5c41 5345       	.c"
  0000001c 05  2d4c 6162 5c44       	
  00000022 05  6573 6b74 6f70       	
  00000028 05  5c4e 6575 6572       	
  0000002e 05  204f                 	
  0000004d 05  00                76 		.byte		0
  0000004e 05  4469 6162 2044    77 		.byte		"Diab Data, Inc:dcc Rel 5.7.0.0:PPC5534"
  00000054 05  6174 612c 2049       	
  0000005a 05  6e63 3a64 6363       	
  00000060 05  2052 656c 2035       	
  00000066 05  2e37 2e30 2e30       	
  0000006c 05  3a50                 	
  00000074 05  00                78 		.byte		0
  00000075 05  433a 5c55 7365    79 		.byte		"C:\\Users\\ASE-Lab\\Desktop\\Neuer Ordner\\ECU2\\Template"
  0000007b 05  7273 5c41 5345       	
  00000081 05  2d4c 6162 5c44       	
  00000087 05  6573 6b74 6f70       	
  0000008d 05  5c4e 6575 6572       	
  00000093 05  204f                 	
  000000a8 05  00                80 		.byte		0
  000000a9 05  01                81 		.uleb128	1
  000000aa 05  0000 0000         82 		.4byte		.L4
  000000ae 05  0000 0000         83 		.4byte		.L5
  000000b2 05  0000 0000         84 		.4byte		.L8
                                 85 		.section	.text_vle,,c
                                 86 	
                                 87 	#$$bf
                                 88 		.align		2
                                 89 		.globl		CANMsgBufInit
  00000014 02  0000 003c 0000    90 		.d2_cfa_start __local_cie
  0000001a 02  0000 0000 0000       	
  00000020 02  0000 0462            	
                                 91 	CANMsgBufInit:
                                 92 		.section	.debug_abbrev,,n
  00000015 04  02                93 		.uleb128	2
  00000016 04  2e                94 		.uleb128	46
  00000017 04  01                95 		.byte		0x1
  00000018 04  01                96 		.uleb128	1
  00000019 04  13                97 		.uleb128	19
  0000001a 04  03                98 		.uleb128	3
  0000001b 04  08                99 		.uleb128	8
  0000001c 04  3a               100 		.uleb128	58
  0000001d 04  06               101 		.uleb128	6
  0000001e 04  3b               102 		.uleb128	59
  0000001f 04  0f               103 		.uleb128	15
  00000020 04  3f               104 		.uleb128	63
  00000021 04  0c               105 		.uleb128	12
  00000022 04  27               106 		.uleb128	39
  00000023 04  0c               107 		.uleb128	12
  00000024 04  11               108 		.uleb128	17
  00000025 04  01               109 		.uleb128	1
  00000026 04  12               110 		.uleb128	18
  00000027 04  01               111 		.uleb128	1
  00000028 04  00               112 		.uleb128	0
  00000029 04  00               113 		.uleb128	0
                                114 		.section	.debug_info,,n
                                115 	.L5791:
  000000b6 05  02               116 		.sleb128	2
  000000b7 05  0000 00d9        117 		.4byte		.L5787-.L2
  000000bb 05  4341 4e4d 7367   118 		.byte		"CANMsgBufInit"
  000000c1 05  4275 6649 6e69       	
  000000c7 05  74                   	
  000000c8 05  00               119 		.byte		0
  000000c9 05  0000 0001        120 		.4byte		.L5790
  000000cd 05  03               121 		.uleb128	3
  000000ce 05  01               122 		.byte		0x1
  000000cf 05  01               123 		.byte		0x1
  000000d0 05  0000 0000        124 		.4byte		.L5788
  000000d4 05  0000 0000        125 		.4byte		.L5789
                                126 		.section	.text_vle,,c
  0000001d 03  004a 0343 3a5c   127 		.d2file		"C:\\Users\\ASE-Lab\\Desktop\\Neuer Ordner\\ECU2\\Template\\src\\can
  00000023 03  5c55 7365 7273       	.c"
  00000029 03  5c5c 4153 452d       	
  0000002f 03  4c61 625c 5c44       	
  00000035 03  6573 6b74 6f70       	
  0000003b 03  5c5c                 	
  0000006b 03  0005 0200 0000   128 	        .d2line         4
  00000071 03  0003 030e            	
                                129 	.L5788:
  00000000 00  701f 7ed0        130 		e_li		r0,-304
  00000004 00  7c21 016e        131 		stwux		r1,r1,r0
  00000024 02  420e b002        132 		.d2_cfa_def_cfa_offset	304
  00000008 00  0080             133 		se_mflr		r0,lr
                                134 	#$$br
  0000000a 00  1961 80e8        135 		e_addi		r11,r1,232
  0000000e 00  19cb 0900        136 		e_stmw		r14,0(r11)
  00000028 02  428e 128f 1190   137 		.d2_cfa_offset_list	14,31,18,-1
  0000002e 02  1091 0f92 0e93       	
  00000034 02  0d94 0c95 0b96       	
  0000003a 02  0a97 0998 0899       	
  00000040 02  079a 069b 059c       	
  00000046 02  049d                 	
                                138 	#$$er
  00000012 00  5401 0134        139 		e_stw		r0,308(r1)
  0000004d 02  4111 6c7f        140 		.d2_cfa_offset    108,-1
                                141 	#$$ee
  00000075 03  020b 0a          142 		.d2prologue_end
  00000016 00  70e0 6000        143 		e_li		r7,-262144
  0000001a 00  54e1 0050        144 		e_stw		r7,80(r1)
  00000078 03  030e 1e          145 	        .d2line         18
  0000001e 00  50c1 0050        146 		e_lwz		r6,80(r1)
  00000022 00  1be6 8101        147 		e_addi		r31,r6,256
  00000026 00  c07f             148 		se_lwz		r7,0(r31)
                                149 	#$$vo
  00000028 00  74e7 0207        150 		e_rlwinm		r7,r7,0,8,3
  0000002c 00  6447             151 		se_bseti		r7,4
  0000002e 00  d07f             152 		se_stw		r7,0(r31)
                                153 	#$$vo
  00000030 00  70c0 6000        154 		e_li		r6,-262144
  00000034 00  54c1 0054        155 		e_stw		r6,84(r1)
  0000007b 03  44               156 	        .d2line         20
  00000038 00  50e1 0054        157 		e_lwz		r7,84(r1)
  0000003c 00  1bc7 8101        158 		e_addi		r30,r7,256
  00000040 00  c06e             159 		se_lwz		r6,0(r30)
                                160 	#$$vo
  00000042 00  60a6             161 		se_bclri		r6,10
  00000044 00  d06e             162 		se_stw		r6,0(r30)
                                163 	#$$vo
  00000046 00  70e0 6000        164 		e_li		r7,-262144
  0000004a 00  54e1 0058        165 		e_stw		r7,88(r1)
  0000007c 03  3c               166 	        .d2line         22
  0000004e 00  50c1 0058        167 		e_lwz		r6,88(r1)
  00000052 00  1ba6 8101        168 		e_addi		r29,r6,256
  00000056 00  c07d             169 		se_lwz		r7,0(r29)
                                170 	#$$vo
  00000058 00  6097             171 		se_bclri		r7,9
  0000005a 00  d07d             172 		se_stw		r7,0(r29)
                                173 	#$$vo
  0000005c 00  70c0 6000        174 		e_li		r6,-262144
  00000060 00  54c1 005c        175 		e_stw		r6,92(r1)
  0000007d 03  3c               176 	        .d2line         24
  00000064 00  50e1 005c        177 		e_lwz		r7,92(r1)
  00000068 00  1b87 8101        178 		e_addi		r28,r7,256
  0000006c 00  c06c             179 		se_lwz		r6,0(r28)
                                180 	#$$vo
  0000006e 00  60b6             181 		se_bclri		r6,11
  00000070 00  d06c             182 		se_stw		r6,0(r28)
                                183 	#$$vo
  00000072 00  70e0 6000        184 		e_li		r7,-262144
  00000076 00  54e1 0060        185 		e_stw		r7,96(r1)
  0000007e 03  3c               186 	        .d2line         26
  0000007a 00  50c1 0060        187 		e_lwz		r6,96(r1)
  0000007e 00  1b66 8101        188 		e_addi		r27,r6,256
  00000082 00  c07b             189 		se_lwz		r7,0(r27)
                                190 	#$$vo
  00000084 00  74e7 0417        191 		e_rlwinm		r7,r7,0,16,11
  00000088 00  64f7             192 		se_bseti		r7,15
  0000008a 00  d07b             193 		se_stw		r7,0(r27)
                                194 	#$$vo
  0000008c 00  70c0 6000        195 		e_li		r6,-262144
  00000090 00  54c1 0064        196 		e_stw		r6,100(r1)
  0000007f 03  44               197 	        .d2line         28
  00000094 00  50e1 0064        198 		e_lwz		r7,100(r1)
  00000098 00  1f47 0104        199 		e_add16i	r26,r7,260
  0000009c 00  c06a             200 		se_lwz		r6,0(r26)
                                201 	#$$vo
  0000009e 00  74c6 0385        202 		e_rlwinm		r6,r6,0,14,2
  000000a2 00  70c1 d404        203 		e_oris		r6,3076
  000000a6 00  d06a             204 		se_stw		r6,0(r26)
                                205 	#$$vo
  000000a8 00  70e0 6000        206 		e_li		r7,-262144
  000000ac 00  54e1 0068        207 		e_stw		r7,104(r1)
  00000080 03  0304 46          208 	        .d2line         32
  000000b0 00  50c1 0068        209 		e_lwz		r6,104(r1)
  000000b4 00  1f26 0110        210 		e_add16i	r25,r6,272
  000000b8 00  c079             211 		se_lwz		r7,0(r25)
                                212 	#$$vo
  000000ba 00  74e7 0207        213 		e_rlwinm		r7,r7,0,8,3
  000000be 00  6447             214 		se_bseti		r7,4
  000000c0 00  d079             215 		se_stw		r7,0(r25)
                                216 	#$$vo
  000000c2 00  70c0 6000        217 		e_li		r6,-262144
  000000c6 00  54c1 006c        218 		e_stw		r6,108(r1)
  00000083 03  44               219 	        .d2line         34
  000000ca 00  50e1 006c        220 		e_lwz		r7,108(r1)
  000000ce 00  1f07 0110        221 		e_add16i	r24,r7,272
  000000d2 00  c068             222 		se_lwz		r6,0(r24)
                                223 	#$$vo
  000000d4 00  60a6             224 		se_bclri		r6,10
  000000d6 00  d068             225 		se_stw		r6,0(r24)
                                226 	#$$vo
  000000d8 00  70e0 6000        227 		e_li		r7,-262144
  000000dc 00  54e1 0070        228 		e_stw		r7,112(r1)
  00000084 03  3c               229 	        .d2line         36
  000000e0 00  50c1 0070        230 		e_lwz		r6,112(r1)
  000000e4 00  1ee6 0110        231 		e_add16i	r23,r6,272
  000000e8 00  50f7 0000        232 		e_lwz		r7,0(r23)
                                233 	#$$vo
  000000ec 00  6097             234 		se_bclri		r7,9
  000000ee 00  54f7 0000        235 		e_stw		r7,0(r23)
                                236 	#$$vo
  000000f2 00  70c0 6000        237 		e_li		r6,-262144
  000000f6 00  54c1 0074        238 		e_stw		r6,116(r1)
  00000085 03  44               239 	        .d2line         38
  000000fa 00  50e1 0074        240 		e_lwz		r7,116(r1)
  000000fe 00  1ec7 0110        241 		e_add16i	r22,r7,272
  00000102 00  50d6 0000        242 		e_lwz		r6,0(r22)
                                243 	#$$vo
  00000106 00  60b6             244 		se_bclri		r6,11
  00000108 00  54d6 0000        245 		e_stw		r6,0(r22)
                                246 	#$$vo
  0000010c 00  70e0 6000        247 		e_li		r7,-262144
  00000110 00  54e1 0078        248 		e_stw		r7,120(r1)
  00000086 03  44               249 	        .d2line         40
  00000114 00  50c1 0078        250 		e_lwz		r6,120(r1)
  00000118 00  1ea6 0110        251 		e_add16i	r21,r6,272
  0000011c 00  50f5 0000        252 		e_lwz		r7,0(r21)
                                253 	#$$vo
  00000120 00  74e7 0417        254 		e_rlwinm		r7,r7,0,16,11
  00000124 00  64e7             255 		se_bseti		r7,14
  00000126 00  54f5 0000        256 		e_stw		r7,0(r21)
                                257 	#$$vo
  0000012a 00  70c0 6000        258 		e_li		r6,-262144
  0000012e 00  54c1 007c        259 		e_stw		r6,124(r1)
  00000087 03  4c               260 	        .d2line         42
  00000132 00  50e1 007c        261 		e_lwz		r7,124(r1)
  00000136 00  1e87 0114        262 		e_add16i	r20,r7,276
  0000013a 00  50d4 0000        263 		e_lwz		r6,0(r20)
                                264 	#$$vo
  0000013e 00  74c6 0385        265 		e_rlwinm		r6,r6,0,14,2
  00000142 00  70c1 d408        266 		e_oris		r6,3080
  00000146 00  54d4 0000        267 		e_stw		r6,0(r20)
                                268 	#$$vo
  0000014a 00  70e0 6000        269 		e_li		r7,-262144
  0000014e 00  54e1 0080        270 		e_stw		r7,128(r1)
  00000088 03  0304 4e          271 	        .d2line         46
  00000152 00  50c1 0080        272 		e_lwz		r6,128(r1)
  00000156 00  1e66 0120        273 		e_add16i	r19,r6,288
  0000015a 00  50f3 0000        274 		e_lwz		r7,0(r19)
                                275 	#$$vo
  0000015e 00  74e7 0207        276 		e_rlwinm		r7,r7,0,8,3
  00000162 00  6447             277 		se_bseti		r7,4
  00000164 00  54f3 0000        278 		e_stw		r7,0(r19)
                                279 	#$$vo
  00000168 00  70c0 6000        280 		e_li		r6,-262144
  0000016c 00  54c1 0084        281 		e_stw		r6,132(r1)
  0000008b 03  4c               282 	        .d2line         48
  00000170 00  50e1 0084        283 		e_lwz		r7,132(r1)
  00000174 00  1e47 0120        284 		e_add16i	r18,r7,288
  00000178 00  50d2 0000        285 		e_lwz		r6,0(r18)
                                286 	#$$vo
  0000017c 00  60a6             287 		se_bclri		r6,10
  0000017e 00  54d2 0000        288 		e_stw		r6,0(r18)
                                289 	#$$vo
  00000182 00  70e0 6000        290 		e_li		r7,-262144
  00000186 00  54e1 0088        291 		e_stw		r7,136(r1)
  0000008c 03  44               292 	        .d2line         50
  0000018a 00  50c1 0088        293 		e_lwz		r6,136(r1)
  0000018e 00  1e26 0120        294 		e_add16i	r17,r6,288
  00000192 00  50f1 0000        295 		e_lwz		r7,0(r17)
                                296 	#$$vo
  00000196 00  6097             297 		se_bclri		r7,9
  00000198 00  54f1 0000        298 		e_stw		r7,0(r17)
                                299 	#$$vo
  0000019c 00  70c0 6000        300 		e_li		r6,-262144
  000001a0 00  54c1 008c        301 		e_stw		r6,140(r1)
  0000008d 03  44               302 	        .d2line         52
  000001a4 00  50e1 008c        303 		e_lwz		r7,140(r1)
  000001a8 00  1e07 0120        304 		e_add16i	r16,r7,288
  000001ac 00  50d0 0000        305 		e_lwz		r6,0(r16)
                                306 	#$$vo
  000001b0 00  60b6             307 		se_bclri		r6,11
  000001b2 00  54d0 0000        308 		e_stw		r6,0(r16)
                                309 	#$$vo
  000001b6 00  70e0 6000        310 		e_li		r7,-262144
  000001ba 00  54e1 0090        311 		e_stw		r7,144(r1)
  0000008e 03  44               312 	        .d2line         54
  000001be 00  50c1 0090        313 		e_lwz		r6,144(r1)
  000001c2 00  1de6 0120        314 		e_add16i	r15,r6,288
  000001c6 00  50ef 0000        315 		e_lwz		r7,0(r15)
                                316 	#$$vo
  000001ca 00  74e7 0417        317 		e_rlwinm		r7,r7,0,16,11
  000001ce 00  54ef 0000        318 		e_stw		r7,0(r15)
                                319 	#$$vo
  000001d2 00  70c0 6000        320 		e_li		r6,-262144
  000001d6 00  54c1 0094        321 		e_stw		r6,148(r1)
  0000008f 03  48               322 	        .d2line         56
  000001da 00  50e1 0094        323 		e_lwz		r7,148(r1)
  000001de 00  1dc7 0124        324 		e_add16i	r14,r7,292
  000001e2 00  50ce 0000        325 		e_lwz		r6,0(r14)
                                326 	#$$vo
  000001e6 00  74c6 0385        327 		e_rlwinm		r6,r6,0,14,2
  000001ea 00  70c1 d40c        328 		e_oris		r6,3084
  000001ee 00  54ce 0000        329 		e_stw		r6,0(r14)
                                330 	#$$vo
  000001f2 00  70e0 6000        331 		e_li		r7,-262144
  000001f6 00  54e1 0098        332 		e_stw		r7,152(r1)
  00000090 03  0304 4e          333 	        .d2line         60
  000001fa 00  50c1 0098        334 		e_lwz		r6,152(r1)
  000001fe 00  1cc6 0130        335 		e_add16i	r6,r6,304
  00000202 00  d261             336 		se_stw		r6,8(r1)
  00000204 00  c271             337 		se_lwz		r7,8(r1)
  00000206 00  c261             338 		se_lwz		r6,8(r1)
  00000208 00  c066             339 		se_lwz		r6,0(r6)
                                340 	#$$vo
  0000020a 00  74c6 0207        341 		e_rlwinm		r6,r6,0,8,3
  0000020e 00  6446             342 		se_bseti		r6,4
  00000210 00  d067             343 		se_stw		r6,0(r7)
                                344 	#$$vo
  00000212 00  70e0 6000        345 		e_li		r7,-262144
  00000216 00  54e1 009c        346 		e_stw		r7,156(r1)
  00000093 03  50               347 	        .d2line         62
  0000021a 00  50c1 009c        348 		e_lwz		r6,156(r1)
  0000021e 00  1cc6 0130        349 		e_add16i	r6,r6,304
  00000222 00  d361             350 		se_stw		r6,12(r1)
  00000224 00  c371             351 		se_lwz		r7,12(r1)
  00000226 00  c361             352 		se_lwz		r6,12(r1)
  00000228 00  c066             353 		se_lwz		r6,0(r6)
                                354 	#$$vo
  0000022a 00  60a6             355 		se_bclri		r6,10
  0000022c 00  d067             356 		se_stw		r6,0(r7)
                                357 	#$$vo
  0000022e 00  70e0 6000        358 		e_li		r7,-262144
  00000232 00  54e1 00a0        359 		e_stw		r7,160(r1)
  00000094 03  48               360 	        .d2line         64
  00000236 00  50c1 00a0        361 		e_lwz		r6,160(r1)
  0000023a 00  1cc6 0130        362 		e_add16i	r6,r6,304
  0000023e 00  d461             363 		se_stw		r6,16(r1)
  00000240 00  c471             364 		se_lwz		r7,16(r1)
  00000242 00  c461             365 		se_lwz		r6,16(r1)
  00000244 00  c066             366 		se_lwz		r6,0(r6)
                                367 	#$$vo
  00000246 00  6096             368 		se_bclri		r6,9
  00000248 00  d067             369 		se_stw		r6,0(r7)
                                370 	#$$vo
  0000024a 00  70e0 6000        371 		e_li		r7,-262144
  0000024e 00  54e1 00a4        372 		e_stw		r7,164(r1)
  00000095 03  48               373 	        .d2line         66
  00000252 00  50c1 00a4        374 		e_lwz		r6,164(r1)
  00000256 00  1cc6 0130        375 		e_add16i	r6,r6,304
  0000025a 00  d561             376 		se_stw		r6,20(r1)
  0000025c 00  c571             377 		se_lwz		r7,20(r1)
  0000025e 00  c561             378 		se_lwz		r6,20(r1)
  00000260 00  c066             379 		se_lwz		r6,0(r6)
                                380 	#$$vo
  00000262 00  60b6             381 		se_bclri		r6,11
  00000264 00  d067             382 		se_stw		r6,0(r7)
                                383 	#$$vo
  00000266 00  70e0 6000        384 		e_li		r7,-262144
  0000026a 00  54e1 00a8        385 		e_stw		r7,168(r1)
  00000096 03  48               386 	        .d2line         68
  0000026e 00  50c1 00a8        387 		e_lwz		r6,168(r1)
  00000272 00  1cc6 0130        388 		e_add16i	r6,r6,304
  00000276 00  d661             389 		se_stw		r6,24(r1)
  00000278 00  c671             390 		se_lwz		r7,24(r1)
  0000027a 00  c661             391 		se_lwz		r6,24(r1)
  0000027c 00  c066             392 		se_lwz		r6,0(r6)
                                393 	#$$vo
  0000027e 00  74c6 0417        394 		e_rlwinm		r6,r6,0,16,11
  00000282 00  d067             395 		se_stw		r6,0(r7)
                                396 	#$$vo
  00000284 00  70e0 6000        397 		e_li		r7,-262144
  00000288 00  54e1 00ac        398 		e_stw		r7,172(r1)
  00000097 03  4c               399 	        .d2line         70
  0000028c 00  50c1 00ac        400 		e_lwz		r6,172(r1)
  00000290 00  1cc6 0134        401 		e_add16i	r6,r6,308
  00000294 00  d761             402 		se_stw		r6,28(r1)
  00000296 00  c771             403 		se_lwz		r7,28(r1)
  00000298 00  c761             404 		se_lwz		r6,28(r1)
  0000029a 00  c066             405 		se_lwz		r6,0(r6)
                                406 	#$$vo
  0000029c 00  74c6 0385        407 		e_rlwinm		r6,r6,0,14,2
  000002a0 00  70c1 d410        408 		e_oris		r6,3088
  000002a4 00  d067             409 		se_stw		r6,0(r7)
                                410 	#$$vo
  000002a6 00  70e0 6000        411 		e_li		r7,-262144
  000002aa 00  54e1 00b0        412 		e_stw		r7,176(r1)
  00000098 03  0306 52          413 	        .d2line         76
  000002ae 00  50c1 00b0        414 		e_lwz		r6,176(r1)
  000002b2 00  1cc6 0140        415 		e_add16i	r6,r6,320
  000002b6 00  d861             416 		se_stw		r6,32(r1)
  000002b8 00  c871             417 		se_lwz		r7,32(r1)
  000002ba 00  c861             418 		se_lwz		r6,32(r1)
  000002bc 00  c066             419 		se_lwz		r6,0(r6)
                                420 	#$$vo
  000002be 00  74c6 0207        421 		e_rlwinm		r6,r6,0,8,3
  000002c2 00  6446             422 		se_bseti		r6,4
  000002c4 00  d067             423 		se_stw		r6,0(r7)
                                424 	#$$vo
  000002c6 00  70e0 6000        425 		e_li		r7,-262144
  000002ca 00  54e1 00b4        426 		e_stw		r7,180(r1)
  0000009b 03  50               427 	        .d2line         78
  000002ce 00  50c1 00b4        428 		e_lwz		r6,180(r1)
  000002d2 00  1cc6 0140        429 		e_add16i	r6,r6,320
  000002d6 00  d961             430 		se_stw		r6,36(r1)
  000002d8 00  c971             431 		se_lwz		r7,36(r1)
  000002da 00  c961             432 		se_lwz		r6,36(r1)
  000002dc 00  c066             433 		se_lwz		r6,0(r6)
                                434 	#$$vo
  000002de 00  60a6             435 		se_bclri		r6,10
  000002e0 00  d067             436 		se_stw		r6,0(r7)
                                437 	#$$vo
  000002e2 00  70e0 6000        438 		e_li		r7,-262144
  000002e6 00  54e1 00b8        439 		e_stw		r7,184(r1)
  0000009c 03  48               440 	        .d2line         80
  000002ea 00  50c1 00b8        441 		e_lwz		r6,184(r1)
  000002ee 00  1cc6 0140        442 		e_add16i	r6,r6,320
  000002f2 00  da61             443 		se_stw		r6,40(r1)
  000002f4 00  ca71             444 		se_lwz		r7,40(r1)
  000002f6 00  ca61             445 		se_lwz		r6,40(r1)
  000002f8 00  c066             446 		se_lwz		r6,0(r6)
                                447 	#$$vo
  000002fa 00  6096             448 		se_bclri		r6,9
  000002fc 00  d067             449 		se_stw		r6,0(r7)
                                450 	#$$vo
  000002fe 00  70e0 6000        451 		e_li		r7,-262144
  00000302 00  54e1 00bc        452 		e_stw		r7,188(r1)
  0000009d 03  48               453 	        .d2line         82
  00000306 00  50c1 00bc        454 		e_lwz		r6,188(r1)
  0000030a 00  1cc6 0140        455 		e_add16i	r6,r6,320
  0000030e 00  db61             456 		se_stw		r6,44(r1)
  00000310 00  cb71             457 		se_lwz		r7,44(r1)
  00000312 00  cb61             458 		se_lwz		r6,44(r1)
  00000314 00  c066             459 		se_lwz		r6,0(r6)
                                460 	#$$vo
  00000316 00  60b6             461 		se_bclri		r6,11
  00000318 00  d067             462 		se_stw		r6,0(r7)
                                463 	#$$vo
  0000031a 00  70e0 6000        464 		e_li		r7,-262144
  0000031e 00  54e1 00c0        465 		e_stw		r7,192(r1)
  0000009e 03  48               466 	        .d2line         84
  00000322 00  50c1 00c0        467 		e_lwz		r6,192(r1)
  00000326 00  1cc6 0140        468 		e_add16i	r6,r6,320
  0000032a 00  dc61             469 		se_stw		r6,48(r1)
  0000032c 00  cc71             470 		se_lwz		r7,48(r1)
  0000032e 00  cc61             471 		se_lwz		r6,48(r1)
  00000330 00  c066             472 		se_lwz		r6,0(r6)
                                473 	#$$vo
  00000332 00  74c6 0417        474 		e_rlwinm		r6,r6,0,16,11
  00000336 00  64e6             475 		se_bseti		r6,14
  00000338 00  d067             476 		se_stw		r6,0(r7)
                                477 	#$$vo
  0000033a 00  70e0 6000        478 		e_li		r7,-262144
  0000033e 00  54e1 00c4        479 		e_stw		r7,196(r1)
  0000009f 03  50               480 	        .d2line         86
  00000342 00  50c1 00c4        481 		e_lwz		r6,196(r1)
  00000346 00  1cc6 0144        482 		e_add16i	r6,r6,324
  0000034a 00  dd61             483 		se_stw		r6,52(r1)
  0000034c 00  cd71             484 		se_lwz		r7,52(r1)
  0000034e 00  cd61             485 		se_lwz		r6,52(r1)
  00000350 00  c066             486 		se_lwz		r6,0(r6)
                                487 	#$$vo
  00000352 00  74c6 0385        488 		e_rlwinm		r6,r6,0,14,2
  00000356 00  70c1 d414        489 		e_oris		r6,3092
  0000035a 00  d067             490 		se_stw		r6,0(r7)
                                491 	#$$vo
  0000035c 00  70e0 6000        492 		e_li		r7,-262144
  00000360 00  54e1 00c8        493 		e_stw		r7,200(r1)
  000000a0 03  0304 52          494 	        .d2line         90
  00000364 00  50c1 00c8        495 		e_lwz		r6,200(r1)
  00000368 00  1cc6 0150        496 		e_add16i	r6,r6,336
  0000036c 00  de61             497 		se_stw		r6,56(r1)
  0000036e 00  ce71             498 		se_lwz		r7,56(r1)
  00000370 00  ce61             499 		se_lwz		r6,56(r1)
  00000372 00  c066             500 		se_lwz		r6,0(r6)
                                501 	#$$vo
  00000374 00  74c6 0207        502 		e_rlwinm		r6,r6,0,8,3
  00000378 00  6446             503 		se_bseti		r6,4
  0000037a 00  d067             504 		se_stw		r6,0(r7)
                                505 	#$$vo
  0000037c 00  70e0 6000        506 		e_li		r7,-262144
  00000380 00  54e1 00cc        507 		e_stw		r7,204(r1)
  000000a3 03  50               508 	        .d2line         92
  00000384 00  50c1 00cc        509 		e_lwz		r6,204(r1)
  00000388 00  1cc6 0150        510 		e_add16i	r6,r6,336
  0000038c 00  df61             511 		se_stw		r6,60(r1)
  0000038e 00  cf71             512 		se_lwz		r7,60(r1)
  00000390 00  cf61             513 		se_lwz		r6,60(r1)
  00000392 00  c066             514 		se_lwz		r6,0(r6)
                                515 	#$$vo
  00000394 00  60a6             516 		se_bclri		r6,10
  00000396 00  d067             517 		se_stw		r6,0(r7)
                                518 	#$$vo
  00000398 00  70e0 6000        519 		e_li		r7,-262144
  0000039c 00  54e1 00d0        520 		e_stw		r7,208(r1)
  000000a4 03  48               521 	        .d2line         94
  000003a0 00  50c1 00d0        522 		e_lwz		r6,208(r1)
  000003a4 00  1cc6 0150        523 		e_add16i	r6,r6,336
  000003a8 00  54c1 0040        524 		e_stw		r6,64(r1)
  000003ac 00  50e1 0040        525 		e_lwz		r7,64(r1)
  000003b0 00  50c1 0040        526 		e_lwz		r6,64(r1)
  000003b4 00  c066             527 		se_lwz		r6,0(r6)
                                528 	#$$vo
  000003b6 00  6096             529 		se_bclri		r6,9
  000003b8 00  d067             530 		se_stw		r6,0(r7)
                                531 	#$$vo
  000003ba 00  70e0 6000        532 		e_li		r7,-262144
  000003be 00  54e1 00d4        533 		e_stw		r7,212(r1)
  000000a5 03  54               534 	        .d2line         96
  000003c2 00  50c1 00d4        535 		e_lwz		r6,212(r1)
  000003c6 00  1cc6 0150        536 		e_add16i	r6,r6,336
  000003ca 00  54c1 0044        537 		e_stw		r6,68(r1)
  000003ce 00  50e1 0044        538 		e_lwz		r7,68(r1)
  000003d2 00  50c1 0044        539 		e_lwz		r6,68(r1)
  000003d6 00  c066             540 		se_lwz		r6,0(r6)
                                541 	#$$vo
  000003d8 00  60b6             542 		se_bclri		r6,11
  000003da 00  d067             543 		se_stw		r6,0(r7)
                                544 	#$$vo
  000003dc 00  70e0 6000        545 		e_li		r7,-262144
  000003e0 00  54e1 00d8        546 		e_stw		r7,216(r1)
  000000a6 03  54               547 	        .d2line         98
  000003e4 00  50c1 00d8        548 		e_lwz		r6,216(r1)
  000003e8 00  1cc6 0150        549 		e_add16i	r6,r6,336
  000003ec 00  54c1 0048        550 		e_stw		r6,72(r1)
  000003f0 00  50e1 0048        551 		e_lwz		r7,72(r1)
  000003f4 00  50c1 0048        552 		e_lwz		r6,72(r1)
  000003f8 00  c066             553 		se_lwz		r6,0(r6)
                                554 	#$$vo
  000003fa 00  74c6 0417        555 		e_rlwinm		r6,r6,0,16,11
  000003fe 00  64e6             556 		se_bseti		r6,14
  00000400 00  d067             557 		se_stw		r6,0(r7)
                                558 	#$$vo
  00000402 00  70e0 6000        559 		e_li		r7,-262144
  00000406 00  54e1 00dc        560 		e_stw		r7,220(r1)
  000000a7 03  5c               561 	        .d2line         100
  0000040a 00  50c1 00dc        562 		e_lwz		r6,220(r1)
  0000040e 00  1cc6 0154        563 		e_add16i	r6,r6,340
  00000412 00  54c1 004c        564 		e_stw		r6,76(r1)
  00000416 00  50e1 004c        565 		e_lwz		r7,76(r1)
  0000041a 00  50c1 004c        566 		e_lwz		r6,76(r1)
  0000041e 00  c066             567 		se_lwz		r6,0(r6)
                                568 	#$$vo
  00000420 00  74c6 0385        569 		e_rlwinm		r6,r6,0,14,2
  00000424 00  70c1 d418        570 		e_oris		r6,3096
  00000428 00  d067             571 		se_stw		r6,0(r7)
                                572 	#$$vo
  0000042a 00  70e0 6000        573 		e_li		r7,-262144
  0000042e 00  54e1 00e0        574 		e_stw		r7,224(r1)
  000000a8 03  0307 5e          575 	        .d2line         107
  00000432 00  50c1 00e0        576 		e_lwz		r6,224(r1)
  00000436 00  4807             577 		se_li		r7,0
  00000438 00  54e6 00e0        578 		e_stw		r7,224(r6)
                                579 	#$$vo
  0000043c 00  70c0 6000        580 		e_li		r6,-262144
  00000440 00  54c1 00e4        581 		e_stw		r6,228(r1)
  000000ab 03  34               582 	        .d2line         109
  00000444 00  50e1 00e4        583 		e_lwz		r7,228(r1)
  00000448 00  4806             584 		se_li		r6,0
  0000044a 00  54c7 0880        585 		e_stw		r6,2176(r7)
                                586 	#$$vo
  000000ac 03  23               587 	        .d2line         110
                                588 	#$$be
  000000ad 03  0200 0b01        589 		.d2epilogue_begin
                                590 	#$$br
  0000044e 00  1961 80e8        591 		e_addi		r11,r1,232
  00000452 00  19cb 0800        592 		e_lmw		r14,0(r11)
                                593 	#$$er
  00000456 00  5001 0134        594 		e_lwz		r0,308(r1)
  0000045a 00  0090             595 		se_mtlr		r0
  0000045c 00  1c21 0130        596 		e_add16i	r1,r1,304
                                597 	#$$tl 0x0 0x0 0x0
  00000460 00  0004             598 		se_blr
                                599 	#$$ef
                                600 		.d2_cfa_end 2
                                601 		.section	.debug_info,,n
  000000d8 05  00               602 		.sleb128	0
                                603 	.L5787:
                                604 		.section	.text_vle,,c
                                605 	.L5789:
                                606 		.type		CANMsgBufInit,@function
                                607 		.size		CANMsgBufInit,.-CANMsgBufInit
                                608 	# Number of nodes = 188
                                609 	
                                610 	# Allocations for CANMsgBufInit
                                611 	#	SP,80		$$1
                                612 	#	SP,84		$$2
                                613 	#	SP,88		$$3
                                614 	#	SP,92		$$4
                                615 	#	SP,96		$$5
                                616 	#	SP,100		$$6
                                617 	#	SP,104		$$7
                                618 	#	SP,108		$$8
                                619 	#	SP,112		$$9
                                620 	#	SP,116		$$10
                                621 	#	SP,120		$$11
                                622 	#	SP,124		$$12
                                623 	#	SP,128		$$13
                                624 	#	SP,132		$$14
                                625 	#	SP,136		$$15
                                626 	#	SP,140		$$16
                                627 	#	SP,144		$$17
                                628 	#	SP,148		$$18
                                629 	#	SP,152		$$19
                                630 	#	SP,156		$$20
                                631 	#	SP,160		$$21
                                632 	#	SP,164		$$22
                                633 	#	SP,168		$$23
                                634 	#	SP,172		$$24
                                635 	#	SP,176		$$25
                                636 	#	SP,180		$$26
                                637 	#	SP,184		$$27
                                638 	#	SP,188		$$28
                                639 	#	SP,192		$$29
                                640 	#	SP,196		$$30
                                641 	#	SP,200		$$31
                                642 	#	SP,204		$$32
                                643 	#	SP,208		$$33
                                644 	#	SP,212		$$34
                                645 	#	SP,216		$$35
                                646 	#	SP,220		$$36
                                647 	#	SP,224		$$37
                                648 	#	SP,228		$$38
                                649 	#	r31		$$39
                                650 	#	r30		$$40
                                651 	#	r29		$$41
                                652 	#	r28		$$42
                                653 	#	r27		$$43
                                654 	#	r26		$$44
                                655 	#	r25		$$45
                                656 	#	r24		$$46
                                657 	#	r23		$$47
                                658 	#	r22		$$48
                                659 	#	r21		$$49
                                660 	#	r20		$$50
                                661 	#	r19		$$51
                                662 	#	r18		$$52
                                663 	#	r17		$$53
                                664 	#	r16		$$54
                                665 	#	r15		$$55
                                666 	#	r14		$$56
                                667 	#	SP,8		$$57
                                668 	#	SP,12		$$58
                                669 	#	SP,16		$$59
                                670 	#	SP,20		$$60
                                671 	#	SP,24		$$61
                                672 	#	SP,28		$$62
                                673 	#	SP,32		$$63
                                674 	#	SP,36		$$64
                                675 	#	SP,40		$$65
                                676 	#	SP,44		$$66
                                677 	#	SP,48		$$67
                                678 	#	SP,52		$$68
                                679 	#	SP,56		$$69
                                680 	#	SP,60		$$70
                                681 	#	SP,64		$$71
                                682 	#	SP,68		$$72
                                683 	#	SP,72		$$73
                                684 	#	SP,76		$$74
                                685 	
                                686 	#$$bf
                                687 		.align		2
                                688 		.globl		CANInit
  00000054 02  0000 003c 0000   689 		.d2_cfa_start __local_cie
  0000005a 02  0000 0000 0000       	
  00000060 02  0000 02be            	
                                690 	CANInit:
                                691 		.section	.debug_info,,n
                                692 	.L5796:
  000000d9 05  02               693 		.sleb128	2
  000000da 05  0000 0105        694 		.4byte		.L5793-.L2
  000000de 05  4341 4e49 6e69   695 		.byte		"CANInit"
  000000e4 05  74                   	
  000000e5 05  00               696 		.byte		0
  000000e6 05  0000 0001        697 		.4byte		.L5790
  000000ea 05  76               698 		.uleb128	118
  000000eb 05  01               699 		.byte		0x1
  000000ec 05  01               700 		.byte		0x1
  000000ed 05  0000 0000        701 		.4byte		.L5794
  000000f1 05  0000 0000        702 		.4byte		.L5795
                                703 		.section	.debug_abbrev,,n
  0000002a 04  03               704 		.uleb128	3
  0000002b 04  34               705 		.uleb128	52
  0000002c 04  00               706 		.byte		0x0
  0000002d 04  3a               707 		.uleb128	58
  0000002e 04  06               708 		.uleb128	6
  0000002f 04  3b               709 		.uleb128	59
  00000030 04  0f               710 		.uleb128	15
  00000031 04  03               711 		.uleb128	3
  00000032 04  08               712 		.uleb128	8
  00000033 04  49               713 		.uleb128	73
  00000034 04  10               714 		.uleb128	16
  00000035 04  02               715 		.uleb128	2
  00000036 04  09               716 		.uleb128	9
  00000037 04  00               717 		.uleb128	0
  00000038 04  00               718 		.uleb128	0
                                719 		.section	.debug_info,,n
                                720 	.L5797:
  000000f5 05  03               721 		.sleb128	3
  000000f6 05  0000 0001        722 		.4byte		.L5790
  000000fa 05  78               723 		.uleb128	120
  000000fb 05  69               724 		.byte		"i"
  000000fc 05  00               725 		.byte		0
  000000fd 05  0000 0000        726 		.4byte		.L5798
  00000101 05  02               727 		.sleb128	2
  00000102 05  90               728 		.byte		0x90
  00000103 05  1f               729 		.uleb128	31
                                730 		.section	.text_vle,,c
  000000b1 03  0309 3a          731 	        .d2line         119
                                732 	.L5794:
  00000464 00  701f 7f20        733 		e_li		r0,-224
  00000468 00  7c21 016e        734 		stwux		r1,r1,r0
  00000064 02  420e e001        735 		.d2_cfa_def_cfa_offset	224
  0000046c 00  0080             736 		se_mflr		r0,lr
                                737 	#$$br
  0000046e 00  1961 8098        738 		e_addi		r11,r1,152
  00000472 00  19cb 0900        739 		e_stmw		r14,0(r11)
  00000068 02  428e 128f 1190   740 		.d2_cfa_offset_list	14,31,18,-1
  0000006e 02  1091 0f92 0e93       	
  00000074 02  0d94 0c95 0b96       	
  0000007a 02  0a97 0998 0899       	
  00000080 02  079a 069b 059c       	
  00000086 02  049d                 	
                                741 	#$$er
  00000476 00  5401 00e4        742 		e_stw		r0,228(r1)
  0000008d 02  4111 6c7f        743 		.d2_cfa_offset    108,-1
                                744 	#$$ee
  000000b4 03  020b 0a          745 		.d2prologue_end
  0000047a 00  70e0 6000        746 		e_li		r7,-262144
  0000047e 00  d871             747 		se_stw		r7,32(r1)
  000000b7 03  0304 1a          748 	        .d2line         123
  00000480 00  c8e1             749 		se_lwz		r30,32(r1)
  00000482 00  203e             750 		se_addi		r30,4
  00000484 00  c07e             751 		se_lwz		r7,0(r30)
                                752 	#$$vo
  00000486 00  6527             753 		se_bseti		r7,18
  00000488 00  d07e             754 		se_stw		r7,0(r30)
                                755 	#$$vo
  0000048a 00  70c0 6000        756 		e_li		r6,-262144
  0000048e 00  d961             757 		se_stw		r6,36(r1)
  00000490 00  c9d1             758 		se_lwz		r29,36(r1)
  000000ba 03  0304 32          759 	        .d2line         127
  00000492 00  c06d             760 		se_lwz		r6,0(r29)
                                761 	#$$vo
  00000494 00  6006             762 		se_bclri		r6,32
  00000496 00  d06d             763 		se_stw		r6,0(r29)
                                764 	#$$vo
  00000498 00  70e0 6000        765 		e_li		r7,-262144
  0000049c 00  da71             766 		se_stw		r7,40(r1)
  0000049e 00  cac1             767 		se_lwz		r28,40(r1)
  000000bd 03  2c               768 	        .d2line         129
  000004a0 00  c07c             769 		se_lwz		r7,0(r28)
                                770 	#$$vo
  000004a2 00  64f7             771 		se_bseti		r7,15
  000004a4 00  d07c             772 		se_stw		r7,0(r28)
                                773 	#$$vo
  000004a6 00  70c0 6000        774 		e_li		r6,-262144
  000004aa 00  db61             775 		se_stw		r6,44(r1)
  000004ac 00  cbb1             776 		se_lwz		r27,44(r1)
  000000be 03  2c               777 	        .d2line         131
  000004ae 00  c06b             778 		se_lwz		r6,0(r27)
                                779 	#$$vo
  000004b0 00  64a6             780 		se_bseti		r6,10
  000004b2 00  d06b             781 		se_stw		r6,0(r27)
                                782 	#$$vo
  000004b4 00  70e0 6000        783 		e_li		r7,-262144
  000004b8 00  dc71             784 		se_stw		r7,48(r1)
  000004ba 00  cca1             785 		se_lwz		r26,48(r1)
  000000bf 03  2c               786 	        .d2line         133
  000004bc 00  c07a             787 		se_lwz		r7,0(r26)
                                788 	#$$vo
  000004be 00  64e7             789 		se_bseti		r7,14
  000004c0 00  d07a             790 		se_stw		r7,0(r26)
                                791 	#$$vo
  000004c2 00  70c0 6000        792 		e_li		r6,-262144
  000004c6 00  dd61             793 		se_stw		r6,52(r1)
  000004c8 00  cd91             794 		se_lwz		r25,52(r1)
  000000c0 03  2c               795 	        .d2line         135
  000004ca 00  c069             796 		se_lwz		r6,0(r25)
                                797 	#$$vo
  000004cc 00  6426             798 		se_bseti		r6,2
  000004ce 00  d069             799 		se_stw		r6,0(r25)
                                800 	#$$vo
  000004d0 00  70e0 6000        801 		e_li		r7,-262144
  000004d4 00  de71             802 		se_stw		r7,56(r1)
  000004d6 00  ce81             803 		se_lwz		r24,56(r1)
  000000c1 03  2c               804 	        .d2line         137
  000004d8 00  c078             805 		se_lwz		r7,0(r24)
                                806 	#$$vo
  000004da 00  74e7 062b        807 		e_rlwinm		r7,r7,0,24,21
  000004de 00  d078             808 		se_stw		r7,0(r24)
                                809 	#$$vo
  000004e0 00  70c0 6000        810 		e_li		r6,-262144
  000004e4 00  df61             811 		se_stw		r6,60(r1)
  000004e6 00  52e1 003c        812 		e_lwz		r23,60(r1)
  000000c2 03  34               813 	        .d2line         139
  000004ea 00  50d7 0000        814 		e_lwz		r6,0(r23)
                                815 	#$$vo
  000004ee 00  6536             816 		se_bseti		r6,19
  000004f0 00  54d7 0000        817 		e_stw		r6,0(r23)
                                818 	#$$vo
  000004f4 00  70e0 6000        819 		e_li		r7,-262144
  000004f8 00  54e1 0040        820 		e_stw		r7,64(r1)
  000004fc 00  52c1 0040        821 		e_lwz		r22,64(r1)
  000000c3 03  3c               822 	        .d2line         141
  00000500 00  50f6 0000        823 		e_lwz		r7,0(r22)
                                824 	#$$vo
  00000504 00  6127             825 		se_bclri		r7,18
  00000506 00  54f6 0000        826 		e_stw		r7,0(r22)
                                827 	#$$vo
  0000050a 00  70c0 6000        828 		e_li		r6,-262144
  0000050e 00  54c1 0044        829 		e_stw		r6,68(r1)
  00000512 00  52a1 0044        830 		e_lwz		r21,68(r1)
  000000c4 03  3c               831 	        .d2line         143
  00000516 00  50d5 0000        832 		e_lwz		r6,0(r21)
                                833 	#$$vo
  0000051a 00  74c6 0033        834 		e_rlwinm		r6,r6,0,0,25
  0000051e 00  18c6 d011        835 		e_ori		r6,r6,17
  00000522 00  54d5 0000        836 		e_stw		r6,0(r21)
                                837 	#$$vo
  00000526 00  70e0 6000        838 		e_li		r7,-262144
  0000052a 00  54e1 0048        839 		e_stw		r7,72(r1)
  000000c5 03  0304 3e          840 	        .d2line         147
  0000052e 00  5281 0048        841 		e_lwz		r20,72(r1)
  00000532 00  1a94 8004        842 		e_addi		r20,r20,4
  00000536 00  50f4 0000        843 		e_lwz		r7,0(r20)
                                844 	#$$vo
  0000053a 00  74e7 0039        845 		e_rlwinm		r7,r7,0,0,28
  0000053e 00  65e7             846 		se_bseti		r7,30
  00000540 00  54f4 0000        847 		e_stw		r7,0(r20)
                                848 	#$$vo
  00000544 00  70c0 6000        849 		e_li		r6,-262144
  00000548 00  54c1 004c        850 		e_stw		r6,76(r1)
  000000c8 03  4c               851 	        .d2line         149
  0000054c 00  5261 004c        852 		e_lwz		r19,76(r1)
  00000550 00  1a73 8004        853 		e_addi		r19,r19,4
  00000554 00  50d3 0000        854 		e_lwz		r6,0(r19)
                                855 	#$$vo
  00000558 00  74c6 0353        856 		e_rlwinm		r6,r6,0,13,9
  0000055c 00  64c6             857 		se_bseti		r6,12
  0000055e 00  54d3 0000        858 		e_stw		r6,0(r19)
                                859 	#$$vo
  00000562 00  70e0 6000        860 		e_li		r7,-262144
  00000566 00  54e1 0050        861 		e_stw		r7,80(r1)
  000000c9 03  4c               862 	        .d2line         151
  0000056a 00  5241 0050        863 		e_lwz		r18,80(r1)
  0000056e 00  1a52 8004        864 		e_addi		r18,r18,4
  00000572 00  50f2 0000        865 		e_lwz		r7,0(r18)
                                866 	#$$vo
  00000576 00  74e7 0419        867 		e_rlwinm		r7,r7,0,16,12
  0000057a 00  64f7             868 		se_bseti		r7,15
  0000057c 00  54f2 0000        869 		e_stw		r7,0(r18)
                                870 	#$$vo
  00000580 00  70c0 6000        871 		e_li		r6,-262144
  00000584 00  54c1 0054        872 		e_stw		r6,84(r1)
  000000ca 03  4c               873 	        .d2line         153
  00000588 00  5221 0054        874 		e_lwz		r17,84(r1)
  0000058c 00  1a31 8004        875 		e_addi		r17,r17,4
  00000590 00  50d1 0000        876 		e_lwz		r6,0(r17)
                                877 	#$$vo
  00000594 00  74c6 028f        878 		e_rlwinm		r6,r6,0,10,7
  00000598 00  54d1 0000        879 		e_stw		r6,0(r17)
                                880 	#$$vo
  0000059c 00  70e0 6000        881 		e_li		r7,-262144
  000005a0 00  54e1 0058        882 		e_stw		r7,88(r1)
  000000cb 03  48               883 	        .d2line         155
  000005a4 00  5201 0058        884 		e_lwz		r16,88(r1)
  000005a8 00  1a10 8004        885 		e_addi		r16,r16,4
  000005ac 00  50f0 0000        886 		e_lwz		r7,0(r16)
                                887 	#$$vo
  000005b0 00  74e7 023f        888 		e_rlwinm		r7,r7,0,8,31
  000005b4 00  18e7 d303        889 		e_ori		r7,r7,50331648
  000005b8 00  54f0 0000        890 		e_stw		r7,0(r16)
                                891 	#$$vo
  000005bc 00  70c0 6000        892 		e_li		r6,-262144
  000005c0 00  54c1 005c        893 		e_stw		r6,92(r1)
  000000cc 03  50               894 	        .d2line         157
  000005c4 00  51e1 005c        895 		e_lwz		r15,92(r1)
  000005c8 00  19ef 8004        896 		e_addi		r15,r15,4
  000005cc 00  50cf 0000        897 		e_lwz		r6,0(r15)
                                898 	#$$vo
  000005d0 00  65b6             899 		se_bseti		r6,27
  000005d2 00  54cf 0000        900 		e_stw		r6,0(r15)
                                901 	#$$vo
  000005d6 00  70e0 6000        902 		e_li		r7,-262144
  000005da 00  54e1 0060        903 		e_stw		r7,96(r1)
  000000cd 03  44               904 	        .d2line         159
  000005de 00  51c1 0060        905 		e_lwz		r14,96(r1)
  000005e2 00  19ce 8004        906 		e_addi		r14,r14,4
  000005e6 00  50ee 0000        907 		e_lwz		r7,0(r14)
                                908 	#$$vo
  000005ea 00  6137             909 		se_bclri		r7,19
  000005ec 00  54ee 0000        910 		e_stw		r7,0(r14)
                                911 	#$$vo
  000000ce 03  0303 32          912 	        .d2line         162
  000005f0 00  480f             913 		se_li		r31,0
                                914 	.L5782:
  000005f2 00  227f             915 		se_cmpli		r31,8
  000005f4 00  e00a             916 		bc		0,0,.L5780	# ge
  000000d1 03  1c               917 	        .d2line         164
  000005f6 00  77e7 103b        918 		e_rlwinm		r7,r31,2,0,29
  000005fa 00  70c0 60e0        919 		e_li		r6,-261920
  000005fe 00  0467             920 		se_add		r7,r6
  00000600 00  4805             921 		se_li		r5,0
  00000602 00  d057             922 		se_stw		r5,0(r7)
                                923 	#$$vo
  000000d2 03  037e 2a          924 	        .d2line         162
  00000604 00  200f             925 		se_addi		r31,1
  000000d5 03  0303 12          926 	        .d2line         165
  00000606 00  e8f6             927 		b		.L5782
                                928 	.L5780:
  00000608 00  70e0 6000        929 		e_li		r7,-262144
  0000060c 00  54e1 0064        930 		e_stw		r7,100(r1)
  000000d8 03  0305 22          931 	        .d2line         170
  00000610 00  50c1 0064        932 		e_lwz		r6,100(r1)
  00000614 00  4807             933 		se_li		r7,0
  00000616 00  d476             934 		se_stw		r7,16(r6)
                                935 	#$$vo
  00000618 00  70c0 6000        936 		e_li		r6,-262144
  0000061c 00  54c1 0068        937 		e_stw		r6,104(r1)
  000000db 03  30               938 	        .d2line         172
  00000620 00  50e1 0068        939 		e_lwz		r7,104(r1)
  00000624 00  4806             940 		se_li		r6,0
  00000626 00  d567             941 		se_stw		r6,20(r7)
                                942 	#$$vo
  00000628 00  70e0 6000        943 		e_li		r7,-262144
  0000062c 00  54e1 006c        944 		e_stw		r7,108(r1)
  000000dc 03  30               945 	        .d2line         174
  00000630 00  50c1 006c        946 		e_lwz		r6,108(r1)
  00000634 00  4807             947 		se_li		r7,0
  00000636 00  d676             948 		se_stw		r7,24(r6)
                                949 	#$$vo
  00000638 00  70c0 6000        950 		e_li		r6,-262144
  0000063c 00  54c1 0070        951 		e_stw		r6,112(r1)
  000000dd 03  0303 2e          952 	        .d2line         177
  00000640 00  50e1 0070        953 		e_lwz		r7,112(r1)
  00000644 00  2037             954 		se_addi		r7,4
  00000646 00  d271             955 		se_stw		r7,8(r1)
  00000648 00  c261             956 		se_lwz		r6,8(r1)
  0000064a 00  c271             957 		se_lwz		r7,8(r1)
  0000064c 00  c077             958 		se_lwz		r7,0(r7)
                                959 	#$$vo
  0000064e 00  6507             960 		se_bseti		r7,16
  00000650 00  d076             961 		se_stw		r7,0(r6)
                                962 	#$$vo
  00000652 00  70c0 6000        963 		e_li		r6,-262144
  00000656 00  54c1 0074        964 		e_stw		r6,116(r1)
  000000e0 03  44               965 	        .d2line         179
  0000065a 00  50e1 0074        966 		e_lwz		r7,116(r1)
  0000065e 00  2037             967 		se_addi		r7,4
  00000660 00  d371             968 		se_stw		r7,12(r1)
  00000662 00  c361             969 		se_lwz		r6,12(r1)
  00000664 00  c371             970 		se_lwz		r7,12(r1)
  00000666 00  c077             971 		se_lwz		r7,0(r7)
                                972 	#$$vo
  00000668 00  6517             973 		se_bseti		r7,17
  0000066a 00  d076             974 		se_stw		r7,0(r6)
                                975 	#$$vo
  0000066c 00  70c0 6000        976 		e_li		r6,-262144
  00000670 00  54c1 0078        977 		e_stw		r6,120(r1)
  000000e1 03  44               978 	        .d2line         181
  00000674 00  50e1 0078        979 		e_lwz		r7,120(r1)
  00000678 00  2037             980 		se_addi		r7,4
  0000067a 00  d471             981 		se_stw		r7,16(r1)
  0000067c 00  c461             982 		se_lwz		r6,16(r1)
  0000067e 00  c471             983 		se_lwz		r7,16(r1)
  00000680 00  c077             984 		se_lwz		r7,0(r7)
                                985 	#$$vo
  00000682 00  6547             986 		se_bseti		r7,20
  00000684 00  d076             987 		se_stw		r7,0(r6)
                                988 	#$$vo
  00000686 00  70c0 6000        989 		e_li		r6,-262144
  0000068a 00  54c1 007c        990 		e_stw		r6,124(r1)
  000000e2 03  44               991 	        .d2line         183
  0000068e 00  50e1 007c        992 		e_lwz		r7,124(r1)
  00000692 00  2037             993 		se_addi		r7,4
  00000694 00  d571             994 		se_stw		r7,20(r1)
  00000696 00  c561             995 		se_lwz		r6,20(r1)
  00000698 00  c571             996 		se_lwz		r7,20(r1)
  0000069a 00  c077             997 		se_lwz		r7,0(r7)
                                998 	#$$vo
  0000069c 00  6557             999 		se_bseti		r7,21
  0000069e 00  d076            1000 		se_stw		r7,0(r6)
                               1001 	#$$vo
  000006a0 00  70c0 6000       1002 		e_li		r6,-262144
  000006a4 00  54c1 0080       1003 		e_stw		r6,128(r1)
  000006a8 00  50e1 0080       1004 		e_lwz		r7,128(r1)
  000006ac 00  d671            1005 		se_stw		r7,24(r1)
  000000e3 03  50              1006 	        .d2line         185
  000006ae 00  c661            1007 		se_lwz		r6,24(r1)
  000006b0 00  c671            1008 		se_lwz		r7,24(r1)
  000006b2 00  c077            1009 		se_lwz		r7,0(r7)
                               1010 	#$$vo
  000006b4 00  6457            1011 		se_bseti		r7,5
  000006b6 00  d076            1012 		se_stw		r7,0(r6)
                               1013 	#$$vo
  000006b8 00  70c0 6000       1014 		e_li		r6,-262144
  000006bc 00  54c1 0084       1015 		e_stw		r6,132(r1)
  000000e4 03  0303 32         1016 	        .d2line         188
  000006c0 00  50e1 0084       1017 		e_lwz		r7,132(r1)
  000006c4 00  2c06            1018 		se_bmaski		r6,0
  000006c6 00  da67            1019 		se_stw		r6,40(r7)
                               1020 	#$$vo
  000006c8 00  70e0 6000       1021 		e_li		r7,-262144
  000006cc 00  54e1 0088       1022 		e_stw		r7,136(r1)
  000000e7 03  30              1023 	        .d2line         190
  000006d0 00  50c1 0088       1024 		e_lwz		r6,136(r1)
  000006d4 00  2c07            1025 		se_bmaski		r7,0
  000006d6 00  dc76            1026 		se_stw		r7,48(r6)
                               1027 	#$$vo
  000000e8 03  0303 1e         1028 	        .d2line         193
  000006d8 00  480f            1029 		se_li		r31,0
                               1030 	.L5785:
  000006da 00  189f a840       1031 		cmpli		0,0,r31,64
  000006de 00  e00a            1032 		bc		0,0,.L5783	# ge
  000000eb 03  20              1033 	        .d2line         195
  000006e0 00  77e7 103b       1034 		e_rlwinm		r7,r31,2,0,29
  000006e4 00  70c1 6080       1035 		e_li		r6,-259968
  000006e8 00  0467            1036 		se_add		r7,r6
  000006ea 00  2c05            1037 		se_bmaski		r5,0
  000006ec 00  d057            1038 		se_stw		r5,0(r7)
                               1039 	#$$vo
  000000ec 03  037e 2a         1040 	        .d2line         193
  000006ee 00  200f            1041 		se_addi		r31,1
  000000ef 03  0303 12         1042 	        .d2line         196
  000006f0 00  e8f5            1043 		b		.L5785
                               1044 	.L5783:
  000000f2 03  14              1045 	        .d2line         198
                               1046 	#$$fn 0x8c0 0 0 0x0
                               1047 	#$$tl 0x0 0x0 0x0
                               1048 	#$$rs 0 s
  000006f2 00  79ff f90f       1049 		bl		CANMsgBufInit
  000006f6 00  70e0 6000       1050 		e_li		r7,-262144
  000006fa 00  54e1 008c       1051 		e_stw		r7,140(r1)
  000006fe 00  50c1 008c       1052 		e_lwz		r6,140(r1)
  00000702 00  d761            1053 		se_stw		r6,28(r1)
  000000f3 03  0303 32         1054 	        .d2line         201
  00000704 00  c771            1055 		se_lwz		r7,28(r1)
  00000706 00  c761            1056 		se_lwz		r6,28(r1)
  00000708 00  c066            1057 		se_lwz		r6,0(r6)
                               1058 	#$$vo
  0000070a 00  6036            1059 		se_bclri		r6,3
  0000070c 00  d067            1060 		se_stw		r6,0(r7)
                               1061 	#$$vo
  000000f6 03  23              1062 	        .d2line         202
                               1063 	#$$be
  000000f7 03  0200 0b01       1064 		.d2epilogue_begin
                               1065 	#$$br
  0000070e 00  1961 8098       1066 		e_addi		r11,r1,152
  00000712 00  19cb 0800       1067 		e_lmw		r14,0(r11)
                               1068 	#$$er
  00000716 00  5001 00e4       1069 		e_lwz		r0,228(r1)
  0000071a 00  0090            1070 		se_mtlr		r0
  0000071c 00  1821 80e0       1071 		e_addi		r1,r1,224
                               1072 	#$$tl 0x0 0x0 0x0
  00000720 00  0004            1073 		se_blr
                               1074 	#$$ef
                               1075 		.d2_cfa_end 2
                               1076 		.section	.debug_info,,n
  00000104 05  00              1077 		.sleb128	0
                               1078 	.L5793:
                               1079 		.section	.text_vle,,c
                               1080 	.L5795:
                               1081 		.type		CANInit,@function
                               1082 		.size		CANInit,.-CANInit
                               1083 	# Number of nodes = 175
                               1084 	
                               1085 	# Allocations for CANInit
                               1086 	#	r31		i
                               1087 	#	SP,32		$$75
                               1088 	#	SP,36		$$76
                               1089 	#	SP,40		$$77
                               1090 	#	SP,44		$$78
                               1091 	#	SP,48		$$79
                               1092 	#	SP,52		$$80
                               1093 	#	SP,56		$$81
                               1094 	#	SP,60		$$82
                               1095 	#	SP,64		$$83
                               1096 	#	SP,68		$$84
                               1097 	#	SP,72		$$85
                               1098 	#	SP,76		$$86
                               1099 	#	SP,80		$$87
                               1100 	#	SP,84		$$88
                               1101 	#	SP,88		$$89
                               1102 	#	SP,92		$$90
                               1103 	#	SP,96		$$91
                               1104 	#	SP,100		$$92
                               1105 	#	SP,104		$$93
                               1106 	#	SP,108		$$94
                               1107 	#	SP,112		$$95
                               1108 	#	SP,116		$$96
                               1109 	#	SP,120		$$97
                               1110 	#	SP,124		$$98
                               1111 	#	SP,128		$$99
                               1112 	#	SP,132		$$100
                               1113 	#	SP,136		$$101
                               1114 	#	SP,140		$$102
                               1115 	#	r30		$$103
                               1116 	#	r29		$$104
                               1117 	#	r28		$$105
                               1118 	#	r27		$$106
                               1119 	#	r26		$$107
                               1120 	#	r25		$$108
                               1121 	#	r24		$$109
                               1122 	#	r23		$$110
                               1123 	#	r22		$$111
                               1124 	#	r21		$$112
                               1125 	#	r20		$$113
                               1126 	#	r19		$$114
                               1127 	#	r18		$$115
                               1128 	#	r17		$$116
                               1129 	#	r16		$$117
                               1130 	#	r15		$$118
                               1131 	#	r14		$$119
                               1132 	#	SP,8		$$120
                               1133 	#	SP,12		$$121
                               1134 	#	SP,16		$$122
                               1135 	#	SP,20		$$123
                               1136 	#	SP,24		$$124
                               1137 	#	SP,28		$$125
                               1138 	
                               1139 	# Allocations for module
                               1140 		.section	.debug_abbrev,,n
  00000039 04  04              1141 		.uleb128	4
  0000003a 04  24              1142 		.uleb128	36
  0000003b 04  00              1143 		.byte		0x0
  0000003c 04  03              1144 		.uleb128	3
  0000003d 04  08              1145 		.uleb128	8
  0000003e 04  3e              1146 		.uleb128	62
  0000003f 04  0b              1147 		.uleb128	11
  00000040 04  0b              1148 		.uleb128	11
  00000041 04  0b              1149 		.uleb128	11
  00000042 04  00              1150 		.uleb128	0
  00000043 04  00              1151 		.uleb128	0
                               1152 		.section	.debug_info,,n
                               1153 	.L5798:
  00000105 05  04              1154 		.sleb128	4
  00000106 05  756e 7369 676e  1155 		.byte		"unsigned int"
  0000010c 05  6564 2069 6e74       	
  00000112 05  00              1156 		.byte		0
  00000113 05  07              1157 		.byte		0x7
  00000114 05  04              1158 		.byte		0x4
                               1159 	.L7:
  00000115 05  00              1160 		.sleb128	0
                               1161 	.L3:
                               1162 		.section	.text_vle,,c
                               1163 	.L5:
                               1164 	.L5790:	.d2filenum "C:\\Users\\ASE-Lab\\Desktop\\Neuer Ordner\\ECU2\\Template\\src\\can.c"
  000000fb 03  0005 0200 0000  1165 		.d2_line_end
  00000101 03  0000 0101            	
                               1166 		.section	.debug_abbrev,,n
  00000044 04  00              1167 		.sleb128	0
