                                  1 	#$$m2		- PowerPC mnemonics
                                  2 	#$$pVLE		- PowerPC VLE encoding
                                  3 	#$$oPPC5534  - Optimized for PPC5534
                                  4 	#$$ko 9		- Reorder info
                                  5 		.file		"main.c"
                                  6 	#$$eb
                                  7 	#$$sz 0
                                  8 	#$$fp 0
                                  9 		.section	.PPC.EMB.apuinfo,,@note
  00000000 01  0000 0008         10 		.4byte		8
  00000004 01  0000 0004         11 		.4byte		4
  00000008 01  0000 0002         12 		.4byte		2
  0000000c 01  4150 5569 6e66    13 		.byte		"APUinfo"
  00000012 01  6f                   	
  00000013 01  00                14 		.byte		0
                                 15 		.align		2
  00000014 01  0104 0001         16 		.4byte		0x01040001
                                 17 		.section	.text_vle,,c
                                 18 		.section	.debug_frame,,n
                                 19 	__local_cie: 
  00000000 02  0000 0010         20 		.word	.LE-.LS
                                 21 	.LS:
  00000004 02  ffff ffff         22 		.word	-1
  00000008 02  01                23 		.byte	1
  00000009 02  00                24 		.byte	0
  0000000a 02  04                25 		.uleb128	4
  0000000b 02  7c                26 		.sleb128	-4
  0000000c 02  6c                27 		.byte	108
  0000000d 02  0c                28 		.byte	0x0c
  0000000e 02  01                29 		.byte	1
  0000000f 02  00                30 		.byte	0
  00000010 02  08                31 		.byte	8
  00000011 02  6c                32 		.byte	108
                                 33 		.fill           (.LS-.)&3
                                 34 	.LE:
                                 35 		.section	.debug_line,,n
                                 36 	.L8:
                                 37 		.section	.text_vle,,c
                                 38 	.L4:
  00000000 00                    39 		.0byte		.L2
  00000000 03  0000 013e 0002    40 		.d2_line_start	.debug_line
  00000006 03  0000 0013 0201       	
  0000000c 03  ff04 0d00 0101       	
  00000012 03  0101 0000 0001       	
  00000018 03  0000 0100 00         	
                                 41 		.section	.debug_abbrev,,n
                                 42 	.L9:
                                 43 		.section	.debug_info,,n
                                 44 	.L2:
  00000000 05  0000 02fa         45 		.4byte		.L3-.L1
                                 46 	.L1:
  00000004 05  0002              47 		.2byte		0x2
  00000006 05  0000 0000         48 		.4byte		.L9
  0000000a 05  04                49 		.byte		0x4
                                 50 		.section	.debug_abbrev,,n
  00000000 04  01                51 		.uleb128	1
  00000001 04  11                52 		.uleb128	17
  00000002 04  01                53 		.byte		0x1
  00000003 04  01                54 		.uleb128	1
  00000004 04  13                55 		.uleb128	19
  00000005 04  03                56 		.uleb128	3
  00000006 04  08                57 		.uleb128	8
  00000007 04  25                58 		.uleb128	37
  00000008 04  08                59 		.uleb128	8
  00000009 04  1b                60 		.uleb128	27
  0000000a 04  08                61 		.uleb128	8
  0000000b 04  13                62 		.uleb128	19
  0000000c 04  0f                63 		.uleb128	15
  0000000d 04  11                64 		.uleb128	17
  0000000e 04  01                65 		.uleb128	1
  0000000f 04  12                66 		.uleb128	18
  00000010 04  01                67 		.uleb128	1
  00000011 04  10                68 		.uleb128	16
  00000012 04  06                69 		.uleb128	6
  00000013 04  00                70 		.uleb128	0
  00000014 04  00                71 		.uleb128	0
                                 72 		.section	.debug_info,,n
  0000000b 05  01                73 		.sleb128	1
  0000000c 05  0000 02fd         74 		.4byte		.L7-.L2
  00000010 05  433a 5c55 7365    75 		.byte		"C:\\Users\\ASE-Lab\\Desktop\\Neuer Ordner\\ECU2\\Template\\src\\mai
  00000016 05  7273 5c41 5345       	n.c"
  0000001c 05  2d4c 6162 5c44       	
  00000022 05  6573 6b74 6f70       	
  00000028 05  5c4e 6575 6572       	
  0000002e 05  204f                 	
  0000004e 05  00                76 		.byte		0
  0000004f 05  4469 6162 2044    77 		.byte		"Diab Data, Inc:dcc Rel 5.7.0.0:PPC5534"
  00000055 05  6174 612c 2049       	
  0000005b 05  6e63 3a64 6363       	
  00000061 05  2052 656c 2035       	
  00000067 05  2e37 2e30 2e30       	
  0000006d 05  3a50                 	
  00000075 05  00                78 		.byte		0
  00000076 05  433a 5c55 7365    79 		.byte		"C:\\Users\\ASE-Lab\\Desktop\\Neuer Ordner\\ECU2\\Template"
  0000007c 05  7273 5c41 5345       	
  00000082 05  2d4c 6162 5c44       	
  00000088 05  6573 6b74 6f70       	
  0000008e 05  5c4e 6575 6572       	
  00000094 05  204f                 	
  000000a9 05  00                80 		.byte		0
  000000aa 05  01                81 		.uleb128	1
  000000ab 05  0000 0000         82 		.4byte		.L4
  000000af 05  0000 0000         83 		.4byte		.L5
  000000b3 05  0000 0000         84 		.4byte		.L8
                                 85 		.section	.text_vle,,c
                                 86 	
                                 87 	#$$bf
                                 88 		.align		2
                                 89 		.globl		main
  00000014 02  0000 003c 0000    90 		.d2_cfa_start __local_cie
  0000001a 02  0000 0000 0000       	
  00000020 02  0000 029e            	
                                 91 	main:
                                 92 		.section	.debug_abbrev,,n
  00000015 04  02                93 		.uleb128	2
  00000016 04  2e                94 		.uleb128	46
  00000017 04  01                95 		.byte		0x1
  00000018 04  01                96 		.uleb128	1
  00000019 04  13                97 		.uleb128	19
  0000001a 04  03                98 		.uleb128	3
  0000001b 04  08                99 		.uleb128	8
  0000001c 04  3a               100 		.uleb128	58
  0000001d 04  06               101 		.uleb128	6
  0000001e 04  3b               102 		.uleb128	59
  0000001f 04  0f               103 		.uleb128	15
  00000020 04  3f               104 		.uleb128	63
  00000021 04  0c               105 		.uleb128	12
  00000022 04  27               106 		.uleb128	39
  00000023 04  0c               107 		.uleb128	12
  00000024 04  11               108 		.uleb128	17
  00000025 04  01               109 		.uleb128	1
  00000026 04  12               110 		.uleb128	18
  00000027 04  01               111 		.uleb128	1
  00000028 04  00               112 		.uleb128	0
  00000029 04  00               113 		.uleb128	0
                                114 		.section	.debug_info,,n
                                115 	.L5817:
  000000b7 05  02               116 		.sleb128	2
  000000b8 05  0000 00d1        117 		.4byte		.L5813-.L2
  000000bc 05  6d61 696e        118 		.byte		"main"
  000000c0 05  00               119 		.byte		0
  000000c1 05  0000 0001        120 		.4byte		.L5816
  000000c5 05  32               121 		.uleb128	50
  000000c6 05  01               122 		.byte		0x1
  000000c7 05  01               123 		.byte		0x1
  000000c8 05  0000 0000        124 		.4byte		.L5814
  000000cc 05  0000 0000        125 		.4byte		.L5815
                                126 		.section	.text_vle,,c
  0000001d 03  004b 0343 3a5c   127 		.d2file		"C:\\Users\\ASE-Lab\\Desktop\\Neuer Ordner\\ECU2\\Template\\src\\mai
  00000023 03  5c55 7365 7273       	n.c"
  00000029 03  5c5c 4153 452d       	
  0000002f 03  4c61 625c 5c44       	
  00000035 03  6573 6b74 6f70       	
  0000003b 03  5c5c                 	
  0000006c 03  0005 0200 0000   128 	        .d2line         51
  00000072 03  0003 320e            	
                                129 	.L5814:
  00000000 00  701f 7f60        130 		e_li		r0,-160
  00000004 00  7c21 016e        131 		stwux		r1,r1,r0
  00000024 02  420e a001        132 		.d2_cfa_def_cfa_offset	160
  00000008 00  0080             133 		se_mflr		r0,lr
                                134 	#$$br
  0000000a 00  19c1 0958        135 		e_stmw		r14,88(r1)
  00000028 02  418e 128f 1190   136 		.d2_cfa_offset_list	14,31,18,-1
  0000002e 02  1091 0f92 0e93       	
  00000034 02  0d94 0c95 0b96       	
  0000003a 02  0a97 0998 0899       	
  00000040 02  079a 069b 059c       	
  00000046 02  049d                 	
                                137 	#$$er
  0000000e 00  5401 00a4        138 		e_stw		r0,164(r1)
  0000004d 02  4111 6c7f        139 		.d2_cfa_offset    108,-1
                                140 	#$$ee
  00000076 03  0209 0a          141 		.d2prologue_end
  00000079 03  10               142 	        .d2line         53
                                143 	#$$fn 0x1ff8 0 0 0x1
                                144 	#$$tl 0x0 0x0 0x0
                                145 	#$$rs 0 s
  00000012 00  7800 0001        146 		bl		Init
  00000016 00  70f8 e3f9        147 		e_lis		r7,50169
  0000001a 00  d271             148 		se_stw		r7,8(r1)
  0000007a 03  0303 22          149 	        .d2line         56
  0000001c 00  c261             150 		se_lwz		r6,8(r1)
  0000001e 00  4817             151 		se_li		r7,1
  00000020 00  34e6 0609        152 		e_stb		r7,1545(r6)
                                153 	#$$vo
  00000024 00  70d8 e3f9        154 		e_lis		r6,50169
  00000028 00  d361             155 		se_stw		r6,12(r1)
  0000007d 03  2b               156 	        .d2line         57
  0000002a 00  c371             157 		se_lwz		r7,12(r1)
  0000002c 00  4816             158 		se_li		r6,1
  0000002e 00  34c7 062a        159 		e_stb		r6,1578(r7)
                                160 	#$$vo
  00000032 00  70f8 e3f9        161 		e_lis		r7,50169
  00000036 00  d471             162 		se_stw		r7,16(r1)
  0000007e 03  2b               163 	        .d2line         58
  00000038 00  c461             164 		se_lwz		r6,16(r1)
  0000003a 00  4817             165 		se_li		r7,1
  0000003c 00  34e6 060d        166 		e_stb		r7,1549(r6)
                                167 	#$$vo
  00000040 00  70d8 e3f9        168 		e_lis		r6,50169
  00000044 00  d561             169 		se_stw		r6,20(r1)
  0000007f 03  2b               170 	        .d2line         59
  00000046 00  c571             171 		se_lwz		r7,20(r1)
  00000048 00  4816             172 		se_li		r6,1
  0000004a 00  34c7 060c        173 		e_stb		r6,1548(r7)
                                174 	#$$vo
  0000004e 00  70f8 e3f9        175 		e_lis		r7,50169
  00000052 00  d671             176 		se_stw		r7,24(r1)
  00000080 03  2b               177 	        .d2line         60
  00000054 00  c661             178 		se_lwz		r6,24(r1)
  00000056 00  4817             179 		se_li		r7,1
  00000058 00  34e6 063e        180 		e_stb		r7,1598(r6)
                                181 	#$$vo
  0000005c 00  70d8 e3f9        182 		e_lis		r6,50169
  00000060 00  d761             183 		se_stw		r6,28(r1)
  00000081 03  2b               184 	        .d2line         61
  00000062 00  c771             185 		se_lwz		r7,28(r1)
  00000064 00  4816             186 		se_li		r6,1
  00000066 00  34c7 063d        187 		e_stb		r6,1597(r7)
                                188 	#$$vo
  0000006a 00  70f8 e3f9        189 		e_lis		r7,50169
  0000006e 00  d871             190 		se_stw		r7,32(r1)
  00000082 03  2b               191 	        .d2line         62
  00000070 00  c861             192 		se_lwz		r6,32(r1)
  00000072 00  4817             193 		se_li		r7,1
  00000074 00  34e6 063b        194 		e_stb		r7,1595(r6)
                                195 	#$$vo
  00000078 00  70d8 e3f9        196 		e_lis		r6,50169
  0000007c 00  d961             197 		se_stw		r6,36(r1)
  00000083 03  2b               198 	        .d2line         63
  0000007e 00  c971             199 		se_lwz		r7,36(r1)
  00000080 00  4816             200 		se_li		r6,1
  00000082 00  34c7 060b        201 		e_stb		r6,1547(r7)
                                202 	#$$vo
  00000086 00  70f8 e3f9        203 		e_lis		r7,50169
  0000008a 00  da71             204 		se_stw		r7,40(r1)
  00000084 03  2c               205 	        .d2line         65
  0000008c 00  70c0 6000        206 		e_li		r6,-262144
  00000090 00  db61             207 		se_stw		r6,44(r1)
  00000092 00  ca71             208 		se_lwz		r7,40(r1)
  00000094 00  cb61             209 		se_lwz		r6,44(r1)
  00000096 00  30c6 0118        210 		e_lbz		r6,280(r6)
                                211 	#$$vo
  0000009a 00  74c6 07ff        212 		e_rlwinm		r6,r6,0,31,31
  0000009e 00  34c7 0609        213 		e_stb		r6,1545(r7)
                                214 	#$$vo
  000000a2 00  70f8 e3f9        215 		e_lis		r7,50169
  000000a6 00  dc71             216 		se_stw		r7,48(r1)
  00000085 03  47               217 	        .d2line         66
  000000a8 00  70c0 6000        218 		e_li		r6,-262144
  000000ac 00  dd61             219 		se_stw		r6,52(r1)
  000000ae 00  cc71             220 		se_lwz		r7,48(r1)
  000000b0 00  cd61             221 		se_lwz		r6,52(r1)
  000000b2 00  30c6 0118        222 		e_lbz		r6,280(r6)
                                223 	#$$vo
  000000b6 00  74c6 07bd        224 		e_rlwinm		r6,r6,0,30,30
  000000ba 00  34c7 062a        225 		e_stb		r6,1578(r7)
                                226 	#$$vo
  000000be 00  70f8 e3f9        227 		e_lis		r7,50169
  000000c2 00  de71             228 		se_stw		r7,56(r1)
  00000086 03  47               229 	        .d2line         67
  000000c4 00  70c0 6000        230 		e_li		r6,-262144
  000000c8 00  df61             231 		se_stw		r6,60(r1)
  000000ca 00  ce71             232 		se_lwz		r7,56(r1)
  000000cc 00  cf61             233 		se_lwz		r6,60(r1)
  000000ce 00  30c6 0118        234 		e_lbz		r6,280(r6)
                                235 	#$$vo
  000000d2 00  74c6 077b        236 		e_rlwinm		r6,r6,0,29,29
  000000d6 00  34c7 060d        237 		e_stb		r6,1549(r7)
                                238 	#$$vo
  000000da 00  70f8 e3f9        239 		e_lis		r7,50169
  000000de 00  54e1 0040        240 		e_stw		r7,64(r1)
  00000087 03  4b               241 	        .d2line         68
  000000e2 00  70c0 6000        242 		e_li		r6,-262144
  000000e6 00  54c1 0044        243 		e_stw		r6,68(r1)
  000000ea 00  50e1 0040        244 		e_lwz		r7,64(r1)
  000000ee 00  50c1 0044        245 		e_lwz		r6,68(r1)
  000000f2 00  30c6 0128        246 		e_lbz		r6,296(r6)
                                247 	#$$vo
  000000f6 00  74c6 07ff        248 		e_rlwinm		r6,r6,0,31,31
  000000fa 00  34c7 060c        249 		e_stb		r6,1548(r7)
                                250 	#$$vo
  000000fe 00  70f8 e3f9        251 		e_lis		r7,50169
  00000102 00  54e1 0048        252 		e_stw		r7,72(r1)
  00000088 03  57               253 	        .d2line         69
  00000106 00  70c0 6000        254 		e_li		r6,-262144
  0000010a 00  54c1 004c        255 		e_stw		r6,76(r1)
  0000010e 00  50e1 0048        256 		e_lwz		r7,72(r1)
  00000112 00  50c1 004c        257 		e_lwz		r6,76(r1)
  00000116 00  30c6 0128        258 		e_lbz		r6,296(r6)
                                259 	#$$vo
  0000011a 00  74c6 07bd        260 		e_rlwinm		r6,r6,0,30,30
  0000011e 00  34c7 063e        261 		e_stb		r6,1598(r7)
                                262 	#$$vo
  00000122 00  70f8 e3f9        263 		e_lis		r7,50169
  00000126 00  54e1 0050        264 		e_stw		r7,80(r1)
  00000089 03  57               265 	        .d2line         70
  0000012a 00  70c0 6000        266 		e_li		r6,-262144
  0000012e 00  54c1 0054        267 		e_stw		r6,84(r1)
  00000132 00  50e1 0050        268 		e_lwz		r7,80(r1)
  00000136 00  50c1 0054        269 		e_lwz		r6,84(r1)
  0000013a 00  30c6 0128        270 		e_lbz		r6,296(r6)
                                271 	#$$vo
  0000013e 00  74c6 077b        272 		e_rlwinm		r6,r6,0,29,29
  00000142 00  34c7 063d        273 		e_stb		r6,1597(r7)
                                274 	#$$vo
  0000008a 03  030e 46          275 	        .d2line         84
  00000146 00  4803             276 		se_li		r3,0
  00000148 00  4e44             277 		se_li		r4,100
                                278 	#$$fn 0x1ff8 0 0 0x1
                                279 	#$$tl 0x18 0x0 0x0
                                280 	#$$rs 0 s
  0000014a 00  7800 0001        281 		bl		PIT_ConfigureTimer
  0000008d 03  1f               282 	        .d2line         85
  0000014e 00  4813             283 		se_li		r3,1
  00000150 00  7080 00c8        284 		e_li		r4,200
                                285 	#$$fn 0x1ff8 0 0 0x1
                                286 	#$$tl 0x18 0x0 0x0
                                287 	#$$rs 0 s
  00000154 00  7800 0001        288 		bl		PIT_ConfigureTimer
  0000008e 03  0303 22          289 	        .d2line         88
  00000158 00  4803             290 		se_li		r3,0
                                291 	#$$fn 0x1ff8 0 0 0x1
                                292 	#$$tl 0x8 0x0 0x0
                                293 	#$$rs 0 s
  0000015a 00  7800 0001        294 		bl		PIT_StartTimer
  00000091 03  1b               295 	        .d2line         89
  0000015e 00  4813             296 		se_li		r3,1
                                297 	#$$fn 0x1ff8 0 0 0x1
                                298 	#$$tl 0x8 0x0 0x0
                                299 	#$$rs 0 s
  00000160 00  7800 0001        300 		bl		PIT_StartTimer
                                301 	.L5788:
  00000164 00  73f8 e3f9        302 		e_lis		r31,50169
  00000092 03  030b 22          303 	        .d2line         100
  00000168 00  30df 082c        304 		e_lbz		r6,2092(r31)
                                305 	#$$vo
  0000016c 00  54c0 0000        306 		e_stw		r6,light_mode@sdarx(r0)
  00000095 03  20               307 	        .d2line         102
  00000170 00  50e0 0000        308 		e_lwz		r7,int_400_arrived@sdarx(r0)
  00000174 00  2a07             309 		se_cmpi		r7,0
  00000176 00  e629             310 		bc		1,2,.L5783	# eq
  00000096 03  0303 1e          311 	        .d2line         105
  00000178 00  50e0 0000        312 		e_lwz		r7,light_mode@sdarx(r0)
  0000017c 00  2a07             313 		se_cmpi		r7,0
  0000017e 00  e210             314 		bc		0,2,.L5782	# ne
  00000099 03  20               315 	        .d2line         107
  00000180 00  50e0 0000        316 		e_lwz		r7,light_value@sdarx(r0)
  00000184 00  1807 a902        317 		cmpi		0,0,r7,512
  00000188 00  e006             318 		bc		0,0,.L5781	# ge
  0000018a 00  73d8 e3f9        319 		e_lis		r30,50169
  0000009a 03  2b               320 	        .d2line         108
  0000018e 00  4806             321 		se_li		r6,0
  00000190 00  34de 063e        322 		e_stb		r6,1598(r30)
                                323 	#$$vo
                                324 	.L5781:
  00000194 00  73b8 e3f9        325 		e_lis		r29,50169
  0000009b 03  23               326 	        .d2line         109
  00000198 00  4806             327 		se_li		r6,0
  0000019a 00  34dd 063d        328 		e_stb		r6,1597(r29)
                                329 	#$$vo
                                330 	.L5782:
  0000019e 00  7380 6000        331 		e_li		r28,-262144
  0000009c 03  0303 22          332 	        .d2line         112
  000001a2 00  30c0 0000        333 		e_lbz		r6,light_states@sdarx(r0)
                                334 	#$$vo
  000001a6 00  34dc 0108        335 		e_stb		r6,264(r28)
                                336 	#$$vo
  000001aa 00  7360 6000        337 		e_li		r27,-262144
  0000009f 03  27               338 	        .d2line         113
  000001ae 00  1a3b 8101        339 		e_addi		r17,r27,256
  000001b2 00  50f1 0000        340 		e_lwz		r7,0(r17)
                                341 	#$$vo
  000001b6 00  74e7 0207        342 		e_rlwinm		r7,r7,0,8,3
  000001ba 00  18e7 d30c        343 		e_ori		r7,r7,201326592
  000001be 00  54f1 0000        344 		e_stw		r7,0(r17)
                                345 	#$$vo
  000000a0 03  38               346 	        .d2line         115
  000001c2 00  4806             347 		se_li		r6,0
  000001c4 00  54c0 0000        348 		e_stw		r6,int_400_arrived@sdarx(r0)
                                349 	.L5783:
  000000a1 03  0309 1a          350 	        .d2line         124
  000001c8 00  50e0 0000        351 		e_lwz		r7,int_100_arrived@sdarx(r0)
  000001cc 00  2a07             352 		se_cmpi		r7,0
  000001ce 00  e628             353 		bc		1,2,.L5784	# eq
  000001d0 00  735f e7e0        354 		e_lis		r26,65504
  000000a4 03  0303 26          355 	        .d2line         127
  000001d4 00  50da 0110        356 		e_lwz		r6,272(r26)
                                357 	#$$vo
  000001d8 00  74c6 053f        358 		e_rlwinm		r6,r6,0,20,31
  000001dc 00  7006 a12d        359 		e_mulli		r6,r6,301
  000001e0 00  68a6             360 		se_srwi		r6,10
  000001e2 00  54c0 0000        361 		e_stw		r6,non_driven_wheels_speed@sdarx(r0)
  000001e6 00  7320 6000        362 		e_li		r25,-262144
  000000a7 03  3b               363 	        .d2line         128
  000001ea 00  50c0 0000        364 		e_lwz		r6,non_driven_wheels_speed@sdarx(r0)
  000001ee 00  34d9 0118        365 		e_stb		r6,280(r25)
                                366 	#$$vo
  000001f2 00  7300 6000        367 		e_li		r24,-262144
  000000a8 03  27               368 	        .d2line         129
  000001f6 00  50c0 0000        369 		e_lwz		r6,non_driven_wheels_speed@sdarx(r0)
  000001fa 00  6a86             370 		se_srawi		r6,8
  000001fc 00  34d8 0119        371 		e_stb		r6,281(r24)
                                372 	#$$vo
  00000200 00  72e0 6000        373 		e_li		r23,-262144
  000000a9 03  2b               374 	        .d2line         130
  00000204 00  1e17 0110        375 		e_add16i	r16,r23,272
  00000208 00  50f0 0000        376 		e_lwz		r7,0(r16)
                                377 	#$$vo
  0000020c 00  74e7 0207        378 		e_rlwinm		r7,r7,0,8,3
  00000210 00  18e7 d30c        379 		e_ori		r7,r7,201326592
  00000214 00  54f0 0000        380 		e_stw		r7,0(r16)
                                381 	#$$vo
  000000aa 03  38               382 	        .d2line         132
  00000218 00  4806             383 		se_li		r6,0
  0000021a 00  54c0 0000        384 		e_stw		r6,int_100_arrived@sdarx(r0)
                                385 	.L5784:
  000000ab 03  0303 1a          386 	        .d2line         135
  0000021e 00  50e0 0000        387 		e_lwz		r7,int_200_arrived@sdarx(r0)
  00000222 00  2a07             388 		se_cmpi		r7,0
  00000224 00  e6a0             389 		bc		1,2,.L5788	# eq
  00000226 00  72c0 6000        390 		e_li		r22,-262144
  000000ae 03  0303 26          391 	        .d2line         138
  0000022a 00  1df6 0120        392 		e_add16i	r15,r22,288
  0000022e 00  50ef 0000        393 		e_lwz		r7,0(r15)
                                394 	#$$vo
  00000232 00  74e7 0207        395 		e_rlwinm		r7,r7,0,8,3
  00000236 00  18e7 d30c        396 		e_ori		r7,r7,201326592
  0000023a 00  54ef 0000        397 		e_stw		r7,0(r15)
                                398 	#$$vo
  000000b1 03  0303 36          399 	        .d2line         141
  0000023e 00  50c0 0000        400 		e_lwz		r6,door_control_is_alive@sdarx(r0)
  00000242 00  2a06             401 		se_cmpi		r6,0
  00000244 00  e218             402 		bc		0,2,.L5785	# ne
  00000246 00  72a0 6000        403 		e_li		r21,-262144
  000000b4 03  28               404 	        .d2line         143
  0000024a 00  1dd5 0130        405 		e_add16i	r14,r21,304
  0000024e 00  50ee 0000        406 		e_lwz		r7,0(r14)
                                407 	#$$vo
  00000252 00  74e7 0207        408 		e_rlwinm		r7,r7,0,8,3
  00000256 00  18e7 d30c        409 		e_ori		r7,r7,201326592
  0000025a 00  54ee 0000        410 		e_stw		r7,0(r14)
                                411 	#$$vo
  0000025e 00  7298 e3f9        412 		e_lis		r20,50169
  000000b5 03  3f               413 	        .d2line         144
  00000262 00  7278 e3f9        414 		e_lis		r19,50169
  00000266 00  30d3 060b        415 		e_lbz		r6,1547(r19)
                                416 	#$$vo
  0000026a 00  7cc6 30f8        417 		nor		r6,r6,r6
  0000026e 00  34d4 060b        418 		e_stb		r6,1547(r20)
                                419 	#$$vo
  00000272 00  e809             420 		b		.L5786
                                421 	.L5785:
  000000b6 03  0304 32          422 	        .d2line         148
  00000274 00  4807             423 		se_li		r7,0
  00000276 00  54e0 0000        424 		e_stw		r7,door_control_is_alive@sdarx(r0)
  0000027a 00  7258 e3f9        425 		e_lis		r18,50169
  000000b9 03  23               426 	        .d2line         149
  0000027e 00  4817             427 		se_li		r7,1
  00000280 00  34f2 060b        428 		e_stb		r7,1547(r18)
                                429 	#$$vo
                                430 	.L5786:
  000000ba 03  0303 1a          431 	        .d2line         152
  00000284 00  4807             432 		se_li		r7,0
  00000286 00  54e0 0000        433 		e_stw		r7,int_200_arrived@sdarx(r0)
  000000bd 03  1c               434 	        .d2line         154
  0000028a 00  79ff feda        435 		b		.L5788
  000000be 03  17               436 	        .d2line         155
                                437 	#$$be
  000000bf 03  0200 0b01        438 		.d2epilogue_begin
                                439 	#$$br
  0000028e 00  19c1 0858        440 		e_lmw		r14,88(r1)
                                441 	#$$er
  00000292 00  5001 00a4        442 		e_lwz		r0,164(r1)
  00000296 00  0090             443 		se_mtlr		r0
  00000298 00  1821 80a0        444 		e_addi		r1,r1,160
                                445 	#$$tl 0x0 0x0 0x0
  0000029c 00  0004             446 		se_blr
                                447 	#$$ef
                                448 		.d2_cfa_end 2
                                449 		.section	.debug_info,,n
  000000d0 05  00               450 		.sleb128	0
                                451 	.L5813:
                                452 		.section	.text_vle,,c
                                453 	.L5815:
                                454 		.type		main,@function
                                455 		.size		main,.-main
                                456 	# Number of nodes = 196
                                457 	
                                458 	# Allocations for main
                                459 	#	SP,8		$$1
                                460 	#	SP,12		$$2
                                461 	#	SP,16		$$3
                                462 	#	SP,20		$$4
                                463 	#	SP,24		$$5
                                464 	#	SP,28		$$6
                                465 	#	SP,32		$$7
                                466 	#	SP,36		$$8
                                467 	#	SP,40		$$9
                                468 	#	SP,44		$$10
                                469 	#	SP,48		$$11
                                470 	#	SP,52		$$12
                                471 	#	SP,56		$$13
                                472 	#	SP,60		$$14
                                473 	#	SP,64		$$15
                                474 	#	SP,68		$$16
                                475 	#	SP,72		$$17
                                476 	#	SP,76		$$18
                                477 	#	SP,80		$$19
                                478 	#	SP,84		$$20
                                479 	#	r31		$$21
                                480 	#	r30		$$22
                                481 	#	r29		$$23
                                482 	#	r28		$$24
                                483 	#	r27		$$25
                                484 	#	r26		$$26
                                485 	#	r25		$$27
                                486 	#	r24		$$28
                                487 	#	r23		$$29
                                488 	#	r22		$$30
                                489 	#	r21		$$31
                                490 	#	r20		$$32
                                491 	#	r19		$$33
                                492 	#	r18		$$34
                                493 	#	r17		$$35
                                494 	#	r16		$$36
                                495 	#	r15		$$37
                                496 	#	r14		$$38
                                497 	
                                498 	#$$bf
                                499 		.align		2
                                500 		.globl		PITCHANNEL0
  00000054 02  0000 0018 0000   501 		.d2_cfa_start __local_cie
  0000005a 02  0000 0000 0000       	
  00000060 02  0000 002c            	
                                502 	PITCHANNEL0:
                                503 		.section	.debug_info,,n
                                504 	.L5822:
  000000d1 05  02               505 		.sleb128	2
  000000d2 05  0000 00f3        506 		.4byte		.L5819-.L2
  000000d6 05  5049 5443 4841   507 		.byte		"PITCHANNEL0"
  000000dc 05  4e4e 454c 30         	
  000000e1 05  00               508 		.byte		0
  000000e2 05  0000 0001        509 		.4byte		.L5816
  000000e6 05  a101             510 		.uleb128	161
  000000e8 05  01               511 		.byte		0x1
  000000e9 05  01               512 		.byte		0x1
  000000ea 05  0000 0000        513 		.4byte		.L5820
  000000ee 05  0000 0000        514 		.4byte		.L5821
                                515 		.section	.text_vle,,c
  000000c3 03  0307 32          516 	        .d2line         162
                                517 	.L5820:
  000002a0 00  1821 06f0        518 		e_stwu		r1,-16(r1)
  00000064 02  410e 10          519 		.d2_cfa_def_cfa_offset	16
  000002a4 00  0080             520 		se_mflr		r0,lr
                                521 	#$$br
  000002a6 00  1bc1 0908        522 		e_stmw		r30,8(r1)
  00000067 02  419e 029f 01     523 		.d2_cfa_offset_list	30,31,2,-1
                                524 	#$$er
  000002aa 00  d501             525 		se_stw		r0,20(r1)
  0000006c 02  116c 7f          526 		.d2_cfa_offset    108,-1
                                527 	#$$ee
  000000c6 03  0206 0a          528 		.d2prologue_end
  000000c9 03  0f               529 	        .d2line         163
  000002ac 00  4817             530 		se_li		r7,1
  000002ae 00  54e0 0000        531 		e_stw		r7,int_100_arrived@sdarx(r0)
  000002b2 00  73f8 e3ff        532 		e_lis		r31,50175
  000000ca 03  24               533 	        .d2line         165
  000002b6 00  1fdf 010c        534 		e_add16i	r30,r31,268
  000002ba 00  c06e             535 		se_lwz		r6,0(r30)
                                536 	#$$vo
  000002bc 00  65f6             537 		se_bseti		r6,31
  000002be 00  d06e             538 		se_stw		r6,0(r30)
                                539 	#$$vo
  000000cb 03  23               540 	        .d2line         166
                                541 	#$$be
  000000cc 03  0200 0b01        542 		.d2epilogue_begin
                                543 	#$$br
  000002c0 00  1bc1 0808        544 		e_lmw		r30,8(r1)
                                545 	#$$er
  000002c4 00  c501             546 		se_lwz		r0,20(r1)
  000002c6 00  0090             547 		se_mtlr		r0
  000002c8 00  20f1             548 		se_addi		r1,16
                                549 	#$$tl 0x0 0x0 0x0
  000002ca 00  0004             550 		se_blr
                                551 	#$$ef
                                552 		.d2_cfa_end 2
                                553 		.section	.debug_info,,n
  000000f2 05  00               554 		.sleb128	0
                                555 	.L5819:
                                556 		.section	.text_vle,,c
                                557 	.L5821:
                                558 		.type		PITCHANNEL0,@function
                                559 		.size		PITCHANNEL0,.-PITCHANNEL0
                                560 	# Number of nodes = 8
                                561 	
                                562 	# Allocations for PITCHANNEL0
                                563 	#	r31		$$39
                                564 	#	r30		$$40
                                565 	
                                566 	#$$bf
                                567 		.align		2
                                568 		.globl		PITCHANNEL1
  00000070 02  0000 0018 0000   569 		.d2_cfa_start __local_cie
  00000076 02  0000 0000 0000       	
  0000007c 02  0000 0048            	
                                570 	PITCHANNEL1:
                                571 		.section	.debug_info,,n
                                572 	.L5827:
  000000f3 05  02               573 		.sleb128	2
  000000f4 05  0000 0115        574 		.4byte		.L5824-.L2
  000000f8 05  5049 5443 4841   575 		.byte		"PITCHANNEL1"
  000000fe 05  4e4e 454c 31         	
  00000103 05  00               576 		.byte		0
  00000104 05  0000 0001        577 		.4byte		.L5816
  00000108 05  a801             578 		.uleb128	168
  0000010a 05  01               579 		.byte		0x1
  0000010b 05  01               580 		.byte		0x1
  0000010c 05  0000 0000        581 		.4byte		.L5825
  00000110 05  0000 0000        582 		.4byte		.L5826
                                583 		.section	.text_vle,,c
  000000d0 03  0303 26          584 	        .d2line         169
                                585 	.L5825:
  000002cc 00  1821 06f0        586 		e_stwu		r1,-16(r1)
  00000080 02  410e 10          587 		.d2_cfa_def_cfa_offset	16
  000002d0 00  0080             588 		se_mflr		r0,lr
                                589 	#$$br
  000002d2 00  1bc1 0908        590 		e_stmw		r30,8(r1)
  00000083 02  419e 029f 01     591 		.d2_cfa_offset_list	30,31,2,-1
                                592 	#$$er
  000002d6 00  d501             593 		se_stw		r0,20(r1)
  00000088 02  116c 7f          594 		.d2_cfa_offset    108,-1
                                595 	#$$ee
  000000d3 03  0206 0a          596 		.d2prologue_end
  000000d6 03  0f               597 	        .d2line         170
  000002d8 00  4817             598 		se_li		r7,1
  000002da 00  54e0 0000        599 		e_stw		r7,int_200_arrived@sdarx(r0)
  000000d7 03  1c               600 	        .d2line         172
  000002de 00  50c0 0000        601 		e_lwz		r6,second_int@sdarx(r0)
  000002e2 00  2a16             602 		se_cmpi		r6,1
  000002e4 00  e208             603 		bc		0,2,.L5791	# ne
  000000d8 03  1f               604 	        .d2line         173
  000002e6 00  4817             605 		se_li		r7,1
  000002e8 00  54e0 0000        606 		e_stw		r7,int_400_arrived@sdarx(r0)
  000000d9 03  1b               607 	        .d2line         174
  000002ec 00  4806             608 		se_li		r6,0
  000002ee 00  54c0 0000        609 		e_stw		r6,second_int@sdarx(r0)
  000002f2 00  e804             610 		b		.L5792
                                611 	.L5791:
  000000da 03  20               612 	        .d2line         176
  000002f4 00  4817             613 		se_li		r7,1
  000002f6 00  54e0 0000        614 		e_stw		r7,second_int@sdarx(r0)
                                615 	.L5792:
  000002fa 00  73f8 e3ff        616 		e_lis		r31,50175
  000000db 03  24               617 	        .d2line         178
  000002fe 00  1fdf 011c        618 		e_add16i	r30,r31,284
  00000302 00  c07e             619 		se_lwz		r7,0(r30)
                                620 	#$$vo
  00000304 00  65f7             621 		se_bseti		r7,31
  00000306 00  d07e             622 		se_stw		r7,0(r30)
                                623 	#$$vo
  000000dc 03  23               624 	        .d2line         179
                                625 	#$$be
  000000dd 03  0200 0b01        626 		.d2epilogue_begin
                                627 	#$$br
  00000308 00  1bc1 0808        628 		e_lmw		r30,8(r1)
                                629 	#$$er
  0000030c 00  c501             630 		se_lwz		r0,20(r1)
  0000030e 00  0090             631 		se_mtlr		r0
  00000310 00  20f1             632 		se_addi		r1,16
                                633 	#$$tl 0x0 0x0 0x0
  00000312 00  0004             634 		se_blr
                                635 	#$$ef
                                636 		.d2_cfa_end 2
                                637 		.section	.debug_info,,n
  00000114 05  00               638 		.sleb128	0
                                639 	.L5824:
                                640 		.section	.text_vle,,c
                                641 	.L5826:
                                642 		.type		PITCHANNEL1,@function
                                643 		.size		PITCHANNEL1,.-PITCHANNEL1
                                644 	# Number of nodes = 21
                                645 	
                                646 	# Allocations for PITCHANNEL1
                                647 	#	r31		$$41
                                648 	#	r30		$$42
                                649 	
                                650 	#$$bf
                                651 		.align		2
                                652 		.globl		CANMB0407
  0000008c 02  0000 0038 0000   653 		.d2_cfa_start __local_cie
  00000092 02  0000 0000 0000       	
  00000098 02  0000 013a            	
                                654 	CANMB0407:
                                655 		.section	.debug_info,,n
                                656 	.L5833:
  00000115 05  02               657 		.sleb128	2
  00000116 05  0000 0135        658 		.4byte		.L5830-.L2
  0000011a 05  4341 4e4d 4230   659 		.byte		"CANMB0407"
  00000120 05  3430 37              	
  00000123 05  00               660 		.byte		0
  00000124 05  0000 0001        661 		.4byte		.L5816
  00000128 05  b601             662 		.uleb128	182
  0000012a 05  01               663 		.byte		0x1
  0000012b 05  01               664 		.byte		0x1
  0000012c 05  0000 0000        665 		.4byte		.L5831
  00000130 05  0000 0000        666 		.4byte		.L5832
                                667 		.section	.text_vle,,c
  000000e1 03  0304 26          668 	        .d2line         183
                                669 	.L5831:
  00000314 00  1821 06a0        670 		e_stwu		r1,-96(r1)
  0000009c 02  410e 60          671 		.d2_cfa_def_cfa_offset	96
  00000318 00  0080             672 		se_mflr		r0,lr
                                673 	#$$br
  0000031a 00  19c1 0918        674 		e_stmw		r14,24(r1)
  0000009f 02  418e 128f 1190   675 		.d2_cfa_offset_list	14,31,18,-1
  000000a5 02  1091 0f92 0e93       	
  000000ab 02  0d94 0c95 0b96       	
  000000b1 02  0a97 0998 0899       	
  000000b7 02  079a 069b 059c       	
  000000bd 02  049d                 	
                                676 	#$$er
  0000031e 00  5401 0064        677 		e_stw		r0,100(r1)
  000000c4 02  4111 6c7f        678 		.d2_cfa_offset    108,-1
                                679 	#$$ee
  000000e4 03  0207 0a          680 		.d2prologue_end
  00000322 00  70e0 6000        681 		e_li		r7,-262144
  00000326 00  d271             682 		se_stw		r7,8(r1)
  000000e7 03  030d 1a          683 	        .d2line         196
  00000328 00  c261             684 		se_lwz		r6,8(r1)
  0000032a 00  cc66             685 		se_lwz		r6,48(r6)
                                686 	#$$vo
  0000032c 00  67a6             687 		se_btsti		r6,26
  0000032e 00  e66c             688 		bc		1,2,.L5828	# eq
  00000330 00  70e0 6000        689 		e_li		r7,-262144
  00000334 00  d371             690 		se_stw		r7,12(r1)
  000000ea 03  2b               691 	        .d2line         197
  00000336 00  c361             692 		se_lwz		r6,12(r1)
  00000338 00  50c6 0084        693 		e_lwz		r6,132(r6)
                                694 	#$$vo
  0000033c 00  74cb 757f        695 		e_rlwinm		r11,r6,14,21,31
  00000340 00  700b 9901        696 		cmpi		0,0,r11,257
  00000344 00  e60b             697 		bc		1,2,.L5795
  00000346 00  700b 9c02        698 		cmpi		0,0,r11,1026
  0000034a 00  e624             699 		bc		1,2,.L5796
  0000034c 00  700b 9c04        700 		cmpi		0,0,r11,1028
  00000350 00  e64e             701 		bc		1,2,.L5798
  00000352 00  700b 9d03        702 		cmpi		0,0,r11,1283
  00000356 00  e634             703 		bc		1,2,.L5797
  00000358 00  e857             704 		b		.L5799
                                705 	.L5795:
  000000eb 03  57               706 	        .d2line         198
  0000035a 00  70e0 6000        707 		e_li		r7,-262144
  0000035e 00  d471             708 		se_stw		r7,16(r1)
  000000ec 03  1b               709 	        .d2line         199
  00000360 00  70c0 6000        710 		e_li		r6,-262144
  00000364 00  d561             711 		se_stw		r6,20(r1)
  00000366 00  c471             712 		se_lwz		r7,16(r1)
  00000368 00  30e7 0089        713 		e_lbz		r7,137(r7)
                                714 	#$$vo
  0000036c 00  74e7 442f        715 		e_rlwinm		r7,r7,8,16,23
  00000370 00  c561             716 		se_lwz		r6,20(r1)
  00000372 00  30c6 0088        717 		e_lbz		r6,136(r6)
                                718 	#$$vo
  00000376 00  4467             719 		se_or		r7,r6
  00000378 00  54e0 0000        720 		e_stw		r7,light_value@sdarx(r0)
  0000037c 00  7378 e3f9        721 		e_lis		r27,50169
  000000ed 03  4f               722 	        .d2line         200
  00000380 00  7358 e3f9        723 		e_lis		r26,50169
  00000384 00  30fa 0609        724 		e_lbz		r7,1545(r26)
                                725 	#$$vo
  00000388 00  7ce7 38f8        726 		nor		r7,r7,r7
  0000038c 00  34fb 0609        727 		e_stb		r7,1545(r27)
                                728 	#$$vo
  000000ee 03  2f               729 	        .d2line         201
  00000390 00  e83b             730 		b		.L5799
                                731 	.L5796:
  000000ef 03  13               732 	        .d2line         202
  00000392 00  7320 6000        733 		e_li		r25,-262144
  000000f0 03  17               734 	        .d2line         203
  00000396 00  30c0 0000        735 		e_lbz		r6,light_states@sdarx(r0)
  0000039a 00  74c6 0639        736 		e_rlwinm		r6,r6,0,24,28
  0000039e 00  30f9 0088        737 		e_lbz		r7,136(r25)
                                738 	#$$vo
  000003a2 00  4476             739 		se_or		r6,r7
  000003a4 00  34c0 0000        740 		e_stb		r6,light_states@sdarx(r0)
  000003a8 00  7318 e3f9        741 		e_lis		r24,50169
  000000f1 03  3b               742 	        .d2line         204
  000003ac 00  72f8 e3f9        743 		e_lis		r23,50169
  000003b0 00  30d7 062a        744 		e_lbz		r6,1578(r23)
                                745 	#$$vo
  000003b4 00  7cc6 30f8        746 		nor		r6,r6,r6
  000003b8 00  34d8 062a        747 		e_stb		r6,1578(r24)
                                748 	#$$vo
  000000f2 03  2f               749 	        .d2line         205
  000003bc 00  e825             750 		b		.L5799
                                751 	.L5797:
  000000f3 03  13               752 	        .d2line         206
  000003be 00  72c0 6000        753 		e_li		r22,-262144
  000000f4 03  17               754 	        .d2line         207
  000003c2 00  30c0 0000        755 		e_lbz		r6,light_states@sdarx(r0)
  000003c6 00  74c6 077f        756 		e_rlwinm		r6,r6,0,29,31
  000003ca 00  30f6 0088        757 		e_lbz		r7,136(r22)
                                758 	#$$vo
  000003ce 00  6c37             759 		se_slwi		r7,3
  000003d0 00  4476             760 		se_or		r6,r7
  000003d2 00  34c0 0000        761 		e_stb		r6,light_states@sdarx(r0)
  000003d6 00  72b8 e3f9        762 		e_lis		r21,50169
  000000f5 03  3f               763 	        .d2line         208
  000003da 00  7298 e3f9        764 		e_lis		r20,50169
  000003de 00  30d4 060d        765 		e_lbz		r6,1549(r20)
                                766 	#$$vo
  000003e2 00  7cc6 30f8        767 		nor		r6,r6,r6
  000003e6 00  34d5 060d        768 		e_stb		r6,1549(r21)
                                769 	#$$vo
  000000f6 03  2f               770 	        .d2line         209
  000003ea 00  e80e             771 		b		.L5799
                                772 	.L5798:
  000000f7 03  13               773 	        .d2line         210
  000000f8 03  0f               774 	        .d2line         211
  000003ec 00  4817             775 		se_li		r7,1
  000003ee 00  54e0 0000        776 		e_stw		r7,door_control_is_alive@sdarx(r0)
  000003f2 00  7278 e3f9        777 		e_lis		r19,50169
  000000f9 03  23               778 	        .d2line         212
  000003f6 00  7258 e3f9        779 		e_lis		r18,50169
  000003fa 00  30d2 060c        780 		e_lbz		r6,1548(r18)
                                781 	#$$vo
  000003fe 00  7cc6 30f8        782 		nor		r6,r6,r6
  00000402 00  34d3 060c        783 		e_stb		r6,1548(r19)
                                784 	#$$vo
                                785 	.L5799:
                                786 	.L5828:
  00000406 00  7220 6000        787 		e_li		r17,-262144
  000000fa 03  0307 36          788 	        .d2line         219
  0000040a 00  1bf1 8030        789 		e_addi		r31,r17,48
  0000040e 00  c07f             790 		se_lwz		r7,0(r31)
                                791 	#$$vo
  00000410 00  65b7             792 		se_bseti		r7,27
  00000412 00  d07f             793 		se_stw		r7,0(r31)
                                794 	#$$vo
  00000414 00  7200 6000        795 		e_li		r16,-262144
  000000fd 03  2b               796 	        .d2line         220
  00000418 00  1bd0 8030        797 		e_addi		r30,r16,48
  0000041c 00  c06e             798 		se_lwz		r6,0(r30)
                                799 	#$$vo
  0000041e 00  65a6             800 		se_bseti		r6,26
  00000420 00  d06e             801 		se_stw		r6,0(r30)
                                802 	#$$vo
  00000422 00  71e0 6000        803 		e_li		r15,-262144
  000000fe 03  2b               804 	        .d2line         221
  00000426 00  1baf 8030        805 		e_addi		r29,r15,48
  0000042a 00  c07d             806 		se_lwz		r7,0(r29)
                                807 	#$$vo
  0000042c 00  6597             808 		se_bseti		r7,25
  0000042e 00  d07d             809 		se_stw		r7,0(r29)
                                810 	#$$vo
  00000430 00  71c0 6000        811 		e_li		r14,-262144
  000000ff 03  2b               812 	        .d2line         222
  00000434 00  1b8e 8030        813 		e_addi		r28,r14,48
  00000438 00  c06c             814 		se_lwz		r6,0(r28)
                                815 	#$$vo
  0000043a 00  6586             816 		se_bseti		r6,24
  0000043c 00  d06c             817 		se_stw		r6,0(r28)
                                818 	#$$vo
  00000100 03  23               819 	        .d2line         223
                                820 	#$$be
  00000101 03  0200 0b01        821 		.d2epilogue_begin
                                822 	#$$br
  0000043e 00  19c1 0818        823 		e_lmw		r14,24(r1)
                                824 	#$$er
  00000442 00  5001 0064        825 		e_lwz		r0,100(r1)
  00000446 00  0090             826 		se_mtlr		r0
  00000448 00  1821 8060        827 		e_addi		r1,r1,96
                                828 	#$$tl 0x0 0x0 0x0
  0000044c 00  0004             829 		se_blr
                                830 	#$$ef
                                831 		.d2_cfa_end 2
                                832 		.section	.debug_info,,n
  00000134 05  00               833 		.sleb128	0
                                834 	.L5830:
                                835 		.section	.text_vle,,c
                                836 	.L5832:
                                837 		.type		CANMB0407,@function
                                838 		.size		CANMB0407,.-CANMB0407
                                839 	# Number of nodes = 89
                                840 	
                                841 	# Allocations for CANMB0407
                                842 	#	SP,8		$$43
                                843 	#	SP,12		$$44
                                844 	#	SP,16		$$45
                                845 	#	SP,20		$$46
                                846 	#	r27		$$47
                                847 	#	r26		$$48
                                848 	#	r25		$$49
                                849 	#	r24		$$50
                                850 	#	r23		$$51
                                851 	#	r22		$$52
                                852 	#	r21		$$53
                                853 	#	r20		$$54
                                854 	#	r19		$$55
                                855 	#	r18		$$56
                                856 	#	r17		$$57
                                857 	#	r16		$$58
                                858 	#	r15		$$59
                                859 	#	r14		$$60
                                860 	#	r31		$$61
                                861 	#	r30		$$62
                                862 	#	r29		$$63
                                863 	#	r28		$$64
                                864 	
                                865 	#$$bf
                                866 		.align		2
                                867 		.globl		CANMB0003
  000000c8 02  0000 0024 0000   868 		.d2_cfa_start __local_cie
  000000ce 02  0000 0000 0000       	
  000000d4 02  0000 0052            	
                                869 	CANMB0003:
                                870 		.section	.debug_info,,n
                                871 	.L5838:
  00000135 05  02               872 		.sleb128	2
  00000136 05  0000 0155        873 		.4byte		.L5835-.L2
  0000013a 05  4341 4e4d 4230   874 		.byte		"CANMB0003"
  00000140 05  3030 33              	
  00000143 05  00               875 		.byte		0
  00000144 05  0000 0001        876 		.4byte		.L5816
  00000148 05  e501             877 		.uleb128	229
  0000014a 05  01               878 		.byte		0x1
  0000014b 05  01               879 		.byte		0x1
  0000014c 05  0000 0000        880 		.4byte		.L5836
  00000150 05  0000 0000        881 		.4byte		.L5837
                                882 		.section	.text_vle,,c
  00000105 03  0307 32          883 	        .d2line         230
                                884 	.L5836:
  00000450 00  1821 06d0        885 		e_stwu		r1,-48(r1)
  000000d8 02  410e 30          886 		.d2_cfa_def_cfa_offset	48
  00000454 00  0080             887 		se_mflr		r0,lr
                                888 	#$$br
  00000456 00  1b01 0910        889 		e_stmw		r24,16(r1)
  000000db 02  4198 0899 079a   890 		.d2_cfa_offset_list	24,31,8,-1
  000000e1 02  069b 059c 049d       	
  000000e7 02  039e 029f 01         	
                                891 	#$$er
  0000045a 00  dd01             892 		se_stw		r0,52(r1)
  000000ec 02  116c 7f          893 		.d2_cfa_offset    108,-1
                                894 	#$$ee
  00000108 03  0206 0a          895 		.d2prologue_end
  0000045c 00  73e0 6000        896 		e_li		r31,-262144
  0000010b 03  0303 16          897 	        .d2line         233
  00000460 00  1b7f 8030        898 		e_addi		r27,r31,48
  00000464 00  c07b             899 		se_lwz		r7,0(r27)
                                900 	#$$vo
  00000466 00  65f7             901 		se_bseti		r7,31
  00000468 00  d07b             902 		se_stw		r7,0(r27)
                                903 	#$$vo
  0000046a 00  73c0 6000        904 		e_li		r30,-262144
  0000010e 03  2b               905 	        .d2line         234
  0000046e 00  1b5e 8030        906 		e_addi		r26,r30,48
  00000472 00  c06a             907 		se_lwz		r6,0(r26)
                                908 	#$$vo
  00000474 00  65e6             909 		se_bseti		r6,30
  00000476 00  d06a             910 		se_stw		r6,0(r26)
                                911 	#$$vo
  00000478 00  73a0 6000        912 		e_li		r29,-262144
  0000010f 03  2b               913 	        .d2line         235
  0000047c 00  1b3d 8030        914 		e_addi		r25,r29,48
  00000480 00  c079             915 		se_lwz		r7,0(r25)
                                916 	#$$vo
  00000482 00  65d7             917 		se_bseti		r7,29
  00000484 00  d079             918 		se_stw		r7,0(r25)
                                919 	#$$vo
  00000486 00  7380 6000        920 		e_li		r28,-262144
  00000110 03  2b               921 	        .d2line         236
  0000048a 00  1b1c 8030        922 		e_addi		r24,r28,48
  0000048e 00  c068             923 		se_lwz		r6,0(r24)
                                924 	#$$vo
  00000490 00  65c6             925 		se_bseti		r6,28
  00000492 00  d068             926 		se_stw		r6,0(r24)
                                927 	#$$vo
  00000111 03  23               928 	        .d2line         237
                                929 	#$$be
  00000112 03  0200 0b01        930 		.d2epilogue_begin
                                931 	#$$br
  00000494 00  1b01 0810        932 		e_lmw		r24,16(r1)
                                933 	#$$er
  00000498 00  cd01             934 		se_lwz		r0,52(r1)
  0000049a 00  0090             935 		se_mtlr		r0
  0000049c 00  1821 8030        936 		e_addi		r1,r1,48
                                937 	#$$tl 0x0 0x0 0x0
  000004a0 00  0004             938 		se_blr
                                939 	#$$ef
                                940 		.d2_cfa_end 2
                                941 		.section	.debug_info,,n
  00000154 05  00               942 		.sleb128	0
                                943 	.L5835:
                                944 		.section	.text_vle,,c
                                945 	.L5837:
                                946 		.type		CANMB0003,@function
                                947 		.size		CANMB0003,.-CANMB0003
                                948 	# Number of nodes = 20
                                949 	
                                950 	# Allocations for CANMB0003
                                951 	#	r31		$$65
                                952 	#	r30		$$66
                                953 	#	r29		$$67
                                954 	#	r28		$$68
                                955 	#	r27		$$69
                                956 	#	r26		$$70
                                957 	#	r25		$$71
                                958 	#	r24		$$72
                                959 	
                                960 	#$$bf
                                961 		.align		2
                                962 		.globl		CANMB0811
  000000f0 02  0000 0024 0000   963 		.d2_cfa_start __local_cie
  000000f6 02  0000 0000 0000       	
  000000fc 02  0000 0052            	
                                964 	CANMB0811:
                                965 		.section	.debug_info,,n
                                966 	.L5843:
  00000155 05  02               967 		.sleb128	2
  00000156 05  0000 0175        968 		.4byte		.L5840-.L2
  0000015a 05  4341 4e4d 4230   969 		.byte		"CANMB0811"
  00000160 05  3831 31              	
  00000163 05  00               970 		.byte		0
  00000164 05  0000 0001        971 		.4byte		.L5816
  00000168 05  ef01             972 		.uleb128	239
  0000016a 05  01               973 		.byte		0x1
  0000016b 05  01               974 		.byte		0x1
  0000016c 05  0000 0000        975 		.4byte		.L5841
  00000170 05  0000 0000        976 		.4byte		.L5842
                                977 		.section	.text_vle,,c
  00000116 03  0303 2e          978 	        .d2line         240
                                979 	.L5841:
  000004a4 00  1821 06d0        980 		e_stwu		r1,-48(r1)
  00000100 02  410e 30          981 		.d2_cfa_def_cfa_offset	48
  000004a8 00  0080             982 		se_mflr		r0,lr
                                983 	#$$br
  000004aa 00  1b01 0910        984 		e_stmw		r24,16(r1)
  00000103 02  4198 0899 079a   985 		.d2_cfa_offset_list	24,31,8,-1
  00000109 02  069b 059c 049d       	
  0000010f 02  039e 029f 01         	
                                986 	#$$er
  000004ae 00  dd01             987 		se_stw		r0,52(r1)
  00000114 02  116c 7f          988 		.d2_cfa_offset    108,-1
                                989 	#$$ee
  00000119 03  0206 0a          990 		.d2prologue_end
  000004b0 00  73e0 6000        991 		e_li		r31,-262144
  0000011c 03  0304 16          992 	        .d2line         244
  000004b4 00  1b7f 8030        993 		e_addi		r27,r31,48
  000004b8 00  c07b             994 		se_lwz		r7,0(r27)
                                995 	#$$vo
  000004ba 00  6577             996 		se_bseti		r7,23
  000004bc 00  d07b             997 		se_stw		r7,0(r27)
                                998 	#$$vo
  000004be 00  73c0 6000        999 		e_li		r30,-262144
  0000011f 03  2b              1000 	        .d2line         245
  000004c2 00  1b5e 8030       1001 		e_addi		r26,r30,48
  000004c6 00  c06a            1002 		se_lwz		r6,0(r26)
                               1003 	#$$vo
  000004c8 00  6566            1004 		se_bseti		r6,22
  000004ca 00  d06a            1005 		se_stw		r6,0(r26)
                               1006 	#$$vo
  000004cc 00  73a0 6000       1007 		e_li		r29,-262144
  00000120 03  2b              1008 	        .d2line         246
  000004d0 00  1b3d 8030       1009 		e_addi		r25,r29,48
  000004d4 00  c079            1010 		se_lwz		r7,0(r25)
                               1011 	#$$vo
  000004d6 00  6557            1012 		se_bseti		r7,21
  000004d8 00  d079            1013 		se_stw		r7,0(r25)
                               1014 	#$$vo
  000004da 00  7380 6000       1015 		e_li		r28,-262144
  00000121 03  2b              1016 	        .d2line         247
  000004de 00  1b1c 8030       1017 		e_addi		r24,r28,48
  000004e2 00  c068            1018 		se_lwz		r6,0(r24)
                               1019 	#$$vo
  000004e4 00  6546            1020 		se_bseti		r6,20
  000004e6 00  d068            1021 		se_stw		r6,0(r24)
                               1022 	#$$vo
  00000122 03  23              1023 	        .d2line         248
                               1024 	#$$be
  00000123 03  0200 0b01       1025 		.d2epilogue_begin
                               1026 	#$$br
  000004e8 00  1b01 0810       1027 		e_lmw		r24,16(r1)
                               1028 	#$$er
  000004ec 00  cd01            1029 		se_lwz		r0,52(r1)
  000004ee 00  0090            1030 		se_mtlr		r0
  000004f0 00  1821 8030       1031 		e_addi		r1,r1,48
                               1032 	#$$tl 0x0 0x0 0x0
  000004f4 00  0004            1033 		se_blr
                               1034 	#$$ef
                               1035 		.d2_cfa_end 2
                               1036 		.section	.debug_info,,n
  00000174 05  00              1037 		.sleb128	0
                               1038 	.L5840:
                               1039 		.section	.text_vle,,c
                               1040 	.L5842:
                               1041 		.type		CANMB0811,@function
                               1042 		.size		CANMB0811,.-CANMB0811
                               1043 	# Number of nodes = 20
                               1044 	
                               1045 	# Allocations for CANMB0811
                               1046 	#	r31		$$73
                               1047 	#	r30		$$74
                               1048 	#	r29		$$75
                               1049 	#	r28		$$76
                               1050 	#	r27		$$77
                               1051 	#	r26		$$78
                               1052 	#	r25		$$79
                               1053 	#	r24		$$80
                               1054 	
                               1055 	#$$bf
                               1056 		.align		2
                               1057 		.globl		CANMB1215
  00000118 02  0000 0024 0000  1058 		.d2_cfa_start __local_cie
  0000011e 02  0000 0000 0000       	
  00000124 02  0000 0052            	
                               1059 	CANMB1215:
                               1060 		.section	.debug_info,,n
                               1061 	.L5848:
  00000175 05  02              1062 		.sleb128	2
  00000176 05  0000 0195       1063 		.4byte		.L5845-.L2
  0000017a 05  4341 4e4d 4231  1064 		.byte		"CANMB1215"
  00000180 05  3231 35              	
  00000183 05  00              1065 		.byte		0
  00000184 05  0000 0001       1066 		.4byte		.L5816
  00000188 05  fa01            1067 		.uleb128	250
  0000018a 05  01              1068 		.byte		0x1
  0000018b 05  01              1069 		.byte		0x1
  0000018c 05  0000 0000       1070 		.4byte		.L5846
  00000190 05  0000 0000       1071 		.4byte		.L5847
                               1072 		.section	.text_vle,,c
  00000127 03  0303 2e         1073 	        .d2line         251
                               1074 	.L5846:
  000004f8 00  1821 06d0       1075 		e_stwu		r1,-48(r1)
  00000128 02  410e 30         1076 		.d2_cfa_def_cfa_offset	48
  000004fc 00  0080            1077 		se_mflr		r0,lr
                               1078 	#$$br
  000004fe 00  1b01 0910       1079 		e_stmw		r24,16(r1)
  0000012b 02  4198 0899 079a  1080 		.d2_cfa_offset_list	24,31,8,-1
  00000131 02  069b 059c 049d       	
  00000137 02  039e 029f 01         	
                               1081 	#$$er
  00000502 00  dd01            1082 		se_stw		r0,52(r1)
  0000013c 02  116c 7f         1083 		.d2_cfa_offset    108,-1
                               1084 	#$$ee
  0000012a 03  0206 0a         1085 		.d2prologue_end
  00000504 00  73e0 6000       1086 		e_li		r31,-262144
  0000012d 03  0303 16         1087 	        .d2line         254
  00000508 00  1b7f 8030       1088 		e_addi		r27,r31,48
  0000050c 00  c07b            1089 		se_lwz		r7,0(r27)
                               1090 	#$$vo
  0000050e 00  6537            1091 		se_bseti		r7,19
  00000510 00  d07b            1092 		se_stw		r7,0(r27)
                               1093 	#$$vo
  00000512 00  73c0 6000       1094 		e_li		r30,-262144
  00000130 03  2b              1095 	        .d2line         255
  00000516 00  1b5e 8030       1096 		e_addi		r26,r30,48
  0000051a 00  c06a            1097 		se_lwz		r6,0(r26)
                               1098 	#$$vo
  0000051c 00  6526            1099 		se_bseti		r6,18
  0000051e 00  d06a            1100 		se_stw		r6,0(r26)
                               1101 	#$$vo
  00000520 00  73a0 6000       1102 		e_li		r29,-262144
  00000131 03  2b              1103 	        .d2line         256
  00000524 00  1b3d 8030       1104 		e_addi		r25,r29,48
  00000528 00  c079            1105 		se_lwz		r7,0(r25)
                               1106 	#$$vo
  0000052a 00  6517            1107 		se_bseti		r7,17
  0000052c 00  d079            1108 		se_stw		r7,0(r25)
                               1109 	#$$vo
  0000052e 00  7380 6000       1110 		e_li		r28,-262144
  00000132 03  2b              1111 	        .d2line         257
  00000532 00  1b1c 8030       1112 		e_addi		r24,r28,48
  00000536 00  c068            1113 		se_lwz		r6,0(r24)
                               1114 	#$$vo
  00000538 00  6506            1115 		se_bseti		r6,16
  0000053a 00  d068            1116 		se_stw		r6,0(r24)
                               1117 	#$$vo
  00000133 03  23              1118 	        .d2line         258
                               1119 	#$$be
  00000134 03  0200 0b01       1120 		.d2epilogue_begin
                               1121 	#$$br
  0000053c 00  1b01 0810       1122 		e_lmw		r24,16(r1)
                               1123 	#$$er
  00000540 00  cd01            1124 		se_lwz		r0,52(r1)
  00000542 00  0090            1125 		se_mtlr		r0
  00000544 00  1821 8030       1126 		e_addi		r1,r1,48
                               1127 	#$$tl 0x0 0x0 0x0
  00000548 00  0004            1128 		se_blr
                               1129 	#$$ef
                               1130 		.d2_cfa_end 2
                               1131 		.section	.debug_info,,n
  00000194 05  00              1132 		.sleb128	0
                               1133 	.L5845:
                               1134 		.section	.text_vle,,c
                               1135 	.L5847:
                               1136 		.type		CANMB1215,@function
                               1137 		.size		CANMB1215,.-CANMB1215
                               1138 	# Number of nodes = 20
                               1139 	
                               1140 	# Allocations for CANMB1215
                               1141 	#	r31		$$81
                               1142 	#	r30		$$82
                               1143 	#	r29		$$83
                               1144 	#	r28		$$84
                               1145 	#	r27		$$85
                               1146 	#	r26		$$86
                               1147 	#	r25		$$87
                               1148 	#	r24		$$88
                               1149 		.section	.abs.00000040,,c
                               1150 	
                               1151 	#$$bf
                               1152 		.align		2
                               1153 		.globl		Ext_Isr
  00000140 02  0000 0024 0000  1154 		.d2_cfa_start __local_cie
  00000146 02  0000 0000 0000       	
  0000014c 02  0000 00c2            	
                               1155 	Ext_Isr:
                               1156 		.section	.debug_line.abs.00000040,,n
                               1157 		.sectionlink	.debug_line
                               1158 	.L5857:
                               1159 		.section	.abs.00000040,,c
                               1160 	.L5853:
  00000000 07                  1161 		.0byte		.L5851
  00000000 09  0000 0099 0002  1162 		.d2_line_start	.debug_line.abs.00000040
  00000006 09  0000 0013 0201       	
  0000000c 09  ff04 0d00 0101       	
  00000012 09  0101 0000 0001       	
  00000018 09  0000 0100 00         	
                               1163 		.section	.debug_info.abs.00000040,,n
                               1164 		.sectionlink	.debug_info
                               1165 	.L5851:
  00000000 0a  0000 00d1       1166 		.4byte		.L5852-.L5850
                               1167 	.L5850:
  00000004 0a  0002            1168 		.2byte		0x2
  00000006 0a  0000 0000       1169 		.4byte		.L9
  0000000a 0a  04              1170 		.byte		0x4
  0000000b 0a  01              1171 		.sleb128	1
  0000000c 0a  0000 00d4       1172 		.4byte		.L5856-.L5851
  00000010 0a  433a 5c55 7365  1173 		.byte		"C:\\Users\\ASE-Lab\\Desktop\\Neuer Ordner\\ECU2\\Template\\src\\mai
  00000016 0a  7273 5c41 5345       	n.c"
  0000001c 0a  2d4c 6162 5c44       	
  00000022 0a  6573 6b74 6f70       	
  00000028 0a  5c4e 6575 6572       	
  0000002e 0a  204f                 	
  0000004e 0a  00              1174 		.byte		0
  0000004f 0a  4469 6162 2044  1175 		.byte		"Diab Data, Inc:dcc Rel 5.7.0.0:PPC5534"
  00000055 0a  6174 612c 2049       	
  0000005b 0a  6e63 3a64 6363       	
  00000061 0a  2052 656c 2035       	
  00000067 0a  2e37 2e30 2e30       	
  0000006d 0a  3a50                 	
  00000075 0a  00              1176 		.byte		0
  00000076 0a  433a 5c55 7365  1177 		.byte		"C:\\Users\\ASE-Lab\\Desktop\\Neuer Ordner\\ECU2\\Template"
  0000007c 0a  7273 5c41 5345       	
  00000082 0a  2d4c 6162 5c44       	
  00000088 0a  6573 6b74 6f70       	
  0000008e 0a  5c4e 6575 6572       	
  00000094 0a  204f                 	
  000000a9 0a  00              1178 		.byte		0
  000000aa 0a  01              1179 		.uleb128	1
  000000ab 0a  0000 0000       1180 		.4byte		.L5853
  000000af 0a  0000 0000       1181 		.4byte		.L5854
  000000b3 0a  0000 0000       1182 		.4byte		.L5857
                               1183 		.section	.debug_abbrev,,n
  0000002a 04  03              1184 		.uleb128	3
  0000002b 04  2e              1185 		.uleb128	46
  0000002c 04  01              1186 		.byte		0x1
  0000002d 04  01              1187 		.uleb128	1
  0000002e 04  13              1188 		.uleb128	19
  0000002f 04  03              1189 		.uleb128	3
  00000030 04  08              1190 		.uleb128	8
  00000031 04  3a              1191 		.uleb128	58
  00000032 04  06              1192 		.uleb128	6
  00000033 04  3b              1193 		.uleb128	59
  00000034 04  0f              1194 		.uleb128	15
  00000035 04  3f              1195 		.uleb128	63
  00000036 04  0c              1196 		.uleb128	12
  00000037 04  11              1197 		.uleb128	17
  00000038 04  01              1198 		.uleb128	1
  00000039 04  12              1199 		.uleb128	18
  0000003a 04  01              1200 		.uleb128	1
  0000003b 04  00              1201 		.uleb128	0
  0000003c 04  00              1202 		.uleb128	0
                               1203 		.section	.debug_info.abs.00000040,,n
                               1204 		.sectionlink	.debug_info
                               1205 	.L5863:
  000000b7 0a  03              1206 		.sleb128	3
  000000b8 0a  0000 00d4       1207 		.4byte		.L5859-.L5851
  000000bc 0a  4578 745f 4973  1208 		.byte		"Ext_Isr"
  000000c2 0a  72                   	
  000000c3 0a  00              1209 		.byte		0
  000000c4 0a  0000 0001       1210 		.4byte		.L5862
  000000c8 0a  8d02            1211 		.uleb128	269
  000000ca 0a  01              1212 		.byte		0x1
  000000cb 0a  0000 0000       1213 		.4byte		.L5860
  000000cf 0a  0000 0000       1214 		.4byte		.L5861
                               1215 		.section	.abs.00000040,,c
  0000001d 09  004b 0343 3a5c  1216 		.d2file		"C:\\Users\\ASE-Lab\\Desktop\\Neuer Ordner\\ECU2\\Template\\src\\mai
  00000023 09  5c55 7365 7273       	n.c"
  00000029 09  5c5c 4153 452d       	
  0000002f 09  4c61 625c 5c44       	
  00000035 09  6573 6b74 6f70       	
  0000003b 09  5c5c                 	
  0000006c 09  0005 0200 0000  1217 	        .d2line         269
  00000072 09  0003 8c02 0e         	
                               1218 	.L5860:
  00000000 07  1821 06b0       1219 		e_stwu		r1,-80(r1)
  00000150 02  410e 50         1220 		.d2_cfa_def_cfa_offset	80
  00000004 07  d201            1221 		se_stw		r0,8(r1)
  00000006 07  00a0            1222 		se_mfctr		r0,ctr
  00000008 07  d301            1223 		se_stw		r0,12(r1)
  0000000a 07  7c01 02a6       1224 		mfspr		r0,xer
  0000000e 07  d401            1225 		se_stw		r0,16(r1)
  00000010 07  7c00 0026       1226 		mfcr		r0
  00000014 07  d501            1227 		se_stw		r0,20(r1)
  00000016 07  0080            1228 		se_mflr		r0,lr
  00000018 07  d601            1229 		se_stw		r0,24(r1)
                               1230 	#$$br
  0000001a 07  dd31            1231 		se_stw		r3,52(r1)
  00000153 02  4683 07         1232 		.d2_cfa_offset	3,7
  0000001c 07  de61            1233 		se_stw		r6,56(r1)
  00000156 02  8606            1234 		.d2_cfa_offset	6,6
  0000001e 07  df71            1235 		se_stw		r7,60(r1)
  00000158 02  8705            1236 		.d2_cfa_offset	7,5
  00000020 07  5561 0040       1237 		e_stw		r11,64(r1)
  0000015a 02  418b 04         1238 		.d2_cfa_offset	11,4
  00000024 07  5581 0044       1239 		e_stw		r12,68(r1)
  0000015d 02  418c 03         1240 		.d2_cfa_offset	12,3
  00000028 07  57c1 0048       1241 		e_stw		r30,72(r1)
  00000160 02  419e 02         1242 		.d2_cfa_offset	30,2
  0000002c 07  57e1 004c       1243 		e_stw		r31,76(r1)
  00000163 02  419f 01         1244 		.d2_cfa_offset	31,1
                               1245 	#$$er
                               1246 	#$$ee
  00000077 09  0218 0a         1247 		.d2prologue_end
  00000030 07  73ff e7f5       1248 		e_lis		r31,65525
  0000007a 09  17              1249 	        .d2line         270
  00000034 07  50df 8010       1250 		e_lwz		r6,-32752(r31)
                               1251 	#$$vo
  00000038 07  74cb f5ff       1252 		e_rlwinm		r11,r6,30,23,31
  0000003c 07  180b a845       1253 		cmpi		0,0,r11,69
  00000040 07  e50c            1254 		bc		1,1,.L5864
  00000042 07  e61a            1255 		bc		1,2,.L5808
  00000044 07  180b a83b       1256 		cmpi		0,0,r11,59
  00000048 07  e60f            1257 		bc		1,2,.L5805
  0000004a 07  180b a83c       1258 		cmpi		0,0,r11,60
  0000004e 07  e60f            1259 		bc		1,2,.L5806
  00000050 07  180b a844       1260 		cmpi		0,0,r11,68
  00000054 07  e60e            1261 		bc		1,2,.L5807
  00000056 07  e818            1262 		b		.L5804
                               1263 	.L5864:
  00000058 07  180b a846       1264 		cmpi		0,0,r11,70
  0000005c 07  e610            1265 		bc		1,2,.L5809
  0000005e 07  180b a847       1266 		cmpi		0,0,r11,71
  00000062 07  e610            1267 		bc		1,2,.L5810
  00000064 07  e811            1268 		b		.L5804
                               1269 	.L5805:
  0000007b 09  74              1270 	        .d2line         272
  0000007c 09  0f              1271 	        .d2line         273
                               1272 	#$$fn 0xc0 0 0 0x0
                               1273 	#$$tl 0x0 0x0 0x0
                               1274 	#$$rs 0 s
  00000066 07  7800 0001       1275 		bl		PITCHANNEL0
  0000007d 09  17              1276 	        .d2line         274
  0000006a 07  e80e            1277 		b		.L5804
                               1278 	.L5806:
  0000007e 09  13              1279 	        .d2line         275
  0000007f 09  0f              1280 	        .d2line         276
                               1281 	#$$fn 0xc0 0 0 0x0
                               1282 	#$$tl 0x0 0x0 0x0
                               1283 	#$$rs 0 s
  0000006c 07  7800 0001       1284 		bl		PITCHANNEL1
                               1285 	.L5807:
  00000080 09  17              1286 	        .d2line         277
  00000081 09  0f              1287 	        .d2line         278
                               1288 	#$$fn 0xc0 0 0 0x0
                               1289 	#$$tl 0x0 0x0 0x0
                               1290 	#$$rs 0 s
  00000070 07  7800 0001       1291 		bl		CANMB0003
  00000082 09  17              1292 	        .d2line         279
  00000074 07  e809            1293 		b		.L5804
                               1294 	.L5808:
  00000083 09  13              1295 	        .d2line         280
  00000084 09  0f              1296 	        .d2line         281
                               1297 	#$$fn 0x18c0 0 0 0x0
                               1298 	#$$tl 0x0 0x0 0x0
                               1299 	#$$rs 0 s
  00000076 07  7800 0001       1300 		bl		CANMB0407
  00000085 09  17              1301 	        .d2line         282
  0000007a 07  e806            1302 		b		.L5804
                               1303 	.L5809:
  00000086 09  13              1304 	        .d2line         283
  00000087 09  0f              1305 	        .d2line         284
                               1306 	#$$fn 0xc0 0 0 0x0
                               1307 	#$$tl 0x0 0x0 0x0
                               1308 	#$$rs 0 s
  0000007c 07  7800 0001       1309 		bl		CANMB0811
  00000088 09  17              1310 	        .d2line         285
  00000080 07  e803            1311 		b		.L5804
                               1312 	.L5810:
  00000089 09  13              1313 	        .d2line         286
  0000008a 09  0f              1314 	        .d2line         287
                               1315 	#$$fn 0xc0 0 0 0x0
                               1316 	#$$tl 0x0 0x0 0x0
                               1317 	#$$rs 0 s
  00000082 07  7800 0001       1318 		bl		CANMB1215
                               1319 	.L5804:
  00000086 07  73df e7f5       1320 		e_lis		r30,65525
  0000008b 09  0306 1e         1321 	        .d2line         293
  0000008a 07  4806            1322 		se_li		r6,0
  0000008c 07  54de 8018       1323 		e_stw		r6,-32744(r30)
                               1324 	#$$vo
  0000008e 09  1b              1325 	        .d2line         294
                               1326 	#$$be
  0000008f 09  0200 0b01       1327 		.d2epilogue_begin
                               1328 	#$$br
  00000090 07  cd31            1329 		se_lwz		r3,52(r1)
  00000092 07  ce61            1330 		se_lwz		r6,56(r1)
  00000094 07  cf71            1331 		se_lwz		r7,60(r1)
  00000096 07  5161 0040       1332 		e_lwz		r11,64(r1)
  0000009a 07  5181 0044       1333 		e_lwz		r12,68(r1)
  0000009e 07  53c1 0048       1334 		e_lwz		r30,72(r1)
  000000a2 07  53e1 004c       1335 		e_lwz		r31,76(r1)
                               1336 	#$$er
  000000a6 07  c601            1337 		se_lwz		r0,24(r1)
  000000a8 07  0090            1338 		se_mtlr		r0
  000000aa 07  c501            1339 		se_lwz		r0,20(r1)
  000000ac 07  7c0f f120       1340 		mtcrf		0xff,r0
  000000b0 07  c401            1341 		se_lwz		r0,16(r1)
  000000b2 07  7c01 03a6       1342 		mtspr		xer,r0
  000000b6 07  c301            1343 		se_lwz		r0,12(r1)
  000000b8 07  00b0            1344 		se_mtctr		r0
  000000ba 07  c201            1345 		se_lwz		r0,8(r1)
  000000bc 07  1821 8050       1346 		e_addi		r1,r1,80
                               1347 	#$$tl 0x0 0x0 0x0
  000000c0 07  0008            1348 		se_rfi
                               1349 	#$$ef
                               1350 		.d2_cfa_end 2
                               1351 		.section	.debug_info.abs.00000040,,n
                               1352 		.sectionlink	.debug_info
  000000d3 0a  00              1353 		.sleb128	0
                               1354 	.L5859:
                               1355 		.section	.abs.00000040,,c
                               1356 	.L5861:
                               1357 		.type		Ext_Isr,@function
                               1358 		.size		Ext_Isr,.-Ext_Isr
                               1359 	# Number of nodes = 26
                               1360 	
                               1361 	# Allocations for Ext_Isr
                               1362 	#	r31		$$89
                               1363 	#	r30		$$90
                               1364 	
                               1365 	# Allocations for module
                               1366 		.section	.debug_abbrev,,n
  0000003d 04  04              1367 		.uleb128	4
  0000003e 04  34              1368 		.uleb128	52
  0000003f 04  00              1369 		.byte		0x0
  00000040 04  3f              1370 		.uleb128	63
  00000041 04  0c              1371 		.uleb128	12
  00000042 04  3a              1372 		.uleb128	58
  00000043 04  06              1373 		.uleb128	6
  00000044 04  3b              1374 		.uleb128	59
  00000045 04  0f              1375 		.uleb128	15
  00000046 04  03              1376 		.uleb128	3
  00000047 04  08              1377 		.uleb128	8
  00000048 04  49              1378 		.uleb128	73
  00000049 04  10              1379 		.uleb128	16
  0000004a 04  02              1380 		.uleb128	2
  0000004b 04  09              1381 		.uleb128	9
  0000004c 04  00              1382 		.uleb128	0
  0000004d 04  00              1383 		.uleb128	0
                               1384 		.section	.debug_info,,n
                               1385 	.L5865:
  00000195 05  04              1386 		.sleb128	4
  00000196 05  01              1387 		.byte		0x1
  00000197 05  0000 0001       1388 		.4byte		.L5816
  0000019b 05  1a              1389 		.uleb128	26
  0000019c 05  6c69 6768 745f  1390 		.byte		"light_status"
  000001a2 05  7374 6174 7573       	
  000001a8 05  00              1391 		.byte		0
  000001a9 05  0000 0000       1392 		.4byte		.L5866
  000001ad 05  05              1393 		.sleb128	5
  000001ae 05  03              1394 		.byte		0x3
  000001af 05  0000 0000       1395 		.4byte		light_status
                               1396 		.data
                               1397 		.type		light_status,@object
                               1398 		.size		light_status,28
                               1399 		.align		2
                               1400 		.globl		light_status
                               1401 	light_status:
  00000000 0b  0000 0000       1402 		.long		0
                               1403 		.space		24
                               1404 		.section	.debug_info,,n
                               1405 	.L5869:
  000001b3 05  04              1406 		.sleb128	4
  000001b4 05  01              1407 		.byte		0x1
  000001b5 05  0000 0001       1408 		.4byte		.L5816
  000001b9 05  23              1409 		.uleb128	35
  000001ba 05  6c69 6768 745f  1410 		.byte		"light_states"
  000001c0 05  7374 6174 6573       	
  000001c6 05  00              1411 		.byte		0
  000001c7 05  0000 0000       1412 		.4byte		.L5870
  000001cb 05  05              1413 		.sleb128	5
  000001cc 05  03              1414 		.byte		0x3
  000001cd 05  0000 0000       1415 		.4byte		light_states
                               1416 		.sdata
                               1417 		.align		2
                               1418 	#	Begin local data area
                               1419 	#	LDA + 0
                               1420 		.type		light_states,@object
                               1421 		.size		light_states,1
                               1422 		.align		0
                               1423 		.globl		light_states
                               1424 	light_states:
  00000000 0c  40              1425 		.byte		64
                               1426 		.section	.debug_info,,n
                               1427 	.L5871:
  000001d1 05  04              1428 		.sleb128	4
  000001d2 05  01              1429 		.byte		0x1
  000001d3 05  0000 0001       1430 		.4byte		.L5816
  000001d7 05  15              1431 		.uleb128	21
  000001d8 05  696e 745f 3130  1432 		.byte		"int_100_arrived"
  000001de 05  305f 6172 7269       	
  000001e4 05  7665 64              	
  000001e7 05  00              1433 		.byte		0
  000001e8 05  0000 0000       1434 		.4byte		.L5868
  000001ec 05  05              1435 		.sleb128	5
  000001ed 05  03              1436 		.byte		0x3
  000001ee 05  0000 0000       1437 		.4byte		int_100_arrived
                               1438 		.sdata
                               1439 	#	LDA + 4
                               1440 		.type		int_100_arrived,@object
                               1441 		.size		int_100_arrived,4
                               1442 		.align		2
                               1443 		.globl		int_100_arrived
                               1444 	int_100_arrived:
  00000004 0c  0000 0000       1445 		.long		0
                               1446 		.section	.debug_info,,n
                               1447 	.L5872:
  000001f2 05  04              1448 		.sleb128	4
  000001f3 05  01              1449 		.byte		0x1
  000001f4 05  0000 0001       1450 		.4byte		.L5816
  000001f8 05  16              1451 		.uleb128	22
  000001f9 05  696e 745f 3230  1452 		.byte		"int_200_arrived"
  000001ff 05  305f 6172 7269       	
  00000205 05  7665 64              	
  00000208 05  00              1453 		.byte		0
  00000209 05  0000 0000       1454 		.4byte		.L5868
  0000020d 05  05              1455 		.sleb128	5
  0000020e 05  03              1456 		.byte		0x3
  0000020f 05  0000 0000       1457 		.4byte		int_200_arrived
                               1458 		.sdata
                               1459 	#	LDA + 8
                               1460 		.type		int_200_arrived,@object
                               1461 		.size		int_200_arrived,4
                               1462 		.align		2
                               1463 		.globl		int_200_arrived
                               1464 	int_200_arrived:
  00000008 0c  0000 0000       1465 		.long		0
                               1466 		.section	.debug_info,,n
                               1467 	.L5873:
  00000213 05  04              1468 		.sleb128	4
  00000214 05  01              1469 		.byte		0x1
  00000215 05  0000 0001       1470 		.4byte		.L5816
  00000219 05  17              1471 		.uleb128	23
  0000021a 05  696e 745f 3430  1472 		.byte		"int_400_arrived"
  00000220 05  305f 6172 7269       	
  00000226 05  7665 64              	
  00000229 05  00              1473 		.byte		0
  0000022a 05  0000 0000       1474 		.4byte		.L5868
  0000022e 05  05              1475 		.sleb128	5
  0000022f 05  03              1476 		.byte		0x3
  00000230 05  0000 0000       1477 		.4byte		int_400_arrived
                               1478 		.sdata
                               1479 	#	LDA + 12
                               1480 		.type		int_400_arrived,@object
                               1481 		.size		int_400_arrived,4
                               1482 		.align		2
                               1483 		.globl		int_400_arrived
                               1484 	int_400_arrived:
  0000000c 0c  0000 0000       1485 		.long		0
                               1486 		.section	.debug_info,,n
                               1487 	.L5874:
  00000234 05  04              1488 		.sleb128	4
  00000235 05  01              1489 		.byte		0x1
  00000236 05  0000 0001       1490 		.4byte		.L5816
  0000023a 05  1c              1491 		.uleb128	28
  0000023b 05  7365 636f 6e64  1492 		.byte		"second_int"
  00000241 05  5f69 6e74            	
  00000245 05  00              1493 		.byte		0
  00000246 05  0000 0000       1494 		.4byte		.L5868
  0000024a 05  05              1495 		.sleb128	5
  0000024b 05  03              1496 		.byte		0x3
  0000024c 05  0000 0000       1497 		.4byte		second_int
                               1498 		.sdata
                               1499 	#	LDA + 16
                               1500 		.type		second_int,@object
                               1501 		.size		second_int,4
                               1502 		.align		2
                               1503 		.globl		second_int
                               1504 	second_int:
  00000010 0c  0000 0000       1505 		.long		0
                               1506 		.section	.debug_info,,n
                               1507 	.L5875:
  00000250 05  04              1508 		.sleb128	4
  00000251 05  01              1509 		.byte		0x1
  00000252 05  0000 0001       1510 		.4byte		.L5816
  00000256 05  2a              1511 		.uleb128	42
  00000257 05  646f 6f72 5f63  1512 		.byte		"door_control_is_alive"
  0000025d 05  6f6e 7472 6f6c       	
  00000263 05  5f69 735f 616c       	
  00000269 05  6976 65              	
  0000026c 05  00              1513 		.byte		0
  0000026d 05  0000 0000       1514 		.4byte		.L5868
  00000271 05  05              1515 		.sleb128	5
  00000272 05  03              1516 		.byte		0x3
  00000273 05  0000 0000       1517 		.4byte		door_control_is_alive
                               1518 		.sdata
                               1519 	#	LDA + 20
                               1520 		.type		door_control_is_alive,@object
                               1521 		.size		door_control_is_alive,4
                               1522 		.align		2
                               1523 		.globl		door_control_is_alive
                               1524 	door_control_is_alive:
  00000014 0c  0000 0001       1525 		.long		1
                               1526 		.section	.debug_info,,n
                               1527 	.L5876:
  00000277 05  04              1528 		.sleb128	4
  00000278 05  01              1529 		.byte		0x1
  00000279 05  0000 0001       1530 		.4byte		.L5816
  0000027d 05  2d              1531 		.uleb128	45
  0000027e 05  6e6f 6e5f 6472  1532 		.byte		"non_driven_wheels_speed"
  00000284 05  6976 656e 5f77       	
  0000028a 05  6865 656c 735f       	
  00000290 05  7370 6565 64         	
  00000295 05  00              1533 		.byte		0
  00000296 05  0000 0000       1534 		.4byte		.L5868
  0000029a 05  05              1535 		.sleb128	5
  0000029b 05  03              1536 		.byte		0x3
  0000029c 05  0000 0000       1537 		.4byte		non_driven_wheels_speed
                               1538 		.sdata
                               1539 	#	LDA + 24
                               1540 		.type		non_driven_wheels_speed,@object
                               1541 		.size		non_driven_wheels_speed,4
                               1542 		.align		2
                               1543 		.globl		non_driven_wheels_speed
                               1544 	non_driven_wheels_speed:
                               1545 		.space		4
                               1546 		.section	.debug_info,,n
                               1547 	.L5877:
  000002a0 05  04              1548 		.sleb128	4
  000002a1 05  01              1549 		.byte		0x1
  000002a2 05  0000 0001       1550 		.4byte		.L5816
  000002a6 05  1f              1551 		.uleb128	31
  000002a7 05  6c69 6768 745f  1552 		.byte		"light_mode"
  000002ad 05  6d6f 6465            	
  000002b1 05  00              1553 		.byte		0
  000002b2 05  0000 0000       1554 		.4byte		.L5868
  000002b6 05  05              1555 		.sleb128	5
  000002b7 05  03              1556 		.byte		0x3
  000002b8 05  0000 0000       1557 		.4byte		light_mode
                               1558 		.sdata
                               1559 	#	LDA + 28
                               1560 		.type		light_mode,@object
                               1561 		.size		light_mode,4
                               1562 		.align		2
                               1563 		.globl		light_mode
                               1564 	light_mode:
                               1565 		.space		4
                               1566 		.section	.debug_info,,n
                               1567 	.L5878:
  000002bc 05  04              1568 		.sleb128	4
  000002bd 05  01              1569 		.byte		0x1
  000002be 05  0000 0001       1570 		.4byte		.L5816
  000002c2 05  26              1571 		.uleb128	38
  000002c3 05  6c69 6768 745f  1572 		.byte		"light_value"
  000002c9 05  7661 6c75 65         	
  000002ce 05  00              1573 		.byte		0
  000002cf 05  0000 0000       1574 		.4byte		.L5868
  000002d3 05  05              1575 		.sleb128	5
  000002d4 05  03              1576 		.byte		0x3
  000002d5 05  0000 0000       1577 		.4byte		light_value
                               1578 		.sdata
                               1579 	#	LDA + 32
                               1580 		.type		light_value,@object
                               1581 		.size		light_value,4
                               1582 		.align		2
                               1583 		.globl		light_value
                               1584 	light_value:
                               1585 		.space		4
                               1586 		.section	.debug_abbrev,,n
  0000004e 04  05              1587 		.uleb128	5
  0000004f 04  24              1588 		.uleb128	36
  00000050 04  00              1589 		.byte		0x0
  00000051 04  03              1590 		.uleb128	3
  00000052 04  08              1591 		.uleb128	8
  00000053 04  3e              1592 		.uleb128	62
  00000054 04  0b              1593 		.uleb128	11
  00000055 04  0b              1594 		.uleb128	11
  00000056 04  0b              1595 		.uleb128	11
  00000057 04  00              1596 		.uleb128	0
  00000058 04  00              1597 		.uleb128	0
                               1598 		.section	.debug_info,,n
                               1599 	.L5868:
  000002d9 05  05              1600 		.sleb128	5
  000002da 05  696e 74         1601 		.byte		"int"
  000002dd 05  00              1602 		.byte		0
  000002de 05  05              1603 		.byte		0x5
  000002df 05  04              1604 		.byte		0x4
                               1605 		.section	.debug_abbrev,,n
  00000059 04  06              1606 		.uleb128	6
  0000005a 04  01              1607 		.uleb128	1
  0000005b 04  01              1608 		.byte		0x1
  0000005c 04  01              1609 		.uleb128	1
  0000005d 04  13              1610 		.uleb128	19
  0000005e 04  49              1611 		.uleb128	73
  0000005f 04  10              1612 		.uleb128	16
  00000060 04  00              1613 		.uleb128	0
  00000061 04  00              1614 		.uleb128	0
                               1615 		.section	.debug_info,,n
                               1616 	.L5866:
  000002e0 05  06              1617 		.sleb128	6
  000002e1 05  0000 02ec       1618 		.4byte		.L5867-.L2
  000002e5 05  0000 0000       1619 		.4byte		.L5868
                               1620 		.section	.debug_abbrev,,n
  00000062 04  07              1621 		.uleb128	7
  00000063 04  21              1622 		.uleb128	33
  00000064 04  00              1623 		.byte		0x0
  00000065 04  2f              1624 		.uleb128	47
  00000066 04  0f              1625 		.uleb128	15
  00000067 04  00              1626 		.uleb128	0
  00000068 04  00              1627 		.uleb128	0
                               1628 		.section	.debug_info,,n
  000002e9 05  07              1629 		.sleb128	7
  000002ea 05  06              1630 		.uleb128	6
  000002eb 05  00              1631 		.sleb128	0
                               1632 	.L5867:
                               1633 	.L5870:
  000002ec 05  05              1634 		.sleb128	5
  000002ed 05  756e 7369 676e  1635 		.byte		"unsigned char"
  000002f3 05  6564 2063 6861       	
  000002f9 05  72                   	
  000002fa 05  00              1636 		.byte		0
  000002fb 05  08              1637 		.byte		0x8
  000002fc 05  01              1638 		.byte		0x1
                               1639 	.L7:
  000002fd 05  00              1640 		.sleb128	0
                               1641 	.L3:
                               1642 		.section	.text_vle,,c
                               1643 	.L5:
                               1644 	.L5816:	.d2filenum "C:\\Users\\ASE-Lab\\Desktop\\Neuer Ordner\\ECU2\\Template\\src\\main.c"
  00000138 03  0005 0200 0000  1645 		.d2_line_end
  0000013e 03  0000 0101            	
                               1646 		.section	.debug_info.abs.00000040,,n
                               1647 		.sectionlink	.debug_info
                               1648 	.L5856:
  000000d4 0a  00              1649 		.sleb128	0
                               1650 	.L5852:
                               1651 		.section	.abs.00000040,,c
                               1652 	.L5854:
                               1653 	.L5862:	.d2filenum "C:\\Users\\ASE-Lab\\Desktop\\Neuer Ordner\\ECU2\\Template\\src\\main.c"
  00000093 09  0005 0200 0000  1654 		.d2_line_end
  00000099 09  0000 0101            	
                               1655 		.section	.debug_abbrev,,n
  00000069 04  00              1656 		.sleb128	0
