                                  1 	#$$m2		- PowerPC mnemonics
                                  2 	#$$pVLE		- PowerPC VLE encoding
                                  3 	#$$oPPC5534  - Optimized for PPC5534
                                  4 	#$$ko 9		- Reorder info
                                  5 		.file		"can.c"
                                  6 	#$$eb
                                  7 	#$$sz 0
                                  8 	#$$fp 0
                                  9 		.section	.PPC.EMB.apuinfo,,@note
  00000000 01  0000 0008         10 		.4byte		8
  00000004 01  0000 0004         11 		.4byte		4
  00000008 01  0000 0002         12 		.4byte		2
  0000000c 01  4150 5569 6e66    13 		.byte		"APUinfo"
  00000012 01  6f                   	
  00000013 01  00                14 		.byte		0
                                 15 		.align		2
  00000014 01  0104 0001         16 		.4byte		0x01040001
                                 17 		.section	.text_vle,,c
                                 18 		.section	.debug_frame,,n
                                 19 	__local_cie: 
  00000000 02  0000 0010         20 		.word	.LE-.LS
                                 21 	.LS:
  00000004 02  ffff ffff         22 		.word	-1
  00000008 02  01                23 		.byte	1
  00000009 02  00                24 		.byte	0
  0000000a 02  04                25 		.uleb128	4
  0000000b 02  7c                26 		.sleb128	-4
  0000000c 02  6c                27 		.byte	108
  0000000d 02  0c                28 		.byte	0x0c
  0000000e 02  01                29 		.byte	1
  0000000f 02  00                30 		.byte	0
  00000010 02  08                31 		.byte	8
  00000011 02  6c                32 		.byte	108
                                 33 		.fill           (.LS-.)&3
                                 34 	.LE:
                                 35 		.section	.debug_line,,n
                                 36 	.L8:
                                 37 		.section	.text_vle,,c
                                 38 	.L4:
  00000000 00                    39 		.0byte		.L2
  00000000 03  0000 00fc 0002    40 		.d2_line_start	.debug_line
  00000006 03  0000 0013 0201       	
  0000000c 03  ff04 0d00 0101       	
  00000012 03  0101 0000 0001       	
  00000018 03  0000 0100 00         	
                                 41 		.section	.debug_abbrev,,n
                                 42 	.L9:
                                 43 		.section	.debug_info,,n
                                 44 	.L2:
  00000000 05  0000 00fc         45 		.4byte		.L3-.L1
                                 46 	.L1:
  00000004 05  0002              47 		.2byte		0x2
  00000006 05  0000 0000         48 		.4byte		.L9
  0000000a 05  04                49 		.byte		0x4
                                 50 		.section	.debug_abbrev,,n
  00000000 04  01                51 		.uleb128	1
  00000001 04  11                52 		.uleb128	17
  00000002 04  01                53 		.byte		0x1
  00000003 04  01                54 		.uleb128	1
  00000004 04  13                55 		.uleb128	19
  00000005 04  03                56 		.uleb128	3
  00000006 04  08                57 		.uleb128	8
  00000007 04  25                58 		.uleb128	37
  00000008 04  08                59 		.uleb128	8
  00000009 04  1b                60 		.uleb128	27
  0000000a 04  08                61 		.uleb128	8
  0000000b 04  13                62 		.uleb128	19
  0000000c 04  0f                63 		.uleb128	15
  0000000d 04  11                64 		.uleb128	17
  0000000e 04  01                65 		.uleb128	1
  0000000f 04  12                66 		.uleb128	18
  00000010 04  01                67 		.uleb128	1
  00000011 04  10                68 		.uleb128	16
  00000012 04  06                69 		.uleb128	6
  00000013 04  00                70 		.uleb128	0
  00000014 04  00                71 		.uleb128	0
                                 72 		.section	.debug_info,,n
  0000000b 05  01                73 		.sleb128	1
  0000000c 05  0000 00ff         74 		.4byte		.L7-.L2
  00000010 05  433a 5c55 7365    75 		.byte		"C:\\Users\\ASE-Lab\\Desktop\\Unit3\\Template\\src\\can.c"
  00000016 05  7273 5c41 5345       	
  0000001c 05  2d4c 6162 5c44       	
  00000022 05  6573 6b74 6f70       	
  00000028 05  5c55 6e69 7433       	
  0000002e 05  5c54                 	
  00000041 05  00                76 		.byte		0
  00000042 05  4469 6162 2044    77 		.byte		"Diab Data, Inc:dcc Rel 5.7.0.0:PPC5534"
  00000048 05  6174 612c 2049       	
  0000004e 05  6e63 3a64 6363       	
  00000054 05  2052 656c 2035       	
  0000005a 05  2e37 2e30 2e30       	
  00000060 05  3a50                 	
  00000068 05  00                78 		.byte		0
  00000069 05  433a 5c55 7365    79 		.byte		"C:\\Users\\ASE-Lab\\Desktop\\Unit3\\Template"
  0000006f 05  7273 5c41 5345       	
  00000075 05  2d4c 6162 5c44       	
  0000007b 05  6573 6b74 6f70       	
  00000081 05  5c55 6e69 7433       	
  00000087 05  5c54                 	
  00000090 05  00                80 		.byte		0
  00000091 05  01                81 		.uleb128	1
  00000092 05  0000 0000         82 		.4byte		.L4
  00000096 05  0000 0000         83 		.4byte		.L5
  0000009a 05  0000 0000         84 		.4byte		.L8
                                 85 		.section	.text_vle,,c
                                 86 	
                                 87 	#$$bf
                                 88 		.align		2
                                 89 		.globl		CANMsgBufInit
  00000014 02  0000 003c 0000    90 		.d2_cfa_start __local_cie
  0000001a 02  0000 0000 0000       	
  00000020 02  0000 0540            	
                                 91 	CANMsgBufInit:
                                 92 		.section	.debug_abbrev,,n
  00000015 04  02                93 		.uleb128	2
  00000016 04  2e                94 		.uleb128	46
  00000017 04  01                95 		.byte		0x1
  00000018 04  01                96 		.uleb128	1
  00000019 04  13                97 		.uleb128	19
  0000001a 04  03                98 		.uleb128	3
  0000001b 04  08                99 		.uleb128	8
  0000001c 04  3a               100 		.uleb128	58
  0000001d 04  06               101 		.uleb128	6
  0000001e 04  3b               102 		.uleb128	59
  0000001f 04  0f               103 		.uleb128	15
  00000020 04  3f               104 		.uleb128	63
  00000021 04  0c               105 		.uleb128	12
  00000022 04  27               106 		.uleb128	39
  00000023 04  0c               107 		.uleb128	12
  00000024 04  11               108 		.uleb128	17
  00000025 04  01               109 		.uleb128	1
  00000026 04  12               110 		.uleb128	18
  00000027 04  01               111 		.uleb128	1
  00000028 04  00               112 		.uleb128	0
  00000029 04  00               113 		.uleb128	0
                                114 		.section	.debug_info,,n
                                115 	.L5791:
  0000009e 05  02               116 		.sleb128	2
  0000009f 05  0000 00c1        117 		.4byte		.L5787-.L2
  000000a3 05  4341 4e4d 7367   118 		.byte		"CANMsgBufInit"
  000000a9 05  4275 6649 6e69       	
  000000af 05  74                   	
  000000b0 05  00               119 		.byte		0
  000000b1 05  0000 0001        120 		.4byte		.L5790
  000000b5 05  03               121 		.uleb128	3
  000000b6 05  01               122 		.byte		0x1
  000000b7 05  01               123 		.byte		0x1
  000000b8 05  0000 0000        124 		.4byte		.L5788
  000000bc 05  0000 0000        125 		.4byte		.L5789
                                126 		.section	.text_vle,,c
  0000001d 03  003d 0343 3a5c   127 		.d2file		"C:\\Users\\ASE-Lab\\Desktop\\Unit3\\Template\\src\\can.c"
  00000023 03  5c55 7365 7273       	
  00000029 03  5c5c 4153 452d       	
  0000002f 03  4c61 625c 5c44       	
  00000035 03  6573 6b74 6f70       	
  0000003b 03  5c5c                 	
  0000005e 03  0005 0200 0000   128 	        .d2line         4
  00000064 03  0003 030e            	
                                129 	.L5788:
  00000000 00  701f 7ea0        130 		e_li		r0,-352
  00000004 00  7c21 016e        131 		stwux		r1,r1,r0
  00000024 02  420e e002        132 		.d2_cfa_def_cfa_offset	352
  00000008 00  0080             133 		se_mflr		r0,lr
                                134 	#$$br
  0000000a 00  1d61 0118        135 		e_add16i	r11,r1,280
  0000000e 00  19cb 0900        136 		e_stmw		r14,0(r11)
  00000028 02  428e 128f 1190   137 		.d2_cfa_offset_list	14,31,18,-1
  0000002e 02  1091 0f92 0e93       	
  00000034 02  0d94 0c95 0b96       	
  0000003a 02  0a97 0998 0899       	
  00000040 02  079a 069b 059c       	
  00000046 02  049d                 	
                                138 	#$$er
  00000012 00  5401 0164        139 		e_stw		r0,356(r1)
  0000004d 02  4111 6c7f        140 		.d2_cfa_offset    108,-1
                                141 	#$$ee
  00000068 03  020b 0a          142 		.d2prologue_end
  00000016 00  70e0 6000        143 		e_li		r7,-262144
  0000001a 00  54e1 0068        144 		e_stw		r7,104(r1)
  0000006b 03  030e 1e          145 	        .d2line         18
  0000001e 00  50c1 0068        146 		e_lwz		r6,104(r1)
  00000022 00  1be6 8101        147 		e_addi		r31,r6,256
  00000026 00  c07f             148 		se_lwz		r7,0(r31)
                                149 	#$$vo
  00000028 00  74e7 0207        150 		e_rlwinm		r7,r7,0,8,3
  0000002c 00  6447             151 		se_bseti		r7,4
  0000002e 00  d07f             152 		se_stw		r7,0(r31)
                                153 	#$$vo
  00000030 00  70c0 6000        154 		e_li		r6,-262144
  00000034 00  54c1 006c        155 		e_stw		r6,108(r1)
  0000006e 03  44               156 	        .d2line         20
  00000038 00  50e1 006c        157 		e_lwz		r7,108(r1)
  0000003c 00  1bc7 8101        158 		e_addi		r30,r7,256
  00000040 00  c06e             159 		se_lwz		r6,0(r30)
                                160 	#$$vo
  00000042 00  60a6             161 		se_bclri		r6,10
  00000044 00  d06e             162 		se_stw		r6,0(r30)
                                163 	#$$vo
  00000046 00  70e0 6000        164 		e_li		r7,-262144
  0000004a 00  54e1 0070        165 		e_stw		r7,112(r1)
  0000006f 03  3c               166 	        .d2line         22
  0000004e 00  50c1 0070        167 		e_lwz		r6,112(r1)
  00000052 00  1ba6 8101        168 		e_addi		r29,r6,256
  00000056 00  c07d             169 		se_lwz		r7,0(r29)
                                170 	#$$vo
  00000058 00  6097             171 		se_bclri		r7,9
  0000005a 00  d07d             172 		se_stw		r7,0(r29)
                                173 	#$$vo
  0000005c 00  70c0 6000        174 		e_li		r6,-262144
  00000060 00  54c1 0074        175 		e_stw		r6,116(r1)
  00000070 03  3c               176 	        .d2line         24
  00000064 00  50e1 0074        177 		e_lwz		r7,116(r1)
  00000068 00  1b87 8101        178 		e_addi		r28,r7,256
  0000006c 00  c06c             179 		se_lwz		r6,0(r28)
                                180 	#$$vo
  0000006e 00  60b6             181 		se_bclri		r6,11
  00000070 00  d06c             182 		se_stw		r6,0(r28)
                                183 	#$$vo
  00000072 00  70e0 6000        184 		e_li		r7,-262144
  00000076 00  54e1 0078        185 		e_stw		r7,120(r1)
  00000071 03  3c               186 	        .d2line         26
  0000007a 00  50c1 0078        187 		e_lwz		r6,120(r1)
  0000007e 00  1b66 8101        188 		e_addi		r27,r6,256
  00000082 00  c07b             189 		se_lwz		r7,0(r27)
                                190 	#$$vo
  00000084 00  74e7 0417        191 		e_rlwinm		r7,r7,0,16,11
  00000088 00  64e7             192 		se_bseti		r7,14
  0000008a 00  d07b             193 		se_stw		r7,0(r27)
                                194 	#$$vo
  0000008c 00  70c0 6000        195 		e_li		r6,-262144
  00000090 00  54c1 007c        196 		e_stw		r6,124(r1)
  00000072 03  44               197 	        .d2line         28
  00000094 00  50e1 007c        198 		e_lwz		r7,124(r1)
  00000098 00  1f47 0104        199 		e_add16i	r26,r7,260
  0000009c 00  c06a             200 		se_lwz		r6,0(r26)
                                201 	#$$vo
  0000009e 00  74c6 0385        202 		e_rlwinm		r6,r6,0,14,2
  000000a2 00  70c2 d004        203 		e_oris		r6,4100
  000000a6 00  d06a             204 		se_stw		r6,0(r26)
                                205 	#$$vo
  000000a8 00  70e0 6000        206 		e_li		r7,-262144
  000000ac 00  54e1 0080        207 		e_stw		r7,128(r1)
  00000073 03  0304 46          208 	        .d2line         32
  000000b0 00  50c1 0080        209 		e_lwz		r6,128(r1)
  000000b4 00  1f26 0110        210 		e_add16i	r25,r6,272
  000000b8 00  c079             211 		se_lwz		r7,0(r25)
                                212 	#$$vo
  000000ba 00  74e7 0207        213 		e_rlwinm		r7,r7,0,8,3
  000000be 00  6447             214 		se_bseti		r7,4
  000000c0 00  d079             215 		se_stw		r7,0(r25)
                                216 	#$$vo
  000000c2 00  70c0 6000        217 		e_li		r6,-262144
  000000c6 00  54c1 0084        218 		e_stw		r6,132(r1)
  00000076 03  44               219 	        .d2line         34
  000000ca 00  50e1 0084        220 		e_lwz		r7,132(r1)
  000000ce 00  1f07 0110        221 		e_add16i	r24,r7,272
  000000d2 00  c068             222 		se_lwz		r6,0(r24)
                                223 	#$$vo
  000000d4 00  60a6             224 		se_bclri		r6,10
  000000d6 00  d068             225 		se_stw		r6,0(r24)
                                226 	#$$vo
  000000d8 00  70e0 6000        227 		e_li		r7,-262144
  000000dc 00  54e1 0088        228 		e_stw		r7,136(r1)
  00000077 03  3c               229 	        .d2line         36
  000000e0 00  50c1 0088        230 		e_lwz		r6,136(r1)
  000000e4 00  1ee6 0110        231 		e_add16i	r23,r6,272
  000000e8 00  50f7 0000        232 		e_lwz		r7,0(r23)
                                233 	#$$vo
  000000ec 00  6097             234 		se_bclri		r7,9
  000000ee 00  54f7 0000        235 		e_stw		r7,0(r23)
                                236 	#$$vo
  000000f2 00  70c0 6000        237 		e_li		r6,-262144
  000000f6 00  54c1 008c        238 		e_stw		r6,140(r1)
  00000078 03  44               239 	        .d2line         38
  000000fa 00  50e1 008c        240 		e_lwz		r7,140(r1)
  000000fe 00  1ec7 0110        241 		e_add16i	r22,r7,272
  00000102 00  50d6 0000        242 		e_lwz		r6,0(r22)
                                243 	#$$vo
  00000106 00  60b6             244 		se_bclri		r6,11
  00000108 00  54d6 0000        245 		e_stw		r6,0(r22)
                                246 	#$$vo
  0000010c 00  70e0 6000        247 		e_li		r7,-262144
  00000110 00  54e1 0090        248 		e_stw		r7,144(r1)
  00000079 03  44               249 	        .d2line         40
  00000114 00  50c1 0090        250 		e_lwz		r6,144(r1)
  00000118 00  1ea6 0110        251 		e_add16i	r21,r6,272
  0000011c 00  50f5 0000        252 		e_lwz		r7,0(r21)
                                253 	#$$vo
  00000120 00  74e7 0417        254 		e_rlwinm		r7,r7,0,16,11
  00000124 00  64f7             255 		se_bseti		r7,15
  00000126 00  54f5 0000        256 		e_stw		r7,0(r21)
                                257 	#$$vo
  0000012a 00  70c0 6000        258 		e_li		r6,-262144
  0000012e 00  54c1 0094        259 		e_stw		r6,148(r1)
  0000007a 03  4c               260 	        .d2line         42
  00000132 00  50e1 0094        261 		e_lwz		r7,148(r1)
  00000136 00  1e87 0114        262 		e_add16i	r20,r7,276
  0000013a 00  50d4 0000        263 		e_lwz		r6,0(r20)
                                264 	#$$vo
  0000013e 00  74c6 0385        265 		e_rlwinm		r6,r6,0,14,2
  00000142 00  70c0 d12c        266 		e_oris		r6,300
  00000146 00  54d4 0000        267 		e_stw		r6,0(r20)
                                268 	#$$vo
  0000014a 00  70e0 6000        269 		e_li		r7,-262144
  0000014e 00  54e1 0098        270 		e_stw		r7,152(r1)
  0000007b 03  0304 4e          271 	        .d2line         46
  00000152 00  50c1 0098        272 		e_lwz		r6,152(r1)
  00000156 00  1e66 0120        273 		e_add16i	r19,r6,288
  0000015a 00  50f3 0000        274 		e_lwz		r7,0(r19)
                                275 	#$$vo
  0000015e 00  74e7 0207        276 		e_rlwinm		r7,r7,0,8,3
  00000162 00  6447             277 		se_bseti		r7,4
  00000164 00  54f3 0000        278 		e_stw		r7,0(r19)
                                279 	#$$vo
  00000168 00  70c0 6000        280 		e_li		r6,-262144
  0000016c 00  54c1 009c        281 		e_stw		r6,156(r1)
  0000007e 03  4c               282 	        .d2line         48
  00000170 00  50e1 009c        283 		e_lwz		r7,156(r1)
  00000174 00  1e47 0120        284 		e_add16i	r18,r7,288
  00000178 00  50d2 0000        285 		e_lwz		r6,0(r18)
                                286 	#$$vo
  0000017c 00  60a6             287 		se_bclri		r6,10
  0000017e 00  54d2 0000        288 		e_stw		r6,0(r18)
                                289 	#$$vo
  00000182 00  70e0 6000        290 		e_li		r7,-262144
  00000186 00  54e1 00a0        291 		e_stw		r7,160(r1)
  0000007f 03  44               292 	        .d2line         50
  0000018a 00  50c1 00a0        293 		e_lwz		r6,160(r1)
  0000018e 00  1e26 0120        294 		e_add16i	r17,r6,288
  00000192 00  50f1 0000        295 		e_lwz		r7,0(r17)
                                296 	#$$vo
  00000196 00  6097             297 		se_bclri		r7,9
  00000198 00  54f1 0000        298 		e_stw		r7,0(r17)
                                299 	#$$vo
  0000019c 00  70c0 6000        300 		e_li		r6,-262144
  000001a0 00  54c1 00a4        301 		e_stw		r6,164(r1)
  00000080 03  44               302 	        .d2line         52
  000001a4 00  50e1 00a4        303 		e_lwz		r7,164(r1)
  000001a8 00  1e07 0120        304 		e_add16i	r16,r7,288
  000001ac 00  50d0 0000        305 		e_lwz		r6,0(r16)
                                306 	#$$vo
  000001b0 00  60b6             307 		se_bclri		r6,11
  000001b2 00  54d0 0000        308 		e_stw		r6,0(r16)
                                309 	#$$vo
  000001b6 00  70e0 6000        310 		e_li		r7,-262144
  000001ba 00  54e1 00a8        311 		e_stw		r7,168(r1)
  00000081 03  44               312 	        .d2line         54
  000001be 00  50c1 00a8        313 		e_lwz		r6,168(r1)
  000001c2 00  1de6 0120        314 		e_add16i	r15,r6,288
  000001c6 00  50ef 0000        315 		e_lwz		r7,0(r15)
                                316 	#$$vo
  000001ca 00  74e7 0417        317 		e_rlwinm		r7,r7,0,16,11
  000001ce 00  64e7             318 		se_bseti		r7,14
  000001d0 00  54ef 0000        319 		e_stw		r7,0(r15)
                                320 	#$$vo
  000001d4 00  70c0 6000        321 		e_li		r6,-262144
  000001d8 00  54c1 00ac        322 		e_stw		r6,172(r1)
  00000082 03  4c               323 	        .d2line         56
  000001dc 00  50e1 00ac        324 		e_lwz		r7,172(r1)
  000001e0 00  1dc7 0124        325 		e_add16i	r14,r7,292
  000001e4 00  50ce 0000        326 		e_lwz		r6,0(r14)
                                327 	#$$vo
  000001e8 00  74c6 0385        328 		e_rlwinm		r6,r6,0,14,2
  000001ec 00  70c2 d00c        329 		e_oris		r6,4108
  000001f0 00  54ce 0000        330 		e_stw		r6,0(r14)
                                331 	#$$vo
  000001f4 00  70e0 6000        332 		e_li		r7,-262144
  000001f8 00  54e1 00b0        333 		e_stw		r7,176(r1)
  00000083 03  0304 4e          334 	        .d2line         60
  000001fc 00  50c1 00b0        335 		e_lwz		r6,176(r1)
  00000200 00  1cc6 0130        336 		e_add16i	r6,r6,304
  00000204 00  d261             337 		se_stw		r6,8(r1)
  00000206 00  c271             338 		se_lwz		r7,8(r1)
  00000208 00  c261             339 		se_lwz		r6,8(r1)
  0000020a 00  c066             340 		se_lwz		r6,0(r6)
                                341 	#$$vo
  0000020c 00  74c6 0207        342 		e_rlwinm		r6,r6,0,8,3
  00000210 00  6446             343 		se_bseti		r6,4
  00000212 00  d067             344 		se_stw		r6,0(r7)
                                345 	#$$vo
  00000214 00  70e0 6000        346 		e_li		r7,-262144
  00000218 00  54e1 00b4        347 		e_stw		r7,180(r1)
  00000086 03  50               348 	        .d2line         62
  0000021c 00  50c1 00b4        349 		e_lwz		r6,180(r1)
  00000220 00  1cc6 0130        350 		e_add16i	r6,r6,304
  00000224 00  d361             351 		se_stw		r6,12(r1)
  00000226 00  c371             352 		se_lwz		r7,12(r1)
  00000228 00  c361             353 		se_lwz		r6,12(r1)
  0000022a 00  c066             354 		se_lwz		r6,0(r6)
                                355 	#$$vo
  0000022c 00  60a6             356 		se_bclri		r6,10
  0000022e 00  d067             357 		se_stw		r6,0(r7)
                                358 	#$$vo
  00000230 00  70e0 6000        359 		e_li		r7,-262144
  00000234 00  54e1 00b8        360 		e_stw		r7,184(r1)
  00000087 03  48               361 	        .d2line         64
  00000238 00  50c1 00b8        362 		e_lwz		r6,184(r1)
  0000023c 00  1cc6 0130        363 		e_add16i	r6,r6,304
  00000240 00  d461             364 		se_stw		r6,16(r1)
  00000242 00  c471             365 		se_lwz		r7,16(r1)
  00000244 00  c461             366 		se_lwz		r6,16(r1)
  00000246 00  c066             367 		se_lwz		r6,0(r6)
                                368 	#$$vo
  00000248 00  6096             369 		se_bclri		r6,9
  0000024a 00  d067             370 		se_stw		r6,0(r7)
                                371 	#$$vo
  0000024c 00  70e0 6000        372 		e_li		r7,-262144
  00000250 00  54e1 00bc        373 		e_stw		r7,188(r1)
  00000088 03  48               374 	        .d2line         66
  00000254 00  50c1 00bc        375 		e_lwz		r6,188(r1)
  00000258 00  1cc6 0130        376 		e_add16i	r6,r6,304
  0000025c 00  d561             377 		se_stw		r6,20(r1)
  0000025e 00  c571             378 		se_lwz		r7,20(r1)
  00000260 00  c561             379 		se_lwz		r6,20(r1)
  00000262 00  c066             380 		se_lwz		r6,0(r6)
                                381 	#$$vo
  00000264 00  60b6             382 		se_bclri		r6,11
  00000266 00  d067             383 		se_stw		r6,0(r7)
                                384 	#$$vo
  00000268 00  70e0 6000        385 		e_li		r7,-262144
  0000026c 00  54e1 00c0        386 		e_stw		r7,192(r1)
  00000089 03  48               387 	        .d2line         68
  00000270 00  50c1 00c0        388 		e_lwz		r6,192(r1)
  00000274 00  1cc6 0130        389 		e_add16i	r6,r6,304
  00000278 00  d661             390 		se_stw		r6,24(r1)
  0000027a 00  c671             391 		se_lwz		r7,24(r1)
  0000027c 00  c661             392 		se_lwz		r6,24(r1)
  0000027e 00  c066             393 		se_lwz		r6,0(r6)
                                394 	#$$vo
  00000280 00  74c6 0417        395 		e_rlwinm		r6,r6,0,16,11
  00000284 00  64e6             396 		se_bseti		r6,14
  00000286 00  d067             397 		se_stw		r6,0(r7)
                                398 	#$$vo
  00000288 00  70e0 6000        399 		e_li		r7,-262144
  0000028c 00  54e1 00c4        400 		e_stw		r7,196(r1)
  0000008a 03  50               401 	        .d2line         70
  00000290 00  50c1 00c4        402 		e_lwz		r6,196(r1)
  00000294 00  1cc6 0134        403 		e_add16i	r6,r6,308
  00000298 00  d761             404 		se_stw		r6,28(r1)
  0000029a 00  c771             405 		se_lwz		r7,28(r1)
  0000029c 00  c761             406 		se_lwz		r6,28(r1)
  0000029e 00  c066             407 		se_lwz		r6,0(r6)
                                408 	#$$vo
  000002a0 00  74c6 0385        409 		e_rlwinm		r6,r6,0,14,2
  000002a4 00  70c2 d010        410 		e_oris		r6,4112
  000002a8 00  d067             411 		se_stw		r6,0(r7)
                                412 	#$$vo
  000002aa 00  70e0 6000        413 		e_li		r7,-262144
  000002ae 00  54e1 00c8        414 		e_stw		r7,200(r1)
  0000008b 03  0304 52          415 	        .d2line         74
  000002b2 00  50c1 00c8        416 		e_lwz		r6,200(r1)
  000002b6 00  1cc6 0140        417 		e_add16i	r6,r6,320
  000002ba 00  d861             418 		se_stw		r6,32(r1)
  000002bc 00  c871             419 		se_lwz		r7,32(r1)
  000002be 00  c861             420 		se_lwz		r6,32(r1)
  000002c0 00  c066             421 		se_lwz		r6,0(r6)
                                422 	#$$vo
  000002c2 00  74c6 0207        423 		e_rlwinm		r6,r6,0,8,3
  000002c6 00  6446             424 		se_bseti		r6,4
  000002c8 00  d067             425 		se_stw		r6,0(r7)
                                426 	#$$vo
  000002ca 00  70e0 6000        427 		e_li		r7,-262144
  000002ce 00  54e1 00cc        428 		e_stw		r7,204(r1)
  0000008e 03  50               429 	        .d2line         76
  000002d2 00  50c1 00cc        430 		e_lwz		r6,204(r1)
  000002d6 00  1cc6 0140        431 		e_add16i	r6,r6,320
  000002da 00  d961             432 		se_stw		r6,36(r1)
  000002dc 00  c971             433 		se_lwz		r7,36(r1)
  000002de 00  c961             434 		se_lwz		r6,36(r1)
  000002e0 00  c066             435 		se_lwz		r6,0(r6)
                                436 	#$$vo
  000002e2 00  60a6             437 		se_bclri		r6,10
  000002e4 00  d067             438 		se_stw		r6,0(r7)
                                439 	#$$vo
  000002e6 00  70e0 6000        440 		e_li		r7,-262144
  000002ea 00  54e1 00d0        441 		e_stw		r7,208(r1)
  0000008f 03  48               442 	        .d2line         78
  000002ee 00  50c1 00d0        443 		e_lwz		r6,208(r1)
  000002f2 00  1cc6 0140        444 		e_add16i	r6,r6,320
  000002f6 00  da61             445 		se_stw		r6,40(r1)
  000002f8 00  ca71             446 		se_lwz		r7,40(r1)
  000002fa 00  ca61             447 		se_lwz		r6,40(r1)
  000002fc 00  c066             448 		se_lwz		r6,0(r6)
                                449 	#$$vo
  000002fe 00  6096             450 		se_bclri		r6,9
  00000300 00  d067             451 		se_stw		r6,0(r7)
                                452 	#$$vo
  00000302 00  70e0 6000        453 		e_li		r7,-262144
  00000306 00  54e1 00d4        454 		e_stw		r7,212(r1)
  00000090 03  48               455 	        .d2line         80
  0000030a 00  50c1 00d4        456 		e_lwz		r6,212(r1)
  0000030e 00  1cc6 0140        457 		e_add16i	r6,r6,320
  00000312 00  db61             458 		se_stw		r6,44(r1)
  00000314 00  cb71             459 		se_lwz		r7,44(r1)
  00000316 00  cb61             460 		se_lwz		r6,44(r1)
  00000318 00  c066             461 		se_lwz		r6,0(r6)
                                462 	#$$vo
  0000031a 00  60b6             463 		se_bclri		r6,11
  0000031c 00  d067             464 		se_stw		r6,0(r7)
                                465 	#$$vo
  0000031e 00  70e0 6000        466 		e_li		r7,-262144
  00000322 00  54e1 00d8        467 		e_stw		r7,216(r1)
  00000091 03  48               468 	        .d2line         82
  00000326 00  50c1 00d8        469 		e_lwz		r6,216(r1)
  0000032a 00  1cc6 0140        470 		e_add16i	r6,r6,320
  0000032e 00  dc61             471 		se_stw		r6,48(r1)
  00000330 00  cc71             472 		se_lwz		r7,48(r1)
  00000332 00  cc61             473 		se_lwz		r6,48(r1)
  00000334 00  c066             474 		se_lwz		r6,0(r6)
                                475 	#$$vo
  00000336 00  74c6 0417        476 		e_rlwinm		r6,r6,0,16,11
  0000033a 00  64e6             477 		se_bseti		r6,14
  0000033c 00  d067             478 		se_stw		r6,0(r7)
                                479 	#$$vo
  0000033e 00  70e0 6000        480 		e_li		r7,-262144
  00000342 00  54e1 00dc        481 		e_stw		r7,220(r1)
  00000092 03  50               482 	        .d2line         84
  00000346 00  50c1 00dc        483 		e_lwz		r6,220(r1)
  0000034a 00  1cc6 0144        484 		e_add16i	r6,r6,324
  0000034e 00  dd61             485 		se_stw		r6,52(r1)
  00000350 00  cd71             486 		se_lwz		r7,52(r1)
  00000352 00  cd61             487 		se_lwz		r6,52(r1)
  00000354 00  c066             488 		se_lwz		r6,0(r6)
                                489 	#$$vo
  00000356 00  74c6 0385        490 		e_rlwinm		r6,r6,0,14,2
  0000035a 00  70c2 d014        491 		e_oris		r6,4116
  0000035e 00  d067             492 		se_stw		r6,0(r7)
                                493 	#$$vo
  00000360 00  70e0 6000        494 		e_li		r7,-262144
  00000364 00  54e1 00e0        495 		e_stw		r7,224(r1)
  00000093 03  0304 52          496 	        .d2line         88
  00000368 00  50c1 00e0        497 		e_lwz		r6,224(r1)
  0000036c 00  1cc6 0150        498 		e_add16i	r6,r6,336
  00000370 00  de61             499 		se_stw		r6,56(r1)
  00000372 00  ce71             500 		se_lwz		r7,56(r1)
  00000374 00  ce61             501 		se_lwz		r6,56(r1)
  00000376 00  c066             502 		se_lwz		r6,0(r6)
                                503 	#$$vo
  00000378 00  74c6 0207        504 		e_rlwinm		r6,r6,0,8,3
  0000037c 00  6446             505 		se_bseti		r6,4
  0000037e 00  d067             506 		se_stw		r6,0(r7)
                                507 	#$$vo
  00000380 00  70e0 6000        508 		e_li		r7,-262144
  00000384 00  54e1 00e4        509 		e_stw		r7,228(r1)
  00000096 03  50               510 	        .d2line         90
  00000388 00  50c1 00e4        511 		e_lwz		r6,228(r1)
  0000038c 00  1cc6 0150        512 		e_add16i	r6,r6,336
  00000390 00  df61             513 		se_stw		r6,60(r1)
  00000392 00  cf71             514 		se_lwz		r7,60(r1)
  00000394 00  cf61             515 		se_lwz		r6,60(r1)
  00000396 00  c066             516 		se_lwz		r6,0(r6)
                                517 	#$$vo
  00000398 00  60a6             518 		se_bclri		r6,10
  0000039a 00  d067             519 		se_stw		r6,0(r7)
                                520 	#$$vo
  0000039c 00  70e0 6000        521 		e_li		r7,-262144
  000003a0 00  54e1 00e8        522 		e_stw		r7,232(r1)
  00000097 03  48               523 	        .d2line         92
  000003a4 00  50c1 00e8        524 		e_lwz		r6,232(r1)
  000003a8 00  1cc6 0150        525 		e_add16i	r6,r6,336
  000003ac 00  54c1 0040        526 		e_stw		r6,64(r1)
  000003b0 00  50e1 0040        527 		e_lwz		r7,64(r1)
  000003b4 00  50c1 0040        528 		e_lwz		r6,64(r1)
  000003b8 00  c066             529 		se_lwz		r6,0(r6)
                                530 	#$$vo
  000003ba 00  6096             531 		se_bclri		r6,9
  000003bc 00  d067             532 		se_stw		r6,0(r7)
                                533 	#$$vo
  000003be 00  70e0 6000        534 		e_li		r7,-262144
  000003c2 00  54e1 00ec        535 		e_stw		r7,236(r1)
  00000098 03  54               536 	        .d2line         94
  000003c6 00  50c1 00ec        537 		e_lwz		r6,236(r1)
  000003ca 00  1cc6 0150        538 		e_add16i	r6,r6,336
  000003ce 00  54c1 0044        539 		e_stw		r6,68(r1)
  000003d2 00  50e1 0044        540 		e_lwz		r7,68(r1)
  000003d6 00  50c1 0044        541 		e_lwz		r6,68(r1)
  000003da 00  c066             542 		se_lwz		r6,0(r6)
                                543 	#$$vo
  000003dc 00  60b6             544 		se_bclri		r6,11
  000003de 00  d067             545 		se_stw		r6,0(r7)
                                546 	#$$vo
  000003e0 00  70e0 6000        547 		e_li		r7,-262144
  000003e4 00  54e1 00f0        548 		e_stw		r7,240(r1)
  00000099 03  54               549 	        .d2line         96
  000003e8 00  50c1 00f0        550 		e_lwz		r6,240(r1)
  000003ec 00  1cc6 0150        551 		e_add16i	r6,r6,336
  000003f0 00  54c1 0048        552 		e_stw		r6,72(r1)
  000003f4 00  50e1 0048        553 		e_lwz		r7,72(r1)
  000003f8 00  50c1 0048        554 		e_lwz		r6,72(r1)
  000003fc 00  c066             555 		se_lwz		r6,0(r6)
                                556 	#$$vo
  000003fe 00  74c6 0417        557 		e_rlwinm		r6,r6,0,16,11
  00000402 00  64e6             558 		se_bseti		r6,14
  00000404 00  d067             559 		se_stw		r6,0(r7)
                                560 	#$$vo
  00000406 00  70e0 6000        561 		e_li		r7,-262144
  0000040a 00  54e1 00f4        562 		e_stw		r7,244(r1)
  0000009a 03  5c               563 	        .d2line         98
  0000040e 00  50c1 00f4        564 		e_lwz		r6,244(r1)
  00000412 00  1cc6 0154        565 		e_add16i	r6,r6,340
  00000416 00  54c1 004c        566 		e_stw		r6,76(r1)
  0000041a 00  50e1 004c        567 		e_lwz		r7,76(r1)
  0000041e 00  50c1 004c        568 		e_lwz		r6,76(r1)
  00000422 00  c066             569 		se_lwz		r6,0(r6)
                                570 	#$$vo
  00000424 00  74c6 0385        571 		e_rlwinm		r6,r6,0,14,2
  00000428 00  70c0 d12c        572 		e_oris		r6,300
  0000042c 00  d067             573 		se_stw		r6,0(r7)
                                574 	#$$vo
  0000042e 00  70e0 6000        575 		e_li		r7,-262144
  00000432 00  54e1 00f8        576 		e_stw		r7,248(r1)
  0000009b 03  0304 5e          577 	        .d2line         102
  00000436 00  50c1 00f8        578 		e_lwz		r6,248(r1)
  0000043a 00  1cc6 0170        579 		e_add16i	r6,r6,368
  0000043e 00  54c1 0050        580 		e_stw		r6,80(r1)
  00000442 00  50e1 0050        581 		e_lwz		r7,80(r1)
  00000446 00  50c1 0050        582 		e_lwz		r6,80(r1)
  0000044a 00  c066             583 		se_lwz		r6,0(r6)
                                584 	#$$vo
  0000044c 00  74c6 0207        585 		e_rlwinm		r6,r6,0,8,3
  00000450 00  6446             586 		se_bseti		r6,4
  00000452 00  d067             587 		se_stw		r6,0(r7)
                                588 	#$$vo
  00000454 00  70e0 6000        589 		e_li		r7,-262144
  00000458 00  54e1 00fc        590 		e_stw		r7,252(r1)
  0000009e 03  5c               591 	        .d2line         104
  0000045c 00  50c1 00fc        592 		e_lwz		r6,252(r1)
  00000460 00  1cc6 0170        593 		e_add16i	r6,r6,368
  00000464 00  54c1 0054        594 		e_stw		r6,84(r1)
  00000468 00  50e1 0054        595 		e_lwz		r7,84(r1)
  0000046c 00  50c1 0054        596 		e_lwz		r6,84(r1)
  00000470 00  c066             597 		se_lwz		r6,0(r6)
                                598 	#$$vo
  00000472 00  60a6             599 		se_bclri		r6,10
  00000474 00  d067             600 		se_stw		r6,0(r7)
                                601 	#$$vo
  00000476 00  70e0 6000        602 		e_li		r7,-262144
  0000047a 00  54e1 0100        603 		e_stw		r7,256(r1)
  0000009f 03  54               604 	        .d2line         106
  0000047e 00  50c1 0100        605 		e_lwz		r6,256(r1)
  00000482 00  1cc6 0170        606 		e_add16i	r6,r6,368
  00000486 00  54c1 0058        607 		e_stw		r6,88(r1)
  0000048a 00  50e1 0058        608 		e_lwz		r7,88(r1)
  0000048e 00  50c1 0058        609 		e_lwz		r6,88(r1)
  00000492 00  c066             610 		se_lwz		r6,0(r6)
                                611 	#$$vo
  00000494 00  6096             612 		se_bclri		r6,9
  00000496 00  d067             613 		se_stw		r6,0(r7)
                                614 	#$$vo
  00000498 00  70e0 6000        615 		e_li		r7,-262144
  0000049c 00  54e1 0104        616 		e_stw		r7,260(r1)
  000000a0 03  54               617 	        .d2line         108
  000004a0 00  50c1 0104        618 		e_lwz		r6,260(r1)
  000004a4 00  1cc6 0170        619 		e_add16i	r6,r6,368
  000004a8 00  54c1 005c        620 		e_stw		r6,92(r1)
  000004ac 00  50e1 005c        621 		e_lwz		r7,92(r1)
  000004b0 00  50c1 005c        622 		e_lwz		r6,92(r1)
  000004b4 00  c066             623 		se_lwz		r6,0(r6)
                                624 	#$$vo
  000004b6 00  60b6             625 		se_bclri		r6,11
  000004b8 00  d067             626 		se_stw		r6,0(r7)
                                627 	#$$vo
  000004ba 00  70e0 6000        628 		e_li		r7,-262144
  000004be 00  54e1 0108        629 		e_stw		r7,264(r1)
  000000a1 03  54               630 	        .d2line         110
  000004c2 00  50c1 0108        631 		e_lwz		r6,264(r1)
  000004c6 00  1cc6 0170        632 		e_add16i	r6,r6,368
  000004ca 00  54c1 0060        633 		e_stw		r6,96(r1)
  000004ce 00  50e1 0060        634 		e_lwz		r7,96(r1)
  000004d2 00  50c1 0060        635 		e_lwz		r6,96(r1)
  000004d6 00  c066             636 		se_lwz		r6,0(r6)
                                637 	#$$vo
  000004d8 00  74c6 0417        638 		e_rlwinm		r6,r6,0,16,11
  000004dc 00  64e6             639 		se_bseti		r6,14
  000004de 00  d067             640 		se_stw		r6,0(r7)
                                641 	#$$vo
  000004e0 00  70e0 6000        642 		e_li		r7,-262144
  000004e4 00  54e1 010c        643 		e_stw		r7,268(r1)
  000000a2 03  5c               644 	        .d2line         112
  000004e8 00  50c1 010c        645 		e_lwz		r6,268(r1)
  000004ec 00  1cc6 0174        646 		e_add16i	r6,r6,372
  000004f0 00  54c1 0064        647 		e_stw		r6,100(r1)
  000004f4 00  50e1 0064        648 		e_lwz		r7,100(r1)
  000004f8 00  50c1 0064        649 		e_lwz		r6,100(r1)
  000004fc 00  c066             650 		se_lwz		r6,0(r6)
                                651 	#$$vo
  000004fe 00  74c6 0385        652 		e_rlwinm		r6,r6,0,14,2
  00000502 00  70c2 d008        653 		e_oris		r6,4104
  00000506 00  d067             654 		se_stw		r6,0(r7)
                                655 	#$$vo
  00000508 00  70e0 6000        656 		e_li		r7,-262144
  0000050c 00  54e1 0110        657 		e_stw		r7,272(r1)
  000000a3 03  0306 5e          658 	        .d2line         118
  00000510 00  50c1 0110        659 		e_lwz		r6,272(r1)
  00000514 00  4807             660 		se_li		r7,0
  00000516 00  54e6 00e0        661 		e_stw		r7,224(r6)
                                662 	#$$vo
  0000051a 00  70c0 6000        663 		e_li		r6,-262144
  0000051e 00  54c1 0114        664 		e_stw		r6,276(r1)
  000000a6 03  33               665 	        .d2line         119
  00000522 00  50e1 0114        666 		e_lwz		r7,276(r1)
  00000526 00  4806             667 		se_li		r6,0
  00000528 00  54c7 0880        668 		e_stw		r6,2176(r7)
                                669 	#$$vo
  000000a7 03  23               670 	        .d2line         120
                                671 	#$$be
  000000a8 03  0200 0b01        672 		.d2epilogue_begin
                                673 	#$$br
  0000052c 00  1d61 0118        674 		e_add16i	r11,r1,280
  00000530 00  19cb 0800        675 		e_lmw		r14,0(r11)
                                676 	#$$er
  00000534 00  5001 0164        677 		e_lwz		r0,356(r1)
  00000538 00  0090             678 		se_mtlr		r0
  0000053a 00  1c21 0160        679 		e_add16i	r1,r1,352
                                680 	#$$tl 0x0 0x0 0x0
  0000053e 00  0004             681 		se_blr
                                682 	#$$ef
                                683 		.d2_cfa_end 2
                                684 		.section	.debug_info,,n
  000000c0 05  00               685 		.sleb128	0
                                686 	.L5787:
                                687 		.section	.text_vle,,c
                                688 	.L5789:
                                689 		.type		CANMsgBufInit,@function
                                690 		.size		CANMsgBufInit,.-CANMsgBufInit
                                691 	# Number of nodes = 218
                                692 	
                                693 	# Allocations for CANMsgBufInit
                                694 	#	SP,104		$$1
                                695 	#	SP,108		$$2
                                696 	#	SP,112		$$3
                                697 	#	SP,116		$$4
                                698 	#	SP,120		$$5
                                699 	#	SP,124		$$6
                                700 	#	SP,128		$$7
                                701 	#	SP,132		$$8
                                702 	#	SP,136		$$9
                                703 	#	SP,140		$$10
                                704 	#	SP,144		$$11
                                705 	#	SP,148		$$12
                                706 	#	SP,152		$$13
                                707 	#	SP,156		$$14
                                708 	#	SP,160		$$15
                                709 	#	SP,164		$$16
                                710 	#	SP,168		$$17
                                711 	#	SP,172		$$18
                                712 	#	SP,176		$$19
                                713 	#	SP,180		$$20
                                714 	#	SP,184		$$21
                                715 	#	SP,188		$$22
                                716 	#	SP,192		$$23
                                717 	#	SP,196		$$24
                                718 	#	SP,200		$$25
                                719 	#	SP,204		$$26
                                720 	#	SP,208		$$27
                                721 	#	SP,212		$$28
                                722 	#	SP,216		$$29
                                723 	#	SP,220		$$30
                                724 	#	SP,224		$$31
                                725 	#	SP,228		$$32
                                726 	#	SP,232		$$33
                                727 	#	SP,236		$$34
                                728 	#	SP,240		$$35
                                729 	#	SP,244		$$36
                                730 	#	SP,248		$$37
                                731 	#	SP,252		$$38
                                732 	#	SP,256		$$39
                                733 	#	SP,260		$$40
                                734 	#	SP,264		$$41
                                735 	#	SP,268		$$42
                                736 	#	SP,272		$$43
                                737 	#	SP,276		$$44
                                738 	#	r31		$$45
                                739 	#	r30		$$46
                                740 	#	r29		$$47
                                741 	#	r28		$$48
                                742 	#	r27		$$49
                                743 	#	r26		$$50
                                744 	#	r25		$$51
                                745 	#	r24		$$52
                                746 	#	r23		$$53
                                747 	#	r22		$$54
                                748 	#	r21		$$55
                                749 	#	r20		$$56
                                750 	#	r19		$$57
                                751 	#	r18		$$58
                                752 	#	r17		$$59
                                753 	#	r16		$$60
                                754 	#	r15		$$61
                                755 	#	r14		$$62
                                756 	#	SP,8		$$63
                                757 	#	SP,12		$$64
                                758 	#	SP,16		$$65
                                759 	#	SP,20		$$66
                                760 	#	SP,24		$$67
                                761 	#	SP,28		$$68
                                762 	#	SP,32		$$69
                                763 	#	SP,36		$$70
                                764 	#	SP,40		$$71
                                765 	#	SP,44		$$72
                                766 	#	SP,48		$$73
                                767 	#	SP,52		$$74
                                768 	#	SP,56		$$75
                                769 	#	SP,60		$$76
                                770 	#	SP,64		$$77
                                771 	#	SP,68		$$78
                                772 	#	SP,72		$$79
                                773 	#	SP,76		$$80
                                774 	#	SP,80		$$81
                                775 	#	SP,84		$$82
                                776 	#	SP,88		$$83
                                777 	#	SP,92		$$84
                                778 	#	SP,96		$$85
                                779 	#	SP,100		$$86
                                780 	
                                781 	#$$bf
                                782 		.align		2
                                783 		.globl		CANInit
  00000054 02  0000 003c 0000   784 		.d2_cfa_start __local_cie
  0000005a 02  0000 0000 0000       	
  00000060 02  0000 02be            	
                                785 	CANInit:
                                786 		.section	.debug_info,,n
                                787 	.L5796:
  000000c1 05  02               788 		.sleb128	2
  000000c2 05  0000 00ef        789 		.4byte		.L5793-.L2
  000000c6 05  4341 4e49 6e69   790 		.byte		"CANInit"
  000000cc 05  74                   	
  000000cd 05  00               791 		.byte		0
  000000ce 05  0000 0001        792 		.4byte		.L5790
  000000d2 05  8001             793 		.uleb128	128
  000000d4 05  01               794 		.byte		0x1
  000000d5 05  01               795 		.byte		0x1
  000000d6 05  0000 0000        796 		.4byte		.L5794
  000000da 05  0000 0000        797 		.4byte		.L5795
                                798 		.section	.debug_abbrev,,n
  0000002a 04  03               799 		.uleb128	3
  0000002b 04  34               800 		.uleb128	52
  0000002c 04  00               801 		.byte		0x0
  0000002d 04  3a               802 		.uleb128	58
  0000002e 04  06               803 		.uleb128	6
  0000002f 04  3b               804 		.uleb128	59
  00000030 04  0f               805 		.uleb128	15
  00000031 04  03               806 		.uleb128	3
  00000032 04  08               807 		.uleb128	8
  00000033 04  49               808 		.uleb128	73
  00000034 04  10               809 		.uleb128	16
  00000035 04  02               810 		.uleb128	2
  00000036 04  09               811 		.uleb128	9
  00000037 04  00               812 		.uleb128	0
  00000038 04  00               813 		.uleb128	0
                                814 		.section	.debug_info,,n
                                815 	.L5797:
  000000de 05  03               816 		.sleb128	3
  000000df 05  0000 0001        817 		.4byte		.L5790
  000000e3 05  8201             818 		.uleb128	130
  000000e5 05  69               819 		.byte		"i"
  000000e6 05  00               820 		.byte		0
  000000e7 05  0000 0000        821 		.4byte		.L5798
  000000eb 05  02               822 		.sleb128	2
  000000ec 05  90               823 		.byte		0x90
  000000ed 05  1f               824 		.uleb128	31
                                825 		.section	.text_vle,,c
  000000ac 03  0309 36          826 	        .d2line         129
                                827 	.L5794:
  00000540 00  701f 7f20        828 		e_li		r0,-224
  00000544 00  7c21 016e        829 		stwux		r1,r1,r0
  00000064 02  420e e001        830 		.d2_cfa_def_cfa_offset	224
  00000548 00  0080             831 		se_mflr		r0,lr
                                832 	#$$br
  0000054a 00  1961 8098        833 		e_addi		r11,r1,152
  0000054e 00  19cb 0900        834 		e_stmw		r14,0(r11)
  00000068 02  428e 128f 1190   835 		.d2_cfa_offset_list	14,31,18,-1
  0000006e 02  1091 0f92 0e93       	
  00000074 02  0d94 0c95 0b96       	
  0000007a 02  0a97 0998 0899       	
  00000080 02  079a 069b 059c       	
  00000086 02  049d                 	
                                836 	#$$er
  00000552 00  5401 00e4        837 		e_stw		r0,228(r1)
  0000008d 02  4111 6c7f        838 		.d2_cfa_offset    108,-1
                                839 	#$$ee
  000000af 03  020b 0a          840 		.d2prologue_end
  00000556 00  70e0 6000        841 		e_li		r7,-262144
  0000055a 00  d871             842 		se_stw		r7,32(r1)
  000000b2 03  0304 1a          843 	        .d2line         133
  0000055c 00  c8e1             844 		se_lwz		r30,32(r1)
  0000055e 00  203e             845 		se_addi		r30,4
  00000560 00  c07e             846 		se_lwz		r7,0(r30)
                                847 	#$$vo
  00000562 00  6527             848 		se_bseti		r7,18
  00000564 00  d07e             849 		se_stw		r7,0(r30)
                                850 	#$$vo
  00000566 00  70c0 6000        851 		e_li		r6,-262144
  0000056a 00  d961             852 		se_stw		r6,36(r1)
  0000056c 00  c9d1             853 		se_lwz		r29,36(r1)
  000000b5 03  0304 32          854 	        .d2line         137
  0000056e 00  c06d             855 		se_lwz		r6,0(r29)
                                856 	#$$vo
  00000570 00  6006             857 		se_bclri		r6,32
  00000572 00  d06d             858 		se_stw		r6,0(r29)
                                859 	#$$vo
  00000574 00  70e0 6000        860 		e_li		r7,-262144
  00000578 00  da71             861 		se_stw		r7,40(r1)
  0000057a 00  cac1             862 		se_lwz		r28,40(r1)
  000000b8 03  2c               863 	        .d2line         139
  0000057c 00  c07c             864 		se_lwz		r7,0(r28)
                                865 	#$$vo
  0000057e 00  64f7             866 		se_bseti		r7,15
  00000580 00  d07c             867 		se_stw		r7,0(r28)
                                868 	#$$vo
  00000582 00  70c0 6000        869 		e_li		r6,-262144
  00000586 00  db61             870 		se_stw		r6,44(r1)
  00000588 00  cbb1             871 		se_lwz		r27,44(r1)
  000000b9 03  2c               872 	        .d2line         141
  0000058a 00  c06b             873 		se_lwz		r6,0(r27)
                                874 	#$$vo
  0000058c 00  64a6             875 		se_bseti		r6,10
  0000058e 00  d06b             876 		se_stw		r6,0(r27)
                                877 	#$$vo
  00000590 00  70e0 6000        878 		e_li		r7,-262144
  00000594 00  dc71             879 		se_stw		r7,48(r1)
  00000596 00  cca1             880 		se_lwz		r26,48(r1)
  000000ba 03  2c               881 	        .d2line         143
  00000598 00  c07a             882 		se_lwz		r7,0(r26)
                                883 	#$$vo
  0000059a 00  64e7             884 		se_bseti		r7,14
  0000059c 00  d07a             885 		se_stw		r7,0(r26)
                                886 	#$$vo
  0000059e 00  70c0 6000        887 		e_li		r6,-262144
  000005a2 00  dd61             888 		se_stw		r6,52(r1)
  000005a4 00  cd91             889 		se_lwz		r25,52(r1)
  000000bb 03  2c               890 	        .d2line         145
  000005a6 00  c069             891 		se_lwz		r6,0(r25)
                                892 	#$$vo
  000005a8 00  6426             893 		se_bseti		r6,2
  000005aa 00  d069             894 		se_stw		r6,0(r25)
                                895 	#$$vo
  000005ac 00  70e0 6000        896 		e_li		r7,-262144
  000005b0 00  de71             897 		se_stw		r7,56(r1)
  000005b2 00  ce81             898 		se_lwz		r24,56(r1)
  000000bc 03  2c               899 	        .d2line         147
  000005b4 00  c078             900 		se_lwz		r7,0(r24)
                                901 	#$$vo
  000005b6 00  74e7 062b        902 		e_rlwinm		r7,r7,0,24,21
  000005ba 00  d078             903 		se_stw		r7,0(r24)
                                904 	#$$vo
  000005bc 00  70c0 6000        905 		e_li		r6,-262144
  000005c0 00  df61             906 		se_stw		r6,60(r1)
  000005c2 00  52e1 003c        907 		e_lwz		r23,60(r1)
  000000bd 03  34               908 	        .d2line         149
  000005c6 00  50d7 0000        909 		e_lwz		r6,0(r23)
                                910 	#$$vo
  000005ca 00  6536             911 		se_bseti		r6,19
  000005cc 00  54d7 0000        912 		e_stw		r6,0(r23)
                                913 	#$$vo
  000005d0 00  70e0 6000        914 		e_li		r7,-262144
  000005d4 00  54e1 0040        915 		e_stw		r7,64(r1)
  000005d8 00  52c1 0040        916 		e_lwz		r22,64(r1)
  000000be 03  3c               917 	        .d2line         151
  000005dc 00  50f6 0000        918 		e_lwz		r7,0(r22)
                                919 	#$$vo
  000005e0 00  6127             920 		se_bclri		r7,18
  000005e2 00  54f6 0000        921 		e_stw		r7,0(r22)
                                922 	#$$vo
  000005e6 00  70c0 6000        923 		e_li		r6,-262144
  000005ea 00  54c1 0044        924 		e_stw		r6,68(r1)
  000005ee 00  52a1 0044        925 		e_lwz		r21,68(r1)
  000000bf 03  3c               926 	        .d2line         153
  000005f2 00  50d5 0000        927 		e_lwz		r6,0(r21)
                                928 	#$$vo
  000005f6 00  74c6 0033        929 		e_rlwinm		r6,r6,0,0,25
  000005fa 00  18c6 d011        930 		e_ori		r6,r6,17
  000005fe 00  54d5 0000        931 		e_stw		r6,0(r21)
                                932 	#$$vo
  00000602 00  70e0 6000        933 		e_li		r7,-262144
  00000606 00  54e1 0048        934 		e_stw		r7,72(r1)
  000000c0 03  0304 3e          935 	        .d2line         157
  0000060a 00  5281 0048        936 		e_lwz		r20,72(r1)
  0000060e 00  1a94 8004        937 		e_addi		r20,r20,4
  00000612 00  50f4 0000        938 		e_lwz		r7,0(r20)
                                939 	#$$vo
  00000616 00  74e7 0039        940 		e_rlwinm		r7,r7,0,0,28
  0000061a 00  65e7             941 		se_bseti		r7,30
  0000061c 00  54f4 0000        942 		e_stw		r7,0(r20)
                                943 	#$$vo
  00000620 00  70c0 6000        944 		e_li		r6,-262144
  00000624 00  54c1 004c        945 		e_stw		r6,76(r1)
  000000c3 03  4c               946 	        .d2line         159
  00000628 00  5261 004c        947 		e_lwz		r19,76(r1)
  0000062c 00  1a73 8004        948 		e_addi		r19,r19,4
  00000630 00  50d3 0000        949 		e_lwz		r6,0(r19)
                                950 	#$$vo
  00000634 00  74c6 0353        951 		e_rlwinm		r6,r6,0,13,9
  00000638 00  64c6             952 		se_bseti		r6,12
  0000063a 00  54d3 0000        953 		e_stw		r6,0(r19)
                                954 	#$$vo
  0000063e 00  70e0 6000        955 		e_li		r7,-262144
  00000642 00  54e1 0050        956 		e_stw		r7,80(r1)
  000000c4 03  4c               957 	        .d2line         161
  00000646 00  5241 0050        958 		e_lwz		r18,80(r1)
  0000064a 00  1a52 8004        959 		e_addi		r18,r18,4
  0000064e 00  50f2 0000        960 		e_lwz		r7,0(r18)
                                961 	#$$vo
  00000652 00  74e7 0419        962 		e_rlwinm		r7,r7,0,16,12
  00000656 00  64f7             963 		se_bseti		r7,15
  00000658 00  54f2 0000        964 		e_stw		r7,0(r18)
                                965 	#$$vo
  0000065c 00  70c0 6000        966 		e_li		r6,-262144
  00000660 00  54c1 0054        967 		e_stw		r6,84(r1)
  000000c5 03  4c               968 	        .d2line         163
  00000664 00  5221 0054        969 		e_lwz		r17,84(r1)
  00000668 00  1a31 8004        970 		e_addi		r17,r17,4
  0000066c 00  50d1 0000        971 		e_lwz		r6,0(r17)
                                972 	#$$vo
  00000670 00  74c6 028f        973 		e_rlwinm		r6,r6,0,10,7
  00000674 00  54d1 0000        974 		e_stw		r6,0(r17)
                                975 	#$$vo
  00000678 00  70e0 6000        976 		e_li		r7,-262144
  0000067c 00  54e1 0058        977 		e_stw		r7,88(r1)
  000000c6 03  48               978 	        .d2line         165
  00000680 00  5201 0058        979 		e_lwz		r16,88(r1)
  00000684 00  1a10 8004        980 		e_addi		r16,r16,4
  00000688 00  50f0 0000        981 		e_lwz		r7,0(r16)
                                982 	#$$vo
  0000068c 00  74e7 023f        983 		e_rlwinm		r7,r7,0,8,31
  00000690 00  18e7 d303        984 		e_ori		r7,r7,50331648
  00000694 00  54f0 0000        985 		e_stw		r7,0(r16)
                                986 	#$$vo
  00000698 00  70c0 6000        987 		e_li		r6,-262144
  0000069c 00  54c1 005c        988 		e_stw		r6,92(r1)
  000000c7 03  50               989 	        .d2line         167
  000006a0 00  51e1 005c        990 		e_lwz		r15,92(r1)
  000006a4 00  19ef 8004        991 		e_addi		r15,r15,4
  000006a8 00  50cf 0000        992 		e_lwz		r6,0(r15)
                                993 	#$$vo
  000006ac 00  65b6             994 		se_bseti		r6,27
  000006ae 00  54cf 0000        995 		e_stw		r6,0(r15)
                                996 	#$$vo
  000006b2 00  70e0 6000        997 		e_li		r7,-262144
  000006b6 00  54e1 0060        998 		e_stw		r7,96(r1)
  000000c8 03  44               999 	        .d2line         169
  000006ba 00  51c1 0060       1000 		e_lwz		r14,96(r1)
  000006be 00  19ce 8004       1001 		e_addi		r14,r14,4
  000006c2 00  50ee 0000       1002 		e_lwz		r7,0(r14)
                               1003 	#$$vo
  000006c6 00  6137            1004 		se_bclri		r7,19
  000006c8 00  54ee 0000       1005 		e_stw		r7,0(r14)
                               1006 	#$$vo
  000000c9 03  0303 32         1007 	        .d2line         172
  000006cc 00  480f            1008 		se_li		r31,0
                               1009 	.L5782:
  000006ce 00  227f            1010 		se_cmpli		r31,8
  000006d0 00  e00a            1011 		bc		0,0,.L5780	# ge
  000000cc 03  1c              1012 	        .d2line         174
  000006d2 00  77e7 103b       1013 		e_rlwinm		r7,r31,2,0,29
  000006d6 00  70c0 60e0       1014 		e_li		r6,-261920
  000006da 00  0467            1015 		se_add		r7,r6
  000006dc 00  4805            1016 		se_li		r5,0
  000006de 00  d057            1017 		se_stw		r5,0(r7)
                               1018 	#$$vo
  000000cd 03  037e 2a         1019 	        .d2line         172
  000006e0 00  200f            1020 		se_addi		r31,1
  000000d0 03  0303 12         1021 	        .d2line         175
  000006e2 00  e8f6            1022 		b		.L5782
                               1023 	.L5780:
  000006e4 00  70e0 6000       1024 		e_li		r7,-262144
  000006e8 00  54e1 0064       1025 		e_stw		r7,100(r1)
  000000d3 03  0305 22         1026 	        .d2line         180
  000006ec 00  50c1 0064       1027 		e_lwz		r6,100(r1)
  000006f0 00  4807            1028 		se_li		r7,0
  000006f2 00  d476            1029 		se_stw		r7,16(r6)
                               1030 	#$$vo
  000006f4 00  70c0 6000       1031 		e_li		r6,-262144
  000006f8 00  54c1 0068       1032 		e_stw		r6,104(r1)
  000000d6 03  30              1033 	        .d2line         182
  000006fc 00  50e1 0068       1034 		e_lwz		r7,104(r1)
  00000700 00  4806            1035 		se_li		r6,0
  00000702 00  d567            1036 		se_stw		r6,20(r7)
                               1037 	#$$vo
  00000704 00  70e0 6000       1038 		e_li		r7,-262144
  00000708 00  54e1 006c       1039 		e_stw		r7,108(r1)
  000000d7 03  30              1040 	        .d2line         184
  0000070c 00  50c1 006c       1041 		e_lwz		r6,108(r1)
  00000710 00  4807            1042 		se_li		r7,0
  00000712 00  d676            1043 		se_stw		r7,24(r6)
                               1044 	#$$vo
  00000714 00  70c0 6000       1045 		e_li		r6,-262144
  00000718 00  54c1 0070       1046 		e_stw		r6,112(r1)
  000000d8 03  0303 2e         1047 	        .d2line         187
  0000071c 00  50e1 0070       1048 		e_lwz		r7,112(r1)
  00000720 00  2037            1049 		se_addi		r7,4
  00000722 00  d271            1050 		se_stw		r7,8(r1)
  00000724 00  c261            1051 		se_lwz		r6,8(r1)
  00000726 00  c271            1052 		se_lwz		r7,8(r1)
  00000728 00  c077            1053 		se_lwz		r7,0(r7)
                               1054 	#$$vo
  0000072a 00  6507            1055 		se_bseti		r7,16
  0000072c 00  d076            1056 		se_stw		r7,0(r6)
                               1057 	#$$vo
  0000072e 00  70c0 6000       1058 		e_li		r6,-262144
  00000732 00  54c1 0074       1059 		e_stw		r6,116(r1)
  000000db 03  44              1060 	        .d2line         189
  00000736 00  50e1 0074       1061 		e_lwz		r7,116(r1)
  0000073a 00  2037            1062 		se_addi		r7,4
  0000073c 00  d371            1063 		se_stw		r7,12(r1)
  0000073e 00  c361            1064 		se_lwz		r6,12(r1)
  00000740 00  c371            1065 		se_lwz		r7,12(r1)
  00000742 00  c077            1066 		se_lwz		r7,0(r7)
                               1067 	#$$vo
  00000744 00  6517            1068 		se_bseti		r7,17
  00000746 00  d076            1069 		se_stw		r7,0(r6)
                               1070 	#$$vo
  00000748 00  70c0 6000       1071 		e_li		r6,-262144
  0000074c 00  54c1 0078       1072 		e_stw		r6,120(r1)
  000000dc 03  44              1073 	        .d2line         191
  00000750 00  50e1 0078       1074 		e_lwz		r7,120(r1)
  00000754 00  2037            1075 		se_addi		r7,4
  00000756 00  d471            1076 		se_stw		r7,16(r1)
  00000758 00  c461            1077 		se_lwz		r6,16(r1)
  0000075a 00  c471            1078 		se_lwz		r7,16(r1)
  0000075c 00  c077            1079 		se_lwz		r7,0(r7)
                               1080 	#$$vo
  0000075e 00  6547            1081 		se_bseti		r7,20
  00000760 00  d076            1082 		se_stw		r7,0(r6)
                               1083 	#$$vo
  00000762 00  70c0 6000       1084 		e_li		r6,-262144
  00000766 00  54c1 007c       1085 		e_stw		r6,124(r1)
  000000dd 03  44              1086 	        .d2line         193
  0000076a 00  50e1 007c       1087 		e_lwz		r7,124(r1)
  0000076e 00  2037            1088 		se_addi		r7,4
  00000770 00  d571            1089 		se_stw		r7,20(r1)
  00000772 00  c561            1090 		se_lwz		r6,20(r1)
  00000774 00  c571            1091 		se_lwz		r7,20(r1)
  00000776 00  c077            1092 		se_lwz		r7,0(r7)
                               1093 	#$$vo
  00000778 00  6557            1094 		se_bseti		r7,21
  0000077a 00  d076            1095 		se_stw		r7,0(r6)
                               1096 	#$$vo
  0000077c 00  70c0 6000       1097 		e_li		r6,-262144
  00000780 00  54c1 0080       1098 		e_stw		r6,128(r1)
  00000784 00  50e1 0080       1099 		e_lwz		r7,128(r1)
  00000788 00  d671            1100 		se_stw		r7,24(r1)
  000000de 03  50              1101 	        .d2line         195
  0000078a 00  c661            1102 		se_lwz		r6,24(r1)
  0000078c 00  c671            1103 		se_lwz		r7,24(r1)
  0000078e 00  c077            1104 		se_lwz		r7,0(r7)
                               1105 	#$$vo
  00000790 00  6457            1106 		se_bseti		r7,5
  00000792 00  d076            1107 		se_stw		r7,0(r6)
                               1108 	#$$vo
  00000794 00  70c0 6000       1109 		e_li		r6,-262144
  00000798 00  54c1 0084       1110 		e_stw		r6,132(r1)
  000000df 03  0303 32         1111 	        .d2line         198
  0000079c 00  50e1 0084       1112 		e_lwz		r7,132(r1)
  000007a0 00  2c06            1113 		se_bmaski		r6,0
  000007a2 00  da67            1114 		se_stw		r6,40(r7)
                               1115 	#$$vo
  000007a4 00  70e0 6000       1116 		e_li		r7,-262144
  000007a8 00  54e1 0088       1117 		e_stw		r7,136(r1)
  000000e2 03  30              1118 	        .d2line         200
  000007ac 00  50c1 0088       1119 		e_lwz		r6,136(r1)
  000007b0 00  2c07            1120 		se_bmaski		r7,0
  000007b2 00  dc76            1121 		se_stw		r7,48(r6)
                               1122 	#$$vo
  000000e3 03  0303 1e         1123 	        .d2line         203
  000007b4 00  480f            1124 		se_li		r31,0
                               1125 	.L5785:
  000007b6 00  189f a840       1126 		cmpli		0,0,r31,64
  000007ba 00  e00a            1127 		bc		0,0,.L5783	# ge
  000000e6 03  20              1128 	        .d2line         205
  000007bc 00  77e7 103b       1129 		e_rlwinm		r7,r31,2,0,29
  000007c0 00  70c1 6080       1130 		e_li		r6,-259968
  000007c4 00  0467            1131 		se_add		r7,r6
  000007c6 00  2c05            1132 		se_bmaski		r5,0
  000007c8 00  d057            1133 		se_stw		r5,0(r7)
                               1134 	#$$vo
  000000e7 03  037e 2a         1135 	        .d2line         203
  000007ca 00  200f            1136 		se_addi		r31,1
  000000ea 03  0303 12         1137 	        .d2line         206
  000007cc 00  e8f5            1138 		b		.L5785
                               1139 	.L5783:
  000000ed 03  14              1140 	        .d2line         208
                               1141 	#$$fn 0x8c0 0 0 0x0
                               1142 	#$$tl 0x0 0x0 0x0
                               1143 	#$$rs 0 s
  000007ce 00  79ff f833       1144 		bl		CANMsgBufInit
  000007d2 00  70e0 6000       1145 		e_li		r7,-262144
  000007d6 00  54e1 008c       1146 		e_stw		r7,140(r1)
  000007da 00  50c1 008c       1147 		e_lwz		r6,140(r1)
  000007de 00  d761            1148 		se_stw		r6,28(r1)
  000000ee 03  0303 32         1149 	        .d2line         211
  000007e0 00  c771            1150 		se_lwz		r7,28(r1)
  000007e2 00  c761            1151 		se_lwz		r6,28(r1)
  000007e4 00  c066            1152 		se_lwz		r6,0(r6)
                               1153 	#$$vo
  000007e6 00  6036            1154 		se_bclri		r6,3
  000007e8 00  d067            1155 		se_stw		r6,0(r7)
                               1156 	#$$vo
  000000f1 03  23              1157 	        .d2line         212
                               1158 	#$$be
  000000f2 03  0200 0b01       1159 		.d2epilogue_begin
                               1160 	#$$br
  000007ea 00  1961 8098       1161 		e_addi		r11,r1,152
  000007ee 00  19cb 0800       1162 		e_lmw		r14,0(r11)
                               1163 	#$$er
  000007f2 00  5001 00e4       1164 		e_lwz		r0,228(r1)
  000007f6 00  0090            1165 		se_mtlr		r0
  000007f8 00  1821 80e0       1166 		e_addi		r1,r1,224
                               1167 	#$$tl 0x0 0x0 0x0
  000007fc 00  0004            1168 		se_blr
                               1169 	#$$ef
                               1170 		.d2_cfa_end 2
                               1171 		.section	.debug_info,,n
  000000ee 05  00              1172 		.sleb128	0
                               1173 	.L5793:
                               1174 		.section	.text_vle,,c
                               1175 	.L5795:
                               1176 		.type		CANInit,@function
                               1177 		.size		CANInit,.-CANInit
                               1178 	# Number of nodes = 175
                               1179 	
                               1180 	# Allocations for CANInit
                               1181 	#	r31		i
                               1182 	#	SP,32		$$87
                               1183 	#	SP,36		$$88
                               1184 	#	SP,40		$$89
                               1185 	#	SP,44		$$90
                               1186 	#	SP,48		$$91
                               1187 	#	SP,52		$$92
                               1188 	#	SP,56		$$93
                               1189 	#	SP,60		$$94
                               1190 	#	SP,64		$$95
                               1191 	#	SP,68		$$96
                               1192 	#	SP,72		$$97
                               1193 	#	SP,76		$$98
                               1194 	#	SP,80		$$99
                               1195 	#	SP,84		$$100
                               1196 	#	SP,88		$$101
                               1197 	#	SP,92		$$102
                               1198 	#	SP,96		$$103
                               1199 	#	SP,100		$$104
                               1200 	#	SP,104		$$105
                               1201 	#	SP,108		$$106
                               1202 	#	SP,112		$$107
                               1203 	#	SP,116		$$108
                               1204 	#	SP,120		$$109
                               1205 	#	SP,124		$$110
                               1206 	#	SP,128		$$111
                               1207 	#	SP,132		$$112
                               1208 	#	SP,136		$$113
                               1209 	#	SP,140		$$114
                               1210 	#	r30		$$115
                               1211 	#	r29		$$116
                               1212 	#	r28		$$117
                               1213 	#	r27		$$118
                               1214 	#	r26		$$119
                               1215 	#	r25		$$120
                               1216 	#	r24		$$121
                               1217 	#	r23		$$122
                               1218 	#	r22		$$123
                               1219 	#	r21		$$124
                               1220 	#	r20		$$125
                               1221 	#	r19		$$126
                               1222 	#	r18		$$127
                               1223 	#	r17		$$128
                               1224 	#	r16		$$129
                               1225 	#	r15		$$130
                               1226 	#	r14		$$131
                               1227 	#	SP,8		$$132
                               1228 	#	SP,12		$$133
                               1229 	#	SP,16		$$134
                               1230 	#	SP,20		$$135
                               1231 	#	SP,24		$$136
                               1232 	#	SP,28		$$137
                               1233 	
                               1234 	# Allocations for module
                               1235 		.section	.debug_abbrev,,n
  00000039 04  04              1236 		.uleb128	4
  0000003a 04  24              1237 		.uleb128	36
  0000003b 04  00              1238 		.byte		0x0
  0000003c 04  03              1239 		.uleb128	3
  0000003d 04  08              1240 		.uleb128	8
  0000003e 04  3e              1241 		.uleb128	62
  0000003f 04  0b              1242 		.uleb128	11
  00000040 04  0b              1243 		.uleb128	11
  00000041 04  0b              1244 		.uleb128	11
  00000042 04  00              1245 		.uleb128	0
  00000043 04  00              1246 		.uleb128	0
                               1247 		.section	.debug_info,,n
                               1248 	.L5798:
  000000ef 05  04              1249 		.sleb128	4
  000000f0 05  756e 7369 676e  1250 		.byte		"unsigned int"
  000000f6 05  6564 2069 6e74       	
  000000fc 05  00              1251 		.byte		0
  000000fd 05  07              1252 		.byte		0x7
  000000fe 05  04              1253 		.byte		0x4
                               1254 	.L7:
  000000ff 05  00              1255 		.sleb128	0
                               1256 	.L3:
                               1257 		.section	.text_vle,,c
                               1258 	.L5:
                               1259 	.L5790:	.d2filenum "C:\\Users\\ASE-Lab\\Desktop\\Unit3\\Template\\src\\can.c"
  000000f6 03  0005 0200 0000  1260 		.d2_line_end
  000000fc 03  0000 0101            	
                               1261 		.section	.debug_abbrev,,n
  00000044 04  00              1262 		.sleb128	0
