                                  1 	#$$m2		- PowerPC mnemonics
                                  2 	#$$pVLE		- PowerPC VLE encoding
                                  3 	#$$oPPC5534  - Optimized for PPC5534
                                  4 	#$$ko 9		- Reorder info
                                  5 		.file		"main.c"
                                  6 	#$$eb
                                  7 	#$$sz 0
                                  8 	#$$fp 0
                                  9 		.section	.PPC.EMB.apuinfo,,@note
  00000000 01  0000 0008         10 		.4byte		8
  00000004 01  0000 0004         11 		.4byte		4
  00000008 01  0000 0002         12 		.4byte		2
  0000000c 01  4150 5569 6e66    13 		.byte		"APUinfo"
  00000012 01  6f                   	
  00000013 01  00                14 		.byte		0
                                 15 		.align		2
  00000014 01  0104 0001         16 		.4byte		0x01040001
                                 17 		.section	.text_vle,,c
                                 18 		.section	.debug_frame,,n
                                 19 	__local_cie: 
  00000000 02  0000 0010         20 		.word	.LE-.LS
                                 21 	.LS:
  00000004 02  ffff ffff         22 		.word	-1
  00000008 02  01                23 		.byte	1
  00000009 02  00                24 		.byte	0
  0000000a 02  04                25 		.uleb128	4
  0000000b 02  7c                26 		.sleb128	-4
  0000000c 02  6c                27 		.byte	108
  0000000d 02  0c                28 		.byte	0x0c
  0000000e 02  01                29 		.byte	1
  0000000f 02  00                30 		.byte	0
  00000010 02  08                31 		.byte	8
  00000011 02  6c                32 		.byte	108
                                 33 		.fill           (.LS-.)&3
                                 34 	.LE:
                                 35 		.section	.debug_line,,n
                                 36 	.L8:
                                 37 		.section	.text_vle,,c
                                 38 	.L4:
  00000000 00                    39 		.0byte		.L2
  00000000 03  0000 011a 0002    40 		.d2_line_start	.debug_line
  00000006 03  0000 0013 0201       	
  0000000c 03  ff04 0d00 0101       	
  00000012 03  0101 0000 0001       	
  00000018 03  0000 0100 00         	
                                 41 		.section	.debug_abbrev,,n
                                 42 	.L9:
                                 43 		.section	.debug_info,,n
                                 44 	.L2:
  00000000 05  0000 0253         45 		.4byte		.L3-.L1
                                 46 	.L1:
  00000004 05  0002              47 		.2byte		0x2
  00000006 05  0000 0000         48 		.4byte		.L9
  0000000a 05  04                49 		.byte		0x4
                                 50 		.section	.debug_abbrev,,n
  00000000 04  01                51 		.uleb128	1
  00000001 04  11                52 		.uleb128	17
  00000002 04  01                53 		.byte		0x1
  00000003 04  01                54 		.uleb128	1
  00000004 04  13                55 		.uleb128	19
  00000005 04  03                56 		.uleb128	3
  00000006 04  08                57 		.uleb128	8
  00000007 04  25                58 		.uleb128	37
  00000008 04  08                59 		.uleb128	8
  00000009 04  1b                60 		.uleb128	27
  0000000a 04  08                61 		.uleb128	8
  0000000b 04  13                62 		.uleb128	19
  0000000c 04  0f                63 		.uleb128	15
  0000000d 04  11                64 		.uleb128	17
  0000000e 04  01                65 		.uleb128	1
  0000000f 04  12                66 		.uleb128	18
  00000010 04  01                67 		.uleb128	1
  00000011 04  10                68 		.uleb128	16
  00000012 04  06                69 		.uleb128	6
  00000013 04  00                70 		.uleb128	0
  00000014 04  00                71 		.uleb128	0
                                 72 		.section	.debug_info,,n
  0000000b 05  01                73 		.sleb128	1
  0000000c 05  0000 0256         74 		.4byte		.L7-.L2
  00000010 05  433a 5c55 7365    75 		.byte		"C:\\Users\\ASE-Lab\\Desktop\\Unit3\\Template\\src\\main.c"
  00000016 05  7273 5c41 5345       	
  0000001c 05  2d4c 6162 5c44       	
  00000022 05  6573 6b74 6f70       	
  00000028 05  5c55 6e69 7433       	
  0000002e 05  5c54                 	
  00000042 05  00                76 		.byte		0
  00000043 05  4469 6162 2044    77 		.byte		"Diab Data, Inc:dcc Rel 5.7.0.0:PPC5534"
  00000049 05  6174 612c 2049       	
  0000004f 05  6e63 3a64 6363       	
  00000055 05  2052 656c 2035       	
  0000005b 05  2e37 2e30 2e30       	
  00000061 05  3a50                 	
  00000069 05  00                78 		.byte		0
  0000006a 05  433a 5c55 7365    79 		.byte		"C:\\Users\\ASE-Lab\\Desktop\\Unit3\\Template"
  00000070 05  7273 5c41 5345       	
  00000076 05  2d4c 6162 5c44       	
  0000007c 05  6573 6b74 6f70       	
  00000082 05  5c55 6e69 7433       	
  00000088 05  5c54                 	
  00000091 05  00                80 		.byte		0
  00000092 05  01                81 		.uleb128	1
  00000093 05  0000 0000         82 		.4byte		.L4
  00000097 05  0000 0000         83 		.4byte		.L5
  0000009b 05  0000 0000         84 		.4byte		.L8
                                 85 		.section	.text_vle,,c
                                 86 	
                                 87 	#$$bf
                                 88 		.align		2
                                 89 		.globl		main
  00000014 02  0000 0024 0000    90 		.d2_cfa_start __local_cie
  0000001a 02  0000 0000 0000       	
  00000020 02  0000 0090            	
                                 91 	main:
                                 92 		.section	.debug_abbrev,,n
  00000015 04  02                93 		.uleb128	2
  00000016 04  2e                94 		.uleb128	46
  00000017 04  01                95 		.byte		0x1
  00000018 04  01                96 		.uleb128	1
  00000019 04  13                97 		.uleb128	19
  0000001a 04  03                98 		.uleb128	3
  0000001b 04  08                99 		.uleb128	8
  0000001c 04  3a               100 		.uleb128	58
  0000001d 04  06               101 		.uleb128	6
  0000001e 04  3b               102 		.uleb128	59
  0000001f 04  0f               103 		.uleb128	15
  00000020 04  3f               104 		.uleb128	63
  00000021 04  0c               105 		.uleb128	12
  00000022 04  27               106 		.uleb128	39
  00000023 04  0c               107 		.uleb128	12
  00000024 04  11               108 		.uleb128	17
  00000025 04  01               109 		.uleb128	1
  00000026 04  12               110 		.uleb128	18
  00000027 04  01               111 		.uleb128	1
  00000028 04  00               112 		.uleb128	0
  00000029 04  00               113 		.uleb128	0
                                114 		.section	.debug_info,,n
                                115 	.L5814:
  0000009f 05  02               116 		.sleb128	2
  000000a0 05  0000 00b9        117 		.4byte		.L5810-.L2
  000000a4 05  6d61 696e        118 		.byte		"main"
  000000a8 05  00               119 		.byte		0
  000000a9 05  0000 0001        120 		.4byte		.L5813
  000000ad 05  11               121 		.uleb128	17
  000000ae 05  01               122 		.byte		0x1
  000000af 05  01               123 		.byte		0x1
  000000b0 05  0000 0000        124 		.4byte		.L5811
  000000b4 05  0000 0000        125 		.4byte		.L5812
                                126 		.section	.text_vle,,c
  0000001d 03  003e 0343 3a5c   127 		.d2file		"C:\\Users\\ASE-Lab\\Desktop\\Unit3\\Template\\src\\main.c"
  00000023 03  5c55 7365 7273       	
  00000029 03  5c5c 4153 452d       	
  0000002f 03  4c61 625c 5c44       	
  00000035 03  6573 6b74 6f70       	
  0000003b 03  5c5c                 	
  0000005f 03  0005 0200 0000   128 	        .d2line         18
  00000065 03  0003 110e            	
                                129 	.L5811:
  00000000 00  1821 06d0        130 		e_stwu		r1,-48(r1)
  00000024 02  410e 30          131 		.d2_cfa_def_cfa_offset	48
  00000004 00  0080             132 		se_mflr		r0,lr
                                133 	#$$br
  00000006 00  1b01 0910        134 		e_stmw		r24,16(r1)
  00000027 02  4198 0899 079a   135 		.d2_cfa_offset_list	24,31,8,-1
  0000002d 02  069b 059c 049d       	
  00000033 02  039e 029f 01         	
                                136 	#$$er
  0000000a 00  dd01             137 		se_stw		r0,52(r1)
  00000038 02  116c 7f          138 		.d2_cfa_offset    108,-1
                                139 	#$$ee
  00000069 03  0206 0a          140 		.d2prologue_end
  0000006c 03  10               141 	        .d2line         20
                                142 	#$$fn 0x1ff8 0 0 0x1
                                143 	#$$tl 0x0 0x0 0x0
                                144 	#$$rs 0 s
  0000000c 00  7800 0001        145 		bl		Init
  00000010 00  73f8 e3f9        146 		e_lis		r31,50169
  0000006d 03  0303 1e          147 	        .d2line         23
  00000014 00  4816             148 		se_li		r6,1
  00000016 00  34df 0609        149 		e_stb		r6,1545(r31)
                                150 	#$$vo
  0000001a 00  73d8 e3f9        151 		e_lis		r30,50169
  00000070 03  23               152 	        .d2line         24
  0000001e 00  4816             153 		se_li		r6,1
  00000020 00  34de 062a        154 		e_stb		r6,1578(r30)
                                155 	#$$vo
  00000024 00  73b8 e3f9        156 		e_lis		r29,50169
  00000071 03  23               157 	        .d2line         25
  00000028 00  4816             158 		se_li		r6,1
  0000002a 00  34dd 060d        159 		e_stb		r6,1549(r29)
                                160 	#$$vo
  0000002e 00  7398 e3f9        161 		e_lis		r28,50169
  00000072 03  23               162 	        .d2line         26
  00000032 00  4816             163 		se_li		r6,1
  00000034 00  34dc 060c        164 		e_stb		r6,1548(r28)
                                165 	#$$vo
  00000038 00  7378 e3f9        166 		e_lis		r27,50169
  00000073 03  23               167 	        .d2line         27
  0000003c 00  4816             168 		se_li		r6,1
  0000003e 00  34db 063e        169 		e_stb		r6,1598(r27)
                                170 	#$$vo
  00000042 00  7358 e3f9        171 		e_lis		r26,50169
  00000074 03  23               172 	        .d2line         28
  00000046 00  4816             173 		se_li		r6,1
  00000048 00  34da 063d        174 		e_stb		r6,1597(r26)
                                175 	#$$vo
  0000004c 00  7338 e3f9        176 		e_lis		r25,50169
  00000075 03  23               177 	        .d2line         29
  00000050 00  4816             178 		se_li		r6,1
  00000052 00  34d9 063b        179 		e_stb		r6,1595(r25)
                                180 	#$$vo
  00000056 00  7318 e3f9        181 		e_lis		r24,50169
  00000076 03  23               182 	        .d2line         30
  0000005a 00  4816             183 		se_li		r6,1
  0000005c 00  34d8 060b        184 		e_stb		r6,1547(r24)
                                185 	#$$vo
  00000077 03  0303 1a          186 	        .d2line         33
  00000060 00  4803             187 		se_li		r3,0
  00000062 00  7080 00c8        188 		e_li		r4,200
                                189 	#$$fn 0x1ff8 0 0 0x1
                                190 	#$$tl 0x18 0x0 0x0
                                191 	#$$rs 0 s
  00000066 00  7800 0001        192 		bl		PIT_ConfigureTimer
  0000007a 03  23               193 	        .d2line         34
  0000006a 00  4813             194 		se_li		r3,1
  0000006c 00  7080 0190        195 		e_li		r4,400
                                196 	#$$fn 0x1ff8 0 0 0x1
                                197 	#$$tl 0x18 0x0 0x0
                                198 	#$$rs 0 s
  00000070 00  7800 0001        199 		bl		PIT_ConfigureTimer
  0000007b 03  0303 22          200 	        .d2line         37
  00000074 00  4803             201 		se_li		r3,0
                                202 	#$$fn 0x1ff8 0 0 0x1
                                203 	#$$tl 0x8 0x0 0x0
                                204 	#$$rs 0 s
  00000076 00  7800 0001        205 		bl		PIT_StartTimer
  0000007e 03  1b               206 	        .d2line         38
  0000007a 00  4813             207 		se_li		r3,1
                                208 	#$$fn 0x1ff8 0 0 0x1
                                209 	#$$tl 0x8 0x0 0x0
                                210 	#$$rs 0 s
  0000007c 00  7800 0001        211 		bl		PIT_StartTimer
                                212 	.L5781:
  0000007f 03  0306 1a          213 	        .d2line         44
  00000080 00  e800             214 		b		.L5781
  00000082 03  13               215 	        .d2line         45
                                216 	#$$be
  00000083 03  0200 0b01        217 		.d2epilogue_begin
                                218 	#$$br
  00000082 00  1b01 0810        219 		e_lmw		r24,16(r1)
                                220 	#$$er
  00000086 00  cd01             221 		se_lwz		r0,52(r1)
  00000088 00  0090             222 		se_mtlr		r0
  0000008a 00  1821 8030        223 		e_addi		r1,r1,48
                                224 	#$$tl 0x0 0x0 0x0
  0000008e 00  0004             225 		se_blr
                                226 	#$$ef
                                227 		.d2_cfa_end 2
                                228 		.section	.debug_info,,n
  000000b8 05  00               229 		.sleb128	0
                                230 	.L5810:
                                231 		.section	.text_vle,,c
                                232 	.L5812:
                                233 		.type		main,@function
                                234 		.size		main,.-main
                                235 	# Number of nodes = 55
                                236 	
                                237 	# Allocations for main
                                238 	#	r31		$$1
                                239 	#	r30		$$2
                                240 	#	r29		$$3
                                241 	#	r28		$$4
                                242 	#	r27		$$5
                                243 	#	r26		$$6
                                244 	#	r25		$$7
                                245 	#	r24		$$8
                                246 	
                                247 	#$$bf
                                248 		.align		2
                                249 		.globl		PITCHANNEL0
  0000003c 02  0000 0038 0000   250 		.d2_cfa_start __local_cie
  00000042 02  0000 0000 0000       	
  00000048 02  0000 0128            	
                                251 	PITCHANNEL0:
                                252 		.section	.debug_info,,n
                                253 	.L5819:
  000000b9 05  02               254 		.sleb128	2
  000000ba 05  0000 00da        255 		.4byte		.L5816-.L2
  000000be 05  5049 5443 4841   256 		.byte		"PITCHANNEL0"
  000000c4 05  4e4e 454c 30         	
  000000c9 05  00               257 		.byte		0
  000000ca 05  0000 0001        258 		.4byte		.L5813
  000000ce 05  33               259 		.uleb128	51
  000000cf 05  01               260 		.byte		0x1
  000000d0 05  01               261 		.byte		0x1
  000000d1 05  0000 0000        262 		.4byte		.L5817
  000000d5 05  0000 0000        263 		.4byte		.L5818
                                264 		.section	.text_vle,,c
  00000087 03  0307 2a          265 	        .d2line         52
                                266 	.L5817:
  00000090 00  1821 0690        267 		e_stwu		r1,-112(r1)
  0000004c 02  410e 70          268 		.d2_cfa_def_cfa_offset	112
  00000094 00  0080             269 		se_mflr		r0,lr
                                270 	#$$br
  00000096 00  19c1 0928        271 		e_stmw		r14,40(r1)
  0000004f 02  418e 128f 1190   272 		.d2_cfa_offset_list	14,31,18,-1
  00000055 02  1091 0f92 0e93       	
  0000005b 02  0d94 0c95 0b96       	
  00000061 02  0a97 0998 0899       	
  00000067 02  079a 069b 059c       	
  0000006d 02  049d                 	
                                273 	#$$er
  0000009a 00  5401 0074        274 		e_stw		r0,116(r1)
  00000074 02  4111 6c7f        275 		.d2_cfa_offset    108,-1
                                276 	#$$ee
  0000008a 03  0207 0a          277 		.d2prologue_end
  0000009e 00  70e0 6000        278 		e_li		r7,-262144
  000000a2 00  d271             279 		se_stw		r7,8(r1)
  0000008d 03  1c               280 	        .d2line         54
  000000a4 00  70df e7e0        281 		e_lis		r6,65504
  000000a8 00  d361             282 		se_stw		r6,12(r1)
  000000aa 00  c271             283 		se_lwz		r7,8(r1)
  000000ac 00  c361             284 		se_lwz		r6,12(r1)
  000000ae 00  50c6 0110        285 		e_lwz		r6,272(r6)
                                286 	#$$vo
  000000b2 00  74c6 053f        287 		e_rlwinm		r6,r6,0,20,31
  000000b6 00  34c7 0108        288 		e_stb		r6,264(r7)
                                289 	#$$vo
  000000ba 00  70e0 6000        290 		e_li		r7,-262144
  000000be 00  d471             291 		se_stw		r7,16(r1)
  0000008e 03  47               292 	        .d2line         55
  000000c0 00  70df e7e0        293 		e_lis		r6,65504
  000000c4 00  d561             294 		se_stw		r6,20(r1)
  000000c6 00  c471             295 		se_lwz		r7,16(r1)
  000000c8 00  c561             296 		se_lwz		r6,20(r1)
  000000ca 00  50c6 0110        297 		e_lwz		r6,272(r6)
                                298 	#$$vo
  000000ce 00  74c6 c73f        299 		e_rlwinm		r6,r6,24,28,31
  000000d2 00  34c7 0109        300 		e_stb		r6,265(r7)
                                301 	#$$vo
  000000d6 00  70e0 6000        302 		e_li		r7,-262144
  000000da 00  d671             303 		se_stw		r7,24(r1)
  0000008f 03  48               304 	        .d2line         57
  000000dc 00  c661             305 		se_lwz		r6,24(r1)
  000000de 00  1be6 8101        306 		e_addi		r31,r6,256
  000000e2 00  c07f             307 		se_lwz		r7,0(r31)
                                308 	#$$vo
  000000e4 00  74e7 0207        309 		e_rlwinm		r7,r7,0,8,3
  000000e8 00  18e7 d30c        310 		e_ori		r7,r7,201326592
  000000ec 00  d07f             311 		se_stw		r7,0(r31)
                                312 	#$$vo
  000000ee 00  7358 e3f9        313 		e_lis		r26,50169
  00000090 03  0303 3a          314 	        .d2line         60
  000000f2 00  30fa 082c        315 		e_lbz		r7,2092(r26)
                                316 	#$$vo
  000000f6 00  2a07             317 		se_cmpi		r7,0
  000000f8 00  e206             318 		bc		0,2,.L5783	# ne
  000000fa 00  7320 6000        319 		e_li		r25,-262144
  00000093 03  28               320 	        .d2line         62
  000000fe 00  4866             321 		se_li		r6,6
  00000100 00  34d9 0178        322 		e_stb		r6,376(r25)
                                323 	#$$vo
                                324 	.L5783:
  00000104 00  7318 e3f9        325 		e_lis		r24,50169
  00000094 03  0307 22          326 	        .d2line         69
  00000108 00  30d8 0804        327 		e_lbz		r6,2052(r24)
                                328 	#$$vo
  0000010c 00  2a06             329 		se_cmpi		r6,0
  0000010e 00  e206             330 		bc		0,2,.L5784	# ne
  00000110 00  72e0 6000        331 		e_li		r23,-262144
  00000097 03  28               332 	        .d2line         71
  00000114 00  4856             333 		se_li		r6,5
  00000116 00  34d7 0178        334 		e_stb		r6,376(r23)
                                335 	#$$vo
                                336 	.L5784:
  0000011a 00  72d8 e3f9        337 		e_lis		r22,50169
  00000098 03  0305 22          338 	        .d2line         76
  0000011e 00  30d6 0802        339 		e_lbz		r6,2050(r22)
                                340 	#$$vo
  00000122 00  2a06             341 		se_cmpi		r6,0
  00000124 00  e206             342 		bc		0,2,.L5785	# ne
  00000126 00  72a0 6000        343 		e_li		r21,-262144
  0000009b 03  28               344 	        .d2line         78
  0000012a 00  4836             345 		se_li		r6,3
  0000012c 00  34d5 0178        346 		e_stb		r6,376(r21)
                                347 	#$$vo
                                348 	.L5785:
  00000130 00  7280 6000        349 		e_li		r20,-262144
  0000009c 03  0307 22          350 	        .d2line         85
  00000134 00  1fd4 0170        351 		e_add16i	r30,r20,368
  00000138 00  c07e             352 		se_lwz		r7,0(r30)
                                353 	#$$vo
  0000013a 00  74e7 0207        354 		e_rlwinm		r7,r7,0,8,3
  0000013e 00  18e7 d30c        355 		e_ori		r7,r7,201326592
  00000142 00  d07e             356 		se_stw		r7,0(r30)
                                357 	#$$vo
  00000144 00  7260 6000        358 		e_li		r19,-262144
  0000009f 03  0304 36          359 	        .d2line         89
  00000148 00  1fb3 0130        360 		e_add16i	r29,r19,304
  0000014c 00  c06d             361 		se_lwz		r6,0(r29)
                                362 	#$$vo
  0000014e 00  74c6 0207        363 		e_rlwinm		r6,r6,0,8,3
  00000152 00  18c6 d30c        364 		e_ori		r6,r6,201326592
  00000156 00  d06d             365 		se_stw		r6,0(r29)
                                366 	#$$vo
  000000a2 03  0303 2e          367 	        .d2line         92
  00000158 00  50e0 0000        368 		e_lwz		r7,engine_control_is_alive@sdarx(r0)
  0000015c 00  2a07             369 		se_cmpi		r7,0
  0000015e 00  e216             370 		bc		0,2,.L5786	# ne
  00000160 00  7240 6000        371 		e_li		r18,-262144
  000000a5 03  28               372 	        .d2line         94
  00000164 00  1f92 0140        373 		e_add16i	r28,r18,320
  00000168 00  c07c             374 		se_lwz		r7,0(r28)
                                375 	#$$vo
  0000016a 00  74e7 0207        376 		e_rlwinm		r7,r7,0,8,3
  0000016e 00  18e7 d30c        377 		e_ori		r7,r7,201326592
  00000172 00  d07c             378 		se_stw		r7,0(r28)
                                379 	#$$vo
  00000174 00  7238 e3f9        380 		e_lis		r17,50169
  000000a6 03  37               381 	        .d2line         95
  00000178 00  7218 e3f9        382 		e_lis		r16,50169
  0000017c 00  30d0 060b        383 		e_lbz		r6,1547(r16)
                                384 	#$$vo
  00000180 00  7cc6 30f8        385 		nor		r6,r6,r6
  00000184 00  34d1 060b        386 		e_stb		r6,1547(r17)
                                387 	#$$vo
  00000188 00  e809             388 		b		.L5787
                                389 	.L5786:
  000000a7 03  34               390 	        .d2line         97
  0000018a 00  4807             391 		se_li		r7,0
  0000018c 00  54e0 0000        392 		e_stw		r7,engine_control_is_alive@sdarx(r0)
  00000190 00  71f8 e3f9        393 		e_lis		r15,50169
  000000a8 03  23               394 	        .d2line         98
  00000194 00  4817             395 		se_li		r7,1
  00000196 00  34ef 060b        396 		e_stb		r7,1547(r15)
                                397 	#$$vo
                                398 	.L5787:
  0000019a 00  71d8 e3ff        399 		e_lis		r14,50175
  000000a9 03  0303 22          400 	        .d2line         101
  0000019e 00  1f6e 010c        401 		e_add16i	r27,r14,268
  000001a2 00  c07b             402 		se_lwz		r7,0(r27)
                                403 	#$$vo
  000001a4 00  65f7             404 		se_bseti		r7,31
  000001a6 00  d07b             405 		se_stw		r7,0(r27)
                                406 	#$$vo
  000000ac 03  23               407 	        .d2line         102
                                408 	#$$be
  000000ad 03  0200 0b01        409 		.d2epilogue_begin
                                410 	#$$br
  000001a8 00  19c1 0828        411 		e_lmw		r14,40(r1)
                                412 	#$$er
  000001ac 00  5001 0074        413 		e_lwz		r0,116(r1)
  000001b0 00  0090             414 		se_mtlr		r0
  000001b2 00  1821 8070        415 		e_addi		r1,r1,112
                                416 	#$$tl 0x0 0x0 0x0
  000001b6 00  0004             417 		se_blr
                                418 	#$$ef
                                419 		.d2_cfa_end 2
                                420 		.section	.debug_info,,n
  000000d9 05  00               421 		.sleb128	0
                                422 	.L5816:
                                423 		.section	.text_vle,,c
                                424 	.L5818:
                                425 		.type		PITCHANNEL0,@function
                                426 		.size		PITCHANNEL0,.-PITCHANNEL0
                                427 	# Number of nodes = 85
                                428 	
                                429 	# Allocations for PITCHANNEL0
                                430 	#	SP,8		$$9
                                431 	#	SP,12		$$10
                                432 	#	SP,16		$$11
                                433 	#	SP,20		$$12
                                434 	#	SP,24		$$13
                                435 	#	r26		$$14
                                436 	#	r25		$$15
                                437 	#	r24		$$16
                                438 	#	r23		$$17
                                439 	#	r22		$$18
                                440 	#	r21		$$19
                                441 	#	r20		$$20
                                442 	#	r19		$$21
                                443 	#	r18		$$22
                                444 	#	r17		$$23
                                445 	#	r16		$$24
                                446 	#	r15		$$25
                                447 	#	r14		$$26
                                448 	#	r31		$$27
                                449 	#	r30		$$28
                                450 	#	r29		$$29
                                451 	#	r28		$$30
                                452 	#	r27		$$31
                                453 	
                                454 	#$$bf
                                455 		.align		2
                                456 		.globl		PITCHANNEL1
  00000078 02  0000 0020 0000   457 		.d2_cfa_start __local_cie
  0000007e 02  0000 0000 0000       	
  00000084 02  0000 006a            	
                                458 	PITCHANNEL1:
                                459 		.section	.debug_info,,n
                                460 	.L5824:
  000000da 05  02               461 		.sleb128	2
  000000db 05  0000 00fb        462 		.4byte		.L5821-.L2
  000000df 05  5049 5443 4841   463 		.byte		"PITCHANNEL1"
  000000e5 05  4e4e 454c 31         	
  000000ea 05  00               464 		.byte		0
  000000eb 05  0000 0001        465 		.4byte		.L5813
  000000ef 05  68               466 		.uleb128	104
  000000f0 05  01               467 		.byte		0x1
  000000f1 05  01               468 		.byte		0x1
  000000f2 05  0000 0000        469 		.4byte		.L5822
  000000f6 05  0000 0000        470 		.4byte		.L5823
                                471 		.section	.text_vle,,c
  000000b1 03  0303 2e          472 	        .d2line         105
                                473 	.L5822:
  000001b8 00  1821 06e0        474 		e_stwu		r1,-32(r1)
  00000088 02  410e 20          475 		.d2_cfa_def_cfa_offset	32
  000001bc 00  0080             476 		se_mflr		r0,lr
                                477 	#$$br
  000001be 00  1b41 0908        478 		e_stmw		r26,8(r1)
  0000008b 02  419a 069b 059c   479 		.d2_cfa_offset_list	26,31,6,-1
  00000091 02  049d 039e 029f       	
  00000097 02  01                   	
                                480 	#$$er
  000001c2 00  d901             481 		se_stw		r0,36(r1)
  00000098 02  116c 7f          482 		.d2_cfa_offset    108,-1
                                483 	#$$ee
  000000b4 03  0206 0a          484 		.d2prologue_end
  000000b7 03  10               485 	        .d2line         107
  000001c4 00  50e0 0000        486 		e_lwz		r7,speed@sdarx(r0)
  000001c8 00  2a57             487 		se_cmpi		r7,5
  000001ca 00  e10d             488 		bc		0,1,.L5789	# le
  000001cc 00  30e0 0000        489 		e_lbz		r7,doors_status@sdarx(r0)
  000001d0 00  2a37             490 		se_cmpi		r7,3
  000001d2 00  e609             491 		bc		1,2,.L5789	# eq
  000001d4 00  73e0 6000        492 		e_li		r31,-262144
  000000b8 03  37               493 	        .d2line         108
  000001d8 00  30c0 0000        494 		e_lbz		r6,doors_status@sdarx(r0)
                                495 	#$$vo
  000001dc 00  6c16             496 		se_slwi		r6,1
  000001de 00  34df 0128        497 		e_stb		r6,296(r31)
                                498 	#$$vo
  000001e2 00  e809             499 		b		.L5790
                                500 	.L5789:
  000001e4 00  73c0 6000        501 		e_li		r30,-262144
  000000b9 03  30               502 	        .d2line         110
  000001e8 00  30c0 0000        503 		e_lbz		r6,doors_status@sdarx(r0)
                                504 	#$$vo
  000001ec 00  6c16             505 		se_slwi		r6,1
  000001ee 00  65f6             506 		se_bseti		r6,31
  000001f0 00  34de 0128        507 		e_stb		r6,296(r30)
                                508 	#$$vo
                                509 	.L5790:
  000001f4 00  73a0 6000        510 		e_li		r29,-262144
  000000ba 03  0303 2e          511 	        .d2line         113
  000001f8 00  1f7d 0120        512 		e_add16i	r27,r29,288
  000001fc 00  c07b             513 		se_lwz		r7,0(r27)
                                514 	#$$vo
  000001fe 00  74e7 0207        515 		e_rlwinm		r7,r7,0,8,3
  00000202 00  18e7 d30c        516 		e_ori		r7,r7,201326592
  00000206 00  d07b             517 		se_stw		r7,0(r27)
                                518 	#$$vo
  00000208 00  7398 e3ff        519 		e_lis		r28,50175
  000000bd 03  38               520 	        .d2line         115
  0000020c 00  1f5c 011c        521 		e_add16i	r26,r28,284
  00000210 00  c06a             522 		se_lwz		r6,0(r26)
                                523 	#$$vo
  00000212 00  65f6             524 		se_bseti		r6,31
  00000214 00  d06a             525 		se_stw		r6,0(r26)
                                526 	#$$vo
  000000be 03  23               527 	        .d2line         116
                                528 	#$$be
  000000bf 03  0200 0b01        529 		.d2epilogue_begin
                                530 	#$$br
  00000216 00  1b41 0808        531 		e_lmw		r26,8(r1)
                                532 	#$$er
  0000021a 00  c901             533 		se_lwz		r0,36(r1)
  0000021c 00  0090             534 		se_mtlr		r0
  0000021e 00  21f1             535 		se_addi		r1,32
                                536 	#$$tl 0x0 0x0 0x0
  00000220 00  0004             537 		se_blr
                                538 	#$$ef
                                539 		.d2_cfa_end 2
                                540 		.section	.debug_info,,n
  000000fa 05  00               541 		.sleb128	0
                                542 	.L5821:
                                543 		.section	.text_vle,,c
                                544 	.L5823:
                                545 		.type		PITCHANNEL1,@function
                                546 		.size		PITCHANNEL1,.-PITCHANNEL1
                                547 	# Number of nodes = 32
                                548 	
                                549 	# Allocations for PITCHANNEL1
                                550 	#	r31		$$32
                                551 	#	r30		$$33
                                552 	#	r29		$$34
                                553 	#	r28		$$35
                                554 	#	r27		$$36
                                555 	#	r26		$$37
                                556 	
                                557 	#$$bf
                                558 		.align		2
                                559 		.globl		CANMB0003
  0000009c 02  0000 0024 0000   560 		.d2_cfa_start __local_cie
  000000a2 02  0000 0000 0000       	
  000000a8 02  0000 0052            	
                                561 	CANMB0003:
                                562 		.section	.debug_info,,n
                                563 	.L5829:
  000000fb 05  02               564 		.sleb128	2
  000000fc 05  0000 011a        565 		.4byte		.L5826-.L2
  00000100 05  4341 4e4d 4230   566 		.byte		"CANMB0003"
  00000106 05  3030 33              	
  00000109 05  00               567 		.byte		0
  0000010a 05  0000 0001        568 		.4byte		.L5813
  0000010e 05  76               569 		.uleb128	118
  0000010f 05  01               570 		.byte		0x1
  00000110 05  01               571 		.byte		0x1
  00000111 05  0000 0000        572 		.4byte		.L5827
  00000115 05  0000 0000        573 		.4byte		.L5828
                                574 		.section	.text_vle,,c
  000000c3 03  0303 2a          575 	        .d2line         119
                                576 	.L5827:
  00000224 00  1821 06d0        577 		e_stwu		r1,-48(r1)
  000000ac 02  410e 30          578 		.d2_cfa_def_cfa_offset	48
  00000228 00  0080             579 		se_mflr		r0,lr
                                580 	#$$br
  0000022a 00  1b01 0910        581 		e_stmw		r24,16(r1)
  000000af 02  4198 0899 079a   582 		.d2_cfa_offset_list	24,31,8,-1
  000000b5 02  069b 059c 049d       	
  000000bb 02  039e 029f 01         	
                                583 	#$$er
  0000022e 00  dd01             584 		se_stw		r0,52(r1)
  000000c0 02  116c 7f          585 		.d2_cfa_offset    108,-1
                                586 	#$$ee
  000000c6 03  0206 0a          587 		.d2prologue_end
  00000230 00  73e0 6000        588 		e_li		r31,-262144
  000000c9 03  0303 16          589 	        .d2line         122
  00000234 00  1b7f 8030        590 		e_addi		r27,r31,48
  00000238 00  c07b             591 		se_lwz		r7,0(r27)
                                592 	#$$vo
  0000023a 00  65f7             593 		se_bseti		r7,31
  0000023c 00  d07b             594 		se_stw		r7,0(r27)
                                595 	#$$vo
  0000023e 00  73c0 6000        596 		e_li		r30,-262144
  000000cc 03  2b               597 	        .d2line         123
  00000242 00  1b5e 8030        598 		e_addi		r26,r30,48
  00000246 00  c06a             599 		se_lwz		r6,0(r26)
                                600 	#$$vo
  00000248 00  65e6             601 		se_bseti		r6,30
  0000024a 00  d06a             602 		se_stw		r6,0(r26)
                                603 	#$$vo
  0000024c 00  73a0 6000        604 		e_li		r29,-262144
  000000cd 03  2b               605 	        .d2line         124
  00000250 00  1b3d 8030        606 		e_addi		r25,r29,48
  00000254 00  c079             607 		se_lwz		r7,0(r25)
                                608 	#$$vo
  00000256 00  65d7             609 		se_bseti		r7,29
  00000258 00  d079             610 		se_stw		r7,0(r25)
                                611 	#$$vo
  0000025a 00  7380 6000        612 		e_li		r28,-262144
  000000ce 03  2b               613 	        .d2line         125
  0000025e 00  1b1c 8030        614 		e_addi		r24,r28,48
  00000262 00  c068             615 		se_lwz		r6,0(r24)
                                616 	#$$vo
  00000264 00  65c6             617 		se_bseti		r6,28
  00000266 00  d068             618 		se_stw		r6,0(r24)
                                619 	#$$vo
  000000cf 03  23               620 	        .d2line         126
                                621 	#$$be
  000000d0 03  0200 0b01        622 		.d2epilogue_begin
                                623 	#$$br
  00000268 00  1b01 0810        624 		e_lmw		r24,16(r1)
                                625 	#$$er
  0000026c 00  cd01             626 		se_lwz		r0,52(r1)
  0000026e 00  0090             627 		se_mtlr		r0
  00000270 00  1821 8030        628 		e_addi		r1,r1,48
                                629 	#$$tl 0x0 0x0 0x0
  00000274 00  0004             630 		se_blr
                                631 	#$$ef
                                632 		.d2_cfa_end 2
                                633 		.section	.debug_info,,n
  00000119 05  00               634 		.sleb128	0
                                635 	.L5826:
                                636 		.section	.text_vle,,c
                                637 	.L5828:
                                638 		.type		CANMB0003,@function
                                639 		.size		CANMB0003,.-CANMB0003
                                640 	# Number of nodes = 20
                                641 	
                                642 	# Allocations for CANMB0003
                                643 	#	r31		$$38
                                644 	#	r30		$$39
                                645 	#	r29		$$40
                                646 	#	r28		$$41
                                647 	#	r27		$$42
                                648 	#	r26		$$43
                                649 	#	r25		$$44
                                650 	#	r24		$$45
                                651 	
                                652 	#$$bf
                                653 		.align		2
                                654 		.globl		CANMB0407
  000000c4 02  0000 0038 0000   655 		.d2_cfa_start __local_cie
  000000ca 02  0000 0000 0000       	
  000000d0 02  0000 00fc            	
                                656 	CANMB0407:
                                657 		.section	.debug_info,,n
                                658 	.L5835:
  0000011a 05  02               659 		.sleb128	2
  0000011b 05  0000 013a        660 		.4byte		.L5832-.L2
  0000011f 05  4341 4e4d 4230   661 		.byte		"CANMB0407"
  00000125 05  3430 37              	
  00000128 05  00               662 		.byte		0
  00000129 05  0000 0001        663 		.4byte		.L5813
  0000012d 05  8001             664 		.uleb128	128
  0000012f 05  01               665 		.byte		0x1
  00000130 05  01               666 		.byte		0x1
  00000131 05  0000 0000        667 		.4byte		.L5833
  00000135 05  0000 0000        668 		.4byte		.L5834
                                669 		.section	.text_vle,,c
  000000d4 03  0303 2e          670 	        .d2line         129
                                671 	.L5833:
  00000278 00  1821 06a0        672 		e_stwu		r1,-96(r1)
  000000d4 02  410e 60          673 		.d2_cfa_def_cfa_offset	96
  0000027c 00  0080             674 		se_mflr		r0,lr
                                675 	#$$br
  0000027e 00  19c1 0918        676 		e_stmw		r14,24(r1)
  000000d7 02  418e 128f 1190   677 		.d2_cfa_offset_list	14,31,18,-1
  000000dd 02  1091 0f92 0e93       	
  000000e3 02  0d94 0c95 0b96       	
  000000e9 02  0a97 0998 0899       	
  000000ef 02  079a 069b 059c       	
  000000f5 02  049d                 	
                                678 	#$$er
  00000282 00  5401 0064        679 		e_stw		r0,100(r1)
  000000fc 02  4111 6c7f        680 		.d2_cfa_offset    108,-1
                                681 	#$$ee
  000000d7 03  0207 0a          682 		.d2prologue_end
  00000286 00  70e0 6000        683 		e_li		r7,-262144
  0000028a 00  d271             684 		se_stw		r7,8(r1)
  000000da 03  1b               685 	        .d2line         130
  0000028c 00  c261             686 		se_lwz		r6,8(r1)
  0000028e 00  cc66             687 		se_lwz		r6,48(r6)
                                688 	#$$vo
  00000290 00  67a6             689 		se_btsti		r6,26
  00000292 00  e647             690 		bc		1,2,.L5830	# eq
  00000294 00  73c0 6000        691 		e_li		r30,-262144
  000000db 03  27               692 	        .d2line         131
  00000298 00  50de 0084        693 		e_lwz		r6,132(r30)
                                694 	#$$vo
  0000029c 00  74cb 757f        695 		e_rlwinm		r11,r6,14,21,31
  000002a0 00  700b 9902        696 		cmpi		0,0,r11,258
  000002a4 00  e608             697 		bc		1,2,.L5794
  000002a6 00  700b 9d02        698 		cmpi		0,0,r11,1282
  000002aa 00  e616             699 		bc		1,2,.L5795
  000002ac 00  700b 9d04        700 		cmpi		0,0,r11,1284
  000002b0 00  e62b             701 		bc		1,2,.L5796
  000002b2 00  e837             702 		b		.L5797
                                703 	.L5794:
  000000dc 03  47               704 	        .d2line         132
  000002b4 00  73a0 6000        705 		e_li		r29,-262144
  000000dd 03  17               706 	        .d2line         133
  000002b8 00  30dd 0088        707 		e_lbz		r6,136(r29)
                                708 	#$$vo
  000002bc 00  34c0 0000        709 		e_stb		r6,doors_status@sdarx(r0)
  000002c0 00  7398 e3f9        710 		e_lis		r28,50169
  000000de 03  27               711 	        .d2line         134
  000002c4 00  7378 e3f9        712 		e_lis		r27,50169
  000002c8 00  30fb 0609        713 		e_lbz		r7,1545(r27)
                                714 	#$$vo
  000002cc 00  7ce7 38f8        715 		nor		r7,r7,r7
  000002d0 00  34fc 0609        716 		e_stb		r7,1545(r28)
                                717 	#$$vo
  000000df 03  2f               718 	        .d2line         135
  000002d4 00  e826             719 		b		.L5797
                                720 	.L5795:
  000000e0 03  13               721 	        .d2line         136
  000002d6 00  7340 6000        722 		e_li		r26,-262144
  000000e1 03  17               723 	        .d2line         137
  000002da 00  7320 6000        724 		e_li		r25,-262144
  000002de 00  30fa 0089        725 		e_lbz		r7,137(r26)
                                726 	#$$vo
  000002e2 00  74e7 442f        727 		e_rlwinm		r7,r7,8,16,23
  000002e6 00  30d9 0088        728 		e_lbz		r6,136(r25)
                                729 	#$$vo
  000002ea 00  4467             730 		se_or		r7,r6
  000002ec 00  54e0 0000        731 		e_stw		r7,speed@sdarx(r0)
  000002f0 00  7318 e3f9        732 		e_lis		r24,50169
  000000e2 03  43               733 	        .d2line         138
  000002f4 00  72f8 e3f9        734 		e_lis		r23,50169
  000002f8 00  30f7 062a        735 		e_lbz		r7,1578(r23)
                                736 	#$$vo
  000002fc 00  7ce7 38f8        737 		nor		r7,r7,r7
  00000300 00  34f8 062a        738 		e_stb		r7,1578(r24)
                                739 	#$$vo
  000000e3 03  2f               740 	        .d2line         139
  00000304 00  e80e             741 		b		.L5797
                                742 	.L5796:
  000000e4 03  13               743 	        .d2line         140
  000000e5 03  0f               744 	        .d2line         141
  00000306 00  4817             745 		se_li		r7,1
  00000308 00  54e0 0000        746 		e_stw		r7,engine_control_is_alive@sdarx(r0)
  0000030c 00  72d8 e3f9        747 		e_lis		r22,50169
  000000e6 03  23               748 	        .d2line         142
  00000310 00  72b8 e3f9        749 		e_lis		r21,50169
  00000314 00  30d5 060d        750 		e_lbz		r6,1549(r21)
                                751 	#$$vo
  00000318 00  7cc6 30f8        752 		nor		r6,r6,r6
  0000031c 00  34d6 060d        753 		e_stb		r6,1549(r22)
                                754 	#$$vo
                                755 	.L5797:
                                756 	.L5830:
  00000320 00  7280 6000        757 		e_li		r20,-262144
  000000e7 03  0307 36          758 	        .d2line         149
  00000324 00  1a14 8030        759 		e_addi		r16,r20,48
  00000328 00  50f0 0000        760 		e_lwz		r7,0(r16)
                                761 	#$$vo
  0000032c 00  65b7             762 		se_bseti		r7,27
  0000032e 00  54f0 0000        763 		e_stw		r7,0(r16)
                                764 	#$$vo
  00000332 00  7260 6000        765 		e_li		r19,-262144
  000000ea 03  33               766 	        .d2line         150
  00000336 00  19f3 8030        767 		e_addi		r15,r19,48
  0000033a 00  50cf 0000        768 		e_lwz		r6,0(r15)
                                769 	#$$vo
  0000033e 00  65a6             770 		se_bseti		r6,26
  00000340 00  54cf 0000        771 		e_stw		r6,0(r15)
                                772 	#$$vo
  00000344 00  7240 6000        773 		e_li		r18,-262144
  000000eb 03  33               774 	        .d2line         151
  00000348 00  19d2 8030        775 		e_addi		r14,r18,48
  0000034c 00  50ee 0000        776 		e_lwz		r7,0(r14)
                                777 	#$$vo
  00000350 00  6597             778 		se_bseti		r7,25
  00000352 00  54ee 0000        779 		e_stw		r7,0(r14)
                                780 	#$$vo
  00000356 00  7220 6000        781 		e_li		r17,-262144
  000000ec 03  33               782 	        .d2line         152
  0000035a 00  1bf1 8030        783 		e_addi		r31,r17,48
  0000035e 00  c06f             784 		se_lwz		r6,0(r31)
                                785 	#$$vo
  00000360 00  6586             786 		se_bseti		r6,24
  00000362 00  d06f             787 		se_stw		r6,0(r31)
                                788 	#$$vo
  000000ed 03  23               789 	        .d2line         153
                                790 	#$$be
  000000ee 03  0200 0b01        791 		.d2epilogue_begin
                                792 	#$$br
  00000364 00  19c1 0818        793 		e_lmw		r14,24(r1)
                                794 	#$$er
  00000368 00  5001 0064        795 		e_lwz		r0,100(r1)
  0000036c 00  0090             796 		se_mtlr		r0
  0000036e 00  1821 8060        797 		e_addi		r1,r1,96
                                798 	#$$tl 0x0 0x0 0x0
  00000372 00  0004             799 		se_blr
                                800 	#$$ef
                                801 		.d2_cfa_end 2
                                802 		.section	.debug_info,,n
  00000139 05  00               803 		.sleb128	0
                                804 	.L5832:
                                805 		.section	.text_vle,,c
                                806 	.L5834:
                                807 		.type		CANMB0407,@function
                                808 		.size		CANMB0407,.-CANMB0407
                                809 	# Number of nodes = 68
                                810 	
                                811 	# Allocations for CANMB0407
                                812 	#	SP,8		$$46
                                813 	#	r30		$$47
                                814 	#	r29		$$48
                                815 	#	r28		$$49
                                816 	#	r27		$$50
                                817 	#	r26		$$51
                                818 	#	r25		$$52
                                819 	#	r24		$$53
                                820 	#	r23		$$54
                                821 	#	r22		$$55
                                822 	#	r21		$$56
                                823 	#	r20		$$57
                                824 	#	r19		$$58
                                825 	#	r18		$$59
                                826 	#	r17		$$60
                                827 	#	r16		$$61
                                828 	#	r15		$$62
                                829 	#	r14		$$63
                                830 	#	r31		$$64
                                831 	
                                832 	#$$bf
                                833 		.align		2
                                834 		.globl		CANMB0811
  00000100 02  0000 0024 0000   835 		.d2_cfa_start __local_cie
  00000106 02  0000 0000 0000       	
  0000010c 02  0000 0052            	
                                836 	CANMB0811:
                                837 		.section	.debug_info,,n
                                838 	.L5840:
  0000013a 05  02               839 		.sleb128	2
  0000013b 05  0000 015a        840 		.4byte		.L5837-.L2
  0000013f 05  4341 4e4d 4230   841 		.byte		"CANMB0811"
  00000145 05  3831 31              	
  00000148 05  00               842 		.byte		0
  00000149 05  0000 0001        843 		.4byte		.L5813
  0000014d 05  9b01             844 		.uleb128	155
  0000014f 05  01               845 		.byte		0x1
  00000150 05  01               846 		.byte		0x1
  00000151 05  0000 0000        847 		.4byte		.L5838
  00000155 05  0000 0000        848 		.4byte		.L5839
                                849 		.section	.text_vle,,c
  000000f2 03  0303 2e          850 	        .d2line         156
                                851 	.L5838:
  00000374 00  1821 06d0        852 		e_stwu		r1,-48(r1)
  00000110 02  410e 30          853 		.d2_cfa_def_cfa_offset	48
  00000378 00  0080             854 		se_mflr		r0,lr
                                855 	#$$br
  0000037a 00  1b01 0910        856 		e_stmw		r24,16(r1)
  00000113 02  4198 0899 079a   857 		.d2_cfa_offset_list	24,31,8,-1
  00000119 02  069b 059c 049d       	
  0000011f 02  039e 029f 01         	
                                858 	#$$er
  0000037e 00  dd01             859 		se_stw		r0,52(r1)
  00000124 02  116c 7f          860 		.d2_cfa_offset    108,-1
                                861 	#$$ee
  000000f5 03  0206 0a          862 		.d2prologue_end
  00000380 00  73e0 6000        863 		e_li		r31,-262144
  000000f8 03  0304 16          864 	        .d2line         160
  00000384 00  1b7f 8030        865 		e_addi		r27,r31,48
  00000388 00  c07b             866 		se_lwz		r7,0(r27)
                                867 	#$$vo
  0000038a 00  6577             868 		se_bseti		r7,23
  0000038c 00  d07b             869 		se_stw		r7,0(r27)
                                870 	#$$vo
  0000038e 00  73c0 6000        871 		e_li		r30,-262144
  000000fb 03  2b               872 	        .d2line         161
  00000392 00  1b5e 8030        873 		e_addi		r26,r30,48
  00000396 00  c06a             874 		se_lwz		r6,0(r26)
                                875 	#$$vo
  00000398 00  6566             876 		se_bseti		r6,22
  0000039a 00  d06a             877 		se_stw		r6,0(r26)
                                878 	#$$vo
  0000039c 00  73a0 6000        879 		e_li		r29,-262144
  000000fc 03  2b               880 	        .d2line         162
  000003a0 00  1b3d 8030        881 		e_addi		r25,r29,48
  000003a4 00  c079             882 		se_lwz		r7,0(r25)
                                883 	#$$vo
  000003a6 00  6557             884 		se_bseti		r7,21
  000003a8 00  d079             885 		se_stw		r7,0(r25)
                                886 	#$$vo
  000003aa 00  7380 6000        887 		e_li		r28,-262144
  000000fd 03  2b               888 	        .d2line         163
  000003ae 00  1b1c 8030        889 		e_addi		r24,r28,48
  000003b2 00  c068             890 		se_lwz		r6,0(r24)
                                891 	#$$vo
  000003b4 00  6546             892 		se_bseti		r6,20
  000003b6 00  d068             893 		se_stw		r6,0(r24)
                                894 	#$$vo
  000000fe 03  23               895 	        .d2line         164
                                896 	#$$be
  000000ff 03  0200 0b01        897 		.d2epilogue_begin
                                898 	#$$br
  000003b8 00  1b01 0810        899 		e_lmw		r24,16(r1)
                                900 	#$$er
  000003bc 00  cd01             901 		se_lwz		r0,52(r1)
  000003be 00  0090             902 		se_mtlr		r0
  000003c0 00  1821 8030        903 		e_addi		r1,r1,48
                                904 	#$$tl 0x0 0x0 0x0
  000003c4 00  0004             905 		se_blr
                                906 	#$$ef
                                907 		.d2_cfa_end 2
                                908 		.section	.debug_info,,n
  00000159 05  00               909 		.sleb128	0
                                910 	.L5837:
                                911 		.section	.text_vle,,c
                                912 	.L5839:
                                913 		.type		CANMB0811,@function
                                914 		.size		CANMB0811,.-CANMB0811
                                915 	# Number of nodes = 20
                                916 	
                                917 	# Allocations for CANMB0811
                                918 	#	r31		$$65
                                919 	#	r30		$$66
                                920 	#	r29		$$67
                                921 	#	r28		$$68
                                922 	#	r27		$$69
                                923 	#	r26		$$70
                                924 	#	r25		$$71
                                925 	#	r24		$$72
                                926 	
                                927 	#$$bf
                                928 		.align		2
                                929 		.globl		CANMB1215
  00000128 02  0000 0024 0000   930 		.d2_cfa_start __local_cie
  0000012e 02  0000 0000 0000       	
  00000134 02  0000 0052            	
                                931 	CANMB1215:
                                932 		.section	.debug_info,,n
                                933 	.L5845:
  0000015a 05  02               934 		.sleb128	2
  0000015b 05  0000 017a        935 		.4byte		.L5842-.L2
  0000015f 05  4341 4e4d 4231   936 		.byte		"CANMB1215"
  00000165 05  3231 35              	
  00000168 05  00               937 		.byte		0
  00000169 05  0000 0001        938 		.4byte		.L5813
  0000016d 05  a601             939 		.uleb128	166
  0000016f 05  01               940 		.byte		0x1
  00000170 05  01               941 		.byte		0x1
  00000171 05  0000 0000        942 		.4byte		.L5843
  00000175 05  0000 0000        943 		.4byte		.L5844
                                944 		.section	.text_vle,,c
  00000103 03  0303 2e          945 	        .d2line         167
                                946 	.L5843:
  000003c8 00  1821 06d0        947 		e_stwu		r1,-48(r1)
  00000138 02  410e 30          948 		.d2_cfa_def_cfa_offset	48
  000003cc 00  0080             949 		se_mflr		r0,lr
                                950 	#$$br
  000003ce 00  1b01 0910        951 		e_stmw		r24,16(r1)
  0000013b 02  4198 0899 079a   952 		.d2_cfa_offset_list	24,31,8,-1
  00000141 02  069b 059c 049d       	
  00000147 02  039e 029f 01         	
                                953 	#$$er
  000003d2 00  dd01             954 		se_stw		r0,52(r1)
  0000014c 02  116c 7f          955 		.d2_cfa_offset    108,-1
                                956 	#$$ee
  00000106 03  0206 0a          957 		.d2prologue_end
  000003d4 00  73e0 6000        958 		e_li		r31,-262144
  00000109 03  0303 16          959 	        .d2line         170
  000003d8 00  1b7f 8030        960 		e_addi		r27,r31,48
  000003dc 00  c07b             961 		se_lwz		r7,0(r27)
                                962 	#$$vo
  000003de 00  6537             963 		se_bseti		r7,19
  000003e0 00  d07b             964 		se_stw		r7,0(r27)
                                965 	#$$vo
  000003e2 00  73c0 6000        966 		e_li		r30,-262144
  0000010c 03  2b               967 	        .d2line         171
  000003e6 00  1b5e 8030        968 		e_addi		r26,r30,48
  000003ea 00  c06a             969 		se_lwz		r6,0(r26)
                                970 	#$$vo
  000003ec 00  6526             971 		se_bseti		r6,18
  000003ee 00  d06a             972 		se_stw		r6,0(r26)
                                973 	#$$vo
  000003f0 00  73a0 6000        974 		e_li		r29,-262144
  0000010d 03  2b               975 	        .d2line         172
  000003f4 00  1b3d 8030        976 		e_addi		r25,r29,48
  000003f8 00  c079             977 		se_lwz		r7,0(r25)
                                978 	#$$vo
  000003fa 00  6517             979 		se_bseti		r7,17
  000003fc 00  d079             980 		se_stw		r7,0(r25)
                                981 	#$$vo
  000003fe 00  7380 6000        982 		e_li		r28,-262144
  0000010e 03  2b               983 	        .d2line         173
  00000402 00  1b1c 8030        984 		e_addi		r24,r28,48
  00000406 00  c068             985 		se_lwz		r6,0(r24)
                                986 	#$$vo
  00000408 00  6506             987 		se_bseti		r6,16
  0000040a 00  d068             988 		se_stw		r6,0(r24)
                                989 	#$$vo
  0000010f 03  23               990 	        .d2line         174
                                991 	#$$be
  00000110 03  0200 0b01        992 		.d2epilogue_begin
                                993 	#$$br
  0000040c 00  1b01 0810        994 		e_lmw		r24,16(r1)
                                995 	#$$er
  00000410 00  cd01             996 		se_lwz		r0,52(r1)
  00000412 00  0090             997 		se_mtlr		r0
  00000414 00  1821 8030        998 		e_addi		r1,r1,48
                                999 	#$$tl 0x0 0x0 0x0
  00000418 00  0004            1000 		se_blr
                               1001 	#$$ef
                               1002 		.d2_cfa_end 2
                               1003 		.section	.debug_info,,n
  00000179 05  00              1004 		.sleb128	0
                               1005 	.L5842:
                               1006 		.section	.text_vle,,c
                               1007 	.L5844:
                               1008 		.type		CANMB1215,@function
                               1009 		.size		CANMB1215,.-CANMB1215
                               1010 	# Number of nodes = 20
                               1011 	
                               1012 	# Allocations for CANMB1215
                               1013 	#	r31		$$73
                               1014 	#	r30		$$74
                               1015 	#	r29		$$75
                               1016 	#	r28		$$76
                               1017 	#	r27		$$77
                               1018 	#	r26		$$78
                               1019 	#	r25		$$79
                               1020 	#	r24		$$80
                               1021 		.section	.abs.00000040,,c
                               1022 	
                               1023 	#$$bf
                               1024 		.align		2
                               1025 		.globl		Ext_Isr
  00000150 02  0000 0024 0000  1026 		.d2_cfa_start __local_cie
  00000156 02  0000 0000 0000       	
  0000015c 02  0000 00c2            	
                               1027 	Ext_Isr:
                               1028 		.section	.debug_line.abs.00000040,,n
                               1029 		.sectionlink	.debug_line
                               1030 	.L5854:
                               1031 		.section	.abs.00000040,,c
                               1032 	.L5850:
  00000000 07                  1033 		.0byte		.L5848
  00000000 09  0000 008c 0002  1034 		.d2_line_start	.debug_line.abs.00000040
  00000006 09  0000 0013 0201       	
  0000000c 09  ff04 0d00 0101       	
  00000012 09  0101 0000 0001       	
  00000018 09  0000 0100 00         	
                               1035 		.section	.debug_info.abs.00000040,,n
                               1036 		.sectionlink	.debug_info
                               1037 	.L5848:
  00000000 0a  0000 00b9       1038 		.4byte		.L5849-.L5847
                               1039 	.L5847:
  00000004 0a  0002            1040 		.2byte		0x2
  00000006 0a  0000 0000       1041 		.4byte		.L9
  0000000a 0a  04              1042 		.byte		0x4
  0000000b 0a  01              1043 		.sleb128	1
  0000000c 0a  0000 00bc       1044 		.4byte		.L5853-.L5848
  00000010 0a  433a 5c55 7365  1045 		.byte		"C:\\Users\\ASE-Lab\\Desktop\\Unit3\\Template\\src\\main.c"
  00000016 0a  7273 5c41 5345       	
  0000001c 0a  2d4c 6162 5c44       	
  00000022 0a  6573 6b74 6f70       	
  00000028 0a  5c55 6e69 7433       	
  0000002e 0a  5c54                 	
  00000042 0a  00              1046 		.byte		0
  00000043 0a  4469 6162 2044  1047 		.byte		"Diab Data, Inc:dcc Rel 5.7.0.0:PPC5534"
  00000049 0a  6174 612c 2049       	
  0000004f 0a  6e63 3a64 6363       	
  00000055 0a  2052 656c 2035       	
  0000005b 0a  2e37 2e30 2e30       	
  00000061 0a  3a50                 	
  00000069 0a  00              1048 		.byte		0
  0000006a 0a  433a 5c55 7365  1049 		.byte		"C:\\Users\\ASE-Lab\\Desktop\\Unit3\\Template"
  00000070 0a  7273 5c41 5345       	
  00000076 0a  2d4c 6162 5c44       	
  0000007c 0a  6573 6b74 6f70       	
  00000082 0a  5c55 6e69 7433       	
  00000088 0a  5c54                 	
  00000091 0a  00              1050 		.byte		0
  00000092 0a  01              1051 		.uleb128	1
  00000093 0a  0000 0000       1052 		.4byte		.L5850
  00000097 0a  0000 0000       1053 		.4byte		.L5851
  0000009b 0a  0000 0000       1054 		.4byte		.L5854
                               1055 		.section	.debug_abbrev,,n
  0000002a 04  03              1056 		.uleb128	3
  0000002b 04  2e              1057 		.uleb128	46
  0000002c 04  01              1058 		.byte		0x1
  0000002d 04  01              1059 		.uleb128	1
  0000002e 04  13              1060 		.uleb128	19
  0000002f 04  03              1061 		.uleb128	3
  00000030 04  08              1062 		.uleb128	8
  00000031 04  3a              1063 		.uleb128	58
  00000032 04  06              1064 		.uleb128	6
  00000033 04  3b              1065 		.uleb128	59
  00000034 04  0f              1066 		.uleb128	15
  00000035 04  3f              1067 		.uleb128	63
  00000036 04  0c              1068 		.uleb128	12
  00000037 04  11              1069 		.uleb128	17
  00000038 04  01              1070 		.uleb128	1
  00000039 04  12              1071 		.uleb128	18
  0000003a 04  01              1072 		.uleb128	1
  0000003b 04  00              1073 		.uleb128	0
  0000003c 04  00              1074 		.uleb128	0
                               1075 		.section	.debug_info.abs.00000040,,n
                               1076 		.sectionlink	.debug_info
                               1077 	.L5860:
  0000009f 0a  03              1078 		.sleb128	3
  000000a0 0a  0000 00bc       1079 		.4byte		.L5856-.L5848
  000000a4 0a  4578 745f 4973  1080 		.byte		"Ext_Isr"
  000000aa 0a  72                   	
  000000ab 0a  00              1081 		.byte		0
  000000ac 0a  0000 0001       1082 		.4byte		.L5859
  000000b0 0a  b901            1083 		.uleb128	185
  000000b2 0a  01              1084 		.byte		0x1
  000000b3 0a  0000 0000       1085 		.4byte		.L5857
  000000b7 0a  0000 0000       1086 		.4byte		.L5858
                               1087 		.section	.abs.00000040,,c
  0000001d 09  003e 0343 3a5c  1088 		.d2file		"C:\\Users\\ASE-Lab\\Desktop\\Unit3\\Template\\src\\main.c"
  00000023 09  5c55 7365 7273       	
  00000029 09  5c5c 4153 452d       	
  0000002f 09  4c61 625c 5c44       	
  00000035 09  6573 6b74 6f70       	
  0000003b 09  5c5c                 	
  0000005f 09  0005 0200 0000  1089 	        .d2line         185
  00000065 09  0003 b801 0e         	
                               1090 	.L5857:
  00000000 07  1821 06b0       1091 		e_stwu		r1,-80(r1)
  00000160 02  410e 50         1092 		.d2_cfa_def_cfa_offset	80
  00000004 07  d201            1093 		se_stw		r0,8(r1)
  00000006 07  00a0            1094 		se_mfctr		r0,ctr
  00000008 07  d301            1095 		se_stw		r0,12(r1)
  0000000a 07  7c01 02a6       1096 		mfspr		r0,xer
  0000000e 07  d401            1097 		se_stw		r0,16(r1)
  00000010 07  7c00 0026       1098 		mfcr		r0
  00000014 07  d501            1099 		se_stw		r0,20(r1)
  00000016 07  0080            1100 		se_mflr		r0,lr
  00000018 07  d601            1101 		se_stw		r0,24(r1)
                               1102 	#$$br
  0000001a 07  dd31            1103 		se_stw		r3,52(r1)
  00000163 02  4683 07         1104 		.d2_cfa_offset	3,7
  0000001c 07  de61            1105 		se_stw		r6,56(r1)
  00000166 02  8606            1106 		.d2_cfa_offset	6,6
  0000001e 07  df71            1107 		se_stw		r7,60(r1)
  00000168 02  8705            1108 		.d2_cfa_offset	7,5
  00000020 07  5561 0040       1109 		e_stw		r11,64(r1)
  0000016a 02  418b 04         1110 		.d2_cfa_offset	11,4
  00000024 07  5581 0044       1111 		e_stw		r12,68(r1)
  0000016d 02  418c 03         1112 		.d2_cfa_offset	12,3
  00000028 07  57c1 0048       1113 		e_stw		r30,72(r1)
  00000170 02  419e 02         1114 		.d2_cfa_offset	30,2
  0000002c 07  57e1 004c       1115 		e_stw		r31,76(r1)
  00000173 02  419f 01         1116 		.d2_cfa_offset	31,1
                               1117 	#$$er
                               1118 	#$$ee
  0000006a 09  0218 0a         1119 		.d2prologue_end
  00000030 07  73ff e7f5       1120 		e_lis		r31,65525
  0000006d 09  17              1121 	        .d2line         186
  00000034 07  50df 8010       1122 		e_lwz		r6,-32752(r31)
                               1123 	#$$vo
  00000038 07  74cb f5ff       1124 		e_rlwinm		r11,r6,30,23,31
  0000003c 07  180b a845       1125 		cmpi		0,0,r11,69
  00000040 07  e50c            1126 		bc		1,1,.L5861
  00000042 07  e61a            1127 		bc		1,2,.L5805
  00000044 07  180b a83b       1128 		cmpi		0,0,r11,59
  00000048 07  e60f            1129 		bc		1,2,.L5802
  0000004a 07  180b a83c       1130 		cmpi		0,0,r11,60
  0000004e 07  e60f            1131 		bc		1,2,.L5803
  00000050 07  180b a844       1132 		cmpi		0,0,r11,68
  00000054 07  e60e            1133 		bc		1,2,.L5804
  00000056 07  e818            1134 		b		.L5801
                               1135 	.L5861:
  00000058 07  180b a846       1136 		cmpi		0,0,r11,70
  0000005c 07  e610            1137 		bc		1,2,.L5806
  0000005e 07  180b a847       1138 		cmpi		0,0,r11,71
  00000062 07  e610            1139 		bc		1,2,.L5807
  00000064 07  e811            1140 		b		.L5801
                               1141 	.L5802:
  0000006e 09  74              1142 	        .d2line         188
  0000006f 09  0f              1143 	        .d2line         189
                               1144 	#$$fn 0xc0 0 0 0x0
                               1145 	#$$tl 0x0 0x0 0x0
                               1146 	#$$rs 0 s
  00000066 07  7800 0001       1147 		bl		PITCHANNEL0
  00000070 09  17              1148 	        .d2line         190
  0000006a 07  e80e            1149 		b		.L5801
                               1150 	.L5803:
  00000071 09  13              1151 	        .d2line         191
  00000072 09  0f              1152 	        .d2line         192
                               1153 	#$$fn 0xc0 0 0 0x0
                               1154 	#$$tl 0x0 0x0 0x0
                               1155 	#$$rs 0 s
  0000006c 07  7800 0001       1156 		bl		PITCHANNEL1
                               1157 	.L5804:
  00000073 09  17              1158 	        .d2line         193
  00000074 09  0f              1159 	        .d2line         194
                               1160 	#$$fn 0xc0 0 0 0x0
                               1161 	#$$tl 0x0 0x0 0x0
                               1162 	#$$rs 0 s
  00000070 07  7800 0001       1163 		bl		CANMB0003
  00000075 09  17              1164 	        .d2line         195
  00000074 07  e809            1165 		b		.L5801
                               1166 	.L5805:
  00000076 09  13              1167 	        .d2line         196
  00000077 09  0f              1168 	        .d2line         197
                               1169 	#$$fn 0x18c0 0 0 0x0
                               1170 	#$$tl 0x0 0x0 0x0
                               1171 	#$$rs 0 s
  00000076 07  7800 0001       1172 		bl		CANMB0407
  00000078 09  17              1173 	        .d2line         198
  0000007a 07  e806            1174 		b		.L5801
                               1175 	.L5806:
  00000079 09  13              1176 	        .d2line         199
  0000007a 09  0f              1177 	        .d2line         200
                               1178 	#$$fn 0xc0 0 0 0x0
                               1179 	#$$tl 0x0 0x0 0x0
                               1180 	#$$rs 0 s
  0000007c 07  7800 0001       1181 		bl		CANMB0811
  0000007b 09  17              1182 	        .d2line         201
  00000080 07  e803            1183 		b		.L5801
                               1184 	.L5807:
  0000007c 09  13              1185 	        .d2line         202
  0000007d 09  0f              1186 	        .d2line         203
                               1187 	#$$fn 0xc0 0 0 0x0
                               1188 	#$$tl 0x0 0x0 0x0
                               1189 	#$$rs 0 s
  00000082 07  7800 0001       1190 		bl		CANMB1215
                               1191 	.L5801:
  00000086 07  73df e7f5       1192 		e_lis		r30,65525
  0000007e 09  0306 1e         1193 	        .d2line         209
  0000008a 07  4806            1194 		se_li		r6,0
  0000008c 07  54de 8018       1195 		e_stw		r6,-32744(r30)
                               1196 	#$$vo
  00000081 09  1b              1197 	        .d2line         210
                               1198 	#$$be
  00000082 09  0200 0b01       1199 		.d2epilogue_begin
                               1200 	#$$br
  00000090 07  cd31            1201 		se_lwz		r3,52(r1)
  00000092 07  ce61            1202 		se_lwz		r6,56(r1)
  00000094 07  cf71            1203 		se_lwz		r7,60(r1)
  00000096 07  5161 0040       1204 		e_lwz		r11,64(r1)
  0000009a 07  5181 0044       1205 		e_lwz		r12,68(r1)
  0000009e 07  53c1 0048       1206 		e_lwz		r30,72(r1)
  000000a2 07  53e1 004c       1207 		e_lwz		r31,76(r1)
                               1208 	#$$er
  000000a6 07  c601            1209 		se_lwz		r0,24(r1)
  000000a8 07  0090            1210 		se_mtlr		r0
  000000aa 07  c501            1211 		se_lwz		r0,20(r1)
  000000ac 07  7c0f f120       1212 		mtcrf		0xff,r0
  000000b0 07  c401            1213 		se_lwz		r0,16(r1)
  000000b2 07  7c01 03a6       1214 		mtspr		xer,r0
  000000b6 07  c301            1215 		se_lwz		r0,12(r1)
  000000b8 07  00b0            1216 		se_mtctr		r0
  000000ba 07  c201            1217 		se_lwz		r0,8(r1)
  000000bc 07  1821 8050       1218 		e_addi		r1,r1,80
                               1219 	#$$tl 0x0 0x0 0x0
  000000c0 07  0008            1220 		se_rfi
                               1221 	#$$ef
                               1222 		.d2_cfa_end 2
                               1223 		.section	.debug_info.abs.00000040,,n
                               1224 		.sectionlink	.debug_info
  000000bb 0a  00              1225 		.sleb128	0
                               1226 	.L5856:
                               1227 		.section	.abs.00000040,,c
                               1228 	.L5858:
                               1229 		.type		Ext_Isr,@function
                               1230 		.size		Ext_Isr,.-Ext_Isr
                               1231 	# Number of nodes = 26
                               1232 	
                               1233 	# Allocations for Ext_Isr
                               1234 	#	r31		$$81
                               1235 	#	r30		$$82
                               1236 	
                               1237 	# Allocations for module
                               1238 		.section	.debug_abbrev,,n
  0000003d 04  04              1239 		.uleb128	4
  0000003e 04  34              1240 		.uleb128	52
  0000003f 04  00              1241 		.byte		0x0
  00000040 04  3f              1242 		.uleb128	63
  00000041 04  0c              1243 		.uleb128	12
  00000042 04  3a              1244 		.uleb128	58
  00000043 04  06              1245 		.uleb128	6
  00000044 04  3b              1246 		.uleb128	59
  00000045 04  0f              1247 		.uleb128	15
  00000046 04  03              1248 		.uleb128	3
  00000047 04  08              1249 		.uleb128	8
  00000048 04  49              1250 		.uleb128	73
  00000049 04  10              1251 		.uleb128	16
  0000004a 04  02              1252 		.uleb128	2
  0000004b 04  09              1253 		.uleb128	9
  0000004c 04  00              1254 		.uleb128	0
  0000004d 04  00              1255 		.uleb128	0
                               1256 		.section	.debug_info,,n
                               1257 	.L5862:
  0000017a 05  04              1258 		.sleb128	4
  0000017b 05  01              1259 		.byte		0x1
  0000017c 05  0000 0001       1260 		.4byte		.L5813
  00000180 05  06              1261 		.uleb128	6
  00000181 05  696e 745f 3230  1262 		.byte		"int_200_arrived"
  00000187 05  305f 6172 7269       	
  0000018d 05  7665 64              	
  00000190 05  00              1263 		.byte		0
  00000191 05  0000 0000       1264 		.4byte		.L5863
  00000195 05  05              1265 		.sleb128	5
  00000196 05  03              1266 		.byte		0x3
  00000197 05  0000 0000       1267 		.4byte		int_200_arrived
                               1268 		.sdata
                               1269 		.type		int_200_arrived,@object
                               1270 		.size		int_200_arrived,4
                               1271 		.align		2
                               1272 		.globl		int_200_arrived
                               1273 	int_200_arrived:
  00000000 0b  0000 0000       1274 		.long		0
                               1275 		.section	.debug_info,,n
                               1276 	.L5864:
  0000019b 05  04              1277 		.sleb128	4
  0000019c 05  01              1278 		.byte		0x1
  0000019d 05  0000 0001       1279 		.4byte		.L5813
  000001a1 05  07              1280 		.uleb128	7
  000001a2 05  696e 745f 3430  1281 		.byte		"int_400_arrived"
  000001a8 05  305f 6172 7269       	
  000001ae 05  7665 64              	
  000001b1 05  00              1282 		.byte		0
  000001b2 05  0000 0000       1283 		.4byte		.L5863
  000001b6 05  05              1284 		.sleb128	5
  000001b7 05  03              1285 		.byte		0x3
  000001b8 05  0000 0000       1286 		.4byte		int_400_arrived
                               1287 		.sdata
                               1288 		.type		int_400_arrived,@object
                               1289 		.size		int_400_arrived,4
                               1290 		.align		2
                               1291 		.globl		int_400_arrived
                               1292 	int_400_arrived:
  00000004 0b  0000 0000       1293 		.long		0
                               1294 		.section	.debug_info,,n
                               1295 	.L5865:
  000001bc 05  04              1296 		.sleb128	4
  000001bd 05  01              1297 		.byte		0x1
  000001be 05  0000 0001       1298 		.4byte		.L5813
  000001c2 05  09              1299 		.uleb128	9
  000001c3 05  696e 6469 6361  1300 		.byte		"indicator_switches"
  000001c9 05  746f 725f 7377       	
  000001cf 05  6974 6368 6573       	
  000001d5 05  00              1301 		.byte		0
  000001d6 05  0000 0000       1302 		.4byte		.L5866
  000001da 05  05              1303 		.sleb128	5
  000001db 05  03              1304 		.byte		0x3
  000001dc 05  0000 0000       1305 		.4byte		indicator_switches
                               1306 		.sdata
                               1307 		.type		indicator_switches,@object
                               1308 		.size		indicator_switches,1
                               1309 		.align		0
                               1310 		.globl		indicator_switches
                               1311 	indicator_switches:
  00000008 0b  07              1312 		.byte		7
                               1313 		.section	.debug_info,,n
                               1314 	.L5867:
  000001e0 05  04              1315 		.sleb128	4
  000001e1 05  01              1316 		.byte		0x1
  000001e2 05  0000 0001       1317 		.4byte		.L5813
  000001e6 05  0a              1318 		.uleb128	10
  000001e7 05  646f 6f72 735f  1319 		.byte		"doors_status"
  000001ed 05  7374 6174 7573       	
  000001f3 05  00              1320 		.byte		0
  000001f4 05  0000 0000       1321 		.4byte		.L5866
  000001f8 05  05              1322 		.sleb128	5
  000001f9 05  03              1323 		.byte		0x3
  000001fa 05  0000 0000       1324 		.4byte		doors_status
                               1325 		.sdata
                               1326 		.align		2
                               1327 	#	Begin local data area
                               1328 	#	LDA + 0
                               1329 		.type		doors_status,@object
                               1330 		.size		doors_status,1
                               1331 		.align		0
                               1332 		.globl		doors_status
                               1333 	doors_status:
  0000000c 0b  03              1334 		.byte		3
                               1335 		.section	.debug_info,,n
                               1336 	.L5868:
  000001fe 05  04              1337 		.sleb128	4
  000001ff 05  01              1338 		.byte		0x1
  00000200 05  0000 0001       1339 		.4byte		.L5813
  00000204 05  0c              1340 		.uleb128	12
  00000205 05  656e 6769 6e65  1341 		.byte		"engine_control_is_alive"
  0000020b 05  5f63 6f6e 7472       	
  00000211 05  6f6c 5f69 735f       	
  00000217 05  616c 6976 65         	
  0000021c 05  00              1342 		.byte		0
  0000021d 05  0000 0000       1343 		.4byte		.L5863
  00000221 05  05              1344 		.sleb128	5
  00000222 05  03              1345 		.byte		0x3
  00000223 05  0000 0000       1346 		.4byte		engine_control_is_alive
                               1347 		.sdata
                               1348 	#	LDA + 4
                               1349 		.type		engine_control_is_alive,@object
                               1350 		.size		engine_control_is_alive,4
                               1351 		.align		2
                               1352 		.globl		engine_control_is_alive
                               1353 	engine_control_is_alive:
  00000010 0b  0000 0001       1354 		.long		1
                               1355 		.section	.debug_info,,n
                               1356 	.L5869:
  00000227 05  04              1357 		.sleb128	4
  00000228 05  01              1358 		.byte		0x1
  00000229 05  0000 0001       1359 		.4byte		.L5813
  0000022d 05  0b              1360 		.uleb128	11
  0000022e 05  7370 6565 64    1361 		.byte		"speed"
  00000233 05  00              1362 		.byte		0
  00000234 05  0000 0000       1363 		.4byte		.L5863
  00000238 05  05              1364 		.sleb128	5
  00000239 05  03              1365 		.byte		0x3
  0000023a 05  0000 0000       1366 		.4byte		speed
                               1367 		.sdata
                               1368 	#	LDA + 8
                               1369 		.type		speed,@object
                               1370 		.size		speed,4
                               1371 		.align		2
                               1372 		.globl		speed
                               1373 	speed:
  00000014 0b  0000 0000       1374 		.long		0
                               1375 		.section	.debug_abbrev,,n
  0000004e 04  05              1376 		.uleb128	5
  0000004f 04  24              1377 		.uleb128	36
  00000050 04  00              1378 		.byte		0x0
  00000051 04  03              1379 		.uleb128	3
  00000052 04  08              1380 		.uleb128	8
  00000053 04  3e              1381 		.uleb128	62
  00000054 04  0b              1382 		.uleb128	11
  00000055 04  0b              1383 		.uleb128	11
  00000056 04  0b              1384 		.uleb128	11
  00000057 04  00              1385 		.uleb128	0
  00000058 04  00              1386 		.uleb128	0
                               1387 		.section	.debug_info,,n
                               1388 	.L5863:
  0000023e 05  05              1389 		.sleb128	5
  0000023f 05  696e 74         1390 		.byte		"int"
  00000242 05  00              1391 		.byte		0
  00000243 05  05              1392 		.byte		0x5
  00000244 05  04              1393 		.byte		0x4
                               1394 	.L5866:
  00000245 05  05              1395 		.sleb128	5
  00000246 05  756e 7369 676e  1396 		.byte		"unsigned char"
  0000024c 05  6564 2063 6861       	
  00000252 05  72                   	
  00000253 05  00              1397 		.byte		0
  00000254 05  08              1398 		.byte		0x8
  00000255 05  01              1399 		.byte		0x1
                               1400 	.L7:
  00000256 05  00              1401 		.sleb128	0
                               1402 	.L3:
                               1403 		.section	.text_vle,,c
                               1404 	.L5:
                               1405 	.L5813:	.d2filenum "C:\\Users\\ASE-Lab\\Desktop\\Unit3\\Template\\src\\main.c"
  00000114 03  0005 0200 0000  1406 		.d2_line_end
  0000011a 03  0000 0101            	
                               1407 		.section	.debug_info.abs.00000040,,n
                               1408 		.sectionlink	.debug_info
                               1409 	.L5853:
  000000bc 0a  00              1410 		.sleb128	0
                               1411 	.L5849:
                               1412 		.section	.abs.00000040,,c
                               1413 	.L5851:
                               1414 	.L5859:	.d2filenum "C:\\Users\\ASE-Lab\\Desktop\\Unit3\\Template\\src\\main.c"
  00000086 09  0005 0200 0000  1415 		.d2_line_end
  0000008c 09  0000 0101            	
                               1416 		.section	.debug_abbrev,,n
  00000059 04  00              1417 		.sleb128	0
